ARM GAS  /tmp/ccCWm1s3.s 			page 1


   1              		.cpu cortex-m4
   2              		.eabi_attribute 27, 1
   3              		.eabi_attribute 20, 1
   4              		.eabi_attribute 21, 1
   5              		.eabi_attribute 23, 3
   6              		.eabi_attribute 24, 1
   7              		.eabi_attribute 25, 1
   8              		.eabi_attribute 26, 1
   9              		.eabi_attribute 30, 2
  10              		.eabi_attribute 34, 1
  11              		.eabi_attribute 18, 4
  12              		.file	"actuators_pwm_arch.c"
  13              		.text
  14              		.section	.text.actuators_pwm_arch_init,"ax",%progbits
  15              		.align	1
  16              		.p2align 4,,15
  17              		.global	actuators_pwm_arch_init
  18              		.arch armv7e-m
  19              		.syntax unified
  20              		.thumb
  21              		.thumb_func
  22              		.fpu fpv4-sp-d16
  23              		.type	actuators_pwm_arch_init, %function
  24              	actuators_pwm_arch_init:
  25              		@ args = 0, pretend = 0, frame = 0
  26              		@ frame_needed = 0, uses_anonymous_args = 0
  27 0000 F8B5     		push	{r3, r4, r5, r6, r7, lr}
  28 0002 154F     		ldr	r7, .L4
  29 0004 154E     		ldr	r6, .L4+4
  30 0006 164D     		ldr	r5, .L4+8
  31 0008 0123     		movs	r3, #1
  32 000a 0124     		movs	r4, #1
  33 000c 1A46     		mov	r2, r3
  34 000e 1946     		mov	r1, r3
  35 0010 3846     		mov	r0, r7
  36 0012 FFF7FEFF 		bl	gpio_setup_pin_af
  37 0016 2346     		mov	r3, r4
  38 0018 2246     		mov	r2, r4
  39 001a 3046     		mov	r0, r6
  40 001c 0B21     		movs	r1, #11
  41 001e 6C61     		str	r4, [r5, #20]
  42 0020 FFF7FEFF 		bl	gpio_setup_pin_af
  43 0024 2346     		mov	r3, r4
  44 0026 3846     		mov	r0, r7
  45 0028 2246     		mov	r2, r4
  46 002a 0F21     		movs	r1, #15
  47 002c 6C62     		str	r4, [r5, #36]
  48 002e FFF7FEFF 		bl	gpio_setup_pin_af
  49 0032 3046     		mov	r0, r6
  50 0034 0B4E     		ldr	r6, .L4+12
  51 0036 EC60     		str	r4, [r5, #12]
  52 0038 2346     		mov	r3, r4
  53 003a 0222     		movs	r2, #2
  54 003c 0921     		movs	r1, #9
  55 003e FFF7FEFF 		bl	gpio_setup_pin_af
  56 0042 2946     		mov	r1, r5
  57 0044 7462     		str	r4, [r6, #36]
ARM GAS  /tmp/ccCWm1s3.s 			page 2


  58 0046 0848     		ldr	r0, .L4+16
  59 0048 FFF7FEFF 		bl	pwmStart
  60 004c 3146     		mov	r1, r6
  61 004e 0748     		ldr	r0, .L4+20
  62 0050 BDE8F840 		pop	{r3, r4, r5, r6, r7, lr}
  63 0054 FFF7FEBF 		b	pwmStart
  64              	.L5:
  65              		.align	2
  66              	.L4:
  67 0058 00000240 		.word	1073872896
  68 005c 00040240 		.word	1073873920
  69 0060 00000000 		.word	.LANCHOR0
  70 0064 00000000 		.word	.LANCHOR1
  71 0068 00000000 		.word	PWMD2
  72 006c 00000000 		.word	PWMD4
  73              		.size	actuators_pwm_arch_init, .-actuators_pwm_arch_init
  74              		.section	.text.actuators_pwm_commit,"ax",%progbits
  75              		.align	1
  76              		.p2align 4,,15
  77              		.global	actuators_pwm_commit
  78              		.syntax unified
  79              		.thumb
  80              		.thumb_func
  81              		.fpu fpv4-sp-d16
  82              		.type	actuators_pwm_commit, %function
  83              	actuators_pwm_commit:
  84              		@ args = 0, pretend = 0, frame = 0
  85              		@ frame_needed = 0, uses_anonymous_args = 0
  86 0000 10B5     		push	{r4, lr}
  87 0002 0B4C     		ldr	r4, .L8
  88 0004 0B48     		ldr	r0, .L8+4
  89 0006 6268     		ldr	r2, [r4, #4]
  90 0008 0121     		movs	r1, #1
  91 000a FFF7FEFF 		bl	pwmEnableChannel
  92 000e A268     		ldr	r2, [r4, #8]
  93 0010 0848     		ldr	r0, .L8+4
  94 0012 0321     		movs	r1, #3
  95 0014 FFF7FEFF 		bl	pwmEnableChannel
  96 0018 E268     		ldr	r2, [r4, #12]
  97 001a 0648     		ldr	r0, .L8+4
  98 001c 0021     		movs	r1, #0
  99 001e FFF7FEFF 		bl	pwmEnableChannel
 100 0022 2269     		ldr	r2, [r4, #16]
 101 0024 0448     		ldr	r0, .L8+8
 102 0026 BDE81040 		pop	{r4, lr}
 103 002a 0321     		movs	r1, #3
 104 002c FFF7FEBF 		b	pwmEnableChannel
 105              	.L9:
 106              		.align	2
 107              	.L8:
 108 0030 00000000 		.word	.LANCHOR2
 109 0034 00000000 		.word	PWMD2
 110 0038 00000000 		.word	PWMD4
 111              		.size	actuators_pwm_commit, .-actuators_pwm_commit
 112              		.global	actuators_pwm_values
 113              		.section	.bss.actuators_pwm_values,"aw",%nobits
 114              		.align	2
ARM GAS  /tmp/ccCWm1s3.s 			page 3


 115              		.set	.LANCHOR2,. + 0
 116              		.type	actuators_pwm_values, %object
 117              		.size	actuators_pwm_values, 20
 118              	actuators_pwm_values:
 119 0000 00000000 		.space	20
 119      00000000 
 119      00000000 
 119      00000000 
 119      00000000 
 120              		.section	.data.pwmcfg2,"aw"
 121              		.align	2
 122              		.set	.LANCHOR0,. + 0
 123              		.type	pwmcfg2, %object
 124              		.size	pwmcfg2, 56
 125              	pwmcfg2:
 126 0000 00BD0105 		.word	84000000
 127 0004 00010000 		.word	256
 128 0008 00000000 		.word	0
 129 000c 00000000 		.word	0
 130 0010 00000000 		.word	0
 131 0014 00000000 		.word	0
 132 0018 00000000 		.word	0
 133 001c 00000000 		.word	0
 134 0020 00000000 		.word	0
 135 0024 00000000 		.word	0
 136 0028 00000000 		.word	0
 137 002c 00000000 		.word	0
 138 0030 00000000 		.word	0
 139 0034 00000000 		.word	0
 140              		.section	.data.pwmcfg4,"aw"
 141              		.align	2
 142              		.set	.LANCHOR1,. + 0
 143              		.type	pwmcfg4, %object
 144              		.size	pwmcfg4, 56
 145              	pwmcfg4:
 146 0000 00BD0105 		.word	84000000
 147 0004 00010000 		.word	256
 148 0008 00000000 		.word	0
 149 000c 00000000 		.word	0
 150 0010 00000000 		.word	0
 151 0014 00000000 		.word	0
 152 0018 00000000 		.word	0
 153 001c 00000000 		.word	0
 154 0020 00000000 		.word	0
 155 0024 00000000 		.word	0
 156 0028 00000000 		.word	0
 157 002c 00000000 		.word	0
 158 0030 00000000 		.word	0
 159 0034 00000000 		.word	0
 160              		.ident	"GCC: (15:10.3-2021.07-4) 10.3.1 20210621 (release)"
ARM GAS  /tmp/ccCWm1s3.s 			page 4


DEFINED SYMBOLS
                            *ABS*:0000000000000000 actuators_pwm_arch.c
     /tmp/ccCWm1s3.s:15     .text.actuators_pwm_arch_init:0000000000000000 $t
     /tmp/ccCWm1s3.s:24     .text.actuators_pwm_arch_init:0000000000000000 actuators_pwm_arch_init
     /tmp/ccCWm1s3.s:67     .text.actuators_pwm_arch_init:0000000000000058 $d
     /tmp/ccCWm1s3.s:75     .text.actuators_pwm_commit:0000000000000000 $t
     /tmp/ccCWm1s3.s:83     .text.actuators_pwm_commit:0000000000000000 actuators_pwm_commit
     /tmp/ccCWm1s3.s:108    .text.actuators_pwm_commit:0000000000000030 $d
     /tmp/ccCWm1s3.s:118    .bss.actuators_pwm_values:0000000000000000 actuators_pwm_values
     /tmp/ccCWm1s3.s:114    .bss.actuators_pwm_values:0000000000000000 $d
     /tmp/ccCWm1s3.s:121    .data.pwmcfg2:0000000000000000 $d
     /tmp/ccCWm1s3.s:125    .data.pwmcfg2:0000000000000000 pwmcfg2
     /tmp/ccCWm1s3.s:141    .data.pwmcfg4:0000000000000000 $d
     /tmp/ccCWm1s3.s:145    .data.pwmcfg4:0000000000000000 pwmcfg4

UNDEFINED SYMBOLS
gpio_setup_pin_af
pwmStart
PWMD2
PWMD4
pwmEnableChannel
