ARM GAS  /tmp/ccleSemi.s 			page 1


   1              		.cpu cortex-m4
   2              		.eabi_attribute 27, 1
   3              		.eabi_attribute 20, 1
   4              		.eabi_attribute 21, 1
   5              		.eabi_attribute 23, 3
   6              		.eabi_attribute 24, 1
   7              		.eabi_attribute 25, 1
   8              		.eabi_attribute 26, 1
   9              		.eabi_attribute 30, 2
  10              		.eabi_attribute 34, 1
  11              		.eabi_attribute 18, 4
  12              		.file	"actuators.c"
  13              		.text
  14              		.section	.rodata.send_actuators.str1.4,"aMS",%progbits,1
  15              		.align	2
  16              	.LC0:
  17 0000 41435455 		.ascii	"ACTUATORS\000"
  17      41544F52 
  17      5300
  18              		.section	.text.send_actuators,"ax",%progbits
  19              		.align	1
  20              		.p2align 4,,15
  21              		.arch armv7e-m
  22              		.syntax unified
  23              		.thumb
  24              		.thumb_func
  25              		.fpu fpv4-sp-d16
  26              		.type	send_actuators, %function
  27              	send_actuators:
  28              		@ args = 0, pretend = 0, frame = 24
  29              		@ frame_needed = 0, uses_anonymous_args = 0
  30 0000 70B5     		push	{r4, r5, r6, lr}
  31 0002 88B0     		sub	sp, sp, #32
  32 0004 0422     		movs	r2, #4
  33 0006 0024     		movs	r4, #0
  34 0008 1F25     		movs	r5, #31
  35 000a 0368     		ldr	r3, [r0]
  36 000c 0690     		str	r0, [sp, #24]
  37 000e 0791     		str	r1, [sp, #28]
  38 0010 ADF81450 		strh	r5, [sp, #20]	@ movhi
  39 0014 8DF80F20 		strb	r2, [sp, #15]
  40 0018 0D21     		movs	r1, #13
  41 001a 8DF81640 		strb	r4, [sp, #22]
  42 001e 0494     		str	r4, [sp, #16]
  43 0020 05A8     		add	r0, sp, #20
  44 0022 9847     		blx	r3
  45 0024 069B     		ldr	r3, [sp, #24]
  46 0026 82B2     		uxth	r2, r0
  47 0028 5B68     		ldr	r3, [r3, #4]
  48 002a 0546     		mov	r5, r0
  49 002c 04A9     		add	r1, sp, #16
  50 002e 05A8     		add	r0, sp, #20
  51 0030 9847     		blx	r3
  52 0032 069B     		ldr	r3, [sp, #24]
  53 0034 0028     		cmp	r0, #0
  54 0036 5BD0     		beq	.L2
  55 0038 2946     		mov	r1, r5
ARM GAS  /tmp/ccleSemi.s 			page 2


  56 003a 05A8     		add	r0, sp, #20
  57 003c DB69     		ldr	r3, [r3, #28]
  58 003e 9847     		blx	r3
  59 0040 9DF80F20 		ldrb	r2, [sp, #15]	@ zero_extendqisi2
  60 0044 069B     		ldr	r3, [sp, #24]
  61 0046 0499     		ldr	r1, [sp, #16]
  62 0048 1B69     		ldr	r3, [r3, #16]
  63 004a 5200     		lsls	r2, r2, #1
  64 004c 0532     		adds	r2, r2, #5
  65 004e 05A8     		add	r0, sp, #20
  66 0050 D2B2     		uxtb	r2, r2
  67 0052 9847     		blx	r3
  68 0054 0125     		movs	r5, #1
  69 0056 069A     		ldr	r2, [sp, #24]
  70 0058 0195     		str	r5, [sp, #4]
  71 005a 05AB     		add	r3, sp, #20
  72 005c 0093     		str	r3, [sp]
  73 005e 9668     		ldr	r6, [r2, #8]
  74 0060 0499     		ldr	r1, [sp, #16]
  75 0062 2346     		mov	r3, r4
  76 0064 05A8     		add	r0, sp, #20
  77 0066 0222     		movs	r2, #2
  78 0068 B047     		blx	r6
  79 006a 9DF81530 		ldrb	r3, [sp, #21]	@ zero_extendqisi2
  80 006e 069A     		ldr	r2, [sp, #24]
  81 0070 0499     		ldr	r1, [sp, #16]
  82 0072 CDE90034 		strd	r3, r4, [sp]
  83 0076 05A8     		add	r0, sp, #20
  84 0078 D668     		ldr	r6, [r2, #12]
  85 007a 2346     		mov	r3, r4
  86 007c 0222     		movs	r2, #2
  87 007e B047     		blx	r6
  88 0080 9DF81630 		ldrb	r3, [sp, #22]	@ zero_extendqisi2
  89 0084 069A     		ldr	r2, [sp, #24]
  90 0086 0499     		ldr	r1, [sp, #16]
  91 0088 1B01     		lsls	r3, r3, #4
  92 008a 2B43     		orrs	r3, r3, r5
  93 008c DBB2     		uxtb	r3, r3
  94 008e CDE90034 		strd	r3, r4, [sp]
  95 0092 05A8     		add	r0, sp, #20
  96 0094 D668     		ldr	r6, [r2, #12]
  97 0096 2346     		mov	r3, r4
  98 0098 0222     		movs	r2, #2
  99 009a B047     		blx	r6
 100 009c 174B     		ldr	r3, .L6
 101 009e 069A     		ldr	r2, [sp, #24]
 102 00a0 0193     		str	r3, [sp, #4]
 103 00a2 6923     		movs	r3, #105
 104 00a4 0093     		str	r3, [sp]
 105 00a6 D668     		ldr	r6, [r2, #12]
 106 00a8 0499     		ldr	r1, [sp, #16]
 107 00aa 2346     		mov	r3, r4
 108 00ac 05A8     		add	r0, sp, #20
 109 00ae 0222     		movs	r2, #2
 110 00b0 B047     		blx	r6
 111 00b2 0DF10F03 		add	r3, sp, #15
 112 00b6 CDE90035 		strd	r3, r5, [sp]
ARM GAS  /tmp/ccleSemi.s 			page 3


 113 00ba 0699     		ldr	r1, [sp, #24]
 114 00bc 2346     		mov	r3, r4
 115 00be 2246     		mov	r2, r4
 116 00c0 05A8     		add	r0, sp, #20
 117 00c2 8C68     		ldr	r4, [r1, #8]
 118 00c4 0499     		ldr	r1, [sp, #16]
 119 00c6 A047     		blx	r4
 120 00c8 9DF80F30 		ldrb	r3, [sp, #15]	@ zero_extendqisi2
 121 00cc 0C49     		ldr	r1, .L6+4
 122 00ce 069A     		ldr	r2, [sp, #24]
 123 00d0 AB40     		lsls	r3, r3, r5
 124 00d2 CDE90013 		strd	r1, r3, [sp]
 125 00d6 05A8     		add	r0, sp, #20
 126 00d8 0499     		ldr	r1, [sp, #16]
 127 00da 9468     		ldr	r4, [r2, #8]
 128 00dc 2B46     		mov	r3, r5
 129 00de 0522     		movs	r2, #5
 130 00e0 A047     		blx	r4
 131 00e2 069B     		ldr	r3, [sp, #24]
 132 00e4 0499     		ldr	r1, [sp, #16]
 133 00e6 5B69     		ldr	r3, [r3, #20]
 134 00e8 05A8     		add	r0, sp, #20
 135 00ea 9847     		blx	r3
 136 00ec 08B0     		add	sp, sp, #32
 137              		@ sp needed
 138 00ee 70BD     		pop	{r4, r5, r6, pc}
 139              	.L2:
 140 00f0 9B69     		ldr	r3, [r3, #24]
 141 00f2 05A8     		add	r0, sp, #20
 142 00f4 9847     		blx	r3
 143 00f6 08B0     		add	sp, sp, #32
 144              		@ sp needed
 145 00f8 70BD     		pop	{r4, r5, r6, pc}
 146              	.L7:
 147 00fa 00BF     		.align	2
 148              	.L6:
 149 00fc 00000000 		.word	.LC0
 150 0100 00000000 		.word	.LANCHOR0
 151              		.size	send_actuators, .-send_actuators
 152              		.section	.text.actuators_init,"ax",%progbits
 153              		.align	1
 154              		.p2align 4,,15
 155              		.global	actuators_init
 156              		.syntax unified
 157              		.thumb
 158              		.thumb_func
 159              		.fpu fpv4-sp-d16
 160              		.type	actuators_init, %function
 161              	actuators_init:
 162              		@ args = 0, pretend = 0, frame = 0
 163              		@ frame_needed = 0, uses_anonymous_args = 0
 164 0000 08B5     		push	{r3, lr}
 165 0002 0749     		ldr	r1, .L10
 166 0004 074B     		ldr	r3, .L10+4
 167 0006 0120     		movs	r0, #1
 168 0008 0022     		movs	r2, #0
 169 000a 0870     		strb	r0, [r1]
ARM GAS  /tmp/ccleSemi.s 			page 4


 170 000c 1A60     		str	r2, [r3]
 171 000e FFF7FEFF 		bl	actuators_pwm_arch_init
 172 0012 BDE80840 		pop	{r3, lr}
 173 0016 044A     		ldr	r2, .L10+8
 174 0018 0448     		ldr	r0, .L10+12
 175 001a 6921     		movs	r1, #105
 176 001c FFF7FEBF 		b	register_periodic_telemetry
 177              	.L11:
 178              		.align	2
 179              	.L10:
 180 0020 00000000 		.word	.LANCHOR1
 181 0024 00000000 		.word	.LANCHOR2
 182 0028 00000000 		.word	send_actuators
 183 002c 00000000 		.word	pprz_telemetry
 184              		.size	actuators_init, .-actuators_init
 185              		.section	.text.actuators_periodic,"ax",%progbits
 186              		.align	1
 187              		.p2align 4,,15
 188              		.global	actuators_periodic
 189              		.syntax unified
 190              		.thumb
 191              		.thumb_func
 192              		.fpu fpv4-sp-d16
 193              		.type	actuators_periodic, %function
 194              	actuators_periodic:
 195              		@ args = 0, pretend = 0, frame = 8
 196              		@ frame_needed = 0, uses_anonymous_args = 0
 197 0000 10B5     		push	{r4, lr}
 198 0002 4C4B     		ldr	r3, .L28
 199 0004 4C4A     		ldr	r2, .L28+4
 200 0006 D888     		ldrh	r0, [r3, #6]
 201 0008 B3F90010 		ldrsh	r1, [r3]
 202 000c 82B0     		sub	sp, sp, #8
 203 000e 89B2     		uxth	r1, r1
 204 0010 ADF80600 		strh	r0, [sp, #6]	@ movhi
 205 0014 B2F90000 		ldrsh	r0, [r2]
 206 0018 B3F90220 		ldrsh	r2, [r3, #2]
 207 001c B3F90430 		ldrsh	r3, [r3, #4]
 208 0020 10F5707F 		cmn	r0, #960
 209 0024 7DDB     		blt	.L20
 210 0026 B0F5707F 		cmp	r0, #960
 211 002a A8BF     		it	ge
 212 002c 4FF47070 		movge	r0, #960
 213 0030 80B2     		uxth	r0, r0
 214              	.L13:
 215 0032 424C     		ldr	r4, .L28+8
 216 0034 0144     		add	r1, r1, r0
 217 0036 B4F90000 		ldrsh	r0, [r4]
 218 003a ADF80010 		strh	r1, [sp]	@ movhi
 219 003e 10F5707F 		cmn	r0, #960
 220 0042 92B2     		uxth	r2, r2
 221 0044 73DB     		blt	.L21
 222 0046 B0F5707F 		cmp	r0, #960
 223 004a A8BF     		it	ge
 224 004c 4FF47070 		movge	r0, #960
 225 0050 80B2     		uxth	r0, r0
 226              	.L14:
ARM GAS  /tmp/ccleSemi.s 			page 5


 227 0052 3B49     		ldr	r1, .L28+12
 228 0054 B1F90010 		ldrsh	r1, [r1]
 229 0058 0244     		add	r2, r2, r0
 230 005a 11F5165F 		cmn	r1, #9600
 231 005e ADF80220 		strh	r2, [sp, #2]	@ movhi
 232 0062 9BB2     		uxth	r3, r3
 233 0064 60DB     		blt	.L22
 234 0066 B1F5165F 		cmp	r1, #9600
 235 006a A8BF     		it	ge
 236 006c 4FF41651 		movge	r1, #9600
 237 0070 89B2     		uxth	r1, r1
 238              	.L15:
 239 0072 344A     		ldr	r2, .L28+16
 240 0074 344C     		ldr	r4, .L28+20
 241 0076 D079     		ldrb	r0, [r2, #7]	@ zero_extendqisi2
 242 0078 0B44     		add	r3, r3, r1
 243 007a 6A46     		mov	r2, sp
 244 007c 0021     		movs	r1, #0
 245 007e ADF80430 		strh	r3, [sp, #4]	@ movhi
 246 0082 FFF7FEFF 		bl	motor_mixing_run
 247 0086 2368     		ldr	r3, [r4]
 248 0088 3048     		ldr	r0, .L28+24
 249 008a 3149     		ldr	r1, .L28+28
 250 008c 002B     		cmp	r3, #0
 251 008e C5BF     		ittet	gt
 252 0090 03EB4302 		addgt	r2, r3, r3, lsl #1
 253 0094 C3EB0213 		rsbgt	r3, r3, r2, lsl #4
 254 0098 4FF4F072 		movle	r2, #480
 255 009c 4FF4F062 		movgt	r2, #1920
 256 00a0 93FBF2F3 		sdiv	r3, r3, r2
 257 00a4 1433     		adds	r3, r3, #20
 258 00a6 83F30803 		usat	r3, #8, r3
 259 00aa 0380     		strh	r3, [r0]	@ movhi
 260 00ac 0B61     		str	r3, [r1, #16]
 261 00ae 6368     		ldr	r3, [r4, #4]
 262 00b0 002B     		cmp	r3, #0
 263 00b2 C5BF     		ittet	gt
 264 00b4 03EB4302 		addgt	r2, r3, r3, lsl #1
 265 00b8 C3EB0213 		rsbgt	r3, r3, r2, lsl #4
 266 00bc 4FF4F072 		movle	r2, #480
 267 00c0 4FF4F062 		movgt	r2, #1920
 268 00c4 93FBF2F2 		sdiv	r2, r3, r2
 269 00c8 A368     		ldr	r3, [r4, #8]
 270 00ca 1432     		adds	r2, r2, #20
 271 00cc 82F30802 		usat	r2, #8, r2
 272 00d0 002B     		cmp	r3, #0
 273 00d2 4280     		strh	r2, [r0, #2]	@ movhi
 274 00d4 4A60     		str	r2, [r1, #4]
 275 00d6 C5BF     		ittet	gt
 276 00d8 03EB4302 		addgt	r2, r3, r3, lsl #1
 277 00dc C3EB0213 		rsbgt	r3, r3, r2, lsl #4
 278 00e0 4FF4F072 		movle	r2, #480
 279 00e4 4FF4F062 		movgt	r2, #1920
 280 00e8 93FBF2F2 		sdiv	r2, r3, r2
 281 00ec E368     		ldr	r3, [r4, #12]
 282 00ee 1432     		adds	r2, r2, #20
 283 00f0 82F30802 		usat	r2, #8, r2
ARM GAS  /tmp/ccleSemi.s 			page 6


 284 00f4 002B     		cmp	r3, #0
 285 00f6 8280     		strh	r2, [r0, #4]	@ movhi
 286 00f8 8A60     		str	r2, [r1, #8]
 287 00fa C5BF     		ittet	gt
 288 00fc 03EB4302 		addgt	r2, r3, r3, lsl #1
 289 0100 C3EB0213 		rsbgt	r3, r3, r2, lsl #4
 290 0104 4FF4F072 		movle	r2, #480
 291 0108 4FF4F062 		movgt	r2, #1920
 292 010c 93FBF2F3 		sdiv	r3, r3, r2
 293 0110 1433     		adds	r3, r3, #20
 294 0112 83F30803 		usat	r3, #8, r3
 295 0116 C380     		strh	r3, [r0, #6]	@ movhi
 296 0118 CB60     		str	r3, [r1, #12]
 297 011a FFF7FEFF 		bl	actuators_pwm_commit
 298 011e 02B0     		add	sp, sp, #8
 299              		@ sp needed
 300 0120 10BD     		pop	{r4, pc}
 301              	.L20:
 302 0122 4FF64040 		movw	r0, #64576
 303 0126 84E7     		b	.L13
 304              	.L22:
 305 0128 4DF68021 		movw	r1, #55936
 306 012c A1E7     		b	.L15
 307              	.L21:
 308 012e 4FF64040 		movw	r0, #64576
 309 0132 8EE7     		b	.L14
 310              	.L29:
 311              		.align	2
 312              	.L28:
 313 0134 00000000 		.word	commands
 314 0138 00000000 		.word	command_roll_trim
 315 013c 00000000 		.word	command_pitch_trim
 316 0140 00000000 		.word	command_yaw_trim
 317 0144 00000000 		.word	autopilot
 318 0148 00000000 		.word	motor_mixing
 319 014c 00000000 		.word	.LANCHOR0
 320 0150 00000000 		.word	actuators_pwm_values
 321              		.size	actuators_periodic, .-actuators_periodic
 322              		.global	actuators_delay_done
 323              		.global	actuators_delay_time
 324              		.global	actuators_pprz
 325              		.global	actuators
 326              		.section	.bss.actuators,"aw",%nobits
 327              		.align	2
 328              		.set	.LANCHOR0,. + 0
 329              		.type	actuators, %object
 330              		.size	actuators, 8
 331              	actuators:
 332 0000 00000000 		.space	8
 332      00000000 
 333              		.section	.bss.actuators_delay_done,"aw",%nobits
 334              		.set	.LANCHOR1,. + 0
 335              		.type	actuators_delay_done, %object
 336              		.size	actuators_delay_done, 1
 337              	actuators_delay_done:
 338 0000 00       		.space	1
 339              		.section	.bss.actuators_delay_time,"aw",%nobits
ARM GAS  /tmp/ccleSemi.s 			page 7


 340              		.align	2
 341              		.set	.LANCHOR2,. + 0
 342              		.type	actuators_delay_time, %object
 343              		.size	actuators_delay_time, 4
 344              	actuators_delay_time:
 345 0000 00000000 		.space	4
 346              		.section	.bss.actuators_pprz,"aw",%nobits
 347              		.align	2
 348              		.type	actuators_pprz, %object
 349              		.size	actuators_pprz, 8
 350              	actuators_pprz:
 351 0000 00000000 		.space	8
 351      00000000 
 352              		.ident	"GCC: (15:10.3-2021.07-4) 10.3.1 20210621 (release)"
ARM GAS  /tmp/ccleSemi.s 			page 8


DEFINED SYMBOLS
                            *ABS*:0000000000000000 actuators.c
     /tmp/ccleSemi.s:15     .rodata.send_actuators.str1.4:0000000000000000 $d
     /tmp/ccleSemi.s:19     .text.send_actuators:0000000000000000 $t
     /tmp/ccleSemi.s:27     .text.send_actuators:0000000000000000 send_actuators
     /tmp/ccleSemi.s:149    .text.send_actuators:00000000000000fc $d
     /tmp/ccleSemi.s:153    .text.actuators_init:0000000000000000 $t
     /tmp/ccleSemi.s:161    .text.actuators_init:0000000000000000 actuators_init
     /tmp/ccleSemi.s:180    .text.actuators_init:0000000000000020 $d
     /tmp/ccleSemi.s:186    .text.actuators_periodic:0000000000000000 $t
     /tmp/ccleSemi.s:194    .text.actuators_periodic:0000000000000000 actuators_periodic
     /tmp/ccleSemi.s:313    .text.actuators_periodic:0000000000000134 $d
     /tmp/ccleSemi.s:337    .bss.actuators_delay_done:0000000000000000 actuators_delay_done
     /tmp/ccleSemi.s:344    .bss.actuators_delay_time:0000000000000000 actuators_delay_time
     /tmp/ccleSemi.s:350    .bss.actuators_pprz:0000000000000000 actuators_pprz
     /tmp/ccleSemi.s:331    .bss.actuators:0000000000000000 actuators
     /tmp/ccleSemi.s:327    .bss.actuators:0000000000000000 $d
     /tmp/ccleSemi.s:338    .bss.actuators_delay_done:0000000000000000 $d
     /tmp/ccleSemi.s:340    .bss.actuators_delay_time:0000000000000000 $d
     /tmp/ccleSemi.s:347    .bss.actuators_pprz:0000000000000000 $d

UNDEFINED SYMBOLS
actuators_pwm_arch_init
register_periodic_telemetry
pprz_telemetry
motor_mixing_run
actuators_pwm_commit
commands
command_roll_trim
command_pitch_trim
command_yaw_trim
autopilot
motor_mixing
actuators_pwm_values
