ARM GAS  /tmp/cc1VAa0W.s 			page 1


   1              		.cpu cortex-m4
   2              		.eabi_attribute 27, 1
   3              		.eabi_attribute 20, 1
   4              		.eabi_attribute 21, 1
   5              		.eabi_attribute 23, 3
   6              		.eabi_attribute 24, 1
   7              		.eabi_attribute 25, 1
   8              		.eabi_attribute 26, 1
   9              		.eabi_attribute 30, 2
  10              		.eabi_attribute 34, 1
  11              		.eabi_attribute 18, 4
  12              		.file	"ahrs_madgwick_wrapper.c"
  13              		.text
  14              		.section	.text.ahrs_madgwick_enable_output,"ax",%progbits
  15              		.align	1
  16              		.p2align 4,,15
  17              		.arch armv7e-m
  18              		.syntax unified
  19              		.thumb
  20              		.thumb_func
  21              		.fpu fpv4-sp-d16
  22              		.type	ahrs_madgwick_enable_output, %function
  23              	ahrs_madgwick_enable_output:
  24              		@ args = 0, pretend = 0, frame = 0
  25              		@ frame_needed = 0, uses_anonymous_args = 0
  26              		@ link register save eliminated.
  27 0000 014B     		ldr	r3, .L3
  28 0002 1870     		strb	r0, [r3]
  29 0004 7047     		bx	lr
  30              	.L4:
  31 0006 00BF     		.align	2
  32              	.L3:
  33 0008 00000000 		.word	.LANCHOR0
  34              		.size	ahrs_madgwick_enable_output, .-ahrs_madgwick_enable_output
  35              		.section	.text.compute_body_orientation_and_rates.part.0,"ax",%progbits
  36              		.align	1
  37              		.p2align 4,,15
  38              		.syntax unified
  39              		.thumb
  40              		.thumb_func
  41              		.fpu fpv4-sp-d16
  42              		.type	compute_body_orientation_and_rates.part.0, %function
  43              	compute_body_orientation_and_rates.part.0:
  44              		@ args = 0, pretend = 0, frame = 0
  45              		@ frame_needed = 0, uses_anonymous_args = 0
  46 0000 114A     		ldr	r2, .L7
  47 0002 124B     		ldr	r3, .L7+4
  48 0004 5168     		ldr	r1, [r2, #4]	@ float
  49 0006 D2F800C0 		ldr	ip, [r2]	@ float
  50 000a 9068     		ldr	r0, [r2, #8]	@ float
  51 000c 00B5     		push	{lr}
  52 000e C3F8F811 		str	r1, [r3, #504]	@ float
  53 0012 D168     		ldr	r1, [r2, #12]	@ float
  54 0014 C3F8F4C1 		str	ip, [r3, #500]	@ float
  55 0018 4FF0080E 		mov	lr, #8
  56 001c D2F810C0 		ldr	ip, [r2, #16]	@ float
  57 0020 C3F8FC01 		str	r0, [r3, #508]	@ float
ARM GAS  /tmp/cc1VAa0W.s 			page 2


  58 0024 C3F80012 		str	r1, [r3, #512]	@ float
  59 0028 5069     		ldr	r0, [r2, #20]	@ float
  60 002a 9169     		ldr	r1, [r2, #24]	@ float
  61 002c 83F8B0E1 		strb	lr, [r3, #432]
  62 0030 0222     		movs	r2, #2
  63 0032 83F83422 		strb	r2, [r3, #564]
  64 0036 C3F844C2 		str	ip, [r3, #580]	@ float
  65 003a C3F84802 		str	r0, [r3, #584]	@ float
  66 003e C3F84C12 		str	r1, [r3, #588]	@ float
  67 0042 5DF804FB 		ldr	pc, [sp], #4
  68              	.L8:
  69 0046 00BF     		.align	2
  70              	.L7:
  71 0048 00000000 		.word	ahrs_madgwick
  72 004c 00000000 		.word	state
  73              		.size	compute_body_orientation_and_rates.part.0, .-compute_body_orientation_and_rates.part.0
  74              		.section	.text.gyro_cb,"ax",%progbits
  75              		.align	1
  76              		.p2align 4,,15
  77              		.syntax unified
  78              		.thumb
  79              		.thumb_func
  80              		.fpu fpv4-sp-d16
  81              		.type	gyro_cb, %function
  82              	gyro_cb:
  83              		@ args = 0, pretend = 0, frame = 16
  84              		@ frame_needed = 0, uses_anonymous_args = 0
  85 0000 10B5     		push	{r4, lr}
  86 0002 D2ED006A 		vldr.32	s13, [r2]	@ int
  87 0006 92ED017A 		vldr.32	s14, [r2, #4]	@ int
  88 000a D2ED027A 		vldr.32	s15, [r2, #8]	@ int
  89 000e 9FED166A 		vldr.32	s12, .L18
  90 0012 164B     		ldr	r3, .L18+4
  91 0014 F8EEE66A 		vcvt.f32.s32	s13, s13
  92 0018 B8EEC77A 		vcvt.f32.s32	s14, s14
  93 001c F8EEE77A 		vcvt.f32.s32	s15, s15
  94 0020 66EE866A 		vmul.f32	s13, s13, s12
  95 0024 27EE067A 		vmul.f32	s14, s14, s12
  96 0028 67EE867A 		vmul.f32	s15, s15, s12
  97 002c 93F83530 		ldrb	r3, [r3, #53]	@ zero_extendqisi2
  98 0030 84B0     		sub	sp, sp, #16
  99 0032 0C46     		mov	r4, r1
 100 0034 CDED016A 		vstr.32	s13, [sp, #4]
 101 0038 8DED027A 		vstr.32	s14, [sp, #8]
 102 003c CDED037A 		vstr.32	s15, [sp, #12]
 103 0040 1BB9     		cbnz	r3, .L17
 104              	.L11:
 105 0042 0B4B     		ldr	r3, .L18+8
 106 0044 1C60     		str	r4, [r3]
 107 0046 04B0     		add	sp, sp, #16
 108              		@ sp needed
 109 0048 10BD     		pop	{r4, pc}
 110              	.L17:
 111 004a 0A49     		ldr	r1, .L18+12
 112 004c 01A8     		add	r0, sp, #4
 113 004e FFF7FEFF 		bl	ahrs_madgwick_propagate
 114 0052 094B     		ldr	r3, .L18+16
ARM GAS  /tmp/cc1VAa0W.s 			page 3


 115 0054 1B78     		ldrb	r3, [r3]	@ zero_extendqisi2
 116 0056 002B     		cmp	r3, #0
 117 0058 F3D0     		beq	.L11
 118 005a FFF7FEFF 		bl	compute_body_orientation_and_rates.part.0
 119 005e 044B     		ldr	r3, .L18+8
 120 0060 1C60     		str	r4, [r3]
 121 0062 04B0     		add	sp, sp, #16
 122              		@ sp needed
 123 0064 10BD     		pop	{r4, pc}
 124              	.L19:
 125 0066 00BF     		.align	2
 126              	.L18:
 127 0068 00008039 		.word	964689920
 128 006c 00000000 		.word	ahrs_madgwick
 129 0070 00000000 		.word	.LANCHOR1
 130 0074 6F12833A 		.word	981668463
 131 0078 00000000 		.word	.LANCHOR0
 132              		.size	gyro_cb, .-gyro_cb
 133              		.section	.text.aligner_cb,"ax",%progbits
 134              		.align	1
 135              		.p2align 4,,15
 136              		.syntax unified
 137              		.thumb
 138              		.thumb_func
 139              		.fpu fpv4-sp-d16
 140              		.type	aligner_cb, %function
 141              	aligner_cb:
 142              		@ args = 4, pretend = 0, frame = 24
 143              		@ frame_needed = 0, uses_anonymous_args = 0
 144 0000 2349     		ldr	r1, .L31
 145 0002 91F83510 		ldrb	r1, [r1, #53]	@ zero_extendqisi2
 146 0006 01B1     		cbz	r1, .L30
 147 0008 7047     		bx	lr
 148              	.L30:
 149 000a 00B5     		push	{lr}
 150 000c D3ED006A 		vldr.32	s13, [r3]	@ int
 151 0010 93ED017A 		vldr.32	s14, [r3, #4]	@ int
 152 0014 D3ED027A 		vldr.32	s15, [r3, #8]	@ int
 153 0018 92ED005A 		vldr.32	s10, [r2]	@ int
 154 001c D2ED015A 		vldr.32	s11, [r2, #4]	@ int
 155 0020 92ED026A 		vldr.32	s12, [r2, #8]	@ int
 156 0024 9FED1B4A 		vldr.32	s8, .L31+4
 157 0028 DFED1B4A 		vldr.32	s9, .L31+8
 158 002c B8EEC55A 		vcvt.f32.s32	s10, s10
 159 0030 F8EEE55A 		vcvt.f32.s32	s11, s11
 160 0034 B8EEC66A 		vcvt.f32.s32	s12, s12
 161 0038 F8EEE66A 		vcvt.f32.s32	s13, s13
 162 003c B8EEC77A 		vcvt.f32.s32	s14, s14
 163 0040 F8EEE77A 		vcvt.f32.s32	s15, s15
 164 0044 87B0     		sub	sp, sp, #28
 165 0046 25EE045A 		vmul.f32	s10, s10, s8
 166 004a 65EE845A 		vmul.f32	s11, s11, s8
 167 004e 26EE046A 		vmul.f32	s12, s12, s8
 168 0052 66EEA46A 		vmul.f32	s13, s13, s9
 169 0056 27EE247A 		vmul.f32	s14, s14, s9
 170 005a 67EEA47A 		vmul.f32	s15, s15, s9
 171 005e 03A9     		add	r1, sp, #12
ARM GAS  /tmp/cc1VAa0W.s 			page 4


 172 0060 6846     		mov	r0, sp
 173 0062 8DED005A 		vstr.32	s10, [sp]
 174 0066 CDED015A 		vstr.32	s11, [sp, #4]
 175 006a 8DED026A 		vstr.32	s12, [sp, #8]
 176 006e CDED036A 		vstr.32	s13, [sp, #12]
 177 0072 8DED047A 		vstr.32	s14, [sp, #16]
 178 0076 CDED057A 		vstr.32	s15, [sp, #20]
 179 007a FFF7FEFF 		bl	ahrs_madgwick_align
 180 007e 074B     		ldr	r3, .L31+12
 181 0080 1B78     		ldrb	r3, [r3]	@ zero_extendqisi2
 182 0082 0BB1     		cbz	r3, .L20
 183 0084 FFF7FEFF 		bl	compute_body_orientation_and_rates.part.0
 184              	.L20:
 185 0088 07B0     		add	sp, sp, #28
 186              		@ sp needed
 187 008a 5DF804FB 		ldr	pc, [sp], #4
 188              	.L32:
 189 008e 00BF     		.align	2
 190              	.L31:
 191 0090 00000000 		.word	ahrs_madgwick
 192 0094 00008039 		.word	964689920
 193 0098 0000803A 		.word	981467136
 194 009c 00000000 		.word	.LANCHOR0
 195              		.size	aligner_cb, .-aligner_cb
 196              		.section	.text.accel_cb,"ax",%progbits
 197              		.align	1
 198              		.p2align 4,,15
 199              		.syntax unified
 200              		.thumb
 201              		.thumb_func
 202              		.fpu fpv4-sp-d16
 203              		.type	accel_cb, %function
 204              	accel_cb:
 205              		@ args = 0, pretend = 0, frame = 16
 206              		@ frame_needed = 0, uses_anonymous_args = 0
 207 0000 134B     		ldr	r3, .L43
 208 0002 93F83530 		ldrb	r3, [r3, #53]	@ zero_extendqisi2
 209 0006 03B9     		cbnz	r3, .L42
 210 0008 7047     		bx	lr
 211              	.L42:
 212 000a 00B5     		push	{lr}
 213 000c D2ED006A 		vldr.32	s13, [r2]	@ int
 214 0010 92ED017A 		vldr.32	s14, [r2, #4]	@ int
 215 0014 D2ED027A 		vldr.32	s15, [r2, #8]	@ int
 216 0018 9FED0E6A 		vldr.32	s12, .L43+4
 217 001c F8EEE66A 		vcvt.f32.s32	s13, s13
 218 0020 B8EEC77A 		vcvt.f32.s32	s14, s14
 219 0024 F8EEE77A 		vcvt.f32.s32	s15, s15
 220 0028 85B0     		sub	sp, sp, #20
 221 002a 66EE866A 		vmul.f32	s13, s13, s12
 222 002e 27EE067A 		vmul.f32	s14, s14, s12
 223 0032 67EE867A 		vmul.f32	s15, s15, s12
 224 0036 01A8     		add	r0, sp, #4
 225 0038 CDED016A 		vstr.32	s13, [sp, #4]
 226 003c 8DED027A 		vstr.32	s14, [sp, #8]
 227 0040 CDED037A 		vstr.32	s15, [sp, #12]
 228 0044 FFF7FEFF 		bl	ahrs_madgwick_update_accel
ARM GAS  /tmp/cc1VAa0W.s 			page 5


 229 0048 05B0     		add	sp, sp, #20
 230              		@ sp needed
 231 004a 5DF804FB 		ldr	pc, [sp], #4
 232              	.L44:
 233 004e 00BF     		.align	2
 234              	.L43:
 235 0050 00000000 		.word	ahrs_madgwick
 236 0054 0000803A 		.word	981467136
 237              		.size	accel_cb, .-accel_cb
 238              		.section	.rodata.send_filter_status.str1.4,"aMS",%progbits,1
 239              		.align	2
 240              	.LC0:
 241 0000 53544154 		.ascii	"STATE_FILTER_STATUS\000"
 241      455F4649 
 241      4C544552 
 241      5F535441 
 241      54555300 
 242              		.section	.text.send_filter_status,"ax",%progbits
 243              		.align	1
 244              		.p2align 4,,15
 245              		.syntax unified
 246              		.thumb
 247              		.thumb_func
 248              		.fpu fpv4-sp-d16
 249              		.type	send_filter_status, %function
 250              	send_filter_status:
 251              		@ args = 0, pretend = 0, frame = 24
 252              		@ frame_needed = 0, uses_anonymous_args = 0
 253 0000 70B5     		push	{r4, r5, r6, lr}
 254 0002 4E4B     		ldr	r3, .L51
 255 0004 88B0     		sub	sp, sp, #32
 256 0006 93F83530 		ldrb	r3, [r3, #53]	@ zero_extendqisi2
 257 000a 0324     		movs	r4, #3
 258 000c 0022     		movs	r2, #0
 259 000e 0546     		mov	r5, r0
 260 0010 0E46     		mov	r6, r1
 261 0012 8DF80D40 		strb	r4, [sp, #13]
 262 0016 ADF80E20 		strh	r2, [sp, #14]	@ movhi
 263 001a 13B9     		cbnz	r3, .L46
 264 001c 0223     		movs	r3, #2
 265 001e 8DF80D30 		strb	r3, [sp, #13]
 266              	.L46:
 267 0022 FFF7FEFF 		bl	get_sys_time_usec
 268 0026 464A     		ldr	r2, .L51+4
 269 0028 0695     		str	r5, [sp, #24]
 270 002a 1268     		ldr	r2, [r2]
 271 002c 0796     		str	r6, [sp, #28]
 272 002e 4CF25033 		movw	r3, #50000
 273 0032 801A     		subs	r0, r0, r2
 274 0034 9842     		cmp	r0, r3
 275 0036 88BF     		it	hi
 276 0038 0523     		movhi	r3, #5
 277 003a 4FF01F02 		mov	r2, #31
 278 003e 4FF00004 		mov	r4, #0
 279 0042 88BF     		it	hi
 280 0044 8DF80D30 		strbhi	r3, [sp, #13]
 281 0048 0821     		movs	r1, #8
ARM GAS  /tmp/cc1VAa0W.s 			page 6


 282 004a 2B68     		ldr	r3, [r5]
 283 004c ADF81420 		strh	r2, [sp, #20]	@ movhi
 284 0050 8DF81640 		strb	r4, [sp, #22]
 285 0054 0494     		str	r4, [sp, #16]
 286 0056 05A8     		add	r0, sp, #20
 287 0058 9847     		blx	r3
 288 005a 069B     		ldr	r3, [sp, #24]
 289 005c 82B2     		uxth	r2, r0
 290 005e 5B68     		ldr	r3, [r3, #4]
 291 0060 0546     		mov	r5, r0
 292 0062 04A9     		add	r1, sp, #16
 293 0064 05A8     		add	r0, sp, #20
 294 0066 9847     		blx	r3
 295 0068 069B     		ldr	r3, [sp, #24]
 296 006a 0028     		cmp	r0, #0
 297 006c 60D0     		beq	.L48
 298 006e 2946     		mov	r1, r5
 299 0070 05A8     		add	r0, sp, #20
 300 0072 DB69     		ldr	r3, [r3, #28]
 301 0074 9847     		blx	r3
 302 0076 069B     		ldr	r3, [sp, #24]
 303 0078 0499     		ldr	r1, [sp, #16]
 304 007a 1B69     		ldr	r3, [r3, #16]
 305 007c 05A8     		add	r0, sp, #20
 306 007e 0822     		movs	r2, #8
 307 0080 9847     		blx	r3
 308 0082 0125     		movs	r5, #1
 309 0084 069A     		ldr	r2, [sp, #24]
 310 0086 0195     		str	r5, [sp, #4]
 311 0088 05AB     		add	r3, sp, #20
 312 008a 0093     		str	r3, [sp]
 313 008c 9668     		ldr	r6, [r2, #8]
 314 008e 0499     		ldr	r1, [sp, #16]
 315 0090 2346     		mov	r3, r4
 316 0092 05A8     		add	r0, sp, #20
 317 0094 0222     		movs	r2, #2
 318 0096 B047     		blx	r6
 319 0098 9DF81530 		ldrb	r3, [sp, #21]	@ zero_extendqisi2
 320 009c 069A     		ldr	r2, [sp, #24]
 321 009e 0499     		ldr	r1, [sp, #16]
 322 00a0 CDE90034 		strd	r3, r4, [sp]
 323 00a4 05A8     		add	r0, sp, #20
 324 00a6 D668     		ldr	r6, [r2, #12]
 325 00a8 2346     		mov	r3, r4
 326 00aa 0222     		movs	r2, #2
 327 00ac B047     		blx	r6
 328 00ae 9DF81630 		ldrb	r3, [sp, #22]	@ zero_extendqisi2
 329 00b2 069A     		ldr	r2, [sp, #24]
 330 00b4 0499     		ldr	r1, [sp, #16]
 331 00b6 1B01     		lsls	r3, r3, #4
 332 00b8 2B43     		orrs	r3, r3, r5
 333 00ba DBB2     		uxtb	r3, r3
 334 00bc CDE90034 		strd	r3, r4, [sp]
 335 00c0 05A8     		add	r0, sp, #20
 336 00c2 D668     		ldr	r6, [r2, #12]
 337 00c4 2346     		mov	r3, r4
 338 00c6 0222     		movs	r2, #2
ARM GAS  /tmp/cc1VAa0W.s 			page 7


 339 00c8 B047     		blx	r6
 340 00ca 1E4B     		ldr	r3, .L51+8
 341 00cc 069A     		ldr	r2, [sp, #24]
 342 00ce 0193     		str	r3, [sp, #4]
 343 00d0 E823     		movs	r3, #232
 344 00d2 0093     		str	r3, [sp]
 345 00d4 D668     		ldr	r6, [r2, #12]
 346 00d6 0499     		ldr	r1, [sp, #16]
 347 00d8 2346     		mov	r3, r4
 348 00da 05A8     		add	r0, sp, #20
 349 00dc 0222     		movs	r2, #2
 350 00de B047     		blx	r6
 351 00e0 194B     		ldr	r3, .L51+12
 352 00e2 069A     		ldr	r2, [sp, #24]
 353 00e4 0499     		ldr	r1, [sp, #16]
 354 00e6 CDE90035 		strd	r3, r5, [sp]
 355 00ea 05A8     		add	r0, sp, #20
 356 00ec 9668     		ldr	r6, [r2, #8]
 357 00ee 2346     		mov	r3, r4
 358 00f0 0222     		movs	r2, #2
 359 00f2 B047     		blx	r6
 360 00f4 0DF10D03 		add	r3, sp, #13
 361 00f8 CDE90035 		strd	r3, r5, [sp]
 362 00fc 069A     		ldr	r2, [sp, #24]
 363 00fe 0499     		ldr	r1, [sp, #16]
 364 0100 9568     		ldr	r5, [r2, #8]
 365 0102 2346     		mov	r3, r4
 366 0104 05A8     		add	r0, sp, #20
 367 0106 0222     		movs	r2, #2
 368 0108 A847     		blx	r5
 369 010a 0DF10E02 		add	r2, sp, #14
 370 010e 0221     		movs	r1, #2
 371 0110 CDE90021 		strd	r2, r1, [sp]
 372 0114 069B     		ldr	r3, [sp, #24]
 373 0116 0499     		ldr	r1, [sp, #16]
 374 0118 9D68     		ldr	r5, [r3, #8]
 375 011a 05A8     		add	r0, sp, #20
 376 011c 2346     		mov	r3, r4
 377 011e 0422     		movs	r2, #4
 378 0120 A847     		blx	r5
 379 0122 069B     		ldr	r3, [sp, #24]
 380 0124 0499     		ldr	r1, [sp, #16]
 381 0126 5B69     		ldr	r3, [r3, #20]
 382 0128 05A8     		add	r0, sp, #20
 383 012a 9847     		blx	r3
 384 012c 08B0     		add	sp, sp, #32
 385              		@ sp needed
 386 012e 70BD     		pop	{r4, r5, r6, pc}
 387              	.L48:
 388 0130 9B69     		ldr	r3, [r3, #24]
 389 0132 05A8     		add	r0, sp, #20
 390 0134 9847     		blx	r3
 391 0136 08B0     		add	sp, sp, #32
 392              		@ sp needed
 393 0138 70BD     		pop	{r4, r5, r6, pc}
 394              	.L52:
 395 013a 00BF     		.align	2
ARM GAS  /tmp/cc1VAa0W.s 			page 8


 396              	.L51:
 397 013c 00000000 		.word	ahrs_madgwick
 398 0140 00000000 		.word	.LANCHOR1
 399 0144 00000000 		.word	.LC0
 400 0148 00000000 		.word	.LANCHOR2
 401              		.size	send_filter_status, .-send_filter_status
 402              		.section	.rodata.send_att.str1.4,"aMS",%progbits,1
 403              		.align	2
 404              	.LC1:
 405 0000 41485253 		.ascii	"AHRS_EULER_INT\000"
 405      5F45554C 
 405      45525F49 
 405      4E5400
 406              		.section	.text.send_att,"ax",%progbits
 407              		.align	1
 408              		.p2align 4,,15
 409              		.syntax unified
 410              		.thumb
 411              		.thumb_func
 412              		.fpu fpv4-sp-d16
 413              		.type	send_att, %function
 414              	send_att:
 415              		@ args = 0, pretend = 0, frame = 64
 416              		@ frame_needed = 0, uses_anonymous_args = 0
 417 0000 F0B5     		push	{r4, r5, r6, r7, lr}
 418 0002 93B0     		sub	sp, sp, #76
 419 0004 0546     		mov	r5, r0
 420 0006 0E46     		mov	r6, r1
 421 0008 03A8     		add	r0, sp, #12
 422 000a 6749     		ldr	r1, .L57
 423 000c FFF7FEFF 		bl	float_eulers_of_quat
 424 0010 DDED036A 		vldr.32	s13, [sp, #12]
 425 0014 9DED047A 		vldr.32	s14, [sp, #16]
 426 0018 DDED057A 		vldr.32	s15, [sp, #20]
 427 001c 6249     		ldr	r1, .L57
 428 001e FEEECA6A 		vcvt.s32.f32	s13, s13, #12
 429 0022 BEEECA7A 		vcvt.s32.f32	s14, s14, #12
 430 0026 FEEECA7A 		vcvt.s32.f32	s15, s15, #12
 431 002a 09A8     		add	r0, sp, #36
 432 002c CDED066A 		vstr.32	s13, [sp, #24]	@ int
 433 0030 8DED077A 		vstr.32	s14, [sp, #28]	@ int
 434 0034 CDED087A 		vstr.32	s15, [sp, #32]	@ int
 435 0038 FFF7FEFF 		bl	float_eulers_of_quat
 436 003c DDED096A 		vldr.32	s13, [sp, #36]
 437 0040 9DED0A7A 		vldr.32	s14, [sp, #40]
 438 0044 DDED0B7A 		vldr.32	s15, [sp, #44]
 439 0048 FEEECA6A 		vcvt.s32.f32	s13, s13, #12
 440 004c BEEECA7A 		vcvt.s32.f32	s14, s14, #12
 441 0050 FEEECA7A 		vcvt.s32.f32	s15, s15, #12
 442 0054 0024     		movs	r4, #0
 443 0056 1F23     		movs	r3, #31
 444 0058 CDE91056 		strd	r5, r6, [sp, #64]
 445 005c CDED0C6A 		vstr.32	s13, [sp, #48]	@ int
 446 0060 8DED0D7A 		vstr.32	s14, [sp, #52]	@ int
 447 0064 ADF83C30 		strh	r3, [sp, #60]	@ movhi
 448 0068 CDED0E7A 		vstr.32	s15, [sp, #56]	@ int
 449 006c 2B68     		ldr	r3, [r5]
ARM GAS  /tmp/cc1VAa0W.s 			page 9


 450 006e 8DF83E40 		strb	r4, [sp, #62]
 451 0072 1D21     		movs	r1, #29
 452 0074 0294     		str	r4, [sp, #8]
 453 0076 0FA8     		add	r0, sp, #60
 454 0078 9847     		blx	r3
 455 007a 109B     		ldr	r3, [sp, #64]
 456 007c 82B2     		uxth	r2, r0
 457 007e 5B68     		ldr	r3, [r3, #4]
 458 0080 0546     		mov	r5, r0
 459 0082 02A9     		add	r1, sp, #8
 460 0084 0FA8     		add	r0, sp, #60
 461 0086 9847     		blx	r3
 462 0088 109B     		ldr	r3, [sp, #64]
 463 008a 0028     		cmp	r0, #0
 464 008c 00F08780 		beq	.L54
 465 0090 2946     		mov	r1, r5
 466 0092 0FA8     		add	r0, sp, #60
 467 0094 DB69     		ldr	r3, [r3, #28]
 468 0096 9847     		blx	r3
 469 0098 109B     		ldr	r3, [sp, #64]
 470 009a 0299     		ldr	r1, [sp, #8]
 471 009c 1B69     		ldr	r3, [r3, #16]
 472 009e 0FA8     		add	r0, sp, #60
 473 00a0 1D22     		movs	r2, #29
 474 00a2 9847     		blx	r3
 475 00a4 0126     		movs	r6, #1
 476 00a6 109A     		ldr	r2, [sp, #64]
 477 00a8 0196     		str	r6, [sp, #4]
 478 00aa 0FAB     		add	r3, sp, #60
 479 00ac 0093     		str	r3, [sp]
 480 00ae 9568     		ldr	r5, [r2, #8]
 481 00b0 0299     		ldr	r1, [sp, #8]
 482 00b2 2346     		mov	r3, r4
 483 00b4 0FA8     		add	r0, sp, #60
 484 00b6 0222     		movs	r2, #2
 485 00b8 A847     		blx	r5
 486 00ba 9DF83D30 		ldrb	r3, [sp, #61]	@ zero_extendqisi2
 487 00be 109A     		ldr	r2, [sp, #64]
 488 00c0 0299     		ldr	r1, [sp, #8]
 489 00c2 CDE90034 		strd	r3, r4, [sp]
 490 00c6 0FA8     		add	r0, sp, #60
 491 00c8 D568     		ldr	r5, [r2, #12]
 492 00ca 2346     		mov	r3, r4
 493 00cc 0222     		movs	r2, #2
 494 00ce A847     		blx	r5
 495 00d0 9DF83E30 		ldrb	r3, [sp, #62]	@ zero_extendqisi2
 496 00d4 109A     		ldr	r2, [sp, #64]
 497 00d6 0299     		ldr	r1, [sp, #8]
 498 00d8 1B01     		lsls	r3, r3, #4
 499 00da 3343     		orrs	r3, r3, r6
 500 00dc DBB2     		uxtb	r3, r3
 501 00de CDE90034 		strd	r3, r4, [sp]
 502 00e2 0FA8     		add	r0, sp, #60
 503 00e4 D568     		ldr	r5, [r2, #12]
 504 00e6 2346     		mov	r3, r4
 505 00e8 0222     		movs	r2, #2
 506 00ea A847     		blx	r5
ARM GAS  /tmp/cc1VAa0W.s 			page 10


 507 00ec 2F4B     		ldr	r3, .L57+4
 508 00ee 109A     		ldr	r2, [sp, #64]
 509 00f0 0193     		str	r3, [sp, #4]
 510 00f2 9C23     		movs	r3, #156
 511 00f4 0093     		str	r3, [sp]
 512 00f6 D568     		ldr	r5, [r2, #12]
 513 00f8 0299     		ldr	r1, [sp, #8]
 514 00fa 2346     		mov	r3, r4
 515 00fc 0FA8     		add	r0, sp, #60
 516 00fe 0222     		movs	r2, #2
 517 0100 A847     		blx	r5
 518 0102 0425     		movs	r5, #4
 519 0104 109B     		ldr	r3, [sp, #64]
 520 0106 0195     		str	r5, [sp, #4]
 521 0108 06AA     		add	r2, sp, #24
 522 010a 0092     		str	r2, [sp]
 523 010c 9F68     		ldr	r7, [r3, #8]
 524 010e 0299     		ldr	r1, [sp, #8]
 525 0110 2346     		mov	r3, r4
 526 0112 0FA8     		add	r0, sp, #60
 527 0114 0722     		movs	r2, #7
 528 0116 B847     		blx	r7
 529 0118 109B     		ldr	r3, [sp, #64]
 530 011a 0195     		str	r5, [sp, #4]
 531 011c 07AA     		add	r2, sp, #28
 532 011e 0092     		str	r2, [sp]
 533 0120 9F68     		ldr	r7, [r3, #8]
 534 0122 0299     		ldr	r1, [sp, #8]
 535 0124 2346     		mov	r3, r4
 536 0126 0FA8     		add	r0, sp, #60
 537 0128 0722     		movs	r2, #7
 538 012a B847     		blx	r7
 539 012c 109B     		ldr	r3, [sp, #64]
 540 012e 0195     		str	r5, [sp, #4]
 541 0130 08AA     		add	r2, sp, #32
 542 0132 0092     		str	r2, [sp]
 543 0134 9F68     		ldr	r7, [r3, #8]
 544 0136 0299     		ldr	r1, [sp, #8]
 545 0138 2346     		mov	r3, r4
 546 013a 0FA8     		add	r0, sp, #60
 547 013c 0722     		movs	r2, #7
 548 013e B847     		blx	r7
 549 0140 109B     		ldr	r3, [sp, #64]
 550 0142 0195     		str	r5, [sp, #4]
 551 0144 0CAA     		add	r2, sp, #48
 552 0146 0092     		str	r2, [sp]
 553 0148 9F68     		ldr	r7, [r3, #8]
 554 014a 0299     		ldr	r1, [sp, #8]
 555 014c 2346     		mov	r3, r4
 556 014e 0FA8     		add	r0, sp, #60
 557 0150 0722     		movs	r2, #7
 558 0152 B847     		blx	r7
 559 0154 109B     		ldr	r3, [sp, #64]
 560 0156 0195     		str	r5, [sp, #4]
 561 0158 0DAA     		add	r2, sp, #52
 562 015a 0092     		str	r2, [sp]
 563 015c 9F68     		ldr	r7, [r3, #8]
ARM GAS  /tmp/cc1VAa0W.s 			page 11


 564 015e 0299     		ldr	r1, [sp, #8]
 565 0160 2346     		mov	r3, r4
 566 0162 0FA8     		add	r0, sp, #60
 567 0164 0722     		movs	r2, #7
 568 0166 B847     		blx	r7
 569 0168 109A     		ldr	r2, [sp, #64]
 570 016a 0195     		str	r5, [sp, #4]
 571 016c 0EAB     		add	r3, sp, #56
 572 016e 0093     		str	r3, [sp]
 573 0170 9568     		ldr	r5, [r2, #8]
 574 0172 0299     		ldr	r1, [sp, #8]
 575 0174 2346     		mov	r3, r4
 576 0176 0FA8     		add	r0, sp, #60
 577 0178 0722     		movs	r2, #7
 578 017a A847     		blx	r5
 579 017c 0C4A     		ldr	r2, .L57+8
 580 017e 109B     		ldr	r3, [sp, #64]
 581 0180 0299     		ldr	r1, [sp, #8]
 582 0182 CDE90026 		strd	r2, r6, [sp]
 583 0186 0FA8     		add	r0, sp, #60
 584 0188 9D68     		ldr	r5, [r3, #8]
 585 018a 0222     		movs	r2, #2
 586 018c 2346     		mov	r3, r4
 587 018e A847     		blx	r5
 588 0190 109B     		ldr	r3, [sp, #64]
 589 0192 0299     		ldr	r1, [sp, #8]
 590 0194 5B69     		ldr	r3, [r3, #20]
 591 0196 0FA8     		add	r0, sp, #60
 592 0198 9847     		blx	r3
 593 019a 13B0     		add	sp, sp, #76
 594              		@ sp needed
 595 019c F0BD     		pop	{r4, r5, r6, r7, pc}
 596              	.L54:
 597 019e 9B69     		ldr	r3, [r3, #24]
 598 01a0 0FA8     		add	r0, sp, #60
 599 01a2 9847     		blx	r3
 600 01a4 13B0     		add	sp, sp, #76
 601              		@ sp needed
 602 01a6 F0BD     		pop	{r4, r5, r6, r7, pc}
 603              	.L58:
 604              		.align	2
 605              	.L57:
 606 01a8 00000000 		.word	ahrs_madgwick
 607 01ac 00000000 		.word	.LC1
 608 01b0 00000000 		.word	.LANCHOR2
 609              		.size	send_att, .-send_att
 610              		.section	.text.ahrs_madgwick_register,"ax",%progbits
 611              		.align	1
 612              		.p2align 4,,15
 613              		.global	ahrs_madgwick_register
 614              		.syntax unified
 615              		.thumb
 616              		.thumb_func
 617              		.fpu fpv4-sp-d16
 618              		.type	ahrs_madgwick_register, %function
 619              	ahrs_madgwick_register:
 620              		@ args = 0, pretend = 0, frame = 0
ARM GAS  /tmp/cc1VAa0W.s 			page 12


 621              		@ frame_needed = 0, uses_anonymous_args = 0
 622 0000 08B5     		push	{r3, lr}
 623 0002 1C4B     		ldr	r3, .L64
 624 0004 0122     		movs	r2, #1
 625 0006 1A70     		strb	r2, [r3]
 626 0008 FFF7FEFF 		bl	ahrs_madgwick_init
 627 000c 1A48     		ldr	r0, .L64+4
 628 000e FFF7FEFF 		bl	ahrs_register_impl
 629 0012 1A4B     		ldr	r3, .L64+8
 630 0014 1A4A     		ldr	r2, .L64+12
 631 0016 1969     		ldr	r1, [r3, #16]
 632 0018 9142     		cmp	r1, r2
 633 001a 07D0     		beq	.L60
 634 001c 1948     		ldr	r0, .L64+16
 635 001e 1A61     		str	r2, [r3, #16]
 636 0020 C2E90101 		strd	r0, r1, [r2, #4]
 637 0024 4FF0FF0C 		mov	ip, #255
 638 0028 82F800C0 		strb	ip, [r2]
 639              	.L60:
 640 002c 5969     		ldr	r1, [r3, #20]
 641 002e 164A     		ldr	r2, .L64+20
 642 0030 9142     		cmp	r1, r2
 643 0032 07D0     		beq	.L61
 644 0034 1548     		ldr	r0, .L64+24
 645 0036 5A61     		str	r2, [r3, #20]
 646 0038 C2E90101 		strd	r0, r1, [r2, #4]
 647 003c 4FF0FF0C 		mov	ip, #255
 648 0040 82F800C0 		strb	ip, [r2]
 649              	.L61:
 650 0044 D969     		ldr	r1, [r3, #28]
 651 0046 124A     		ldr	r2, .L64+28
 652 0048 9142     		cmp	r1, r2
 653 004a 07D0     		beq	.L62
 654 004c 1148     		ldr	r0, .L64+32
 655 004e DA61     		str	r2, [r3, #28]
 656 0050 C2E90101 		strd	r0, r1, [r2, #4]
 657 0054 4FF0FF0C 		mov	ip, #255
 658 0058 82F800C0 		strb	ip, [r2]
 659              	.L62:
 660 005c 0E4A     		ldr	r2, .L64+36
 661 005e 0F48     		ldr	r0, .L64+40
 662 0060 9C21     		movs	r1, #156
 663 0062 FFF7FEFF 		bl	register_periodic_telemetry
 664 0066 BDE80840 		pop	{r3, lr}
 665 006a 0D4A     		ldr	r2, .L64+44
 666 006c 0B48     		ldr	r0, .L64+40
 667 006e E821     		movs	r1, #232
 668 0070 FFF7FEBF 		b	register_periodic_telemetry
 669              	.L65:
 670              		.align	2
 671              	.L64:
 672 0074 00000000 		.word	.LANCHOR0
 673 0078 00000000 		.word	ahrs_madgwick_enable_output
 674 007c 00000000 		.word	abi_queues
 675 0080 00000000 		.word	.LANCHOR3
 676 0084 00000000 		.word	gyro_cb
 677 0088 00000000 		.word	.LANCHOR4
ARM GAS  /tmp/cc1VAa0W.s 			page 13


 678 008c 00000000 		.word	accel_cb
 679 0090 00000000 		.word	.LANCHOR5
 680 0094 00000000 		.word	aligner_cb
 681 0098 00000000 		.word	send_att
 682 009c 00000000 		.word	pprz_telemetry
 683 00a0 00000000 		.word	send_filter_status
 684              		.size	ahrs_madgwick_register, .-ahrs_madgwick_register
 685              		.section	.bss.accel_ev,"aw",%nobits
 686              		.align	2
 687              		.set	.LANCHOR4,. + 0
 688              		.type	accel_ev, %object
 689              		.size	accel_ev, 12
 690              	accel_ev:
 691 0000 00000000 		.space	12
 691      00000000 
 691      00000000 
 692              		.section	.bss.ahrs_madgwick_last_stamp,"aw",%nobits
 693              		.align	2
 694              		.set	.LANCHOR1,. + 0
 695              		.type	ahrs_madgwick_last_stamp, %object
 696              		.size	ahrs_madgwick_last_stamp, 4
 697              	ahrs_madgwick_last_stamp:
 698 0000 00000000 		.space	4
 699              		.section	.bss.ahrs_madgwick_output_enabled,"aw",%nobits
 700              		.set	.LANCHOR0,. + 0
 701              		.type	ahrs_madgwick_output_enabled, %object
 702              		.size	ahrs_madgwick_output_enabled, 1
 703              	ahrs_madgwick_output_enabled:
 704 0000 00       		.space	1
 705              		.section	.bss.aligner_ev,"aw",%nobits
 706              		.align	2
 707              		.set	.LANCHOR5,. + 0
 708              		.type	aligner_ev, %object
 709              		.size	aligner_ev, 12
 710              	aligner_ev:
 711 0000 00000000 		.space	12
 711      00000000 
 711      00000000 
 712              		.section	.bss.gyro_ev,"aw",%nobits
 713              		.align	2
 714              		.set	.LANCHOR3,. + 0
 715              		.type	gyro_ev, %object
 716              		.size	gyro_ev, 12
 717              	gyro_ev:
 718 0000 00000000 		.space	12
 718      00000000 
 718      00000000 
 719              		.section	.data.ahrs_madgwick_id,"aw"
 720              		.set	.LANCHOR2,. + 0
 721              		.type	ahrs_madgwick_id, %object
 722              		.size	ahrs_madgwick_id, 1
 723              	ahrs_madgwick_id:
 724 0000 0D       		.byte	13
 725              		.ident	"GCC: (15:10.3-2021.07-4) 10.3.1 20210621 (release)"
ARM GAS  /tmp/cc1VAa0W.s 			page 14


DEFINED SYMBOLS
                            *ABS*:0000000000000000 ahrs_madgwick_wrapper.c
     /tmp/cc1VAa0W.s:15     .text.ahrs_madgwick_enable_output:0000000000000000 $t
     /tmp/cc1VAa0W.s:23     .text.ahrs_madgwick_enable_output:0000000000000000 ahrs_madgwick_enable_output
     /tmp/cc1VAa0W.s:33     .text.ahrs_madgwick_enable_output:0000000000000008 $d
     /tmp/cc1VAa0W.s:36     .text.compute_body_orientation_and_rates.part.0:0000000000000000 $t
     /tmp/cc1VAa0W.s:43     .text.compute_body_orientation_and_rates.part.0:0000000000000000 compute_body_orientation_and_rates.part.0
     /tmp/cc1VAa0W.s:71     .text.compute_body_orientation_and_rates.part.0:0000000000000048 $d
     /tmp/cc1VAa0W.s:75     .text.gyro_cb:0000000000000000 $t
     /tmp/cc1VAa0W.s:82     .text.gyro_cb:0000000000000000 gyro_cb
     /tmp/cc1VAa0W.s:127    .text.gyro_cb:0000000000000068 $d
     /tmp/cc1VAa0W.s:134    .text.aligner_cb:0000000000000000 $t
     /tmp/cc1VAa0W.s:141    .text.aligner_cb:0000000000000000 aligner_cb
     /tmp/cc1VAa0W.s:191    .text.aligner_cb:0000000000000090 $d
     /tmp/cc1VAa0W.s:197    .text.accel_cb:0000000000000000 $t
     /tmp/cc1VAa0W.s:204    .text.accel_cb:0000000000000000 accel_cb
     /tmp/cc1VAa0W.s:235    .text.accel_cb:0000000000000050 $d
     /tmp/cc1VAa0W.s:239    .rodata.send_filter_status.str1.4:0000000000000000 $d
     /tmp/cc1VAa0W.s:243    .text.send_filter_status:0000000000000000 $t
     /tmp/cc1VAa0W.s:250    .text.send_filter_status:0000000000000000 send_filter_status
     /tmp/cc1VAa0W.s:397    .text.send_filter_status:000000000000013c $d
     /tmp/cc1VAa0W.s:403    .rodata.send_att.str1.4:0000000000000000 $d
     /tmp/cc1VAa0W.s:407    .text.send_att:0000000000000000 $t
     /tmp/cc1VAa0W.s:414    .text.send_att:0000000000000000 send_att
     /tmp/cc1VAa0W.s:606    .text.send_att:00000000000001a8 $d
     /tmp/cc1VAa0W.s:611    .text.ahrs_madgwick_register:0000000000000000 $t
     /tmp/cc1VAa0W.s:619    .text.ahrs_madgwick_register:0000000000000000 ahrs_madgwick_register
     /tmp/cc1VAa0W.s:672    .text.ahrs_madgwick_register:0000000000000074 $d
     /tmp/cc1VAa0W.s:686    .bss.accel_ev:0000000000000000 $d
     /tmp/cc1VAa0W.s:690    .bss.accel_ev:0000000000000000 accel_ev
     /tmp/cc1VAa0W.s:693    .bss.ahrs_madgwick_last_stamp:0000000000000000 $d
     /tmp/cc1VAa0W.s:697    .bss.ahrs_madgwick_last_stamp:0000000000000000 ahrs_madgwick_last_stamp
     /tmp/cc1VAa0W.s:703    .bss.ahrs_madgwick_output_enabled:0000000000000000 ahrs_madgwick_output_enabled
     /tmp/cc1VAa0W.s:704    .bss.ahrs_madgwick_output_enabled:0000000000000000 $d
     /tmp/cc1VAa0W.s:706    .bss.aligner_ev:0000000000000000 $d
     /tmp/cc1VAa0W.s:710    .bss.aligner_ev:0000000000000000 aligner_ev
     /tmp/cc1VAa0W.s:713    .bss.gyro_ev:0000000000000000 $d
     /tmp/cc1VAa0W.s:717    .bss.gyro_ev:0000000000000000 gyro_ev
     /tmp/cc1VAa0W.s:723    .data.ahrs_madgwick_id:0000000000000000 ahrs_madgwick_id

UNDEFINED SYMBOLS
ahrs_madgwick
state
ahrs_madgwick_propagate
ahrs_madgwick_align
ahrs_madgwick_update_accel
get_sys_time_usec
float_eulers_of_quat
ahrs_madgwick_init
ahrs_register_impl
register_periodic_telemetry
abi_queues
pprz_telemetry
