ARM GAS  /tmp/ccdXHic4.s 			page 1


   1              		.cpu cortex-m4
   2              		.eabi_attribute 27, 1
   3              		.eabi_attribute 20, 1
   4              		.eabi_attribute 21, 1
   5              		.eabi_attribute 23, 3
   6              		.eabi_attribute 24, 1
   7              		.eabi_attribute 25, 1
   8              		.eabi_attribute 26, 1
   9              		.eabi_attribute 30, 2
  10              		.eabi_attribute 34, 1
  11              		.eabi_attribute 18, 4
  12              		.file	"autopilot_static.c"
  13              		.text
  14              		.section	.text.autopilot_static_set_mode.part.0,"ax",%progbits
  15              		.align	1
  16              		.p2align 4,,15
  17              		.arch armv7e-m
  18              		.syntax unified
  19              		.thumb
  20              		.thumb_func
  21              		.fpu fpv4-sp-d16
  22              		.type	autopilot_static_set_mode.part.0, %function
  23              	autopilot_static_set_mode.part.0:
  24              		@ args = 0, pretend = 0, frame = 0
  25              		@ frame_needed = 0, uses_anonymous_args = 0
  26 0000 10B5     		push	{r4, lr}
  27 0002 0446     		mov	r4, r0
  28 0004 1328     		cmp	r0, #19
  29 0006 17D8     		bhi	.L2
  30 0008 DFE800F0 		tbb	[pc, r0]
  31              	.L4:
  32 000c 6B       		.byte	(.L14-.L4)/2
  33 000d 5E       		.byte	(.L13-.L4)/2
  34 000e 4F       		.byte	(.L9-.L4)/2
  35 000f 12       		.byte	(.L1-.L4)/2
  36 0010 44       		.byte	(.L11-.L4)/2
  37 0011 12       		.byte	(.L1-.L4)/2
  38 0012 44       		.byte	(.L11-.L4)/2
  39 0013 44       		.byte	(.L11-.L4)/2
  40 0014 12       		.byte	(.L1-.L4)/2
  41 0015 44       		.byte	(.L11-.L4)/2
  42 0016 13       		.byte	(.L10-.L4)/2
  43 0017 13       		.byte	(.L10-.L4)/2
  44 0018 13       		.byte	(.L10-.L4)/2
  45 0019 4F       		.byte	(.L9-.L4)/2
  46 001a 48       		.byte	(.L8-.L4)/2
  47 001b 7A       		.byte	(.L7-.L4)/2
  48 001c 7E       		.byte	(.L6-.L4)/2
  49 001d 16       		.byte	(.L2-.L4)/2
  50 001e 57       		.byte	(.L5-.L4)/2
  51 001f 0A       		.byte	(.L3-.L4)/2
  52              		.p2align 1
  53              	.L3:
  54 0020 0A20     		movs	r0, #10
  55 0022 FFF7FEFF 		bl	guidance_h_mode_changed
  56              	.L19:
  57 0026 0820     		movs	r0, #8
ARM GAS  /tmp/ccdXHic4.s 			page 2


  58 0028 FFF7FEFF 		bl	guidance_v_mode_changed
  59              	.L20:
  60 002c 3E4B     		ldr	r3, .L28
  61 002e 1C70     		strb	r4, [r3]
  62              	.L1:
  63 0030 10BD     		pop	{r4, pc}
  64              	.L10:
  65 0032 0320     		movs	r0, #3
  66 0034 FFF7FEFF 		bl	guidance_h_mode_changed
  67              	.L2:
  68 0038 132C     		cmp	r4, #19
  69 003a F7D8     		bhi	.L20
  70 003c 01A3     		adr	r3, .L21
  71 003e 53F824F0 		ldr	pc, [r3, r4, lsl #2]
  72 0042 00BF     		.p2align 2
  73              	.L21:
  74 0044 EF000000 		.word	.L16+1
  75 0048 D3000000 		.word	.L15+1
  76 004c 19010000 		.word	.L22+1
  77 0050 A3000000 		.word	.L17+1
  78 0054 A3000000 		.word	.L17+1
  79 0058 11010000 		.word	.L25+1
  80 005c 11010000 		.word	.L25+1
  81 0060 21010000 		.word	.L24+1
  82 0064 B3000000 		.word	.L23+1
  83 0068 B3000000 		.word	.L23+1
  84 006c A3000000 		.word	.L17+1
  85 0070 21010000 		.word	.L24+1
  86 0074 B3000000 		.word	.L23+1
  87 0078 19010000 		.word	.L22+1
  88 007c A3000000 		.word	.L17+1
  89 0080 A3000000 		.word	.L17+1
  90 0084 A3000000 		.word	.L17+1
  91 0088 2D000000 		.word	.L20+1
  92 008c C1000000 		.word	.L18+1
  93 0090 27000000 		.word	.L19+1
  94              		.p2align 1
  95              	.L11:
  96 0094 0220     		movs	r0, #2
  97 0096 FFF7FEFF 		bl	guidance_h_mode_changed
  98 009a CDE7     		b	.L2
  99              	.L8:
 100 009c 0520     		movs	r0, #5
 101 009e FFF7FEFF 		bl	guidance_h_mode_changed
 102              	.L17:
 103 00a2 0120     		movs	r0, #1
 104 00a4 FFF7FEFF 		bl	guidance_v_mode_changed
 105 00a8 C0E7     		b	.L20
 106              	.L9:
 107 00aa 0420     		movs	r0, #4
 108 00ac FFF7FEFF 		bl	guidance_h_mode_changed
 109 00b0 C2E7     		b	.L2
 110              	.L23:
 111 00b2 0420     		movs	r0, #4
 112 00b4 FFF7FEFF 		bl	guidance_v_mode_changed
 113 00b8 B8E7     		b	.L20
 114              	.L5:
ARM GAS  /tmp/ccdXHic4.s 			page 3


 115 00ba 0920     		movs	r0, #9
 116 00bc FFF7FEFF 		bl	guidance_h_mode_changed
 117              	.L18:
 118 00c0 0720     		movs	r0, #7
 119 00c2 FFF7FEFF 		bl	guidance_v_mode_changed
 120 00c6 B1E7     		b	.L20
 121              	.L13:
 122 00c8 FFF7FEFF 		bl	stabilization_attitude_set_failsafe_setpoint
 123 00cc 0220     		movs	r0, #2
 124 00ce FFF7FEFF 		bl	guidance_h_mode_changed
 125              	.L15:
 126 00d2 0320     		movs	r0, #3
 127 00d4 FFF7FEFF 		bl	guidance_v_mode_changed
 128 00d8 4FF07F50 		mov	r0, #1069547520
 129 00dc FFF7FEFF 		bl	guidance_v_set_vz
 130 00e0 A4E7     		b	.L20
 131              	.L14:
 132 00e2 0020     		movs	r0, #0
 133 00e4 FFF7FEFF 		bl	autopilot_set_in_flight
 134 00e8 0020     		movs	r0, #0
 135 00ea FFF7FEFF 		bl	guidance_h_mode_changed
 136              	.L16:
 137 00ee 0020     		movs	r0, #0
 138 00f0 FFF7FEFF 		bl	autopilot_set_motors_on
 139 00f4 0D4B     		ldr	r3, .L28+4
 140 00f6 0020     		movs	r0, #0
 141 00f8 D860     		str	r0, [r3, #12]
 142 00fa FFF7FEFF 		bl	guidance_v_mode_changed
 143 00fe 95E7     		b	.L20
 144              	.L7:
 145 0100 0620     		movs	r0, #6
 146 0102 FFF7FEFF 		bl	guidance_h_mode_changed
 147 0106 CCE7     		b	.L17
 148              	.L6:
 149 0108 0720     		movs	r0, #7
 150 010a FFF7FEFF 		bl	guidance_h_mode_changed
 151 010e C8E7     		b	.L17
 152              	.L25:
 153 0110 0220     		movs	r0, #2
 154 0112 FFF7FEFF 		bl	guidance_v_mode_changed
 155 0116 89E7     		b	.L20
 156              	.L22:
 157 0118 0520     		movs	r0, #5
 158 011a FFF7FEFF 		bl	guidance_v_mode_changed
 159 011e 85E7     		b	.L20
 160              	.L24:
 161 0120 0320     		movs	r0, #3
 162 0122 FFF7FEFF 		bl	guidance_v_mode_changed
 163 0126 81E7     		b	.L20
 164              	.L29:
 165              		.align	2
 166              	.L28:
 167 0128 00000000 		.word	autopilot
 168 012c 00000000 		.word	stabilization_cmd
 169              		.size	autopilot_static_set_mode.part.0, .-autopilot_static_set_mode.part.0
 170              		.section	.text.autopilot_static_init,"ax",%progbits
 171              		.align	1
ARM GAS  /tmp/ccdXHic4.s 			page 4


 172              		.p2align 4,,15
 173              		.global	autopilot_static_init
 174              		.syntax unified
 175              		.thumb
 176              		.thumb_func
 177              		.fpu fpv4-sp-d16
 178              		.type	autopilot_static_init, %function
 179              	autopilot_static_init:
 180              		@ args = 0, pretend = 0, frame = 0
 181              		@ frame_needed = 0, uses_anonymous_args = 0
 182 0000 10B5     		push	{r4, lr}
 183 0002 074B     		ldr	r3, .L32
 184 0004 0024     		movs	r4, #0
 185 0006 0D20     		movs	r0, #13
 186 0008 1C70     		strb	r4, [r3]
 187 000a FFF7FEFF 		bl	autopilot_static_set_mode.part.0
 188 000e 0549     		ldr	r1, .L32+4
 189 0010 0548     		ldr	r0, .L32+8
 190 0012 064B     		ldr	r3, .L32+12
 191 0014 0C70     		strb	r4, [r1]
 192 0016 0022     		movs	r2, #0
 193 0018 0460     		str	r4, [r0]
 194 001a 1A60     		str	r2, [r3]	@ float
 195 001c 10BD     		pop	{r4, pc}
 196              	.L33:
 197 001e 00BF     		.align	2
 198              	.L32:
 199 0020 00000000 		.word	autopilot
 200 0024 00000000 		.word	.LANCHOR1
 201 0028 00000000 		.word	.LANCHOR0
 202 002c 00000000 		.word	.LANCHOR2
 203              		.size	autopilot_static_init, .-autopilot_static_init
 204              		.section	.text.autopilot_static_periodic,"ax",%progbits
 205              		.align	1
 206              		.p2align 4,,15
 207              		.global	autopilot_static_periodic
 208              		.syntax unified
 209              		.thumb
 210              		.thumb_func
 211              		.fpu fpv4-sp-d16
 212              		.type	autopilot_static_periodic, %function
 213              	autopilot_static_periodic:
 214              		@ args = 0, pretend = 0, frame = 0
 215              		@ frame_needed = 0, uses_anonymous_args = 0
 216 0000 3B4A     		ldr	r2, .L62
 217 0002 38B5     		push	{r3, r4, r5, lr}
 218 0004 1388     		ldrh	r3, [r2]
 219 0006 0133     		adds	r3, r3, #1
 220 0008 9BB2     		uxth	r3, r3
 221 000a 312B     		cmp	r3, #49
 222 000c 52D8     		bhi	.L35
 223 000e 1380     		strh	r3, [r2]	@ movhi
 224              	.L36:
 225 0010 FFF7FEFF 		bl	autopilot_in_flight
 226 0014 374C     		ldr	r4, .L62+4
 227 0016 2378     		ldrb	r3, [r4]	@ zero_extendqisi2
 228 0018 08B1     		cbz	r0, .L38
ARM GAS  /tmp/ccdXHic4.s 			page 5


 229 001a 0D2B     		cmp	r3, #13
 230 001c 4FD0     		beq	.L59
 231              	.L38:
 232 001e 022B     		cmp	r3, #2
 233 0020 2DD0     		beq	.L60
 234              	.L39:
 235 0022 354A     		ldr	r2, .L62+8
 236 0024 1388     		ldrh	r3, [r2]
 237 0026 0133     		adds	r3, r3, #1
 238 0028 9BB2     		uxth	r3, r3
 239 002a 312B     		cmp	r3, #49
 240 002c 16D8     		bhi	.L45
 241 002e 1380     		strh	r3, [r2]	@ movhi
 242              	.L44:
 243 0030 2378     		ldrb	r3, [r4]	@ zero_extendqisi2
 244 0032 012B     		cmp	r3, #1
 245 0034 19D0     		beq	.L61
 246              	.L43:
 247 0036 FFF7FEFF 		bl	autopilot_in_flight
 248 003a 00B9     		cbnz	r0, .L47
 249 003c A081     		strh	r0, [r4, #12]	@ movhi
 250              	.L47:
 251 003e 2378     		ldrb	r3, [r4]	@ zero_extendqisi2
 252 0040 2BBB     		cbnz	r3, .L48
 253 0042 2E4A     		ldr	r2, .L62+12
 254 0044 2E4B     		ldr	r3, .L62+16
 255 0046 5188     		ldrh	r1, [r2, #2]
 256 0048 1088     		ldrh	r0, [r2]
 257 004a 5980     		strh	r1, [r3, #2]	@ movhi
 258 004c 9188     		ldrh	r1, [r2, #4]
 259 004e B2F90620 		ldrsh	r2, [r2, #6]
 260 0052 1880     		strh	r0, [r3]	@ movhi
 261 0054 9980     		strh	r1, [r3, #4]	@ movhi
 262 0056 DA80     		strh	r2, [r3, #6]	@ movhi
 263 0058 A280     		strh	r2, [r4, #4]	@ movhi
 264 005a 38BD     		pop	{r3, r4, r5, pc}
 265              	.L45:
 266 005c 0023     		movs	r3, #0
 267 005e 1380     		strh	r3, [r2]	@ movhi
 268 0060 FFF7FEFF 		bl	nav_periodic_task
 269 0064 2378     		ldrb	r3, [r4]	@ zero_extendqisi2
 270 0066 012B     		cmp	r3, #1
 271 0068 E5D1     		bne	.L43
 272              	.L61:
 273 006a FFF7FEFF 		bl	autopilot_in_flight
 274 006e 0028     		cmp	r0, #0
 275 0070 E1D1     		bne	.L43
 276 0072 2378     		ldrb	r3, [r4]	@ zero_extendqisi2
 277 0074 002B     		cmp	r3, #0
 278 0076 DED0     		beq	.L43
 279 0078 FFF7FEFF 		bl	autopilot_static_set_mode.part.0
 280 007c DBE7     		b	.L43
 281              	.L60:
 282 007e 214A     		ldr	r2, .L62+20
 283 0080 1388     		ldrh	r3, [r2]
 284 0082 0133     		adds	r3, r3, #1
 285 0084 9BB2     		uxth	r3, r3
ARM GAS  /tmp/ccdXHic4.s 			page 6


 286 0086 312B     		cmp	r3, #49
 287 0088 2DD8     		bhi	.L42
 288 008a 1380     		strh	r3, [r2]	@ movhi
 289 008c D3E7     		b	.L43
 290              	.L48:
 291 008e FFF7FEFF 		bl	autopilot_in_flight
 292 0092 1B4D     		ldr	r5, .L62+16
 293 0094 FFF7FEFF 		bl	guidance_v_run
 294 0098 FFF7FEFF 		bl	autopilot_in_flight
 295 009c FFF7FEFF 		bl	guidance_h_run
 296 00a0 627A     		ldrb	r2, [r4, #9]	@ zero_extendqisi2
 297 00a2 E379     		ldrb	r3, [r4, #7]	@ zero_extendqisi2
 298 00a4 1849     		ldr	r1, .L62+24
 299 00a6 2846     		mov	r0, r5
 300 00a8 FFF7FEFF 		bl	set_rotorcraft_commands
 301 00ac B5F90620 		ldrsh	r2, [r5, #6]
 302 00b0 A280     		strh	r2, [r4, #4]	@ movhi
 303 00b2 38BD     		pop	{r3, r4, r5, pc}
 304              	.L35:
 305 00b4 0023     		movs	r3, #0
 306 00b6 1380     		strh	r3, [r2]	@ movhi
 307 00b8 FFF7FEFF 		bl	compute_dist2_to_home
 308 00bc A8E7     		b	.L36
 309              	.L59:
 310 00be 134B     		ldr	r3, .L62+28
 311 00c0 93F87420 		ldrb	r2, [r3, #116]	@ zero_extendqisi2
 312 00c4 002A     		cmp	r2, #0
 313 00c6 ACD0     		beq	.L39
 314 00c8 93ED1C7A 		vldr.32	s14, [r3, #112]
 315 00cc D3ED1E7A 		vldr.32	s15, [r3, #120]
 316 00d0 B4EEE77A 		vcmpe.f32	s14, s15
 317 00d4 F1EE10FA 		vmrs	APSR_nzcv, FPSCR
 318 00d8 CCBF     		ite	gt
 319 00da 0120     		movgt	r0, #1
 320 00dc 0220     		movle	r0, #2
 321 00de FFF7FEFF 		bl	autopilot_static_set_mode.part.0
 322 00e2 2378     		ldrb	r3, [r4]	@ zero_extendqisi2
 323 00e4 9BE7     		b	.L38
 324              	.L42:
 325 00e6 0023     		movs	r3, #0
 326 00e8 1380     		strh	r3, [r2]	@ movhi
 327 00ea FFF7FEFF 		bl	nav_home
 328 00ee 9FE7     		b	.L44
 329              	.L63:
 330              		.align	2
 331              	.L62:
 332 00f0 00000000 		.word	.LANCHOR3
 333 00f4 00000000 		.word	autopilot
 334 00f8 00000000 		.word	.LANCHOR5
 335 00fc 00000000 		.word	commands_failsafe
 336 0100 00000000 		.word	commands
 337 0104 00000000 		.word	.LANCHOR4
 338 0108 00000000 		.word	stabilization_cmd
 339 010c 00000000 		.word	nav
 340              		.size	autopilot_static_periodic, .-autopilot_static_periodic
 341              		.section	.text.autopilot_static_SetModeHandler,"ax",%progbits
 342              		.align	1
ARM GAS  /tmp/ccdXHic4.s 			page 7


 343              		.p2align 4,,15
 344              		.global	autopilot_static_SetModeHandler
 345              		.syntax unified
 346              		.thumb
 347              		.thumb_func
 348              		.fpu fpv4-sp-d16
 349              		.type	autopilot_static_SetModeHandler, %function
 350              	autopilot_static_SetModeHandler:
 351              		@ args = 0, pretend = 0, frame = 8
 352              		@ frame_needed = 0, uses_anonymous_args = 0
 353              		@ link register save eliminated.
 354 0000 07EE900A 		vmov	s15, r0
 355 0004 F5EE407A 		vcmp.f32	s15, #0
 356 0008 F1EE10FA 		vmrs	APSR_nzcv, FPSCR
 357 000c 82B0     		sub	sp, sp, #8
 358 000e 06D0     		beq	.L68
 359 0010 B7EE007A 		vmov.f32	s14, #1.0e+0
 360 0014 F4EE477A 		vcmp.f32	s15, s14
 361 0018 F1EE10FA 		vmrs	APSR_nzcv, FPSCR
 362 001c 0CD1     		bne	.L75
 363              	.L68:
 364 001e FCEEE77A 		vcvt.u32.f32	s15, s15
 365 0022 194B     		ldr	r3, .L76
 366 0024 CDED017A 		vstr.32	s15, [sp, #4]	@ int
 367 0028 1B78     		ldrb	r3, [r3]	@ zero_extendqisi2
 368 002a 9DF80400 		ldrb	r0, [sp, #4]	@ zero_extendqisi2
 369 002e 8342     		cmp	r3, r0
 370 0030 28D0     		beq	.L64
 371 0032 02B0     		add	sp, sp, #8
 372              		@ sp needed
 373 0034 FFF7FEBF 		b	autopilot_static_set_mode.part.0
 374              	.L75:
 375 0038 B0EE007A 		vmov.f32	s14, #2.0e+0
 376 003c F4EE477A 		vcmp.f32	s15, s14
 377 0040 F1EE10FA 		vmrs	APSR_nzcv, FPSCR
 378 0044 EBD0     		beq	.L68
 379 0046 114B     		ldr	r3, .L76+4
 380 0048 1B78     		ldrb	r3, [r3]	@ zero_extendqisi2
 381 004a DBB1     		cbz	r3, .L64
 382 004c B2EE0A7A 		vmov.f32	s14, #1.3e+1
 383 0050 F4EE477A 		vcmp.f32	s15, s14
 384 0054 F1EE10FA 		vmrs	APSR_nzcv, FPSCR
 385 0058 E1D0     		beq	.L68
 386 005a B3EE037A 		vmov.f32	s14, #1.9e+1
 387 005e F4EE477A 		vcmp.f32	s15, s14
 388 0062 F1EE10FA 		vmrs	APSR_nzcv, FPSCR
 389 0066 DAD0     		beq	.L68
 390 0068 B3EE027A 		vmov.f32	s14, #1.8e+1
 391 006c F4EE477A 		vcmp.f32	s15, s14
 392 0070 F1EE10FA 		vmrs	APSR_nzcv, FPSCR
 393 0074 D3D0     		beq	.L68
 394 0076 B3EE017A 		vmov.f32	s14, #1.7e+1
 395 007a F4EE477A 		vcmp.f32	s15, s14
 396 007e F1EE10FA 		vmrs	APSR_nzcv, FPSCR
 397 0082 CCD0     		beq	.L68
 398              	.L64:
 399 0084 02B0     		add	sp, sp, #8
ARM GAS  /tmp/ccdXHic4.s 			page 8


 400              		@ sp needed
 401 0086 7047     		bx	lr
 402              	.L77:
 403              		.align	2
 404              	.L76:
 405 0088 00000000 		.word	autopilot
 406 008c 00000000 		.word	radio_control
 407              		.size	autopilot_static_SetModeHandler, .-autopilot_static_SetModeHandler
 408              		.section	.text.autopilot_static_set_mode,"ax",%progbits
 409              		.align	1
 410              		.p2align 4,,15
 411              		.global	autopilot_static_set_mode
 412              		.syntax unified
 413              		.thumb
 414              		.thumb_func
 415              		.fpu fpv4-sp-d16
 416              		.type	autopilot_static_set_mode, %function
 417              	autopilot_static_set_mode:
 418              		@ args = 0, pretend = 0, frame = 0
 419              		@ frame_needed = 0, uses_anonymous_args = 0
 420              		@ link register save eliminated.
 421 0000 034B     		ldr	r3, .L80
 422 0002 1B78     		ldrb	r3, [r3]	@ zero_extendqisi2
 423 0004 8342     		cmp	r3, r0
 424 0006 01D0     		beq	.L78
 425 0008 FFF7FEBF 		b	autopilot_static_set_mode.part.0
 426              	.L78:
 427 000c 7047     		bx	lr
 428              	.L81:
 429 000e 00BF     		.align	2
 430              	.L80:
 431 0010 00000000 		.word	autopilot
 432              		.size	autopilot_static_set_mode, .-autopilot_static_set_mode
 433              		.section	.text.autopilot_static_set_motors_on,"ax",%progbits
 434              		.align	1
 435              		.p2align 4,,15
 436              		.global	autopilot_static_set_motors_on
 437              		.syntax unified
 438              		.thumb
 439              		.thumb_func
 440              		.fpu fpv4-sp-d16
 441              		.type	autopilot_static_set_motors_on, %function
 442              	autopilot_static_set_motors_on:
 443              		@ args = 0, pretend = 0, frame = 0
 444              		@ frame_needed = 0, uses_anonymous_args = 0
 445              		@ link register save eliminated.
 446 0000 094B     		ldr	r3, .L87
 447 0002 1A78     		ldrb	r2, [r3]	@ zero_extendqisi2
 448 0004 32B1     		cbz	r2, .L83
 449 0006 50B1     		cbz	r0, .L86
 450 0008 0122     		movs	r2, #1
 451 000a DA71     		strb	r2, [r3, #7]
 452 000c 074B     		ldr	r3, .L87+4
 453 000e 0722     		movs	r2, #7
 454 0010 1A70     		strb	r2, [r3]
 455 0012 7047     		bx	lr
 456              	.L83:
ARM GAS  /tmp/ccdXHic4.s 			page 9


 457 0014 DA71     		strb	r2, [r3, #7]
 458 0016 054B     		ldr	r3, .L87+4
 459 0018 0222     		movs	r2, #2
 460 001a 1A70     		strb	r2, [r3]
 461 001c 7047     		bx	lr
 462              	.L86:
 463 001e D871     		strb	r0, [r3, #7]
 464 0020 024B     		ldr	r3, .L87+4
 465 0022 0222     		movs	r2, #2
 466 0024 1A70     		strb	r2, [r3]
 467 0026 7047     		bx	lr
 468              	.L88:
 469              		.align	2
 470              	.L87:
 471 0028 00000000 		.word	autopilot
 472 002c 00000000 		.word	.LANCHOR1
 473              		.size	autopilot_static_set_motors_on, .-autopilot_static_set_motors_on
 474              		.section	.text.autopilot_static_on_rc_frame,"ax",%progbits
 475              		.align	1
 476              		.p2align 4,,15
 477              		.global	autopilot_static_on_rc_frame
 478              		.syntax unified
 479              		.thumb
 480              		.thumb_func
 481              		.fpu fpv4-sp-d16
 482              		.type	autopilot_static_on_rc_frame, %function
 483              	autopilot_static_on_rc_frame:
 484              		@ args = 0, pretend = 0, frame = 0
 485              		@ frame_needed = 0, uses_anonymous_args = 0
 486 0000 38B5     		push	{r3, r4, r5, lr}
 487 0002 FFF7FEFF 		bl	ap_mode_of_3way_switch
 488 0006 0D28     		cmp	r0, #13
 489 0008 0546     		mov	r5, r0
 490 000a 36D0     		beq	.L160
 491 000c 0428     		cmp	r0, #4
 492 000e 27D0     		beq	.L161
 493              	.L91:
 494 0010 AD4C     		ldr	r4, .L163
 495 0012 2378     		ldrb	r3, [r4]	@ zero_extendqisi2
 496 0014 5A1E     		subs	r2, r3, #1
 497 0016 012A     		cmp	r2, #1
 498 0018 04D9     		bls	.L92
 499 001a AB42     		cmp	r3, r5
 500 001c 02D0     		beq	.L92
 501 001e 2846     		mov	r0, r5
 502              	.L147:
 503 0020 FFF7FEFF 		bl	autopilot_static_set_mode.part.0
 504              	.L92:
 505 0024 FFF7FEFF 		bl	autopilot_get_mode
 506 0028 78B1     		cbz	r0, .L94
 507 002a A84D     		ldr	r5, .L163+4
 508 002c 2B78     		ldrb	r3, [r5]	@ zero_extendqisi2
 509 002e 092B     		cmp	r3, #9
 510 0030 29D8     		bhi	.L132
 511 0032 DFE813F0 		tbh	[pc, r3, lsl #1]
 512              	.L97:
 513 0036 2C00     		.2byte	(.L106-.L97)/2
ARM GAS  /tmp/ccdXHic4.s 			page 10


 514 0038 D400     		.2byte	(.L105-.L97)/2
 515 003a AD00     		.2byte	(.L104-.L97)/2
 516 003c A200     		.2byte	(.L103-.L97)/2
 517 003e 8E00     		.2byte	(.L102-.L97)/2
 518 0040 1401     		.2byte	(.L101-.L97)/2
 519 0042 F800     		.2byte	(.L100-.L97)/2
 520 0044 7100     		.2byte	(.L99-.L97)/2
 521 0046 6100     		.2byte	(.L98-.L97)/2
 522 0048 4F00     		.2byte	(.L96-.L97)/2
 523              		.p2align 1
 524              	.L94:
 525 004a E279     		ldrb	r2, [r4, #7]	@ zero_extendqisi2
 526 004c 0523     		movs	r3, #5
 527 004e A371     		strb	r3, [r4, #6]
 528 0050 82F00102 		eor	r2, r2, #1
 529              	.L107:
 530 0054 2378     		ldrb	r3, [r4]	@ zero_extendqisi2
 531 0056 2272     		strb	r2, [r4, #8]
 532 0058 013B     		subs	r3, r3, #1
 533 005a 012B     		cmp	r3, #1
 534 005c 05D8     		bhi	.L162
 535 005e 38BD     		pop	{r3, r4, r5, pc}
 536              	.L161:
 537 0060 994C     		ldr	r4, .L163
 538 0062 2378     		ldrb	r3, [r4]	@ zero_extendqisi2
 539 0064 042B     		cmp	r3, #4
 540 0066 DBD1     		bne	.L147
 541 0068 DCE7     		b	.L92
 542              	.L162:
 543 006a FFF7FEFF 		bl	guidance_v_read_rc
 544 006e FFF7FEFF 		bl	autopilot_in_flight
 545 0072 BDE83840 		pop	{r3, r4, r5, lr}
 546 0076 FFF7FEBF 		b	guidance_h_read_rc
 547              	.L160:
 548 007a FFF7FEFF 		bl	gps_fix_valid
 549 007e 0028     		cmp	r0, #0
 550 0080 C6D1     		bne	.L91
 551 0082 914C     		ldr	r4, .L163
 552 0084 CEE7     		b	.L92
 553              	.L132:
 554 0086 E279     		ldrb	r2, [r4, #7]	@ zero_extendqisi2
 555 0088 82F00102 		eor	r2, r2, #1
 556 008c E2E7     		b	.L107
 557              	.L106:
 558 008e 904A     		ldr	r2, .L163+8
 559 0090 B2F90C30 		ldrsh	r3, [r2, #12]
 560 0094 B3F5F07F 		cmp	r3, #480
 561 0098 28DA     		bge	.L148
 562              	.L136:
 563 009a 1389     		ldrh	r3, [r2, #8]
 564 009c 03F2DF13 		addw	r3, r3, #479
 565 00a0 40F2BE31 		movw	r1, #958
 566 00a4 9BB2     		uxth	r3, r3
 567 00a6 8B42     		cmp	r3, r1
 568 00a8 00F2ED80 		bhi	.L151
 569 00ac D388     		ldrh	r3, [r2, #6]
 570 00ae 03F2DF13 		addw	r3, r3, #479
ARM GAS  /tmp/ccdXHic4.s 			page 11


 571 00b2 9BB2     		uxth	r3, r3
 572 00b4 8B42     		cmp	r3, r1
 573 00b6 00F20181 		bhi	.L152
 574 00ba 5389     		ldrh	r3, [r2, #10]
 575 00bc E279     		ldrb	r2, [r4, #7]	@ zero_extendqisi2
 576 00be 03F2DF13 		addw	r3, r3, #479
 577 00c2 9BB2     		uxth	r3, r3
 578 00c4 8B42     		cmp	r3, r1
 579 00c6 40F2D980 		bls	.L154
 580              	.L139:
 581 00ca 0E23     		movs	r3, #14
 582 00cc A371     		strb	r3, [r4, #6]
 583 00ce 82F00102 		eor	r2, r2, #1
 584 00d2 BFE7     		b	.L107
 585              	.L96:
 586 00d4 0020     		movs	r0, #0
 587 00d6 FFF7FEFF 		bl	autopilot_arming_motors_on
 588 00da 7E4B     		ldr	r3, .L163+12
 589 00dc 7C4A     		ldr	r2, .L163+8
 590 00de 0021     		movs	r1, #0
 591 00e0 1960     		str	r1, [r3]
 592 00e2 B2F90C30 		ldrsh	r3, [r2, #12]
 593 00e6 B3F5F07F 		cmp	r3, #480
 594 00ea D6DB     		blt	.L136
 595              	.L148:
 596 00ec E279     		ldrb	r2, [r4, #7]	@ zero_extendqisi2
 597 00ee 0A23     		movs	r3, #10
 598 00f0 A371     		strb	r3, [r4, #6]
 599 00f2 82F00102 		eor	r2, r2, #1
 600 00f6 ADE7     		b	.L107
 601              	.L98:
 602 00f8 0120     		movs	r0, #1
 603 00fa FFF7FEFF 		bl	autopilot_arming_motors_on
 604 00fe 754A     		ldr	r2, .L163+12
 605 0100 1368     		ldr	r3, [r2]
 606 0102 013B     		subs	r3, r3, #1
 607 0104 1360     		str	r3, [r2]
 608 0106 002B     		cmp	r3, #0
 609 0108 40F0C380 		bne	.L133
 610 010c E279     		ldrb	r2, [r4, #7]	@ zero_extendqisi2
 611 010e 0923     		movs	r3, #9
 612 0110 2B70     		strb	r3, [r5]
 613 0112 82F00102 		eor	r2, r2, #1
 614 0116 9DE7     		b	.L107
 615              	.L99:
 616 0118 0323     		movs	r3, #3
 617 011a 0120     		movs	r0, #1
 618 011c A371     		strb	r3, [r4, #6]
 619 011e FFF7FEFF 		bl	autopilot_arming_motors_on
 620 0122 6C4A     		ldr	r2, .L163+12
 621 0124 6A4B     		ldr	r3, .L163+8
 622 0126 2821     		movs	r1, #40
 623 0128 1160     		str	r1, [r2]
 624 012a B3F90C20 		ldrsh	r2, [r3, #12]
 625 012e B2F5F07F 		cmp	r2, #480
 626 0132 A8DA     		bge	.L132
 627 0134 5B89     		ldrh	r3, [r3, #10]
ARM GAS  /tmp/ccdXHic4.s 			page 12


 628 0136 03F50E53 		add	r3, r3, #9088
 629 013a 2033     		adds	r3, r3, #32
 630 013c 44F24072 		movw	r2, #18240
 631 0140 9BB2     		uxth	r3, r3
 632 0142 9342     		cmp	r3, r2
 633 0144 9FD9     		bls	.L132
 634 0146 E279     		ldrb	r2, [r4, #7]	@ zero_extendqisi2
 635 0148 0823     		movs	r3, #8
 636 014a 2B70     		strb	r3, [r5]
 637 014c 82F00102 		eor	r2, r2, #1
 638 0150 80E7     		b	.L107
 639              	.L102:
 640 0152 0020     		movs	r0, #0
 641 0154 FFF7FEFF 		bl	autopilot_arming_motors_on
 642 0158 5E4B     		ldr	r3, .L163+12
 643 015a 5D4A     		ldr	r2, .L163+8
 644 015c 0021     		movs	r1, #0
 645 015e 1960     		str	r1, [r3]
 646 0160 B2F90C30 		ldrsh	r3, [r2, #12]
 647 0164 0121     		movs	r1, #1
 648 0166 B3F5F07F 		cmp	r3, #480
 649 016a A171     		strb	r1, [r4, #6]
 650 016c C0F2B880 		blt	.L119
 651 0170 E279     		ldrb	r2, [r4, #7]	@ zero_extendqisi2
 652 0172 0A23     		movs	r3, #10
 653 0174 A371     		strb	r3, [r4, #6]
 654 0176 4A40     		eors	r2, r2, r1
 655 0178 6CE7     		b	.L107
 656              	.L103:
 657 017a 564A     		ldr	r2, .L163+12
 658 017c 1368     		ldr	r3, [r2]
 659 017e 0133     		adds	r3, r3, #1
 660 0180 272B     		cmp	r3, #39
 661 0182 1360     		str	r3, [r2]
 662 0184 E279     		ldrb	r2, [r4, #7]	@ zero_extendqisi2
 663 0186 79D8     		bhi	.L154
 664              	.L150:
 665 0188 0123     		movs	r3, #1
 666 018a A371     		strb	r3, [r4, #6]
 667 018c 5A40     		eors	r2, r2, r3
 668 018e 61E7     		b	.L107
 669              	.L104:
 670 0190 0020     		movs	r0, #0
 671 0192 FFF7FEFF 		bl	autopilot_arming_motors_on
 672 0196 4F4B     		ldr	r3, .L163+12
 673 0198 4D4A     		ldr	r2, .L163+8
 674 019a 0021     		movs	r1, #0
 675 019c 1960     		str	r1, [r3]
 676 019e B2F90C30 		ldrsh	r3, [r2, #12]
 677 01a2 B3F5F07F 		cmp	r3, #480
 678 01a6 A1DA     		bge	.L148
 679 01a8 1389     		ldrh	r3, [r2, #8]
 680 01aa 03F2DF13 		addw	r3, r3, #479
 681 01ae 40F2BE31 		movw	r1, #958
 682 01b2 9BB2     		uxth	r3, r3
 683 01b4 8B42     		cmp	r3, r1
 684 01b6 66D8     		bhi	.L151
ARM GAS  /tmp/ccdXHic4.s 			page 13


 685 01b8 D388     		ldrh	r3, [r2, #6]
 686 01ba 03F2DF13 		addw	r3, r3, #479
 687 01be 9BB2     		uxth	r3, r3
 688 01c0 8B42     		cmp	r3, r1
 689 01c2 7BD8     		bhi	.L152
 690 01c4 5389     		ldrh	r3, [r2, #10]
 691 01c6 E279     		ldrb	r2, [r4, #7]	@ zero_extendqisi2
 692 01c8 03F2DF13 		addw	r3, r3, #479
 693 01cc 9BB2     		uxth	r3, r3
 694 01ce 8B42     		cmp	r3, r1
 695 01d0 3FF67BAF 		bhi	.L139
 696 01d4 0323     		movs	r3, #3
 697 01d6 2B70     		strb	r3, [r5]
 698 01d8 82F00102 		eor	r2, r2, #1
 699 01dc 3AE7     		b	.L107
 700              	.L105:
 701 01de 3E4B     		ldr	r3, .L163+16
 702 01e0 93ED007A 		vldr.32	s14, [r3]	@ int
 703 01e4 D3ED566A 		vldr.32	s13, [r3, #344]	@ int
 704 01e8 93ED016A 		vldr.32	s12, [r3, #4]	@ int
 705 01ec 3B4B     		ldr	r3, .L163+20
 706 01ee F8EE666A 		vcvt.f32.u32	s13, s13
 707 01f2 B8EE466A 		vcvt.f32.u32	s12, s12
 708 01f6 B8EE477A 		vcvt.f32.u32	s14, s14
 709 01fa C6EE267A 		vdiv.f32	s15, s12, s13
 710 01fe D3ED006A 		vldr.32	s13, [r3]
 711 0202 77EE877A 		vadd.f32	s15, s15, s14
 712 0206 F2EE045A 		vmov.f32	s11, #1.0e+1
 713 020a 77EEE67A 		vsub.f32	s15, s15, s13
 714 020e F4EEE57A 		vcmpe.f32	s15, s11
 715 0212 F1EE10FA 		vmrs	APSR_nzcv, FPSCR
 716 0216 40F18180 		bpl	.L145
 717 021a 0722     		movs	r2, #7
 718 021c 0123     		movs	r3, #1
 719 021e 2A70     		strb	r2, [r5]
 720 0220 E371     		strb	r3, [r4, #7]
 721 0222 0022     		movs	r2, #0
 722 0224 16E7     		b	.L107
 723              	.L100:
 724 0226 0120     		movs	r0, #1
 725 0228 FFF7FEFF 		bl	autopilot_arming_motors_on
 726 022c 294B     		ldr	r3, .L163+12
 727 022e 2822     		movs	r2, #40
 728 0230 0020     		movs	r0, #0
 729 0232 1A60     		str	r2, [r3]
 730 0234 FFF7FEFF 		bl	autopilot_set_in_flight
 731 0238 254B     		ldr	r3, .L163+8
 732 023a 5B89     		ldrh	r3, [r3, #10]
 733 023c 03F2DF13 		addw	r3, r3, #479
 734 0240 40F2BE32 		movw	r2, #958
 735 0244 9BB2     		uxth	r3, r3
 736 0246 9342     		cmp	r3, r2
 737 0248 3FF61DAF 		bhi	.L132
 738 024c FFF7FEFF 		bl	autopilot_get_motors_on
 739 0250 E279     		ldrb	r2, [r4, #7]	@ zero_extendqisi2
 740 0252 98B1     		cbz	r0, .L154
 741              	.L156:
ARM GAS  /tmp/ccdXHic4.s 			page 14


 742 0254 0723     		movs	r3, #7
 743 0256 2B70     		strb	r3, [r5]
 744 0258 82F00102 		eor	r2, r2, #1
 745 025c FAE6     		b	.L107
 746              	.L101:
 747 025e 0020     		movs	r0, #0
 748 0260 FFF7FEFF 		bl	autopilot_arming_motors_on
 749 0264 1B4A     		ldr	r2, .L163+12
 750 0266 1368     		ldr	r3, [r2]
 751 0268 0133     		adds	r3, r3, #1
 752 026a 272B     		cmp	r3, #39
 753 026c 1360     		str	r3, [r2]
 754 026e 5ED9     		bls	.L123
 755 0270 E279     		ldrb	r2, [r4, #7]	@ zero_extendqisi2
 756 0272 0623     		movs	r3, #6
 757 0274 2B70     		strb	r3, [r5]
 758 0276 82F00102 		eor	r2, r2, #1
 759 027a EBE6     		b	.L107
 760              	.L154:
 761 027c 0423     		movs	r3, #4
 762 027e 2B70     		strb	r3, [r5]
 763 0280 82F00102 		eor	r2, r2, #1
 764 0284 E6E6     		b	.L107
 765              	.L151:
 766 0286 E279     		ldrb	r2, [r4, #7]	@ zero_extendqisi2
 767 0288 0C23     		movs	r3, #12
 768 028a A371     		strb	r3, [r4, #6]
 769 028c 82F00102 		eor	r2, r2, #1
 770 0290 E0E6     		b	.L107
 771              	.L133:
 772 0292 0F4B     		ldr	r3, .L163+8
 773 0294 B3F90C20 		ldrsh	r2, [r3, #12]
 774 0298 B2F5F07F 		cmp	r2, #480
 775 029c 3CDA     		bge	.L134
 776 029e 5B89     		ldrh	r3, [r3, #10]
 777 02a0 03F50E53 		add	r3, r3, #9088
 778 02a4 2033     		adds	r3, r3, #32
 779 02a6 44F24072 		movw	r2, #18240
 780 02aa 9BB2     		uxth	r3, r3
 781 02ac 9342     		cmp	r3, r2
 782 02ae 33D9     		bls	.L134
 783 02b0 E279     		ldrb	r2, [r4, #7]	@ zero_extendqisi2
 784 02b2 0423     		movs	r3, #4
 785 02b4 A371     		strb	r3, [r4, #6]
 786 02b6 82F00102 		eor	r2, r2, #1
 787 02ba CBE6     		b	.L107
 788              	.L152:
 789 02bc E279     		ldrb	r2, [r4, #7]	@ zero_extendqisi2
 790 02be 0D23     		movs	r3, #13
 791 02c0 A371     		strb	r3, [r4, #6]
 792 02c2 82F00102 		eor	r2, r2, #1
 793 02c6 C5E6     		b	.L107
 794              	.L164:
 795              		.align	2
 796              	.L163:
 797 02c8 00000000 		.word	autopilot
 798 02cc 00000000 		.word	.LANCHOR1
ARM GAS  /tmp/ccdXHic4.s 			page 15


 799 02d0 00000000 		.word	radio_control
 800 02d4 00000000 		.word	.LANCHOR0
 801 02d8 00000000 		.word	sys_time
 802 02dc 00000000 		.word	.LANCHOR2
 803              	.L119:
 804 02e0 1389     		ldrh	r3, [r2, #8]
 805 02e2 03F2DF13 		addw	r3, r3, #479
 806 02e6 40F2BE31 		movw	r1, #958
 807 02ea 9BB2     		uxth	r3, r3
 808 02ec 8B42     		cmp	r3, r1
 809 02ee CAD8     		bhi	.L151
 810 02f0 D388     		ldrh	r3, [r2, #6]
 811 02f2 03F2DF13 		addw	r3, r3, #479
 812 02f6 9BB2     		uxth	r3, r3
 813 02f8 8B42     		cmp	r3, r1
 814 02fa DFD8     		bhi	.L152
 815 02fc 5389     		ldrh	r3, [r2, #10]
 816 02fe E279     		ldrb	r2, [r4, #7]	@ zero_extendqisi2
 817 0300 03F2DF13 		addw	r3, r3, #479
 818 0304 9BB2     		uxth	r3, r3
 819 0306 8B42     		cmp	r3, r1
 820 0308 95BF     		itete	ls
 821 030a 0623     		movls	r3, #6
 822 030c 0523     		movhi	r3, #5
 823 030e A371     		strbls	r3, [r4, #6]
 824 0310 2B70     		strbhi	r3, [r5]
 825 0312 82F00102 		eor	r2, r2, #1
 826 0316 9DE6     		b	.L107
 827              	.L134:
 828 0318 E279     		ldrb	r2, [r4, #7]	@ zero_extendqisi2
 829 031a 9BE7     		b	.L156
 830              	.L145:
 831 031c 0223     		movs	r3, #2
 832 031e 0020     		movs	r0, #0
 833 0320 2B70     		strb	r3, [r5]
 834 0322 FFF7FEFF 		bl	autopilot_arming_motors_on
 835 0326 E279     		ldrb	r2, [r4, #7]	@ zero_extendqisi2
 836 0328 82F00102 		eor	r2, r2, #1
 837 032c 92E6     		b	.L107
 838              	.L123:
 839 032e 164A     		ldr	r2, .L165
 840 0330 B2F90C30 		ldrsh	r3, [r2, #12]
 841 0334 B3F5F07F 		cmp	r3, #480
 842 0338 07DB     		blt	.L124
 843 033a 0A23     		movs	r3, #10
 844 033c A371     		strb	r3, [r4, #6]
 845              	.L125:
 846 033e E279     		ldrb	r2, [r4, #7]	@ zero_extendqisi2
 847 0340 0423     		movs	r3, #4
 848 0342 2B70     		strb	r3, [r5]
 849 0344 82F00102 		eor	r2, r2, #1
 850 0348 84E6     		b	.L107
 851              	.L124:
 852 034a 1389     		ldrh	r3, [r2, #8]
 853 034c 03F2DF13 		addw	r3, r3, #479
 854 0350 40F2BE31 		movw	r1, #958
 855 0354 9BB2     		uxth	r3, r3
ARM GAS  /tmp/ccdXHic4.s 			page 16


 856 0356 8B42     		cmp	r3, r1
 857 0358 02D9     		bls	.L126
 858 035a 0C23     		movs	r3, #12
 859 035c A371     		strb	r3, [r4, #6]
 860 035e EEE7     		b	.L125
 861              	.L126:
 862 0360 D388     		ldrh	r3, [r2, #6]
 863 0362 03F2DF13 		addw	r3, r3, #479
 864 0366 9BB2     		uxth	r3, r3
 865 0368 8B42     		cmp	r3, r1
 866 036a 02D9     		bls	.L127
 867 036c 0D23     		movs	r3, #13
 868 036e A371     		strb	r3, [r4, #6]
 869 0370 E5E7     		b	.L125
 870              	.L127:
 871 0372 5389     		ldrh	r3, [r2, #10]
 872 0374 03F2DF13 		addw	r3, r3, #479
 873 0378 9BB2     		uxth	r3, r3
 874 037a 8B42     		cmp	r3, r1
 875 037c 02D8     		bhi	.L128
 876 037e 0623     		movs	r3, #6
 877 0380 A371     		strb	r3, [r4, #6]
 878 0382 DCE7     		b	.L125
 879              	.L128:
 880 0384 E279     		ldrb	r2, [r4, #7]	@ zero_extendqisi2
 881 0386 FFE6     		b	.L150
 882              	.L166:
 883              		.align	2
 884              	.L165:
 885 0388 00000000 		.word	radio_control
 886              		.size	autopilot_static_on_rc_frame, .-autopilot_static_on_rc_frame
 887              		.section	.text.autopilot_failsafe_checks,"ax",%progbits
 888              		.align	1
 889              		.p2align 4,,15
 890              		.global	autopilot_failsafe_checks
 891              		.syntax unified
 892              		.thumb
 893              		.thumb_func
 894              		.fpu fpv4-sp-d16
 895              		.type	autopilot_failsafe_checks, %function
 896              	autopilot_failsafe_checks:
 897              		@ args = 0, pretend = 0, frame = 0
 898              		@ frame_needed = 0, uses_anonymous_args = 0
 899 0000 08B5     		push	{r3, lr}
 900 0002 234B     		ldr	r3, .L208
 901 0004 1B78     		ldrb	r3, [r3]	@ zero_extendqisi2
 902 0006 022B     		cmp	r3, #2
 903 0008 21D0     		beq	.L205
 904              	.L169:
 905 000a FFF7FEFF 		bl	autopilot_get_mode
 906 000e 0D28     		cmp	r0, #13
 907 0010 11D0     		beq	.L206
 908              	.L172:
 909 0012 FFF7FEFF 		bl	autopilot_get_mode
 910 0016 0228     		cmp	r0, #2
 911 0018 00D0     		beq	.L207
 912              	.L167:
ARM GAS  /tmp/ccdXHic4.s 			page 17


 913 001a 08BD     		pop	{r3, pc}
 914              	.L207:
 915 001c FFF7FEFF 		bl	autopilot_get_motors_on
 916 0020 0028     		cmp	r0, #0
 917 0022 FAD0     		beq	.L167
 918 0024 FFF7FEFF 		bl	gps_fix_valid
 919 0028 0028     		cmp	r0, #0
 920 002a F6D1     		bne	.L167
 921 002c BDE80840 		pop	{r3, lr}
 922 0030 0120     		movs	r0, #1
 923 0032 FFF7FEBF 		b	autopilot_set_mode
 924              	.L206:
 925 0036 FFF7FEFF 		bl	autopilot_get_motors_on
 926 003a 0028     		cmp	r0, #0
 927 003c E9D0     		beq	.L172
 928 003e FFF7FEFF 		bl	gps_fix_valid
 929 0042 0028     		cmp	r0, #0
 930 0044 E5D1     		bne	.L172
 931 0046 0120     		movs	r0, #1
 932 0048 FFF7FEFF 		bl	autopilot_set_mode
 933 004c E1E7     		b	.L172
 934              	.L205:
 935 004e FFF7FEFF 		bl	autopilot_get_mode
 936 0052 0028     		cmp	r0, #0
 937 0054 D9D0     		beq	.L169
 938 0056 FFF7FEFF 		bl	autopilot_get_mode
 939 005a 0228     		cmp	r0, #2
 940 005c D5D0     		beq	.L169
 941 005e FFF7FEFF 		bl	autopilot_get_mode
 942 0062 0128     		cmp	r0, #1
 943 0064 D1D0     		beq	.L169
 944 0066 FFF7FEFF 		bl	autopilot_get_mode
 945 006a 0D28     		cmp	r0, #13
 946 006c CDD0     		beq	.L169
 947 006e FFF7FEFF 		bl	autopilot_get_mode
 948 0072 1128     		cmp	r0, #17
 949 0074 C9D0     		beq	.L169
 950 0076 FFF7FEFF 		bl	autopilot_get_mode
 951 007a 1228     		cmp	r0, #18
 952 007c C5D0     		beq	.L169
 953 007e FFF7FEFF 		bl	autopilot_get_mode
 954 0082 1328     		cmp	r0, #19
 955 0084 C1D0     		beq	.L169
 956 0086 0120     		movs	r0, #1
 957 0088 FFF7FEFF 		bl	autopilot_set_mode
 958 008c BDE7     		b	.L169
 959              	.L209:
 960 008e 00BF     		.align	2
 961              	.L208:
 962 0090 00000000 		.word	radio_control
 963              		.size	autopilot_failsafe_checks, .-autopilot_failsafe_checks
 964              		.global	motor_kill_time
 965              		.global	autopilot_check_motor_status
 966              		.global	autopilot_motors_on_counter
 967              		.section	.bss.autopilot_check_motor_status,"aw",%nobits
 968              		.set	.LANCHOR1,. + 0
 969              		.type	autopilot_check_motor_status, %object
ARM GAS  /tmp/ccdXHic4.s 			page 18


 970              		.size	autopilot_check_motor_status, 1
 971              	autopilot_check_motor_status:
 972 0000 00       		.space	1
 973              		.section	.bss.autopilot_motors_on_counter,"aw",%nobits
 974              		.align	2
 975              		.set	.LANCHOR0,. + 0
 976              		.type	autopilot_motors_on_counter, %object
 977              		.size	autopilot_motors_on_counter, 4
 978              	autopilot_motors_on_counter:
 979 0000 00000000 		.space	4
 980              		.section	.bss.motor_kill_time,"aw",%nobits
 981              		.align	2
 982              		.set	.LANCHOR2,. + 0
 983              		.type	motor_kill_time, %object
 984              		.size	motor_kill_time, 4
 985              	motor_kill_time:
 986 0000 00000000 		.space	4
 987              		.section	.bss.prescaler.0,"aw",%nobits
 988              		.align	1
 989              		.set	.LANCHOR5,. + 0
 990              		.type	prescaler.0, %object
 991              		.size	prescaler.0, 2
 992              	prescaler.0:
 993 0000 0000     		.space	2
 994              		.section	.bss.prescaler.1,"aw",%nobits
 995              		.align	1
 996              		.set	.LANCHOR4,. + 0
 997              		.type	prescaler.1, %object
 998              		.size	prescaler.1, 2
 999              	prescaler.1:
 1000 0000 0000     		.space	2
 1001              		.section	.bss.prescaler.2,"aw",%nobits
 1002              		.align	1
 1003              		.set	.LANCHOR3,. + 0
 1004              		.type	prescaler.2, %object
 1005              		.size	prescaler.2, 2
 1006              	prescaler.2:
 1007 0000 0000     		.space	2
 1008              		.ident	"GCC: (15:10.3-2021.07-4) 10.3.1 20210621 (release)"
ARM GAS  /tmp/ccdXHic4.s 			page 19


DEFINED SYMBOLS
                            *ABS*:0000000000000000 autopilot_static.c
     /tmp/ccdXHic4.s:15     .text.autopilot_static_set_mode.part.0:0000000000000000 $t
     /tmp/ccdXHic4.s:23     .text.autopilot_static_set_mode.part.0:0000000000000000 autopilot_static_set_mode.part.0
     /tmp/ccdXHic4.s:32     .text.autopilot_static_set_mode.part.0:000000000000000c $d
     /tmp/ccdXHic4.s:52     .text.autopilot_static_set_mode.part.0:0000000000000020 $t
     /tmp/ccdXHic4.s:74     .text.autopilot_static_set_mode.part.0:0000000000000044 $d
     /tmp/ccdXHic4.s:94     .text.autopilot_static_set_mode.part.0:0000000000000094 $t
     /tmp/ccdXHic4.s:167    .text.autopilot_static_set_mode.part.0:0000000000000128 $d
     /tmp/ccdXHic4.s:171    .text.autopilot_static_init:0000000000000000 $t
     /tmp/ccdXHic4.s:179    .text.autopilot_static_init:0000000000000000 autopilot_static_init
     /tmp/ccdXHic4.s:199    .text.autopilot_static_init:0000000000000020 $d
     /tmp/ccdXHic4.s:205    .text.autopilot_static_periodic:0000000000000000 $t
     /tmp/ccdXHic4.s:213    .text.autopilot_static_periodic:0000000000000000 autopilot_static_periodic
     /tmp/ccdXHic4.s:332    .text.autopilot_static_periodic:00000000000000f0 $d
     /tmp/ccdXHic4.s:342    .text.autopilot_static_SetModeHandler:0000000000000000 $t
     /tmp/ccdXHic4.s:350    .text.autopilot_static_SetModeHandler:0000000000000000 autopilot_static_SetModeHandler
     /tmp/ccdXHic4.s:405    .text.autopilot_static_SetModeHandler:0000000000000088 $d
     /tmp/ccdXHic4.s:409    .text.autopilot_static_set_mode:0000000000000000 $t
     /tmp/ccdXHic4.s:417    .text.autopilot_static_set_mode:0000000000000000 autopilot_static_set_mode
     /tmp/ccdXHic4.s:431    .text.autopilot_static_set_mode:0000000000000010 $d
     /tmp/ccdXHic4.s:434    .text.autopilot_static_set_motors_on:0000000000000000 $t
     /tmp/ccdXHic4.s:442    .text.autopilot_static_set_motors_on:0000000000000000 autopilot_static_set_motors_on
     /tmp/ccdXHic4.s:471    .text.autopilot_static_set_motors_on:0000000000000028 $d
     /tmp/ccdXHic4.s:475    .text.autopilot_static_on_rc_frame:0000000000000000 $t
     /tmp/ccdXHic4.s:483    .text.autopilot_static_on_rc_frame:0000000000000000 autopilot_static_on_rc_frame
     /tmp/ccdXHic4.s:513    .text.autopilot_static_on_rc_frame:0000000000000036 $d
     /tmp/ccdXHic4.s:523    .text.autopilot_static_on_rc_frame:000000000000004a $t
     /tmp/ccdXHic4.s:797    .text.autopilot_static_on_rc_frame:00000000000002c8 $d
     /tmp/ccdXHic4.s:804    .text.autopilot_static_on_rc_frame:00000000000002e0 $t
     /tmp/ccdXHic4.s:885    .text.autopilot_static_on_rc_frame:0000000000000388 $d
     /tmp/ccdXHic4.s:888    .text.autopilot_failsafe_checks:0000000000000000 $t
     /tmp/ccdXHic4.s:896    .text.autopilot_failsafe_checks:0000000000000000 autopilot_failsafe_checks
     /tmp/ccdXHic4.s:962    .text.autopilot_failsafe_checks:0000000000000090 $d
     /tmp/ccdXHic4.s:985    .bss.motor_kill_time:0000000000000000 motor_kill_time
     /tmp/ccdXHic4.s:971    .bss.autopilot_check_motor_status:0000000000000000 autopilot_check_motor_status
     /tmp/ccdXHic4.s:978    .bss.autopilot_motors_on_counter:0000000000000000 autopilot_motors_on_counter
     /tmp/ccdXHic4.s:972    .bss.autopilot_check_motor_status:0000000000000000 $d
     /tmp/ccdXHic4.s:974    .bss.autopilot_motors_on_counter:0000000000000000 $d
     /tmp/ccdXHic4.s:981    .bss.motor_kill_time:0000000000000000 $d
     /tmp/ccdXHic4.s:988    .bss.prescaler.0:0000000000000000 $d
     /tmp/ccdXHic4.s:992    .bss.prescaler.0:0000000000000000 prescaler.0
     /tmp/ccdXHic4.s:995    .bss.prescaler.1:0000000000000000 $d
     /tmp/ccdXHic4.s:999    .bss.prescaler.1:0000000000000000 prescaler.1
     /tmp/ccdXHic4.s:1002   .bss.prescaler.2:0000000000000000 $d
     /tmp/ccdXHic4.s:1006   .bss.prescaler.2:0000000000000000 prescaler.2

UNDEFINED SYMBOLS
guidance_h_mode_changed
guidance_v_mode_changed
stabilization_attitude_set_failsafe_setpoint
guidance_v_set_vz
autopilot_set_in_flight
autopilot_set_motors_on
autopilot
stabilization_cmd
autopilot_in_flight
ARM GAS  /tmp/ccdXHic4.s 			page 20


nav_periodic_task
guidance_v_run
guidance_h_run
set_rotorcraft_commands
compute_dist2_to_home
nav_home
commands_failsafe
commands
nav
radio_control
ap_mode_of_3way_switch
autopilot_get_mode
guidance_v_read_rc
guidance_h_read_rc
gps_fix_valid
autopilot_arming_motors_on
autopilot_get_motors_on
sys_time
autopilot_set_mode
