ARM GAS  /tmp/ccA0ZVZE.s 			page 1


   1              		.cpu cortex-m4
   2              		.eabi_attribute 27, 1
   3              		.eabi_attribute 20, 1
   4              		.eabi_attribute 21, 1
   5              		.eabi_attribute 23, 3
   6              		.eabi_attribute 24, 1
   7              		.eabi_attribute 25, 1
   8              		.eabi_attribute 26, 1
   9              		.eabi_attribute 30, 2
  10              		.eabi_attribute 34, 1
  11              		.eabi_attribute 18, 4
  12              		.file	"autopilot_utils.c"
  13              		.text
  14              		.section	.text.ap_mode_of_3way_switch,"ax",%progbits
  15              		.align	1
  16              		.p2align 4,,15
  17              		.global	ap_mode_of_3way_switch
  18              		.arch armv7e-m
  19              		.syntax unified
  20              		.thumb
  21              		.thumb_func
  22              		.fpu fpv4-sp-d16
  23              		.type	ap_mode_of_3way_switch, %function
  24              	ap_mode_of_3way_switch:
  25              		@ args = 0, pretend = 0, frame = 0
  26              		@ frame_needed = 0, uses_anonymous_args = 0
  27              		@ link register save eliminated.
  28 0000 074B     		ldr	r3, .L7
  29 0002 B3F90E30 		ldrsh	r3, [r3, #14]
  30 0006 B3F5965F 		cmp	r3, #4800
  31 000a 05DC     		bgt	.L6
  32 000c 13F5965F 		cmn	r3, #4800
  33 0010 CCBF     		ite	gt
  34 0012 0920     		movgt	r0, #9
  35 0014 0420     		movle	r0, #4
  36 0016 7047     		bx	lr
  37              	.L6:
  38 0018 024B     		ldr	r3, .L7+4
  39 001a 1878     		ldrb	r0, [r3]	@ zero_extendqisi2
  40 001c 7047     		bx	lr
  41              	.L8:
  42 001e 00BF     		.align	2
  43              	.L7:
  44 0020 00000000 		.word	radio_control
  45 0024 00000000 		.word	autopilot_mode_auto2
  46              		.size	ap_mode_of_3way_switch, .-ap_mode_of_3way_switch
  47              		.section	.text.set_rotorcraft_commands,"ax",%progbits
  48              		.align	1
  49              		.p2align 4,,15
  50              		.weak	set_rotorcraft_commands
  51              		.syntax unified
  52              		.thumb
  53              		.thumb_func
  54              		.fpu fpv4-sp-d16
  55              		.type	set_rotorcraft_commands, %function
  56              	set_rotorcraft_commands:
  57              		@ args = 0, pretend = 0, frame = 0
ARM GAS  /tmp/ccA0ZVZE.s 			page 2


  58              		@ frame_needed = 0, uses_anonymous_args = 0
  59              		@ link register save eliminated.
  60 0000 10B4     		push	{r4}
  61 0002 6AB1     		cbz	r2, .L10
  62 0004 B1F90820 		ldrsh	r2, [r1, #8]
  63 0008 6BB1     		cbz	r3, .L12
  64              	.L15:
  65 000a B1F90C30 		ldrsh	r3, [r1, #12]
  66              	.L13:
  67 000e D1E90041 		ldrd	r4, r1, [r1]
  68 0012 8280     		strh	r2, [r0, #4]	@ movhi
  69 0014 0480     		strh	r4, [r0]	@ movhi
  70 0016 4180     		strh	r1, [r0, #2]	@ movhi
  71 0018 5DF8044B 		ldr	r4, [sp], #4
  72 001c C380     		strh	r3, [r0, #6]	@ movhi
  73 001e 7047     		bx	lr
  74              	.L10:
  75 0020 8A60     		str	r2, [r1, #8]
  76 0022 002B     		cmp	r3, #0
  77 0024 F1D1     		bne	.L15
  78              	.L12:
  79 0026 CB60     		str	r3, [r1, #12]
  80 0028 F1E7     		b	.L13
  81              		.size	set_rotorcraft_commands, .-set_rotorcraft_commands
  82 002a 00BF     		.ident	"GCC: (15:10.3-2021.07-4) 10.3.1 20210621 (release)"
ARM GAS  /tmp/ccA0ZVZE.s 			page 3


DEFINED SYMBOLS
                            *ABS*:0000000000000000 autopilot_utils.c
     /tmp/ccA0ZVZE.s:15     .text.ap_mode_of_3way_switch:0000000000000000 $t
     /tmp/ccA0ZVZE.s:24     .text.ap_mode_of_3way_switch:0000000000000000 ap_mode_of_3way_switch
     /tmp/ccA0ZVZE.s:44     .text.ap_mode_of_3way_switch:0000000000000020 $d
     /tmp/ccA0ZVZE.s:48     .text.set_rotorcraft_commands:0000000000000000 $t
     /tmp/ccA0ZVZE.s:56     .text.set_rotorcraft_commands:0000000000000000 set_rotorcraft_commands

UNDEFINED SYMBOLS
radio_control
autopilot_mode_auto2
