ARM GAS  /tmp/ccxJEohC.s 			page 1


   1              		.cpu cortex-m4
   2              		.eabi_attribute 27, 1
   3              		.eabi_attribute 20, 1
   4              		.eabi_attribute 21, 1
   5              		.eabi_attribute 23, 3
   6              		.eabi_attribute 24, 1
   7              		.eabi_attribute 25, 1
   8              		.eabi_attribute 26, 1
   9              		.eabi_attribute 30, 2
  10              		.eabi_attribute 34, 1
  11              		.eabi_attribute 18, 4
  12              		.file	"bmi088_i2c.c"
  13              		.text
  14              		.section	.text.bmi088_i2c_write_to_reg,"ax",%progbits
  15              		.align	1
  16              		.p2align 4,,15
  17              		.arch armv7e-m
  18              		.syntax unified
  19              		.thumb
  20              		.thumb_func
  21              		.fpu fpv4-sp-d16
  22              		.type	bmi088_i2c_write_to_reg, %function
  23              	bmi088_i2c_write_to_reg:
  24              		@ args = 0, pretend = 0, frame = 0
  25              		@ frame_needed = 0, uses_anonymous_args = 0
  26 0000 00B5     		push	{lr}
  27 0002 8446     		mov	ip, r0
  28 0004 1BB1     		cbz	r3, .L6
  29 0006 012B     		cmp	r3, #1
  30 0008 10D0     		beq	.L7
  31 000a 5DF804FB 		ldr	pc, [sp], #4
  32              	.L6:
  33 000e 8646     		mov	lr, r0
  34 0010 80F82F10 		strb	r1, [r0, #47]
  35 0014 80F83020 		strb	r2, [r0, #48]
  36 0018 5EF82A0B 		ldr	r0, [lr], #42
  37 001c 9CF82B20 		ldrb	r2, [ip, #43]	@ zero_extendqisi2
  38 0020 7146     		mov	r1, lr
  39 0022 0223     		movs	r3, #2
  40 0024 5DF804EB 		ldr	lr, [sp], #4
  41 0028 FFF7FEBF 		b	i2c_transmit
  42              	.L7:
  43 002c 8646     		mov	lr, r0
  44 002e 4172     		strb	r1, [r0, #9]
  45 0030 8272     		strb	r2, [r0, #10]
  46 0032 5EF8040B 		ldr	r0, [lr], #4
  47 0036 9CF80520 		ldrb	r2, [ip, #5]	@ zero_extendqisi2
  48 003a 7146     		mov	r1, lr
  49 003c 0223     		movs	r3, #2
  50 003e 5DF804EB 		ldr	lr, [sp], #4
  51 0042 FFF7FEBF 		b	i2c_transmit
  52              		.size	bmi088_i2c_write_to_reg, .-bmi088_i2c_write_to_reg
  53              		.section	.text.bmi088_i2c_init,"ax",%progbits
  54              		.align	1
  55              		.p2align 4,,15
  56              		.global	bmi088_i2c_init
  57              		.syntax unified
ARM GAS  /tmp/ccxJEohC.s 			page 2


  58              		.thumb
  59              		.thumb_func
  60              		.fpu fpv4-sp-d16
  61              		.type	bmi088_i2c_init, %function
  62              	bmi088_i2c_init:
  63              		@ args = 0, pretend = 0, frame = 0
  64              		@ frame_needed = 0, uses_anonymous_args = 0
  65 0000 10B5     		push	{r4, lr}
  66 0002 0446     		mov	r4, r0
  67 0004 0420     		movs	r0, #4
  68 0006 84F82900 		strb	r0, [r4, #41]
  69 000a 84F82B30 		strb	r3, [r4, #43]
  70 000e 84F84F00 		strb	r0, [r4, #79]
  71 0012 2160     		str	r1, [r4]
  72 0014 6271     		strb	r2, [r4, #5]
  73 0016 04F16000 		add	r0, r4, #96
  74 001a FFF7FEFF 		bl	bmi088_set_default_config
  75 001e 0023     		movs	r3, #0
  76 0020 84F86530 		strb	r3, [r4, #101]
  77 0024 84F85030 		strb	r3, [r4, #80]
  78 0028 84F86630 		strb	r3, [r4, #102]
  79 002c 84F85130 		strb	r3, [r4, #81]
  80 0030 10BD     		pop	{r4, pc}
  81              		.size	bmi088_i2c_init, .-bmi088_i2c_init
  82 0032 00BF     		.section	.text.bmi088_i2c_start_configure,"ax",%progbits
  83              		.align	1
  84              		.p2align 4,,15
  85              		.global	bmi088_i2c_start_configure
  86              		.syntax unified
  87              		.thumb
  88              		.thumb_func
  89              		.fpu fpv4-sp-d16
  90              		.type	bmi088_i2c_start_configure, %function
  91              	bmi088_i2c_start_configure:
  92              		@ args = 0, pretend = 0, frame = 0
  93              		@ frame_needed = 0, uses_anonymous_args = 0
  94              		@ link register save eliminated.
  95 0000 90F86530 		ldrb	r3, [r0, #101]	@ zero_extendqisi2
  96 0004 0146     		mov	r1, r0
  97 0006 53B9     		cbnz	r3, .L10
  98 0008 90F84F30 		ldrb	r3, [r0, #79]	@ zero_extendqisi2
  99 000c 0122     		movs	r2, #1
 100 000e 022B     		cmp	r3, #2
 101 0010 80F86520 		strb	r2, [r0, #101]
 102 0014 04D0     		beq	.L13
 103 0016 90F84F30 		ldrb	r3, [r0, #79]	@ zero_extendqisi2
 104 001a 042B     		cmp	r3, #4
 105 001c 00D0     		beq	.L13
 106              	.L10:
 107 001e 7047     		bx	lr
 108              	.L13:
 109 0020 0248     		ldr	r0, .L18
 110 0022 01F16002 		add	r2, r1, #96
 111 0026 FFF7FEBF 		b	bmi088_send_config
 112              	.L19:
 113 002a 00BF     		.align	2
 114              	.L18:
ARM GAS  /tmp/ccxJEohC.s 			page 3


 115 002c 00000000 		.word	bmi088_i2c_write_to_reg
 116              		.size	bmi088_i2c_start_configure, .-bmi088_i2c_start_configure
 117              		.section	.text.bmi088_i2c_read,"ax",%progbits
 118              		.align	1
 119              		.p2align 4,,15
 120              		.global	bmi088_i2c_read
 121              		.syntax unified
 122              		.thumb
 123              		.thumb_func
 124              		.fpu fpv4-sp-d16
 125              		.type	bmi088_i2c_read, %function
 126              	bmi088_i2c_read:
 127              		@ args = 0, pretend = 0, frame = 0
 128              		@ frame_needed = 0, uses_anonymous_args = 0
 129 0000 90F86630 		ldrb	r3, [r0, #102]	@ zero_extendqisi2
 130 0004 43B1     		cbz	r3, .L26
 131 0006 30B5     		push	{r4, r5, lr}
 132 0008 90F82930 		ldrb	r3, [r0, #41]	@ zero_extendqisi2
 133 000c 042B     		cmp	r3, #4
 134 000e 83B0     		sub	sp, sp, #12
 135 0010 0446     		mov	r4, r0
 136 0012 02D0     		beq	.L29
 137              	.L20:
 138 0014 03B0     		add	sp, sp, #12
 139              		@ sp needed
 140 0016 30BD     		pop	{r4, r5, pc}
 141              	.L26:
 142 0018 7047     		bx	lr
 143              	.L29:
 144 001a 90F84F30 		ldrb	r3, [r0, #79]	@ zero_extendqisi2
 145 001e 042B     		cmp	r3, #4
 146 0020 F8D1     		bne	.L20
 147 0022 0146     		mov	r1, r0
 148 0024 0223     		movs	r3, #2
 149 0026 4372     		strb	r3, [r0, #9]
 150 0028 0625     		movs	r5, #6
 151 002a 51F8040B 		ldr	r0, [r1], #4
 152 002e 0095     		str	r5, [sp]
 153 0030 6279     		ldrb	r2, [r4, #5]	@ zero_extendqisi2
 154 0032 0123     		movs	r3, #1
 155 0034 FFF7FEFF 		bl	i2c_transceive
 156 0038 2146     		mov	r1, r4
 157 003a 1223     		movs	r3, #18
 158 003c 84F82F30 		strb	r3, [r4, #47]
 159 0040 51F82A0B 		ldr	r0, [r1], #42
 160 0044 94F82B20 		ldrb	r2, [r4, #43]	@ zero_extendqisi2
 161 0048 0095     		str	r5, [sp]
 162 004a 0123     		movs	r3, #1
 163 004c FFF7FEFF 		bl	i2c_transceive
 164 0050 E0E7     		b	.L20
 165              		.size	bmi088_i2c_read, .-bmi088_i2c_read
 166              		.section	.text.bmi088_i2c_event,"ax",%progbits
 167              		.align	1
 168              		.p2align 4,,15
 169              		.global	bmi088_i2c_event
 170              		.syntax unified
 171              		.thumb
ARM GAS  /tmp/ccxJEohC.s 			page 4


 172              		.thumb_func
 173              		.fpu fpv4-sp-d16
 174              		.type	bmi088_i2c_event, %function
 175              	bmi088_i2c_event:
 176              		@ args = 0, pretend = 0, frame = 0
 177              		@ frame_needed = 0, uses_anonymous_args = 0
 178 0000 90F86630 		ldrb	r3, [r0, #102]	@ zero_extendqisi2
 179 0004 10B5     		push	{r4, lr}
 180 0006 0446     		mov	r4, r0
 181 0008 43B3     		cbz	r3, .L31
 182 000a 90F82930 		ldrb	r3, [r0, #41]	@ zero_extendqisi2
 183 000e 032B     		cmp	r3, #3
 184 0010 3BD0     		beq	.L62
 185 0012 90F82930 		ldrb	r3, [r0, #41]	@ zero_extendqisi2
 186 0016 022B     		cmp	r3, #2
 187 0018 17D1     		bne	.L33
 188 001a 807A     		ldrb	r0, [r0, #10]	@ zero_extendqisi2
 189 001c 617A     		ldrb	r1, [r4, #9]	@ zero_extendqisi2
 190 001e 237B     		ldrb	r3, [r4, #12]	@ zero_extendqisi2
 191 0020 E27A     		ldrb	r2, [r4, #11]	@ zero_extendqisi2
 192 0022 41EA0021 		orr	r1, r1, r0, lsl #8
 193 0026 42EA0322 		orr	r2, r2, r3, lsl #8
 194 002a A07B     		ldrb	r0, [r4, #14]	@ zero_extendqisi2
 195 002c 637B     		ldrb	r3, [r4, #13]	@ zero_extendqisi2
 196 002e A4F85810 		strh	r1, [r4, #88]	@ movhi
 197 0032 43EA0023 		orr	r3, r3, r0, lsl #8
 198 0036 0421     		movs	r1, #4
 199 0038 0120     		movs	r0, #1
 200 003a 84F85000 		strb	r0, [r4, #80]
 201 003e A4F85A20 		strh	r2, [r4, #90]	@ movhi
 202 0042 A4F85C30 		strh	r3, [r4, #92]	@ movhi
 203 0046 84F82910 		strb	r1, [r4, #41]
 204              	.L33:
 205 004a 94F84F30 		ldrb	r3, [r4, #79]	@ zero_extendqisi2
 206 004e 032B     		cmp	r3, #3
 207 0050 22D0     		beq	.L63
 208              	.L34:
 209 0052 94F84F30 		ldrb	r3, [r4, #79]	@ zero_extendqisi2
 210 0056 022B     		cmp	r3, #2
 211 0058 39D0     		beq	.L64
 212              	.L30:
 213 005a 10BD     		pop	{r4, pc}
 214              	.L31:
 215 005c 90F86530 		ldrb	r3, [r0, #101]	@ zero_extendqisi2
 216 0060 002B     		cmp	r3, #0
 217 0062 FAD0     		beq	.L30
 218 0064 042B     		cmp	r3, #4
 219 0066 1BD8     		bhi	.L38
 220 0068 90F84F10 		ldrb	r1, [r0, #79]	@ zero_extendqisi2
 221 006c 0329     		cmp	r1, #3
 222 006e CAB2     		uxtb	r2, r1
 223 0070 4CD0     		beq	.L39
 224 0072 042A     		cmp	r2, #4
 225 0074 01D0     		beq	.L40
 226 0076 022A     		cmp	r2, #2
 227 0078 EFD1     		bne	.L30
 228              	.L40:
ARM GAS  /tmp/ccxJEohC.s 			page 5


 229 007a 04F16002 		add	r2, r4, #96
 230 007e 2146     		mov	r1, r4
 231 0080 2648     		ldr	r0, .L65
 232 0082 BDE81040 		pop	{r4, lr}
 233 0086 FFF7FEBF 		b	bmi088_send_config
 234              	.L62:
 235 008a 0423     		movs	r3, #4
 236 008c 80F82930 		strb	r3, [r0, #41]
 237 0090 94F84F30 		ldrb	r3, [r4, #79]	@ zero_extendqisi2
 238 0094 032B     		cmp	r3, #3
 239 0096 DCD1     		bne	.L34
 240              	.L63:
 241 0098 0423     		movs	r3, #4
 242 009a 84F84F30 		strb	r3, [r4, #79]
 243 009e 10BD     		pop	{r4, pc}
 244              	.L38:
 245 00a0 90F82910 		ldrb	r1, [r0, #41]	@ zero_extendqisi2
 246 00a4 0329     		cmp	r1, #3
 247 00a6 CAB2     		uxtb	r2, r1
 248 00a8 34D0     		beq	.L41
 249 00aa 042A     		cmp	r2, #4
 250 00ac 01D0     		beq	.L42
 251 00ae 022A     		cmp	r2, #2
 252 00b0 D3D1     		bne	.L30
 253              	.L42:
 254 00b2 1A48     		ldr	r0, .L65
 255 00b4 04F16002 		add	r2, r4, #96
 256 00b8 2146     		mov	r1, r4
 257 00ba FFF7FEFF 		bl	bmi088_send_config
 258 00be 94F86630 		ldrb	r3, [r4, #102]	@ zero_extendqisi2
 259 00c2 002B     		cmp	r3, #0
 260 00c4 C9D0     		beq	.L30
 261 00c6 0423     		movs	r3, #4
 262 00c8 84F82930 		strb	r3, [r4, #41]
 263 00cc 10BD     		pop	{r4, pc}
 264              	.L64:
 265 00ce 94F83000 		ldrb	r0, [r4, #48]	@ zero_extendqisi2
 266 00d2 94F82F10 		ldrb	r1, [r4, #47]	@ zero_extendqisi2
 267 00d6 94F83230 		ldrb	r3, [r4, #50]	@ zero_extendqisi2
 268 00da 94F83120 		ldrb	r2, [r4, #49]	@ zero_extendqisi2
 269 00de 41EA0021 		orr	r1, r1, r0, lsl #8
 270 00e2 42EA0322 		orr	r2, r2, r3, lsl #8
 271 00e6 94F83400 		ldrb	r0, [r4, #52]	@ zero_extendqisi2
 272 00ea 94F83330 		ldrb	r3, [r4, #51]	@ zero_extendqisi2
 273 00ee A4F85210 		strh	r1, [r4, #82]	@ movhi
 274 00f2 43EA0023 		orr	r3, r3, r0, lsl #8
 275 00f6 0421     		movs	r1, #4
 276 00f8 0120     		movs	r0, #1
 277 00fa 84F85100 		strb	r0, [r4, #81]
 278 00fe 84F84F10 		strb	r1, [r4, #79]
 279 0102 A4F85420 		strh	r2, [r4, #84]	@ movhi
 280 0106 A4F85630 		strh	r3, [r4, #86]	@ movhi
 281 010a 10BD     		pop	{r4, pc}
 282              	.L39:
 283 010c 013B     		subs	r3, r3, #1
 284 010e 80F86530 		strb	r3, [r0, #101]
 285 0112 B2E7     		b	.L40
ARM GAS  /tmp/ccxJEohC.s 			page 6


 286              	.L41:
 287 0114 013B     		subs	r3, r3, #1
 288 0116 80F86530 		strb	r3, [r0, #101]
 289 011a CAE7     		b	.L42
 290              	.L66:
 291              		.align	2
 292              	.L65:
 293 011c 00000000 		.word	bmi088_i2c_write_to_reg
 294              		.size	bmi088_i2c_event, .-bmi088_i2c_event
 295              		.ident	"GCC: (15:10.3-2021.07-4) 10.3.1 20210621 (release)"
ARM GAS  /tmp/ccxJEohC.s 			page 7


DEFINED SYMBOLS
                            *ABS*:0000000000000000 bmi088_i2c.c
     /tmp/ccxJEohC.s:15     .text.bmi088_i2c_write_to_reg:0000000000000000 $t
     /tmp/ccxJEohC.s:23     .text.bmi088_i2c_write_to_reg:0000000000000000 bmi088_i2c_write_to_reg
     /tmp/ccxJEohC.s:54     .text.bmi088_i2c_init:0000000000000000 $t
     /tmp/ccxJEohC.s:62     .text.bmi088_i2c_init:0000000000000000 bmi088_i2c_init
     /tmp/ccxJEohC.s:83     .text.bmi088_i2c_start_configure:0000000000000000 $t
     /tmp/ccxJEohC.s:91     .text.bmi088_i2c_start_configure:0000000000000000 bmi088_i2c_start_configure
     /tmp/ccxJEohC.s:115    .text.bmi088_i2c_start_configure:000000000000002c $d
     /tmp/ccxJEohC.s:118    .text.bmi088_i2c_read:0000000000000000 $t
     /tmp/ccxJEohC.s:126    .text.bmi088_i2c_read:0000000000000000 bmi088_i2c_read
     /tmp/ccxJEohC.s:167    .text.bmi088_i2c_event:0000000000000000 $t
     /tmp/ccxJEohC.s:175    .text.bmi088_i2c_event:0000000000000000 bmi088_i2c_event
     /tmp/ccxJEohC.s:293    .text.bmi088_i2c_event:000000000000011c $d

UNDEFINED SYMBOLS
i2c_transmit
bmi088_set_default_config
bmi088_send_config
i2c_transceive
