ARM GAS  /tmp/ccOjHXjR.s 			page 1


   1              		.cpu cortex-m4
   2              		.eabi_attribute 27, 1
   3              		.eabi_attribute 20, 1
   4              		.eabi_attribute 21, 1
   5              		.eabi_attribute 23, 3
   6              		.eabi_attribute 24, 1
   7              		.eabi_attribute 25, 1
   8              		.eabi_attribute 26, 1
   9              		.eabi_attribute 30, 2
  10              		.eabi_attribute 34, 1
  11              		.eabi_attribute 18, 4
  12              		.file	"commands.c"
  13              		.text
  14              		.section	.rodata.send_commands.str1.4,"aMS",%progbits,1
  15              		.align	2
  16              	.LC0:
  17 0000 434F4D4D 		.ascii	"COMMANDS\000"
  17      414E4453 
  17      00
  18              		.section	.text.send_commands,"ax",%progbits
  19              		.align	1
  20              		.p2align 4,,15
  21              		.arch armv7e-m
  22              		.syntax unified
  23              		.thumb
  24              		.thumb_func
  25              		.fpu fpv4-sp-d16
  26              		.type	send_commands, %function
  27              	send_commands:
  28              		@ args = 0, pretend = 0, frame = 24
  29              		@ frame_needed = 0, uses_anonymous_args = 0
  30 0000 70B5     		push	{r4, r5, r6, lr}
  31 0002 88B0     		sub	sp, sp, #32
  32 0004 0422     		movs	r2, #4
  33 0006 0024     		movs	r4, #0
  34 0008 1F25     		movs	r5, #31
  35 000a 0368     		ldr	r3, [r0]
  36 000c 0690     		str	r0, [sp, #24]
  37 000e 0791     		str	r1, [sp, #28]
  38 0010 ADF81450 		strh	r5, [sp, #20]	@ movhi
  39 0014 8DF80F20 		strb	r2, [sp, #15]
  40 0018 0D21     		movs	r1, #13
  41 001a 8DF81640 		strb	r4, [sp, #22]
  42 001e 0494     		str	r4, [sp, #16]
  43 0020 05A8     		add	r0, sp, #20
  44 0022 9847     		blx	r3
  45 0024 069B     		ldr	r3, [sp, #24]
  46 0026 82B2     		uxth	r2, r0
  47 0028 5B68     		ldr	r3, [r3, #4]
  48 002a 0546     		mov	r5, r0
  49 002c 04A9     		add	r1, sp, #16
  50 002e 05A8     		add	r0, sp, #20
  51 0030 9847     		blx	r3
  52 0032 069B     		ldr	r3, [sp, #24]
  53 0034 0028     		cmp	r0, #0
  54 0036 5BD0     		beq	.L2
  55 0038 2946     		mov	r1, r5
ARM GAS  /tmp/ccOjHXjR.s 			page 2


  56 003a 05A8     		add	r0, sp, #20
  57 003c DB69     		ldr	r3, [r3, #28]
  58 003e 9847     		blx	r3
  59 0040 9DF80F20 		ldrb	r2, [sp, #15]	@ zero_extendqisi2
  60 0044 069B     		ldr	r3, [sp, #24]
  61 0046 0499     		ldr	r1, [sp, #16]
  62 0048 1B69     		ldr	r3, [r3, #16]
  63 004a 5200     		lsls	r2, r2, #1
  64 004c 0532     		adds	r2, r2, #5
  65 004e 05A8     		add	r0, sp, #20
  66 0050 D2B2     		uxtb	r2, r2
  67 0052 9847     		blx	r3
  68 0054 0125     		movs	r5, #1
  69 0056 069A     		ldr	r2, [sp, #24]
  70 0058 0195     		str	r5, [sp, #4]
  71 005a 05AB     		add	r3, sp, #20
  72 005c 0093     		str	r3, [sp]
  73 005e 9668     		ldr	r6, [r2, #8]
  74 0060 0499     		ldr	r1, [sp, #16]
  75 0062 2346     		mov	r3, r4
  76 0064 05A8     		add	r0, sp, #20
  77 0066 0222     		movs	r2, #2
  78 0068 B047     		blx	r6
  79 006a 9DF81530 		ldrb	r3, [sp, #21]	@ zero_extendqisi2
  80 006e 069A     		ldr	r2, [sp, #24]
  81 0070 0499     		ldr	r1, [sp, #16]
  82 0072 CDE90034 		strd	r3, r4, [sp]
  83 0076 05A8     		add	r0, sp, #20
  84 0078 D668     		ldr	r6, [r2, #12]
  85 007a 2346     		mov	r3, r4
  86 007c 0222     		movs	r2, #2
  87 007e B047     		blx	r6
  88 0080 9DF81630 		ldrb	r3, [sp, #22]	@ zero_extendqisi2
  89 0084 069A     		ldr	r2, [sp, #24]
  90 0086 0499     		ldr	r1, [sp, #16]
  91 0088 1B01     		lsls	r3, r3, #4
  92 008a 2B43     		orrs	r3, r3, r5
  93 008c DBB2     		uxtb	r3, r3
  94 008e CDE90034 		strd	r3, r4, [sp]
  95 0092 05A8     		add	r0, sp, #20
  96 0094 D668     		ldr	r6, [r2, #12]
  97 0096 2346     		mov	r3, r4
  98 0098 0222     		movs	r2, #2
  99 009a B047     		blx	r6
 100 009c 174B     		ldr	r3, .L6
 101 009e 069A     		ldr	r2, [sp, #24]
 102 00a0 0193     		str	r3, [sp, #4]
 103 00a2 6623     		movs	r3, #102
 104 00a4 0093     		str	r3, [sp]
 105 00a6 D668     		ldr	r6, [r2, #12]
 106 00a8 0499     		ldr	r1, [sp, #16]
 107 00aa 2346     		mov	r3, r4
 108 00ac 05A8     		add	r0, sp, #20
 109 00ae 0222     		movs	r2, #2
 110 00b0 B047     		blx	r6
 111 00b2 0DF10F03 		add	r3, sp, #15
 112 00b6 CDE90035 		strd	r3, r5, [sp]
ARM GAS  /tmp/ccOjHXjR.s 			page 3


 113 00ba 0699     		ldr	r1, [sp, #24]
 114 00bc 2346     		mov	r3, r4
 115 00be 2246     		mov	r2, r4
 116 00c0 05A8     		add	r0, sp, #20
 117 00c2 8C68     		ldr	r4, [r1, #8]
 118 00c4 0499     		ldr	r1, [sp, #16]
 119 00c6 A047     		blx	r4
 120 00c8 9DF80F30 		ldrb	r3, [sp, #15]	@ zero_extendqisi2
 121 00cc 0C49     		ldr	r1, .L6+4
 122 00ce 069A     		ldr	r2, [sp, #24]
 123 00d0 AB40     		lsls	r3, r3, r5
 124 00d2 CDE90013 		strd	r1, r3, [sp]
 125 00d6 05A8     		add	r0, sp, #20
 126 00d8 0499     		ldr	r1, [sp, #16]
 127 00da 9468     		ldr	r4, [r2, #8]
 128 00dc 2B46     		mov	r3, r5
 129 00de 0522     		movs	r2, #5
 130 00e0 A047     		blx	r4
 131 00e2 069B     		ldr	r3, [sp, #24]
 132 00e4 0499     		ldr	r1, [sp, #16]
 133 00e6 5B69     		ldr	r3, [r3, #20]
 134 00e8 05A8     		add	r0, sp, #20
 135 00ea 9847     		blx	r3
 136 00ec 08B0     		add	sp, sp, #32
 137              		@ sp needed
 138 00ee 70BD     		pop	{r4, r5, r6, pc}
 139              	.L2:
 140 00f0 9B69     		ldr	r3, [r3, #24]
 141 00f2 05A8     		add	r0, sp, #20
 142 00f4 9847     		blx	r3
 143 00f6 08B0     		add	sp, sp, #32
 144              		@ sp needed
 145 00f8 70BD     		pop	{r4, r5, r6, pc}
 146              	.L7:
 147 00fa 00BF     		.align	2
 148              	.L6:
 149 00fc 00000000 		.word	.LC0
 150 0100 00000000 		.word	.LANCHOR0
 151              		.size	send_commands, .-send_commands
 152              		.section	.text.commands_init,"ax",%progbits
 153              		.align	1
 154              		.p2align 4,,15
 155              		.global	commands_init
 156              		.syntax unified
 157              		.thumb
 158              		.thumb_func
 159              		.fpu fpv4-sp-d16
 160              		.type	commands_init, %function
 161              	commands_init:
 162              		@ args = 0, pretend = 0, frame = 0
 163              		@ frame_needed = 0, uses_anonymous_args = 0
 164              		@ link register save eliminated.
 165 0000 054B     		ldr	r3, .L10
 166 0002 064A     		ldr	r2, .L10+4
 167 0004 0648     		ldr	r0, .L10+8
 168 0006 10B4     		push	{r4}
 169 0008 0024     		movs	r4, #0
ARM GAS  /tmp/ccOjHXjR.s 			page 4


 170 000a C3E90044 		strd	r4, r4, [r3]
 171 000e 6621     		movs	r1, #102
 172 0010 5DF8044B 		ldr	r4, [sp], #4
 173 0014 FFF7FEBF 		b	register_periodic_telemetry
 174              	.L11:
 175              		.align	2
 176              	.L10:
 177 0018 00000000 		.word	.LANCHOR0
 178 001c 00000000 		.word	send_commands
 179 0020 00000000 		.word	pprz_telemetry
 180              		.size	commands_init, .-commands_init
 181              		.global	command_yaw_trim
 182              		.global	command_pitch_trim
 183              		.global	command_roll_trim
 184              		.global	commands_failsafe
 185              		.global	commands
 186              		.section	.bss.command_pitch_trim,"aw",%nobits
 187              		.align	1
 188              		.type	command_pitch_trim, %object
 189              		.size	command_pitch_trim, 2
 190              	command_pitch_trim:
 191 0000 0000     		.space	2
 192              		.section	.bss.command_roll_trim,"aw",%nobits
 193              		.align	1
 194              		.type	command_roll_trim, %object
 195              		.size	command_roll_trim, 2
 196              	command_roll_trim:
 197 0000 0000     		.space	2
 198              		.section	.bss.command_yaw_trim,"aw",%nobits
 199              		.align	1
 200              		.type	command_yaw_trim, %object
 201              		.size	command_yaw_trim, 2
 202              	command_yaw_trim:
 203 0000 0000     		.space	2
 204              		.section	.bss.commands,"aw",%nobits
 205              		.align	2
 206              		.set	.LANCHOR0,. + 0
 207              		.type	commands, %object
 208              		.size	commands, 8
 209              	commands:
 210 0000 00000000 		.space	8
 210      00000000 
 211              		.section	.rodata.commands_failsafe,"a"
 212              		.align	2
 213              		.type	commands_failsafe, %object
 214              		.size	commands_failsafe, 8
 215              	commands_failsafe:
 216 0000 00000000 		.space	8
 216      00000000 
 217              		.ident	"GCC: (15:10.3-2021.07-4) 10.3.1 20210621 (release)"
ARM GAS  /tmp/ccOjHXjR.s 			page 5


DEFINED SYMBOLS
                            *ABS*:0000000000000000 commands.c
     /tmp/ccOjHXjR.s:15     .rodata.send_commands.str1.4:0000000000000000 $d
     /tmp/ccOjHXjR.s:19     .text.send_commands:0000000000000000 $t
     /tmp/ccOjHXjR.s:27     .text.send_commands:0000000000000000 send_commands
     /tmp/ccOjHXjR.s:149    .text.send_commands:00000000000000fc $d
     /tmp/ccOjHXjR.s:153    .text.commands_init:0000000000000000 $t
     /tmp/ccOjHXjR.s:161    .text.commands_init:0000000000000000 commands_init
     /tmp/ccOjHXjR.s:177    .text.commands_init:0000000000000018 $d
     /tmp/ccOjHXjR.s:202    .bss.command_yaw_trim:0000000000000000 command_yaw_trim
     /tmp/ccOjHXjR.s:190    .bss.command_pitch_trim:0000000000000000 command_pitch_trim
     /tmp/ccOjHXjR.s:196    .bss.command_roll_trim:0000000000000000 command_roll_trim
     /tmp/ccOjHXjR.s:215    .rodata.commands_failsafe:0000000000000000 commands_failsafe
     /tmp/ccOjHXjR.s:209    .bss.commands:0000000000000000 commands
     /tmp/ccOjHXjR.s:187    .bss.command_pitch_trim:0000000000000000 $d
     /tmp/ccOjHXjR.s:193    .bss.command_roll_trim:0000000000000000 $d
     /tmp/ccOjHXjR.s:199    .bss.command_yaw_trim:0000000000000000 $d
     /tmp/ccOjHXjR.s:205    .bss.commands:0000000000000000 $d
     /tmp/ccOjHXjR.s:212    .rodata.commands_failsafe:0000000000000000 $d

UNDEFINED SYMBOLS
register_periodic_telemetry
pprz_telemetry
