ARM GAS  /tmp/cc8lGMmi.s 			page 1


   1              		.cpu cortex-m4
   2              		.eabi_attribute 27, 1
   3              		.eabi_attribute 20, 1
   4              		.eabi_attribute 21, 1
   5              		.eabi_attribute 23, 3
   6              		.eabi_attribute 24, 1
   7              		.eabi_attribute 25, 1
   8              		.eabi_attribute 26, 1
   9              		.eabi_attribute 30, 2
  10              		.eabi_attribute 34, 1
  11              		.eabi_attribute 18, 4
  12              		.file	"guidance_v_ref.c"
  13              		.text
  14              		.section	.text.gv_set_ref,"ax",%progbits
  15              		.align	1
  16              		.p2align 4,,15
  17              		.global	gv_set_ref
  18              		.arch armv7e-m
  19              		.syntax unified
  20              		.thumb
  21              		.thumb_func
  22              		.fpu fpv4-sp-d16
  23              		.type	gv_set_ref, %function
  24              	gv_set_ref:
  25              		@ args = 0, pretend = 0, frame = 0
  26              		@ frame_needed = 0, uses_anonymous_args = 0
  27              		@ link register save eliminated.
  28 0000 30B4     		push	{r4, r5}
  29 0002 C317     		asrs	r3, r0, #31
  30 0004 074C     		ldr	r4, .L4
  31 0006 084D     		ldr	r5, .L4+4
  32 0008 9B04     		lsls	r3, r3, #18
  33 000a 43EA9033 		orr	r3, r3, r0, lsr #14
  34 000e 6360     		str	r3, [r4, #4]
  35 0010 064B     		ldr	r3, .L4+8
  36 0012 8004     		lsls	r0, r0, #18
  37 0014 8910     		asrs	r1, r1, #2
  38 0016 9210     		asrs	r2, r2, #2
  39 0018 2060     		str	r0, [r4]
  40 001a 2960     		str	r1, [r5]
  41 001c 1A60     		str	r2, [r3]
  42 001e 30BC     		pop	{r4, r5}
  43 0020 7047     		bx	lr
  44              	.L5:
  45 0022 00BF     		.align	2
  46              	.L4:
  47 0024 00000000 		.word	.LANCHOR0
  48 0028 00000000 		.word	.LANCHOR1
  49 002c 00000000 		.word	.LANCHOR2
  50              		.size	gv_set_ref, .-gv_set_ref
  51              		.section	.text.gv_update_ref_from_z_sp,"ax",%progbits
  52              		.align	1
  53              		.p2align 4,,15
  54              		.global	gv_update_ref_from_z_sp
  55              		.syntax unified
  56              		.thumb
  57              		.thumb_func
ARM GAS  /tmp/cc8lGMmi.s 			page 2


  58              		.fpu fpv4-sp-d16
  59              		.type	gv_update_ref_from_z_sp, %function
  60              	gv_update_ref_from_z_sp:
  61              		@ args = 0, pretend = 0, frame = 0
  62              		@ frame_needed = 0, uses_anonymous_args = 0
  63              		@ link register save eliminated.
  64 0000 70B4     		push	{r4, r5, r6}
  65 0002 1F49     		ldr	r1, .L15
  66 0004 1F4E     		ldr	r6, .L15+4
  67 0006 0B68     		ldr	r3, [r1]
  68 0008 3268     		ldr	r2, [r6]
  69 000a 7468     		ldr	r4, [r6, #4]
  70 000c 1E4D     		ldr	r5, .L15+8
  71 000e 9A18     		adds	r2, r3, r2
  72 0010 44EBE374 		adc	r4, r4, r3, asr #31
  73 0014 3260     		str	r2, [r6]
  74 0016 920C     		lsrs	r2, r2, #18
  75 0018 42EA8432 		orr	r2, r2, r4, lsl #14
  76 001c 801A     		subs	r0, r0, r2
  77 001e 40F28512 		movw	r2, #389
  78 0022 02FB00F0 		mul	r0, r2, r0
  79 0026 2A68     		ldr	r2, [r5]
  80 0028 7460     		str	r4, [r6, #4]
  81 002a 1344     		add	r3, r3, r2
  82 002c 174C     		ldr	r4, .L15+12
  83 002e 0B60     		str	r3, [r1]
  84 0030 5A12     		asrs	r2, r3, #9
  85 0032 04FB02F2 		mul	r2, r4, r2
  86 0036 9212     		asrs	r2, r2, #10
  87 0038 02EBE012 		add	r2, r2, r0, asr #7
  88 003c 1448     		ldr	r0, .L15+16
  89 003e 8242     		cmp	r2, r0
  90 0040 17DA     		bge	.L7
  91 0042 2860     		str	r0, [r5]
  92              	.L8:
  93 0044 13F5C02F 		cmn	r3, #393216
  94 0048 06DC     		bgt	.L10
  95 004a 2B68     		ldr	r3, [r5]
  96 004c 114A     		ldr	r2, .L15+20
  97 004e 0A60     		str	r2, [r1]
  98 0050 002B     		cmp	r3, #0
  99 0052 0ADB     		blt	.L11
 100              	.L6:
 101 0054 70BC     		pop	{r4, r5, r6}
 102 0056 7047     		bx	lr
 103              	.L10:
 104 0058 B3F5C02F 		cmp	r3, #393216
 105 005c FADB     		blt	.L6
 106 005e 2B68     		ldr	r3, [r5]
 107 0060 4FF4C022 		mov	r2, #393216
 108 0064 002B     		cmp	r3, #0
 109 0066 0A60     		str	r2, [r1]
 110 0068 F4DD     		ble	.L6
 111              	.L11:
 112 006a 0023     		movs	r3, #0
 113 006c 2B60     		str	r3, [r5]
 114 006e 70BC     		pop	{r4, r5, r6}
ARM GAS  /tmp/cc8lGMmi.s 			page 3


 115 0070 7047     		bx	lr
 116              	.L7:
 117 0072 40F2D970 		movw	r0, #2009
 118 0076 8242     		cmp	r2, r0
 119 0078 A8BF     		it	ge
 120 007a 0246     		movge	r2, r0
 121 007c 2A60     		str	r2, [r5]
 122 007e E1E7     		b	.L8
 123              	.L16:
 124              		.align	2
 125              	.L15:
 126 0080 00000000 		.word	.LANCHOR1
 127 0084 00000000 		.word	.LANCHOR0
 128 0088 00000000 		.word	.LANCHOR2
 129 008c 22F4FFFF 		.word	-3038
 130 0090 62ECFFFF 		.word	-5022
 131 0094 0000FAFF 		.word	-393216
 132              		.size	gv_update_ref_from_z_sp, .-gv_update_ref_from_z_sp
 133              		.global	__aeabi_l2d
 134              		.global	__aeabi_dsub
 135              		.global	__aeabi_dcmpgt
 136              		.global	__aeabi_d2lz
 137              		.global	__aeabi_dadd
 138              		.global	__aeabi_dcmplt
 139              		.section	.text.gv_update_ref_from_zd_sp,"ax",%progbits
 140              		.align	1
 141              		.p2align 4,,15
 142              		.global	gv_update_ref_from_zd_sp
 143              		.syntax unified
 144              		.thumb
 145              		.thumb_func
 146              		.fpu fpv4-sp-d16
 147              		.type	gv_update_ref_from_zd_sp, %function
 148              	gv_update_ref_from_zd_sp:
 149              		@ args = 0, pretend = 0, frame = 16
 150              		@ frame_needed = 0, uses_anonymous_args = 0
 151 0000 2DE9F04F 		push	{r4, r5, r6, r7, r8, r9, r10, fp, lr}
 152 0004 3E4D     		ldr	r5, .L29
 153 0006 DFF80891 		ldr	r9, .L29+16
 154 000a DFF80881 		ldr	r8, .L29+20
 155 000e D9F80040 		ldr	r4, [r9]
 156 0012 D8F80030 		ldr	r3, [r8]
 157 0016 85B0     		sub	sp, sp, #20
 158 0018 0E46     		mov	r6, r1
 159 001a 0190     		str	r0, [sp, #4]
 160 001c 2868     		ldr	r0, [r5]
 161 001e 6968     		ldr	r1, [r5, #4]
 162 0020 2018     		adds	r0, r4, r0
 163 0022 41EBE471 		adc	r1, r1, r4, asr #31
 164 0026 1C44     		add	r4, r4, r3
 165 0028 2860     		str	r0, [r5]
 166 002a 6960     		str	r1, [r5, #4]
 167 002c C9F80040 		str	r4, [r9]
 168 0030 FFF7FEFF 		bl	__aeabi_l2d
 169 0034 8B46     		mov	fp, r1
 170 0036 F117     		asrs	r1, r6, #31
 171 0038 8904     		lsls	r1, r1, #18
ARM GAS  /tmp/cc8lGMmi.s 			page 4


 172 003a 8246     		mov	r10, r0
 173 003c 41EA9631 		orr	r1, r1, r6, lsr #14
 174 0040 B004     		lsls	r0, r6, #18
 175 0042 FFF7FEFF 		bl	__aeabi_l2d
 176 0046 0246     		mov	r2, r0
 177 0048 0B46     		mov	r3, r1
 178 004a CDE90223 		strd	r2, [sp, #8]
 179 004e 2D4B     		ldr	r3, .L29+4
 180 0050 0022     		movs	r2, #0
 181 0052 FFF7FEFF 		bl	__aeabi_dsub
 182 0056 0646     		mov	r6, r0
 183 0058 0F46     		mov	r7, r1
 184 005a 5046     		mov	r0, r10
 185 005c 5946     		mov	r1, fp
 186 005e 3246     		mov	r2, r6
 187 0060 3B46     		mov	r3, r7
 188 0062 FFF7FEFF 		bl	__aeabi_dcmpgt
 189 0066 50B3     		cbz	r0, .L28
 190 0068 264B     		ldr	r3, .L29+4
 191 006a 0022     		movs	r2, #0
 192 006c DDE90201 		ldrd	r0, [sp, #8]
 193 0070 FFF7FEFF 		bl	__aeabi_dadd
 194 0074 0646     		mov	r6, r0
 195 0076 0F46     		mov	r7, r1
 196 0078 5046     		mov	r0, r10
 197 007a 5946     		mov	r1, fp
 198 007c 3246     		mov	r2, r6
 199 007e 3B46     		mov	r3, r7
 200 0080 FFF7FEFF 		bl	__aeabi_dcmplt
 201 0084 D8B1     		cbz	r0, .L28
 202              	.L19:
 203 0086 019B     		ldr	r3, [sp, #4]
 204 0088 1F49     		ldr	r1, .L29+8
 205 008a A4EBA303 		sub	r3, r4, r3, asr #2
 206 008e 5B12     		asrs	r3, r3, #9
 207 0090 C3EB8333 		rsb	r3, r3, r3, lsl #14
 208 0094 9B04     		lsls	r3, r3, #18
 209 0096 B1EB234F 		cmp	r1, r3, asr #16
 210 009a 4FEA2342 		asr	r2, r3, #16
 211 009e 26DD     		ble	.L20
 212 00a0 C8F80010 		str	r1, [r8]
 213              	.L21:
 214 00a4 14F5C02F 		cmn	r4, #393216
 215 00a8 10DC     		bgt	.L23
 216 00aa D8F80030 		ldr	r3, [r8]
 217 00ae 174A     		ldr	r2, .L29+12
 218 00b0 C9F80020 		str	r2, [r9]
 219 00b4 002B     		cmp	r3, #0
 220 00b6 14DB     		blt	.L24
 221              	.L17:
 222 00b8 05B0     		add	sp, sp, #20
 223              		@ sp needed
 224 00ba BDE8F08F 		pop	{r4, r5, r6, r7, r8, r9, r10, fp, pc}
 225              	.L28:
 226 00be 3046     		mov	r0, r6
 227 00c0 3946     		mov	r1, r7
 228 00c2 FFF7FEFF 		bl	__aeabi_d2lz
ARM GAS  /tmp/cc8lGMmi.s 			page 5


 229 00c6 C5E90001 		strd	r0, [r5]
 230 00ca DCE7     		b	.L19
 231              	.L23:
 232 00cc B4F5C02F 		cmp	r4, #393216
 233 00d0 F2DB     		blt	.L17
 234 00d2 D8F80030 		ldr	r3, [r8]
 235 00d6 4FF4C022 		mov	r2, #393216
 236 00da 002B     		cmp	r3, #0
 237 00dc C9F80020 		str	r2, [r9]
 238 00e0 EADD     		ble	.L17
 239              	.L24:
 240 00e2 0023     		movs	r3, #0
 241 00e4 C8F80030 		str	r3, [r8]
 242 00e8 05B0     		add	sp, sp, #20
 243              		@ sp needed
 244 00ea BDE8F08F 		pop	{r4, r5, r6, r7, r8, r9, r10, fp, pc}
 245              	.L20:
 246 00ee 40F2D973 		movw	r3, #2009
 247 00f2 9A42     		cmp	r2, r3
 248 00f4 A8BF     		it	ge
 249 00f6 1A46     		movge	r2, r3
 250 00f8 C8F80020 		str	r2, [r8]
 251 00fc D2E7     		b	.L21
 252              	.L30:
 253 00fe 00BF     		.align	2
 254              	.L29:
 255 0100 00000000 		.word	.LANCHOR0
 256 0104 0000C441 		.word	1103364096
 257 0108 62ECFFFF 		.word	-5022
 258 010c 0000FAFF 		.word	-393216
 259 0110 00000000 		.word	.LANCHOR1
 260 0114 00000000 		.word	.LANCHOR2
 261              		.size	gv_update_ref_from_zd_sp, .-gv_update_ref_from_zd_sp
 262              		.global	gv_z_ref
 263              		.global	gv_zd_ref
 264              		.global	gv_zdd_ref
 265              		.section	.bss.gv_z_ref,"aw",%nobits
 266              		.align	3
 267              		.set	.LANCHOR0,. + 0
 268              		.type	gv_z_ref, %object
 269              		.size	gv_z_ref, 8
 270              	gv_z_ref:
 271 0000 00000000 		.space	8
 271      00000000 
 272              		.section	.bss.gv_zd_ref,"aw",%nobits
 273              		.align	2
 274              		.set	.LANCHOR1,. + 0
 275              		.type	gv_zd_ref, %object
 276              		.size	gv_zd_ref, 4
 277              	gv_zd_ref:
 278 0000 00000000 		.space	4
 279              		.section	.bss.gv_zdd_ref,"aw",%nobits
 280              		.align	2
 281              		.set	.LANCHOR2,. + 0
 282              		.type	gv_zdd_ref, %object
 283              		.size	gv_zdd_ref, 4
 284              	gv_zdd_ref:
ARM GAS  /tmp/cc8lGMmi.s 			page 6


 285 0000 00000000 		.space	4
 286              		.ident	"GCC: (15:10.3-2021.07-4) 10.3.1 20210621 (release)"
ARM GAS  /tmp/cc8lGMmi.s 			page 7


DEFINED SYMBOLS
                            *ABS*:0000000000000000 guidance_v_ref.c
     /tmp/cc8lGMmi.s:15     .text.gv_set_ref:0000000000000000 $t
     /tmp/cc8lGMmi.s:24     .text.gv_set_ref:0000000000000000 gv_set_ref
     /tmp/cc8lGMmi.s:47     .text.gv_set_ref:0000000000000024 $d
     /tmp/cc8lGMmi.s:52     .text.gv_update_ref_from_z_sp:0000000000000000 $t
     /tmp/cc8lGMmi.s:60     .text.gv_update_ref_from_z_sp:0000000000000000 gv_update_ref_from_z_sp
     /tmp/cc8lGMmi.s:126    .text.gv_update_ref_from_z_sp:0000000000000080 $d
     /tmp/cc8lGMmi.s:140    .text.gv_update_ref_from_zd_sp:0000000000000000 $t
     /tmp/cc8lGMmi.s:148    .text.gv_update_ref_from_zd_sp:0000000000000000 gv_update_ref_from_zd_sp
     /tmp/cc8lGMmi.s:255    .text.gv_update_ref_from_zd_sp:0000000000000100 $d
     /tmp/cc8lGMmi.s:270    .bss.gv_z_ref:0000000000000000 gv_z_ref
     /tmp/cc8lGMmi.s:277    .bss.gv_zd_ref:0000000000000000 gv_zd_ref
     /tmp/cc8lGMmi.s:284    .bss.gv_zdd_ref:0000000000000000 gv_zdd_ref
     /tmp/cc8lGMmi.s:266    .bss.gv_z_ref:0000000000000000 $d
     /tmp/cc8lGMmi.s:273    .bss.gv_zd_ref:0000000000000000 $d
     /tmp/cc8lGMmi.s:280    .bss.gv_zdd_ref:0000000000000000 $d

UNDEFINED SYMBOLS
__aeabi_l2d
__aeabi_dsub
__aeabi_dcmpgt
__aeabi_d2lz
__aeabi_dadd
__aeabi_dcmplt
