ARM GAS  /tmp/cc4qNe4L.s 			page 1


   1              		.cpu cortex-m4
   2              		.eabi_attribute 27, 1
   3              		.eabi_attribute 20, 1
   4              		.eabi_attribute 21, 1
   5              		.eabi_attribute 23, 3
   6              		.eabi_attribute 24, 1
   7              		.eabi_attribute 25, 1
   8              		.eabi_attribute 26, 1
   9              		.eabi_attribute 30, 2
  10              		.eabi_attribute 34, 1
  11              		.eabi_attribute 18, 4
  12              		.file	"guidance_v_adapt.c"
  13              		.text
  14              		.section	.text.gv_adapt_init,"ax",%progbits
  15              		.align	1
  16              		.p2align 4,,15
  17              		.global	gv_adapt_init
  18              		.arch armv7e-m
  19              		.syntax unified
  20              		.thumb
  21              		.thumb_func
  22              		.fpu fpv4-sp-d16
  23              		.type	gv_adapt_init, %function
  24              	gv_adapt_init:
  25              		@ args = 0, pretend = 0, frame = 0
  26              		@ frame_needed = 0, uses_anonymous_args = 0
  27              		@ link register save eliminated.
  28 0000 0449     		ldr	r1, .L3
  29 0002 054B     		ldr	r3, .L3+4
  30 0004 45F64A10 		movw	r0, #22858
  31 0008 46F26662 		movw	r2, #26214
  32 000c 0860     		str	r0, [r1]
  33 000e 1A60     		str	r2, [r3]
  34 0010 7047     		bx	lr
  35              	.L4:
  36 0012 00BF     		.align	2
  37              	.L3:
  38 0014 00000000 		.word	.LANCHOR0
  39 0018 00000000 		.word	.LANCHOR1
  40              		.size	gv_adapt_init, .-gv_adapt_init
  41              		.global	__aeabi_i2d
  42              		.global	__aeabi_dadd
  43              		.global	__aeabi_d2iz
  44              		.global	__aeabi_dmul
  45              		.section	.text.gv_adapt_run,"ax",%progbits
  46              		.align	1
  47              		.p2align 4,,15
  48              		.global	gv_adapt_run
  49              		.syntax unified
  50              		.thumb
  51              		.thumb_func
  52              		.fpu fpv4-sp-d16
  53              		.type	gv_adapt_run, %function
  54              	gv_adapt_run:
  55              		@ args = 0, pretend = 0, frame = 0
  56              		@ frame_needed = 0, uses_anonymous_args = 0
  57 0000 2DE9F84F 		push	{r3, r4, r5, r6, r7, r8, r9, r10, fp, lr}
ARM GAS  /tmp/cc4qNe4L.s 			page 2


  58 0004 0C46     		mov	r4, r1
  59 0006 A1F57071 		sub	r1, r1, #960
  60 000a B1F5F05F 		cmp	r1, #7680
  61 000e 5DD8     		bhi	.L5
  62 0010 00F58053 		add	r3, r0, #4096
  63 0014 B3F5005F 		cmp	r3, #8192
  64 0018 0646     		mov	r6, r0
  65 001a 57D8     		bhi	.L5
  66 001c 324F     		ldr	r7, .L16+8
  67 001e DFF8E0A0 		ldr	r10, .L16+32
  68 0022 3868     		ldr	r0, [r7]
  69 0024 9046     		mov	r8, r2
  70 0026 FFF7FEFF 		bl	__aeabi_i2d
  71 002a 2DA3     		adr	r3, .L16
  72 002c D3E90023 		ldrd	r2, [r3]
  73 0030 FFF7FEFF 		bl	__aeabi_dadd
  74 0034 FFF7FEFF 		bl	__aeabi_d2iz
  75 0038 2C4A     		ldr	r2, .L16+12
  76 003a C6F51C53 		rsb	r3, r6, #9984
  77 003e 6110     		asrs	r1, r4, #1
  78 0040 3D33     		adds	r3, r3, #61
  79 0042 B8F1000F 		cmp	r8, #0
  80 0046 4FEA6809 		asr	r9, r8, #1
  81 004a 01EB8333 		add	r3, r1, r3, lsl #14
  82 004e 93FBF4F4 		sdiv	r4, r3, r4
  83 0052 1460     		str	r4, [r2]
  84 0054 B8BF     		it	lt
  85 0056 C9F10009 		rsblt	r9, r9, #0
  86 005a 0546     		mov	r5, r0
  87 005c FFF7FEFF 		bl	__aeabi_i2d
  88 0060 234B     		ldr	r3, .L16+16
  89 0062 DAF80060 		ldr	r6, [r10]
  90 0066 0022     		movs	r2, #0
  91 0068 FFF7FEFF 		bl	__aeabi_dadd
  92 006c 0246     		mov	r2, r0
  93 006e 4846     		mov	r0, r9
  94 0070 9046     		mov	r8, r2
  95 0072 8946     		mov	r9, r1
  96 0074 FFF7FEFF 		bl	__aeabi_i2d
  97 0078 1E4B     		ldr	r3, .L16+20
  98 007a 0022     		movs	r2, #0
  99 007c FFF7FEFF 		bl	__aeabi_dmul
 100 0080 0B46     		mov	r3, r1
 101 0082 0246     		mov	r2, r0
 102 0084 4946     		mov	r1, r9
 103 0086 4046     		mov	r0, r8
 104 0088 FFF7FEFF 		bl	__aeabi_dadd
 105 008c FFF7FEFF 		bl	__aeabi_d2iz
 106 0090 A41B     		subs	r4, r4, r6
 107 0092 4FEA053B 		lsl	fp, r5, #12
 108 0096 9BFBF0F0 		sdiv	r0, fp, r0
 109 009a 80FB0443 		smull	r4, r3, r0, r4
 110 009e 240B     		lsrs	r4, r4, #12
 111 00a0 05FB00F0 		mul	r0, r5, r0
 112 00a4 A5EB2035 		sub	r5, r5, r0, asr #12
 113 00a8 44EA0354 		orr	r4, r4, r3, lsl #20
 114 00ac 46F26660 		movw	r0, #26214
ARM GAS  /tmp/cc4qNe4L.s 			page 3


 115 00b0 8542     		cmp	r5, r0
 116 00b2 3444     		add	r4, r4, r6
 117 00b4 45F64A13 		movw	r3, #22858
 118 00b8 A8BF     		it	ge
 119 00ba 0546     		movge	r5, r0
 120 00bc 9C42     		cmp	r4, r3
 121 00be 3D60     		str	r5, [r7]
 122 00c0 07DD     		ble	.L15
 123 00c2 0D4B     		ldr	r3, .L16+24
 124 00c4 9C42     		cmp	r4, r3
 125 00c6 03DC     		bgt	.L13
 126 00c8 CAF80040 		str	r4, [r10]
 127              	.L5:
 128 00cc BDE8F88F 		pop	{r3, r4, r5, r6, r7, r8, r9, r10, fp, pc}
 129              	.L13:
 130 00d0 0A4B     		ldr	r3, .L16+28
 131              	.L15:
 132 00d2 CAF80030 		str	r3, [r10]
 133 00d6 BDE8F88F 		pop	{r3, r4, r5, r6, r7, r8, r9, r10, fp, pc}
 134              	.L17:
 135 00da 00BFAFF3 		.align	3
 135      0080
 136              	.L16:
 137 00e0 2D431CEB 		.word	-350469331
 138 00e4 E2362A40 		.word	1076508386
 139 00e8 00000000 		.word	.LANCHOR1
 140 00ec 00000000 		.word	.LANCHOR2
 141 00f0 00006941 		.word	1097400320
 142 00f4 00005940 		.word	1079574528
 143 00f8 D84E0100 		.word	85720
 144 00fc D94E0100 		.word	85721
 145 0100 00000000 		.word	.LANCHOR0
 146              		.size	gv_adapt_run, .-gv_adapt_run
 147              		.global	gv_adapt_Xmeas
 148              		.global	gv_adapt_P
 149              		.global	gv_adapt_X
 150              		.section	.bss.gv_adapt_P,"aw",%nobits
 151              		.align	2
 152              		.set	.LANCHOR1,. + 0
 153              		.type	gv_adapt_P, %object
 154              		.size	gv_adapt_P, 4
 155              	gv_adapt_P:
 156 0000 00000000 		.space	4
 157              		.section	.bss.gv_adapt_X,"aw",%nobits
 158              		.align	2
 159              		.set	.LANCHOR0,. + 0
 160              		.type	gv_adapt_X, %object
 161              		.size	gv_adapt_X, 4
 162              	gv_adapt_X:
 163 0000 00000000 		.space	4
 164              		.section	.bss.gv_adapt_Xmeas,"aw",%nobits
 165              		.align	2
 166              		.set	.LANCHOR2,. + 0
 167              		.type	gv_adapt_Xmeas, %object
 168              		.size	gv_adapt_Xmeas, 4
 169              	gv_adapt_Xmeas:
 170 0000 00000000 		.space	4
ARM GAS  /tmp/cc4qNe4L.s 			page 4


 171              		.ident	"GCC: (15:10.3-2021.07-4) 10.3.1 20210621 (release)"
ARM GAS  /tmp/cc4qNe4L.s 			page 5


DEFINED SYMBOLS
                            *ABS*:0000000000000000 guidance_v_adapt.c
     /tmp/cc4qNe4L.s:15     .text.gv_adapt_init:0000000000000000 $t
     /tmp/cc4qNe4L.s:24     .text.gv_adapt_init:0000000000000000 gv_adapt_init
     /tmp/cc4qNe4L.s:38     .text.gv_adapt_init:0000000000000014 $d
     /tmp/cc4qNe4L.s:46     .text.gv_adapt_run:0000000000000000 $t
     /tmp/cc4qNe4L.s:54     .text.gv_adapt_run:0000000000000000 gv_adapt_run
     /tmp/cc4qNe4L.s:137    .text.gv_adapt_run:00000000000000e0 $d
     /tmp/cc4qNe4L.s:169    .bss.gv_adapt_Xmeas:0000000000000000 gv_adapt_Xmeas
     /tmp/cc4qNe4L.s:155    .bss.gv_adapt_P:0000000000000000 gv_adapt_P
     /tmp/cc4qNe4L.s:162    .bss.gv_adapt_X:0000000000000000 gv_adapt_X
     /tmp/cc4qNe4L.s:151    .bss.gv_adapt_P:0000000000000000 $d
     /tmp/cc4qNe4L.s:158    .bss.gv_adapt_X:0000000000000000 $d
     /tmp/cc4qNe4L.s:165    .bss.gv_adapt_Xmeas:0000000000000000 $d

UNDEFINED SYMBOLS
__aeabi_i2d
__aeabi_dadd
__aeabi_d2iz
__aeabi_dmul
