ARM GAS  /tmp/ccfbQ3JY.s 			page 1


   1              		.cpu cortex-m4
   2              		.eabi_attribute 27, 1
   3              		.eabi_attribute 20, 1
   4              		.eabi_attribute 21, 1
   5              		.eabi_attribute 23, 3
   6              		.eabi_attribute 24, 1
   7              		.eabi_attribute 25, 1
   8              		.eabi_attribute 26, 1
   9              		.eabi_attribute 30, 2
  10              		.eabi_attribute 34, 1
  11              		.eabi_attribute 18, 4
  12              		.file	"guidance_pid.c"
  13              		.text
  14              		.global	__aeabi_f2d
  15              		.global	__aeabi_ddiv
  16              		.global	__aeabi_dmul
  17              		.global	__aeabi_d2iz
  18              		.section	.text.guidance_pid_v_run,"ax",%progbits
  19              		.align	1
  20              		.p2align 4,,15
  21              		.arch armv7e-m
  22              		.syntax unified
  23              		.thumb
  24              		.thumb_func
  25              		.fpu fpv4-sp-d16
  26              		.type	guidance_pid_v_run, %function
  27              	guidance_pid_v_run:
  28              		@ args = 0, pretend = 0, frame = 0
  29              		@ frame_needed = 0, uses_anonymous_args = 0
  30 0000 2DE9F041 		push	{r4, r5, r6, r7, r8, lr}
  31 0004 4E4C     		ldr	r4, .L26+8
  32 0006 CE68     		ldr	r6, [r1, #12]
  33 0008 2288     		ldrh	r2, [r4]
  34 000a 9207     		lsls	r2, r2, #30
  35 000c 8846     		mov	r8, r1
  36 000e 0546     		mov	r5, r0
  37 0010 40F18F80 		bpl	.L21
  38              	.L2:
  39 0014 A36E     		ldr	r3, [r4, #104]
  40 0016 D8F81070 		ldr	r7, [r8, #16]
  41 001a F61A     		subs	r6, r6, r3
  42 001c B6F5206F 		cmp	r6, #2560
  43 0020 484B     		ldr	r3, .L26+12
  44 0022 A8BF     		it	ge
  45 0024 4FF42066 		movge	r6, #2560
  46 0028 9E42     		cmp	r6, r3
  47 002a B8BF     		it	lt
  48 002c 1E46     		movlt	r6, r3
  49 002e B4F81431 		ldrh	r3, [r4, #276]
  50 0032 9B07     		lsls	r3, r3, #30
  51 0034 7AD5     		bpl	.L22
  52              	.L3:
  53 0036 D4F82C31 		ldr	r3, [r4, #300]
  54 003a FB1A     		subs	r3, r7, r3
  55 003c B3F5A00F 		cmp	r3, #5242880
  56 0040 414F     		ldr	r7, .L26+16
  57 0042 A8BF     		it	ge
ARM GAS  /tmp/ccfbQ3JY.s 			page 2


  58 0044 4FF4A003 		movge	r3, #5242880
  59 0048 9F42     		cmp	r7, r3
  60 004a B8BF     		it	lt
  61 004c 1F46     		movlt	r7, r3
  62 004e 1DB3     		cbz	r5, .L4
  63 0050 3E4A     		ldr	r2, .L26+20
  64 0052 3F4B     		ldr	r3, .L26+24
  65 0054 1568     		ldr	r5, [r2]
  66 0056 3544     		add	r5, r5, r6
  67 0058 9D42     		cmp	r5, r3
  68 005a 5ADA     		bge	.L5
  69 005c 3D4C     		ldr	r4, .L26+28
  70 005e 3E4D     		ldr	r5, .L26+32
  71 0060 94F82D30 		ldrb	r3, [r4, #45]	@ zero_extendqisi2
  72 0064 1560     		str	r5, [r2]
  73 0066 F3B9     		cbnz	r3, .L23
  74              	.L8:
  75 0068 98ED0A7A 		vldr.32	s14, [r8, #40]
  76 006c DFED3B7A 		vldr.32	s15, .L26+36
  77 0070 67EE277A 		vmul.f32	s15, s14, s15
  78 0074 17EE900A 		vmov	r0, s15
  79 0078 FFF7FEFF 		bl	__aeabi_f2d
  80 007c 0246     		mov	r2, r0
  81 007e 0B46     		mov	r3, r1
  82 0080 2DA1     		adr	r1, .L26
  83 0082 D1E90001 		ldrd	r0, [r1]
  84 0086 FFF7FEFF 		bl	__aeabi_ddiv
  85 008a 354B     		ldr	r3, .L26+40
  86 008c 0022     		movs	r2, #0
  87 008e FFF7FEFF 		bl	__aeabi_dmul
  88 0092 FFF7FEFF 		bl	__aeabi_d2iz
  89 0096 09E0     		b	.L9
  90              	.L4:
  91 0098 2C4B     		ldr	r3, .L26+20
  92 009a 1D60     		str	r5, [r3]
  93              	.L6:
  94 009c 2D4C     		ldr	r4, .L26+28
  95 009e 94F82D30 		ldrb	r3, [r4, #45]	@ zero_extendqisi2
  96 00a2 002B     		cmp	r3, #0
  97 00a4 E0D0     		beq	.L8
  98              	.L23:
  99 00a6 2F4B     		ldr	r3, .L26+44
 100 00a8 1868     		ldr	r0, [r3]
 101 00aa 8011     		asrs	r0, r0, #6
 102              	.L9:
 103 00ac D8F81420 		ldr	r2, [r8, #20]
 104 00b0 2D4B     		ldr	r3, .L26+48
 105 00b2 D8F82C10 		ldr	r1, [r8, #44]
 106 00b6 A3EB0223 		sub	r3, r3, r2, lsl #8
 107 00ba 93FBF0F0 		sdiv	r0, r3, r0
 108 00be 8003     		lsls	r0, r0, #14
 109 00c0 90FBF1F0 		sdiv	r0, r0, r1
 110 00c4 0028     		cmp	r0, #0
 111 00c6 294B     		ldr	r3, .L26+52
 112 00c8 2DDD     		ble	.L24
 113 00ca B0F5075F 		cmp	r0, #8640
 114 00ce A8BF     		it	ge
ARM GAS  /tmp/ccfbQ3JY.s 			page 3


 115 00d0 4FF40750 		movge	r0, #8640
 116 00d4 1860     		str	r0, [r3]
 117              	.L11:
 118 00d6 A269     		ldr	r2, [r4, #24]
 119 00d8 5342     		rsbs	r3, r2, #0
 120 00da 6269     		ldr	r2, [r4, #20]
 121 00dc 5242     		rsbs	r2, r2, #0
 122 00de 02FB06F6 		mul	r6, r2, r6
 123 00e2 E269     		ldr	r2, [r4, #28]
 124 00e4 07FB03F3 		mul	r3, r7, r3
 125 00e8 5242     		rsbs	r2, r2, #0
 126 00ea 1B14     		asrs	r3, r3, #16
 127 00ec 02FB05F5 		mul	r5, r2, r5
 128 00f0 03EBE613 		add	r3, r3, r6, asr #7
 129 00f4 03EB2543 		add	r3, r3, r5, asr #16
 130 00f8 1D4A     		ldr	r2, .L26+56
 131 00fa 1844     		add	r0, r0, r3
 132 00fc 0028     		cmp	r0, #0
 133 00fe 1360     		str	r3, [r2]
 134 0100 0DDD     		ble	.L25
 135 0102 B0F5165F 		cmp	r0, #9600
 136 0106 A8BF     		it	ge
 137 0108 4FF41650 		movge	r0, #9600
 138 010c A062     		str	r0, [r4, #40]
 139 010e BDE8F081 		pop	{r4, r5, r6, r7, r8, pc}
 140              	.L5:
 141 0112 184B     		ldr	r3, .L26+60
 142 0114 9D42     		cmp	r5, r3
 143 0116 C8BF     		it	gt
 144 0118 174D     		ldrgt	r5, .L26+64
 145 011a 1560     		str	r5, [r2]
 146 011c BEE7     		b	.L6
 147              	.L25:
 148 011e 0020     		movs	r0, #0
 149 0120 A062     		str	r0, [r4, #40]
 150 0122 BDE8F081 		pop	{r4, r5, r6, r7, r8, pc}
 151              	.L24:
 152 0126 0020     		movs	r0, #0
 153 0128 1860     		str	r0, [r3]
 154 012a D4E7     		b	.L11
 155              	.L22:
 156 012c FFF7FEFF 		bl	stateCalcSpeedNed_i
 157 0130 81E7     		b	.L3
 158              	.L21:
 159 0132 FFF7FEFF 		bl	stateCalcPositionNed_i
 160 0136 6DE7     		b	.L2
 161              	.L27:
 162              		.align	3
 163              	.L26:
 164 0138 1F85EB51 		.word	1374389535
 165 013c B89E2340 		.word	1076076216
 166 0140 00000000 		.word	state
 167 0144 00F6FFFF 		.word	-2560
 168 0148 0000B0FF 		.word	-5242880
 169 014c 00000000 		.word	.LANCHOR0
 170 0150 817BE1FF 		.word	-1999999
 171 0154 00000000 		.word	.LANCHOR1
ARM GAS  /tmp/ccfbQ3JY.s 			page 4


 172 0158 807BE1FF 		.word	-2000000
 173 015c 00001646 		.word	1175846912
 174 0160 00001041 		.word	1091567616
 175 0164 00000000 		.word	gv_adapt_X
 176 0168 703D2700 		.word	2571632
 177 016c 00000000 		.word	.LANCHOR2
 178 0170 00000000 		.word	.LANCHOR3
 179 0174 7F841E00 		.word	1999999
 180 0178 80841E00 		.word	2000000
 181              		.size	guidance_pid_v_run, .-guidance_pid_v_run
 182              		.section	.text.guidance_pid_h_run,"ax",%progbits
 183              		.align	1
 184              		.p2align 4,,15
 185              		.syntax unified
 186              		.thumb
 187              		.thumb_func
 188              		.fpu fpv4-sp-d16
 189              		.type	guidance_pid_h_run, %function
 190              	guidance_pid_h_run:
 191              		@ args = 0, pretend = 0, frame = 8
 192              		@ frame_needed = 0, uses_anonymous_args = 0
 193 0000 2DE9F041 		push	{r4, r5, r6, r7, r8, lr}
 194 0004 6C4F     		ldr	r7, .L34
 195 0006 6D4C     		ldr	r4, .L34+4
 196 0008 6D4D     		ldr	r5, .L34+8
 197 000a 0646     		mov	r6, r0
 198 000c D7E90007 		ldrd	r0, r7, [r7]
 199 0010 4FEAA00E 		asr	lr, r0, #2
 200 0014 D4E90004 		ldrd	r0, r4, [r4]
 201 0018 2B68     		ldr	r3, [r5]
 202 001a 00FB03FC 		mul	ip, r0, r3
 203 001e 03FB04F4 		mul	r4, r3, r4
 204 0022 6B68     		ldr	r3, [r5, #4]
 205 0024 BF10     		asrs	r7, r7, #2
 206 0026 03FB0EF0 		mul	r0, r3, lr
 207 002a 4FEAAC1C 		asr	ip, ip, #6
 208 002e 07FB03F3 		mul	r3, r7, r3
 209 0032 A411     		asrs	r4, r4, #6
 210 0034 176B     		ldr	r7, [r2, #48]
 211 0036 0CEBE03C 		add	ip, ip, r0, asr #15
 212 003a 04EBE334 		add	r4, r4, r3, asr #15
 213 003e 506B     		ldr	r0, [r2, #52]
 214 0040 EB68     		ldr	r3, [r5, #12]
 215 0042 D2E90E8E 		ldrd	r8, lr, [r2, #56]
 216 0046 03FB00F0 		mul	r0, r3, r0
 217 004a 07FB03F3 		mul	r3, r7, r3
 218 004e 2F69     		ldr	r7, [r5, #16]
 219 0050 04EB6040 		add	r0, r4, r0, asr #17
 220 0054 0EFB07F2 		mul	r2, lr, r7
 221 0058 0CEB6343 		add	r3, ip, r3, asr #17
 222 005c 08FB07F7 		mul	r7, r8, r7
 223 0060 00EB2222 		add	r2, r0, r2, asr #8
 224 0064 03EB2723 		add	r3, r3, r7, asr #8
 225 0068 40F29550 		movw	r0, #1429
 226 006c 554F     		ldr	r7, .L34+12
 227 006e 8342     		cmp	r3, r0
 228 0070 A8BF     		it	ge
ARM GAS  /tmp/ccfbQ3JY.s 			page 5


 229 0072 0346     		movge	r3, r0
 230 0074 8242     		cmp	r2, r0
 231 0076 A8BF     		it	ge
 232 0078 0246     		movge	r2, r0
 233 007a BB42     		cmp	r3, r7
 234 007c B8BF     		it	lt
 235 007e 3B46     		movlt	r3, r7
 236 0080 BA42     		cmp	r2, r7
 237 0082 5148     		ldr	r0, .L34+16
 238 0084 82B0     		sub	sp, sp, #8
 239 0086 B8BF     		it	lt
 240 0088 3A46     		movlt	r2, r7
 241 008a 0029     		cmp	r1, #0
 242 008c 43D0     		beq	.L29
 243 008e AF68     		ldr	r7, [r5, #8]
 244 0090 4168     		ldr	r1, [r0, #4]
 245 0092 04FB0714 		mla	r4, r4, r7, r1
 246 0096 0168     		ldr	r1, [r0]
 247 0098 0CFB0711 		mla	r1, ip, r7, r1
 248 009c 4B4F     		ldr	r7, .L34+20
 249 009e B942     		cmp	r1, r7
 250 00a0 A8BF     		it	ge
 251 00a2 3946     		movge	r1, r7
 252 00a4 BC42     		cmp	r4, r7
 253 00a6 A8BF     		it	ge
 254 00a8 3C46     		movge	r4, r7
 255 00aa 494F     		ldr	r7, .L34+24
 256 00ac B942     		cmp	r1, r7
 257 00ae B8BF     		it	lt
 258 00b0 3946     		movlt	r1, r7
 259 00b2 BC42     		cmp	r4, r7
 260 00b4 B8BF     		it	lt
 261 00b6 3C46     		movlt	r4, r7
 262 00b8 03EB2143 		add	r3, r3, r1, asr #16
 263 00bc C0E90014 		strd	r1, r4, [r0]
 264 00c0 95F82C10 		ldrb	r1, [r5, #44]	@ zero_extendqisi2
 265 00c4 02EB2442 		add	r2, r2, r4, asr #16
 266 00c8 C5E90832 		strd	r3, r2, [r5, #32]
 267 00cc 31BB     		cbnz	r1, .L33
 268              	.L31:
 269 00ce 414C     		ldr	r4, .L34+28
 270 00d0 4149     		ldr	r1, .L34+32
 271 00d2 B3F5496F 		cmp	r3, #3216
 272 00d6 A8BF     		it	ge
 273 00d8 4FF44963 		movge	r3, #3216
 274 00dc B2F5496F 		cmp	r2, #3216
 275 00e0 A8BF     		it	ge
 276 00e2 4FF44962 		movge	r2, #3216
 277 00e6 A342     		cmp	r3, r4
 278 00e8 B8BF     		it	lt
 279 00ea 2346     		movlt	r3, r4
 280 00ec 9442     		cmp	r4, r2
 281 00ee B8BF     		it	lt
 282 00f0 1446     		movlt	r4, r2
 283 00f2 3A4A     		ldr	r2, .L34+36
 284 00f4 2B62     		str	r3, [r5, #32]
 285 00f6 D2ED077A 		vldr.32	s15, [r2, #28]
ARM GAS  /tmp/ccfbQ3JY.s 			page 6


 286 00fa 6C62     		str	r4, [r5, #36]
 287 00fc B0EE677A 		vmov.f32	s14, s15
 288 0100 BEEECA7A 		vcvt.s32.f32	s14, s14, #12
 289 0104 3046     		mov	r0, r6
 290 0106 17EE102A 		vmov	r2, s14	@ int
 291 010a FFF7FEFF 		bl	stab_sp_from_ltp_i
 292 010e 3046     		mov	r0, r6
 293 0110 02B0     		add	sp, sp, #8
 294              		@ sp needed
 295 0112 BDE8F081 		pop	{r4, r5, r6, r7, r8, pc}
 296              	.L29:
 297 0116 C0E90011 		strd	r1, r1, [r0]
 298 011a D8E7     		b	.L31
 299              	.L33:
 300 011c 304F     		ldr	r7, .L34+40
 301 011e 3149     		ldr	r1, .L34+44
 302 0120 314A     		ldr	r2, .L34+48
 303 0122 3868     		ldr	r0, [r7]
 304 0124 D268     		ldr	r2, [r2, #12]
 305 0126 CC6A     		ldr	r4, [r1, #44]
 306 0128 3049     		ldr	r1, .L34+52
 307 012a 00EB8000 		add	r0, r0, r0, lsl #2
 308 012e 02FB04F4 		mul	r4, r2, r4
 309 0132 4200     		lsls	r2, r0, #1
 310 0134 02EBA432 		add	r2, r2, r4, asr #14
 311 0138 81FB0210 		smull	r1, r0, r1, r2
 312 013c D117     		asrs	r1, r2, #31
 313 013e C1EB6001 		rsb	r1, r1, r0, asr #1
 314 0142 3960     		str	r1, [r7]
 315 0144 2A4C     		ldr	r4, .L34+56
 316 0146 4FF41657 		mov	r7, #9600
 317 014a 07FB03F3 		mul	r3, r7, r3
 318 014e 07EE901A 		vmov	s15, r1	@ int
 319 0152 84FB0320 		smull	r2, r0, r4, r3
 320 0156 F8EEE77A 		vcvt.f32.s32	s15, s15
 321 015a 1844     		add	r0, r0, r3
 322 015c DB17     		asrs	r3, r3, #31
 323 015e C3EB2030 		rsb	r0, r3, r0, asr #12
 324 0162 17EE901A 		vmov	r1, s15
 325 0166 07EE900A 		vmov	s15, r0	@ int
 326 016a F8EEE77A 		vcvt.f32.s32	s15, s15
 327 016e 0191     		str	r1, [sp, #4]
 328 0170 17EE900A 		vmov	r0, s15
 329 0174 FFF7FEFF 		bl	atan2f
 330 0178 6B6A     		ldr	r3, [r5, #36]
 331 017a 0199     		ldr	r1, [sp, #4]
 332 017c 07FB03F3 		mul	r3, r7, r3
 333 0180 07EE900A 		vmov	s15, r0
 334 0184 84FB0320 		smull	r2, r0, r4, r3
 335 0188 FEEECA7A 		vcvt.s32.f32	s15, s15, #12
 336 018c 1844     		add	r0, r0, r3
 337 018e DB17     		asrs	r3, r3, #31
 338 0190 C3EB2030 		rsb	r0, r3, r0, asr #12
 339 0194 C5ED087A 		vstr.32	s15, [r5, #32]	@ int
 340 0198 07EE900A 		vmov	s15, r0	@ int
 341 019c F8EEE77A 		vcvt.f32.s32	s15, s15
 342 01a0 17EE900A 		vmov	r0, s15
ARM GAS  /tmp/ccfbQ3JY.s 			page 7


 343 01a4 FFF7FEFF 		bl	atan2f
 344 01a8 07EE900A 		vmov	s15, r0
 345 01ac FEEECA7A 		vcvt.s32.f32	s15, s15, #12
 346 01b0 2B6A     		ldr	r3, [r5, #32]
 347 01b2 17EE902A 		vmov	r2, s15	@ int
 348 01b6 8AE7     		b	.L31
 349              	.L35:
 350              		.align	2
 351              	.L34:
 352 01b8 00000000 		.word	.LANCHOR4
 353 01bc 00000000 		.word	.LANCHOR5
 354 01c0 00000000 		.word	.LANCHOR1
 355 01c4 6BFAFFFF 		.word	-1429
 356 01c8 00000000 		.word	.LANCHOR6
 357 01cc 00009505 		.word	93650944
 358 01d0 00006BFA 		.word	-93650944
 359 01d4 70F3FFFF 		.word	-3216
 360 01d8 20000000 		.word	.LANCHOR1+32
 361 01dc 00000000 		.word	guidance_h
 362 01e0 00000000 		.word	.LANCHOR7
 363 01e4 00000000 		.word	guidance_v
 364 01e8 00000000 		.word	stabilization_cmd
 365 01ec E9A28B2E 		.word	780903145
 366 01f0 71E1FFA2 		.word	-1560288911
 367              		.size	guidance_pid_h_run, .-guidance_pid_h_run
 368              		.section	.rodata.send_vert_loop.str1.4,"aMS",%progbits,1
 369              		.align	2
 370              	.LC0:
 371 0000 56455254 		.ascii	"VERT_LOOP\000"
 371      5F4C4F4F 
 371      5000
 372              		.section	.text.send_vert_loop,"ax",%progbits
 373              		.align	1
 374              		.p2align 4,,15
 375              		.syntax unified
 376              		.thumb
 377              		.thumb_func
 378              		.fpu fpv4-sp-d16
 379              		.type	send_vert_loop, %function
 380              	send_vert_loop:
 381              		@ args = 0, pretend = 0, frame = 16
 382              		@ frame_needed = 0, uses_anonymous_args = 0
 383 0000 2DE9F041 		push	{r4, r5, r6, r7, r8, lr}
 384 0004 8F4C     		ldr	r4, .L46
 385 0006 2388     		ldrh	r3, [r4]
 386 0008 0E46     		mov	r6, r1
 387 000a 9907     		lsls	r1, r3, #30
 388 000c 86B0     		sub	sp, sp, #24
 389 000e 0546     		mov	r5, r0
 390 0010 40F10781 		bpl	.L43
 391 0014 B4F81431 		ldrh	r3, [r4, #276]
 392 0018 9A07     		lsls	r2, r3, #30
 393 001a 40F10981 		bpl	.L44
 394              	.L38:
 395 001e 94F87031 		ldrb	r3, [r4, #368]	@ zero_extendqisi2
 396 0022 9B07     		lsls	r3, r3, #30
 397 0024 40F10B81 		bpl	.L45
ARM GAS  /tmp/ccfbQ3JY.s 			page 8


 398              	.L39:
 399 0028 1F22     		movs	r2, #31
 400 002a 0024     		movs	r4, #0
 401 002c 2B68     		ldr	r3, [r5]
 402 002e 0495     		str	r5, [sp, #16]
 403 0030 4021     		movs	r1, #64
 404 0032 ADF80C20 		strh	r2, [sp, #12]	@ movhi
 405 0036 0596     		str	r6, [sp, #20]
 406 0038 8DF80E40 		strb	r4, [sp, #14]
 407 003c 0294     		str	r4, [sp, #8]
 408 003e 03A8     		add	r0, sp, #12
 409 0040 9847     		blx	r3
 410 0042 049B     		ldr	r3, [sp, #16]
 411 0044 82B2     		uxth	r2, r0
 412 0046 5B68     		ldr	r3, [r3, #4]
 413 0048 0546     		mov	r5, r0
 414 004a 02A9     		add	r1, sp, #8
 415 004c 03A8     		add	r0, sp, #12
 416 004e 9847     		blx	r3
 417 0050 049B     		ldr	r3, [sp, #16]
 418 0052 0028     		cmp	r0, #0
 419 0054 00F0DF80 		beq	.L40
 420 0058 2946     		mov	r1, r5
 421 005a 03A8     		add	r0, sp, #12
 422 005c DB69     		ldr	r3, [r3, #28]
 423 005e 7A4E     		ldr	r6, .L46+4
 424 0060 9847     		blx	r3
 425 0062 049B     		ldr	r3, [sp, #16]
 426 0064 0299     		ldr	r1, [sp, #8]
 427 0066 1B69     		ldr	r3, [r3, #16]
 428 0068 03A8     		add	r0, sp, #12
 429 006a 4022     		movs	r2, #64
 430 006c 9847     		blx	r3
 431 006e 0123     		movs	r3, #1
 432 0070 049A     		ldr	r2, [sp, #16]
 433 0072 0193     		str	r3, [sp, #4]
 434 0074 03AB     		add	r3, sp, #12
 435 0076 0093     		str	r3, [sp]
 436 0078 9568     		ldr	r5, [r2, #8]
 437 007a 0299     		ldr	r1, [sp, #8]
 438 007c 2346     		mov	r3, r4
 439 007e 03A8     		add	r0, sp, #12
 440 0080 0222     		movs	r2, #2
 441 0082 A847     		blx	r5
 442 0084 9DF80D30 		ldrb	r3, [sp, #13]	@ zero_extendqisi2
 443 0088 049A     		ldr	r2, [sp, #16]
 444 008a 0299     		ldr	r1, [sp, #8]
 445 008c CDE90034 		strd	r3, r4, [sp]
 446 0090 03A8     		add	r0, sp, #12
 447 0092 D568     		ldr	r5, [r2, #12]
 448 0094 2346     		mov	r3, r4
 449 0096 0222     		movs	r2, #2
 450 0098 A847     		blx	r5
 451 009a 9DF80E30 		ldrb	r3, [sp, #14]	@ zero_extendqisi2
 452 009e 049A     		ldr	r2, [sp, #16]
 453 00a0 0299     		ldr	r1, [sp, #8]
 454 00a2 1B01     		lsls	r3, r3, #4
ARM GAS  /tmp/ccfbQ3JY.s 			page 9


 455 00a4 43F00103 		orr	r3, r3, #1
 456 00a8 DBB2     		uxtb	r3, r3
 457 00aa CDE90034 		strd	r3, r4, [sp]
 458 00ae 03A8     		add	r0, sp, #12
 459 00b0 D568     		ldr	r5, [r2, #12]
 460 00b2 2346     		mov	r3, r4
 461 00b4 0222     		movs	r2, #2
 462 00b6 A847     		blx	r5
 463 00b8 6449     		ldr	r1, .L46+8
 464 00ba 049A     		ldr	r2, [sp, #16]
 465 00bc 9123     		movs	r3, #145
 466 00be CDE90031 		strd	r3, r1, [sp]
 467 00c2 03A8     		add	r0, sp, #12
 468 00c4 D568     		ldr	r5, [r2, #12]
 469 00c6 0299     		ldr	r1, [sp, #8]
 470 00c8 2346     		mov	r3, r4
 471 00ca 0222     		movs	r2, #2
 472 00cc A847     		blx	r5
 473 00ce 0425     		movs	r5, #4
 474 00d0 CDE90065 		strd	r6, r5, [sp]
 475 00d4 049B     		ldr	r3, [sp, #16]
 476 00d6 0299     		ldr	r1, [sp, #8]
 477 00d8 9F68     		ldr	r7, [r3, #8]
 478 00da 03A8     		add	r0, sp, #12
 479 00dc 2346     		mov	r3, r4
 480 00de 0722     		movs	r2, #7
 481 00e0 B847     		blx	r7
 482 00e2 049B     		ldr	r3, [sp, #16]
 483 00e4 0195     		str	r5, [sp, #4]
 484 00e6 7219     		adds	r2, r6, r5
 485 00e8 0092     		str	r2, [sp]
 486 00ea 9F68     		ldr	r7, [r3, #8]
 487 00ec 0299     		ldr	r1, [sp, #8]
 488 00ee 2346     		mov	r3, r4
 489 00f0 03A8     		add	r0, sp, #12
 490 00f2 0722     		movs	r2, #7
 491 00f4 B847     		blx	r7
 492 00f6 049B     		ldr	r3, [sp, #16]
 493 00f8 554F     		ldr	r7, .L46+12
 494 00fa 0195     		str	r5, [sp, #4]
 495 00fc 0097     		str	r7, [sp]
 496 00fe D3F80880 		ldr	r8, [r3, #8]
 497 0102 0299     		ldr	r1, [sp, #8]
 498 0104 2346     		mov	r3, r4
 499 0106 03A8     		add	r0, sp, #12
 500 0108 0722     		movs	r2, #7
 501 010a C047     		blx	r8
 502 010c 049B     		ldr	r3, [sp, #16]
 503 010e 0195     		str	r5, [sp, #4]
 504 0110 07F1C402 		add	r2, r7, #196
 505 0114 0092     		str	r2, [sp]
 506 0116 D3F80880 		ldr	r8, [r3, #8]
 507 011a 0299     		ldr	r1, [sp, #8]
 508 011c 2346     		mov	r3, r4
 509 011e 03A8     		add	r0, sp, #12
 510 0120 0722     		movs	r2, #7
 511 0122 07F59077 		add	r7, r7, #288
ARM GAS  /tmp/ccfbQ3JY.s 			page 10


 512 0126 C047     		blx	r8
 513 0128 CDE90075 		strd	r7, r5, [sp]
 514 012c 049B     		ldr	r3, [sp, #16]
 515 012e 0299     		ldr	r1, [sp, #8]
 516 0130 9F68     		ldr	r7, [r3, #8]
 517 0132 03A8     		add	r0, sp, #12
 518 0134 2346     		mov	r3, r4
 519 0136 0722     		movs	r2, #7
 520 0138 B847     		blx	r7
 521 013a 049B     		ldr	r3, [sp, #16]
 522 013c 0195     		str	r5, [sp, #4]
 523 013e 06F10802 		add	r2, r6, #8
 524 0142 0092     		str	r2, [sp]
 525 0144 9F68     		ldr	r7, [r3, #8]
 526 0146 0299     		ldr	r1, [sp, #8]
 527 0148 2346     		mov	r3, r4
 528 014a 03A8     		add	r0, sp, #12
 529 014c 0722     		movs	r2, #7
 530 014e B847     		blx	r7
 531 0150 049B     		ldr	r3, [sp, #16]
 532 0152 0195     		str	r5, [sp, #4]
 533 0154 06F10C02 		add	r2, r6, #12
 534 0158 0092     		str	r2, [sp]
 535 015a 9F68     		ldr	r7, [r3, #8]
 536 015c 0299     		ldr	r1, [sp, #8]
 537 015e 2346     		mov	r3, r4
 538 0160 03A8     		add	r0, sp, #12
 539 0162 0722     		movs	r2, #7
 540 0164 1036     		adds	r6, r6, #16
 541 0166 B847     		blx	r7
 542 0168 CDE90065 		strd	r6, r5, [sp]
 543 016c 049A     		ldr	r2, [sp, #16]
 544 016e 0299     		ldr	r1, [sp, #8]
 545 0170 9668     		ldr	r6, [r2, #8]
 546 0172 2346     		mov	r3, r4
 547 0174 03A8     		add	r0, sp, #12
 548 0176 0722     		movs	r2, #7
 549 0178 B047     		blx	r6
 550 017a 364B     		ldr	r3, .L46+16
 551 017c 049A     		ldr	r2, [sp, #16]
 552 017e 0299     		ldr	r1, [sp, #8]
 553 0180 CDE90035 		strd	r3, r5, [sp]
 554 0184 03A8     		add	r0, sp, #12
 555 0186 9668     		ldr	r6, [r2, #8]
 556 0188 2346     		mov	r3, r4
 557 018a 0722     		movs	r2, #7
 558 018c B047     		blx	r6
 559 018e 324B     		ldr	r3, .L46+20
 560 0190 049A     		ldr	r2, [sp, #16]
 561 0192 0299     		ldr	r1, [sp, #8]
 562 0194 CDE90035 		strd	r3, r5, [sp]
 563 0198 03A8     		add	r0, sp, #12
 564 019a 9668     		ldr	r6, [r2, #8]
 565 019c 2346     		mov	r3, r4
 566 019e 0722     		movs	r2, #7
 567 01a0 B047     		blx	r6
 568 01a2 2E4B     		ldr	r3, .L46+24
ARM GAS  /tmp/ccfbQ3JY.s 			page 11


 569 01a4 049A     		ldr	r2, [sp, #16]
 570 01a6 0299     		ldr	r1, [sp, #8]
 571 01a8 CDE90035 		strd	r3, r5, [sp]
 572 01ac 03A8     		add	r0, sp, #12
 573 01ae 9668     		ldr	r6, [r2, #8]
 574 01b0 2346     		mov	r3, r4
 575 01b2 0722     		movs	r2, #7
 576 01b4 B047     		blx	r6
 577 01b6 2A4B     		ldr	r3, .L46+28
 578 01b8 049A     		ldr	r2, [sp, #16]
 579 01ba 0299     		ldr	r1, [sp, #8]
 580 01bc CDE90035 		strd	r3, r5, [sp]
 581 01c0 03A8     		add	r0, sp, #12
 582 01c2 9668     		ldr	r6, [r2, #8]
 583 01c4 2346     		mov	r3, r4
 584 01c6 0722     		movs	r2, #7
 585 01c8 B047     		blx	r6
 586 01ca 264B     		ldr	r3, .L46+32
 587 01cc 049A     		ldr	r2, [sp, #16]
 588 01ce 0299     		ldr	r1, [sp, #8]
 589 01d0 CDE90035 		strd	r3, r5, [sp]
 590 01d4 03A8     		add	r0, sp, #12
 591 01d6 9668     		ldr	r6, [r2, #8]
 592 01d8 2346     		mov	r3, r4
 593 01da 0722     		movs	r2, #7
 594 01dc B047     		blx	r6
 595 01de 224B     		ldr	r3, .L46+36
 596 01e0 049A     		ldr	r2, [sp, #16]
 597 01e2 0299     		ldr	r1, [sp, #8]
 598 01e4 CDE90035 		strd	r3, r5, [sp]
 599 01e8 03A8     		add	r0, sp, #12
 600 01ea 9668     		ldr	r6, [r2, #8]
 601 01ec 2346     		mov	r3, r4
 602 01ee 0722     		movs	r2, #7
 603 01f0 B047     		blx	r6
 604 01f2 1E4A     		ldr	r2, .L46+40
 605 01f4 049B     		ldr	r3, [sp, #16]
 606 01f6 0299     		ldr	r1, [sp, #8]
 607 01f8 CDE90025 		strd	r2, r5, [sp]
 608 01fc 03A8     		add	r0, sp, #12
 609 01fe 9D68     		ldr	r5, [r3, #8]
 610 0200 0722     		movs	r2, #7
 611 0202 2346     		mov	r3, r4
 612 0204 A847     		blx	r5
 613 0206 049B     		ldr	r3, [sp, #16]
 614 0208 0299     		ldr	r1, [sp, #8]
 615 020a 5B69     		ldr	r3, [r3, #20]
 616 020c 03A8     		add	r0, sp, #12
 617 020e 9847     		blx	r3
 618 0210 06B0     		add	sp, sp, #24
 619              		@ sp needed
 620 0212 BDE8F081 		pop	{r4, r5, r6, r7, r8, pc}
 621              	.L40:
 622 0216 9B69     		ldr	r3, [r3, #24]
 623 0218 03A8     		add	r0, sp, #12
 624 021a 9847     		blx	r3
 625 021c 06B0     		add	sp, sp, #24
ARM GAS  /tmp/ccfbQ3JY.s 			page 12


 626              		@ sp needed
 627 021e BDE8F081 		pop	{r4, r5, r6, r7, r8, pc}
 628              	.L43:
 629 0222 FFF7FEFF 		bl	stateCalcPositionNed_i
 630 0226 B4F81431 		ldrh	r3, [r4, #276]
 631 022a 9A07     		lsls	r2, r3, #30
 632 022c 3FF5F7AE 		bmi	.L38
 633              	.L44:
 634 0230 FFF7FEFF 		bl	stateCalcSpeedNed_i
 635 0234 94F87031 		ldrb	r3, [r4, #368]	@ zero_extendqisi2
 636 0238 9B07     		lsls	r3, r3, #30
 637 023a 3FF5F5AE 		bmi	.L39
 638              	.L45:
 639 023e FFF7FEFF 		bl	stateCalcAccelNed_i
 640 0242 F1E6     		b	.L39
 641              	.L47:
 642              		.align	2
 643              	.L46:
 644 0244 00000000 		.word	state
 645 0248 04000000 		.word	guidance_v+4
 646 024c 00000000 		.word	.LC0
 647 0250 68000000 		.word	state+104
 648 0254 00000000 		.word	gv_adapt_X
 649 0258 00000000 		.word	gv_adapt_P
 650 025c 00000000 		.word	gv_adapt_Xmeas
 651 0260 00000000 		.word	.LANCHOR0
 652 0264 00000000 		.word	.LANCHOR2
 653 0268 00000000 		.word	.LANCHOR3
 654 026c 28000000 		.word	.LANCHOR1+40
 655              		.size	send_vert_loop, .-send_vert_loop
 656              		.section	.rodata.send_hover_loop.str1.4,"aMS",%progbits,1
 657              		.align	2
 658              	.LC1:
 659 0000 484F5645 		.ascii	"HOVER_LOOP\000"
 659      525F4C4F 
 659      4F5000
 660              		.section	.text.send_hover_loop,"ax",%progbits
 661              		.align	1
 662              		.p2align 4,,15
 663              		.syntax unified
 664              		.thumb
 665              		.thumb_func
 666              		.fpu fpv4-sp-d16
 667              		.type	send_hover_loop, %function
 668              	send_hover_loop:
 669              		@ args = 0, pretend = 0, frame = 16
 670              		@ frame_needed = 0, uses_anonymous_args = 0
 671 0000 2DE9F041 		push	{r4, r5, r6, r7, r8, lr}
 672 0004 9D4C     		ldr	r4, .L58
 673 0006 2388     		ldrh	r3, [r4]
 674 0008 0E46     		mov	r6, r1
 675 000a 9907     		lsls	r1, r3, #30
 676 000c 86B0     		sub	sp, sp, #24
 677 000e 0546     		mov	r5, r0
 678 0010 40F12281 		bpl	.L55
 679 0014 B4F81431 		ldrh	r3, [r4, #276]
 680 0018 9A07     		lsls	r2, r3, #30
ARM GAS  /tmp/ccfbQ3JY.s 			page 13


 681 001a 40F12481 		bpl	.L56
 682              	.L50:
 683 001e 94F87031 		ldrb	r3, [r4, #368]	@ zero_extendqisi2
 684 0022 9B07     		lsls	r3, r3, #30
 685 0024 40F12681 		bpl	.L57
 686              	.L51:
 687 0028 1F22     		movs	r2, #31
 688 002a 0024     		movs	r4, #0
 689 002c 2B68     		ldr	r3, [r5]
 690 002e 0495     		str	r5, [sp, #16]
 691 0030 4821     		movs	r1, #72
 692 0032 ADF80C20 		strh	r2, [sp, #12]	@ movhi
 693 0036 0596     		str	r6, [sp, #20]
 694 0038 8DF80E40 		strb	r4, [sp, #14]
 695 003c 0294     		str	r4, [sp, #8]
 696 003e 03A8     		add	r0, sp, #12
 697 0040 9847     		blx	r3
 698 0042 049B     		ldr	r3, [sp, #16]
 699 0044 82B2     		uxth	r2, r0
 700 0046 5B68     		ldr	r3, [r3, #4]
 701 0048 0546     		mov	r5, r0
 702 004a 02A9     		add	r1, sp, #8
 703 004c 03A8     		add	r0, sp, #12
 704 004e 9847     		blx	r3
 705 0050 049B     		ldr	r3, [sp, #16]
 706 0052 0028     		cmp	r0, #0
 707 0054 00F0FA80 		beq	.L52
 708 0058 2946     		mov	r1, r5
 709 005a 03A8     		add	r0, sp, #12
 710 005c DB69     		ldr	r3, [r3, #28]
 711 005e 884F     		ldr	r7, .L58+4
 712 0060 9847     		blx	r3
 713 0062 049B     		ldr	r3, [sp, #16]
 714 0064 0299     		ldr	r1, [sp, #8]
 715 0066 1B69     		ldr	r3, [r3, #16]
 716 0068 03A8     		add	r0, sp, #12
 717 006a 4822     		movs	r2, #72
 718 006c 9847     		blx	r3
 719 006e 0123     		movs	r3, #1
 720 0070 049A     		ldr	r2, [sp, #16]
 721 0072 0193     		str	r3, [sp, #4]
 722 0074 03AB     		add	r3, sp, #12
 723 0076 0093     		str	r3, [sp]
 724 0078 9568     		ldr	r5, [r2, #8]
 725 007a 0299     		ldr	r1, [sp, #8]
 726 007c 2346     		mov	r3, r4
 727 007e 03A8     		add	r0, sp, #12
 728 0080 0222     		movs	r2, #2
 729 0082 A847     		blx	r5
 730 0084 9DF80D30 		ldrb	r3, [sp, #13]	@ zero_extendqisi2
 731 0088 049A     		ldr	r2, [sp, #16]
 732 008a 0299     		ldr	r1, [sp, #8]
 733 008c CDE90034 		strd	r3, r4, [sp]
 734 0090 03A8     		add	r0, sp, #12
 735 0092 D568     		ldr	r5, [r2, #12]
 736 0094 2346     		mov	r3, r4
 737 0096 0222     		movs	r2, #2
ARM GAS  /tmp/ccfbQ3JY.s 			page 14


 738 0098 A847     		blx	r5
 739 009a 9DF80E30 		ldrb	r3, [sp, #14]	@ zero_extendqisi2
 740 009e 049A     		ldr	r2, [sp, #16]
 741 00a0 0299     		ldr	r1, [sp, #8]
 742 00a2 1B01     		lsls	r3, r3, #4
 743 00a4 43F00103 		orr	r3, r3, #1
 744 00a8 DBB2     		uxtb	r3, r3
 745 00aa CDE90034 		strd	r3, r4, [sp]
 746 00ae 03A8     		add	r0, sp, #12
 747 00b0 D568     		ldr	r5, [r2, #12]
 748 00b2 2346     		mov	r3, r4
 749 00b4 0222     		movs	r2, #2
 750 00b6 A847     		blx	r5
 751 00b8 7249     		ldr	r1, .L58+8
 752 00ba 049A     		ldr	r2, [sp, #16]
 753 00bc 9223     		movs	r3, #146
 754 00be CDE90031 		strd	r3, r1, [sp]
 755 00c2 03A8     		add	r0, sp, #12
 756 00c4 D568     		ldr	r5, [r2, #12]
 757 00c6 0299     		ldr	r1, [sp, #8]
 758 00c8 2346     		mov	r3, r4
 759 00ca 0222     		movs	r2, #2
 760 00cc A847     		blx	r5
 761 00ce 0425     		movs	r5, #4
 762 00d0 CDE90075 		strd	r7, r5, [sp]
 763 00d4 049B     		ldr	r3, [sp, #16]
 764 00d6 0299     		ldr	r1, [sp, #8]
 765 00d8 9E68     		ldr	r6, [r3, #8]
 766 00da 03A8     		add	r0, sp, #12
 767 00dc 2346     		mov	r3, r4
 768 00de 0722     		movs	r2, #7
 769 00e0 B047     		blx	r6
 770 00e2 049B     		ldr	r3, [sp, #16]
 771 00e4 0195     		str	r5, [sp, #4]
 772 00e6 7A19     		adds	r2, r7, r5
 773 00e8 0092     		str	r2, [sp]
 774 00ea 9E68     		ldr	r6, [r3, #8]
 775 00ec 0299     		ldr	r1, [sp, #8]
 776 00ee 2346     		mov	r3, r4
 777 00f0 03A8     		add	r0, sp, #12
 778 00f2 0722     		movs	r2, #7
 779 00f4 B047     		blx	r6
 780 00f6 644E     		ldr	r6, .L58+12
 781 00f8 049B     		ldr	r3, [sp, #16]
 782 00fa 0195     		str	r5, [sp, #4]
 783 00fc 0096     		str	r6, [sp]
 784 00fe D3F80880 		ldr	r8, [r3, #8]
 785 0102 0299     		ldr	r1, [sp, #8]
 786 0104 2346     		mov	r3, r4
 787 0106 03A8     		add	r0, sp, #12
 788 0108 0722     		movs	r2, #7
 789 010a C047     		blx	r8
 790 010c 049B     		ldr	r3, [sp, #16]
 791 010e 0195     		str	r5, [sp, #4]
 792 0110 7219     		adds	r2, r6, r5
 793 0112 0092     		str	r2, [sp]
 794 0114 D3F80880 		ldr	r8, [r3, #8]
ARM GAS  /tmp/ccfbQ3JY.s 			page 15


 795 0118 0299     		ldr	r1, [sp, #8]
 796 011a 2346     		mov	r3, r4
 797 011c 03A8     		add	r0, sp, #12
 798 011e 0722     		movs	r2, #7
 799 0120 C047     		blx	r8
 800 0122 049B     		ldr	r3, [sp, #16]
 801 0124 0195     		str	r5, [sp, #4]
 802 0126 06F1C402 		add	r2, r6, #196
 803 012a 0092     		str	r2, [sp]
 804 012c D3F80880 		ldr	r8, [r3, #8]
 805 0130 0299     		ldr	r1, [sp, #8]
 806 0132 2346     		mov	r3, r4
 807 0134 03A8     		add	r0, sp, #12
 808 0136 0722     		movs	r2, #7
 809 0138 C047     		blx	r8
 810 013a 049B     		ldr	r3, [sp, #16]
 811 013c 0195     		str	r5, [sp, #4]
 812 013e 06F1C802 		add	r2, r6, #200
 813 0142 0092     		str	r2, [sp]
 814 0144 D3F80880 		ldr	r8, [r3, #8]
 815 0148 0299     		ldr	r1, [sp, #8]
 816 014a 2346     		mov	r3, r4
 817 014c 03A8     		add	r0, sp, #12
 818 014e 0722     		movs	r2, #7
 819 0150 C047     		blx	r8
 820 0152 049B     		ldr	r3, [sp, #16]
 821 0154 0195     		str	r5, [sp, #4]
 822 0156 06F59072 		add	r2, r6, #288
 823 015a 0092     		str	r2, [sp]
 824 015c D3F80880 		ldr	r8, [r3, #8]
 825 0160 0299     		ldr	r1, [sp, #8]
 826 0162 2346     		mov	r3, r4
 827 0164 03A8     		add	r0, sp, #12
 828 0166 0722     		movs	r2, #7
 829 0168 06F59276 		add	r6, r6, #292
 830 016c C047     		blx	r8
 831 016e CDE90065 		strd	r6, r5, [sp]
 832 0172 049B     		ldr	r3, [sp, #16]
 833 0174 0299     		ldr	r1, [sp, #8]
 834 0176 9E68     		ldr	r6, [r3, #8]
 835 0178 03A8     		add	r0, sp, #12
 836 017a 2346     		mov	r3, r4
 837 017c 0722     		movs	r2, #7
 838 017e B047     		blx	r6
 839 0180 049B     		ldr	r3, [sp, #16]
 840 0182 424E     		ldr	r6, .L58+16
 841 0184 0195     		str	r5, [sp, #4]
 842 0186 0096     		str	r6, [sp]
 843 0188 D3F80880 		ldr	r8, [r3, #8]
 844 018c 0299     		ldr	r1, [sp, #8]
 845 018e 2346     		mov	r3, r4
 846 0190 03A8     		add	r0, sp, #12
 847 0192 2E44     		add	r6, r6, r5
 848 0194 0722     		movs	r2, #7
 849 0196 C047     		blx	r8
 850 0198 CDE90065 		strd	r6, r5, [sp]
 851 019c 049B     		ldr	r3, [sp, #16]
ARM GAS  /tmp/ccfbQ3JY.s 			page 16


 852 019e 0299     		ldr	r1, [sp, #8]
 853 01a0 9E68     		ldr	r6, [r3, #8]
 854 01a2 03A8     		add	r0, sp, #12
 855 01a4 2346     		mov	r3, r4
 856 01a6 0722     		movs	r2, #7
 857 01a8 B047     		blx	r6
 858 01aa 049B     		ldr	r3, [sp, #16]
 859 01ac 384E     		ldr	r6, .L58+20
 860 01ae 0195     		str	r5, [sp, #4]
 861 01b0 0096     		str	r6, [sp]
 862 01b2 D3F80880 		ldr	r8, [r3, #8]
 863 01b6 0299     		ldr	r1, [sp, #8]
 864 01b8 2346     		mov	r3, r4
 865 01ba 03A8     		add	r0, sp, #12
 866 01bc 2E44     		add	r6, r6, r5
 867 01be 0722     		movs	r2, #7
 868 01c0 C047     		blx	r8
 869 01c2 CDE90065 		strd	r6, r5, [sp]
 870 01c6 049B     		ldr	r3, [sp, #16]
 871 01c8 0299     		ldr	r1, [sp, #8]
 872 01ca 9E68     		ldr	r6, [r3, #8]
 873 01cc 03A8     		add	r0, sp, #12
 874 01ce 2346     		mov	r3, r4
 875 01d0 0722     		movs	r2, #7
 876 01d2 B047     		blx	r6
 877 01d4 049B     		ldr	r3, [sp, #16]
 878 01d6 2F4E     		ldr	r6, .L58+24
 879 01d8 0195     		str	r5, [sp, #4]
 880 01da 0096     		str	r6, [sp]
 881 01dc D3F80880 		ldr	r8, [r3, #8]
 882 01e0 0299     		ldr	r1, [sp, #8]
 883 01e2 2346     		mov	r3, r4
 884 01e4 03A8     		add	r0, sp, #12
 885 01e6 2E44     		add	r6, r6, r5
 886 01e8 0722     		movs	r2, #7
 887 01ea C047     		blx	r8
 888 01ec CDE90065 		strd	r6, r5, [sp]
 889 01f0 049B     		ldr	r3, [sp, #16]
 890 01f2 0299     		ldr	r1, [sp, #8]
 891 01f4 9E68     		ldr	r6, [r3, #8]
 892 01f6 03A8     		add	r0, sp, #12
 893 01f8 2346     		mov	r3, r4
 894 01fa 0722     		movs	r2, #7
 895 01fc B047     		blx	r6
 896 01fe 049B     		ldr	r3, [sp, #16]
 897 0200 254E     		ldr	r6, .L58+28
 898 0202 0195     		str	r5, [sp, #4]
 899 0204 0096     		str	r6, [sp]
 900 0206 D3F80880 		ldr	r8, [r3, #8]
 901 020a 0299     		ldr	r1, [sp, #8]
 902 020c 2346     		mov	r3, r4
 903 020e 03A8     		add	r0, sp, #12
 904 0210 2E44     		add	r6, r6, r5
 905 0212 0722     		movs	r2, #7
 906 0214 C047     		blx	r8
 907 0216 CDE90065 		strd	r6, r5, [sp]
 908 021a 049B     		ldr	r3, [sp, #16]
ARM GAS  /tmp/ccfbQ3JY.s 			page 17


 909 021c 0299     		ldr	r1, [sp, #8]
 910 021e 9E68     		ldr	r6, [r3, #8]
 911 0220 03A8     		add	r0, sp, #12
 912 0222 2346     		mov	r3, r4
 913 0224 0722     		movs	r2, #7
 914 0226 1837     		adds	r7, r7, #24
 915 0228 B047     		blx	r6
 916 022a CDE90075 		strd	r7, r5, [sp]
 917 022e 049B     		ldr	r3, [sp, #16]
 918 0230 0299     		ldr	r1, [sp, #8]
 919 0232 9D68     		ldr	r5, [r3, #8]
 920 0234 03A8     		add	r0, sp, #12
 921 0236 2346     		mov	r3, r4
 922 0238 0A22     		movs	r2, #10
 923 023a A847     		blx	r5
 924 023c 049B     		ldr	r3, [sp, #16]
 925 023e 0299     		ldr	r1, [sp, #8]
 926 0240 5B69     		ldr	r3, [r3, #20]
 927 0242 03A8     		add	r0, sp, #12
 928 0244 9847     		blx	r3
 929 0246 06B0     		add	sp, sp, #24
 930              		@ sp needed
 931 0248 BDE8F081 		pop	{r4, r5, r6, r7, r8, pc}
 932              	.L52:
 933 024c 9B69     		ldr	r3, [r3, #24]
 934 024e 03A8     		add	r0, sp, #12
 935 0250 9847     		blx	r3
 936 0252 06B0     		add	sp, sp, #24
 937              		@ sp needed
 938 0254 BDE8F081 		pop	{r4, r5, r6, r7, r8, pc}
 939              	.L55:
 940 0258 FFF7FEFF 		bl	stateCalcPositionNed_i
 941 025c B4F81431 		ldrh	r3, [r4, #276]
 942 0260 9A07     		lsls	r2, r3, #30
 943 0262 3FF5DCAE 		bmi	.L50
 944              	.L56:
 945 0266 FFF7FEFF 		bl	stateCalcSpeedNed_i
 946 026a 94F87031 		ldrb	r3, [r4, #368]	@ zero_extendqisi2
 947 026e 9B07     		lsls	r3, r3, #30
 948 0270 3FF5DAAE 		bmi	.L51
 949              	.L57:
 950 0274 FFF7FEFF 		bl	stateCalcAccelNed_i
 951 0278 D6E6     		b	.L51
 952              	.L59:
 953 027a 00BF     		.align	2
 954              	.L58:
 955 027c 00000000 		.word	state
 956 0280 04000000 		.word	guidance_h+4
 957 0284 00000000 		.word	.LC1
 958 0288 60000000 		.word	state+96
 959 028c 00000000 		.word	.LANCHOR5
 960 0290 00000000 		.word	.LANCHOR4
 961 0294 00000000 		.word	.LANCHOR6
 962 0298 20000000 		.word	.LANCHOR1+32
 963              		.size	send_hover_loop, .-send_hover_loop
 964              		.section	.text.guidance_pid_init,"ax",%progbits
 965              		.align	1
ARM GAS  /tmp/ccfbQ3JY.s 			page 18


 966              		.p2align 4,,15
 967              		.global	guidance_pid_init
 968              		.syntax unified
 969              		.thumb
 970              		.thumb_func
 971              		.fpu fpv4-sp-d16
 972              		.type	guidance_pid_init, %function
 973              	guidance_pid_init:
 974              		@ args = 0, pretend = 0, frame = 0
 975              		@ frame_needed = 0, uses_anonymous_args = 0
 976 0000 70B5     		push	{r4, r5, r6, lr}
 977 0002 1849     		ldr	r1, .L62
 978 0004 184D     		ldr	r5, .L62+4
 979 0006 1948     		ldr	r0, .L62+8
 980 0008 194C     		ldr	r4, .L62+12
 981 000a 1A4A     		ldr	r2, .L62+16
 982 000c 0023     		movs	r3, #0
 983 000e C1E90033 		strd	r3, r3, [r1]
 984 0012 2B60     		str	r3, [r5]
 985 0014 1849     		ldr	r1, .L62+20
 986 0016 194D     		ldr	r5, .L62+24
 987 0018 0B60     		str	r3, [r1]
 988 001a C4E90033 		strd	r3, r3, [r4]
 989 001e C2E90033 		strd	r3, r3, [r2]
 990 0022 C0E90833 		strd	r3, r3, [r0, #32]
 991 0026 2B60     		str	r3, [r5]
 992 0028 C360     		str	r3, [r0, #12]
 993 002a 8362     		str	r3, [r0, #40]
 994 002c 8385     		strh	r3, [r0, #44]	@ movhi
 995 002e 3226     		movs	r6, #50
 996 0030 6423     		movs	r3, #100
 997 0032 134C     		ldr	r4, .L62+28
 998 0034 0660     		str	r6, [r0]
 999 0036 4360     		str	r3, [r0, #4]
 1000 0038 4626     		movs	r6, #70
 1001 003a 9623     		movs	r3, #150
 1002 003c C0E90463 		strd	r6, r3, [r0, #16]
 1003 0040 1421     		movs	r1, #20
 1004 0042 5023     		movs	r3, #80
 1005 0044 8160     		str	r1, [r0, #8]
 1006 0046 C161     		str	r1, [r0, #28]
 1007 0048 0E4A     		ldr	r2, .L62+32
 1008 004a 8361     		str	r3, [r0, #24]
 1009 004c 9221     		movs	r1, #146
 1010 004e 2046     		mov	r0, r4
 1011 0050 FFF7FEFF 		bl	register_periodic_telemetry
 1012 0054 2046     		mov	r0, r4
 1013 0056 0C4A     		ldr	r2, .L62+36
 1014 0058 BDE87040 		pop	{r4, r5, r6, lr}
 1015 005c 9121     		movs	r1, #145
 1016 005e FFF7FEBF 		b	register_periodic_telemetry
 1017              	.L63:
 1018 0062 00BF     		.align	2
 1019              	.L62:
 1020 0064 00000000 		.word	.LANCHOR4
 1021 0068 00000000 		.word	.LANCHOR0
 1022 006c 00000000 		.word	.LANCHOR1
ARM GAS  /tmp/ccfbQ3JY.s 			page 19


 1023 0070 00000000 		.word	.LANCHOR5
 1024 0074 00000000 		.word	.LANCHOR6
 1025 0078 00000000 		.word	.LANCHOR2
 1026 007c 00000000 		.word	.LANCHOR3
 1027 0080 00000000 		.word	pprz_telemetry
 1028 0084 00000000 		.word	send_hover_loop
 1029 0088 00000000 		.word	send_vert_loop
 1030              		.size	guidance_pid_init, .-guidance_pid_init
 1031              		.section	.text.guidance_pid_h_run_pos,"ax",%progbits
 1032              		.align	1
 1033              		.p2align 4,,15
 1034              		.global	guidance_pid_h_run_pos
 1035              		.syntax unified
 1036              		.thumb
 1037              		.thumb_func
 1038              		.fpu fpv4-sp-d16
 1039              		.type	guidance_pid_h_run_pos, %function
 1040              	guidance_pid_h_run_pos:
 1041              		@ args = 0, pretend = 0, frame = 8
 1042              		@ frame_needed = 0, uses_anonymous_args = 0
 1043 0000 F0B5     		push	{r4, r5, r6, r7, lr}
 1044 0002 3A4E     		ldr	r6, .L73
 1045 0004 946A     		ldr	r4, [r2, #40]
 1046 0006 3388     		ldrh	r3, [r6]
 1047 0008 1546     		mov	r5, r2
 1048 000a 9A07     		lsls	r2, r3, #30
 1049 000c 83B0     		sub	sp, sp, #12
 1050 000e 40D5     		bpl	.L71
 1051 0010 336E     		ldr	r3, [r6, #96]
 1052 0012 374F     		ldr	r7, .L73+4
 1053 0014 E31A     		subs	r3, r4, r3
 1054 0016 EC6A     		ldr	r4, [r5, #44]
 1055              	.L66:
 1056 0018 726E     		ldr	r2, [r6, #100]
 1057 001a B3F5805F 		cmp	r3, #4096
 1058 001e A4EB0204 		sub	r4, r4, r2
 1059 0022 344A     		ldr	r2, .L73+8
 1060 0024 A8BF     		it	ge
 1061 0026 4FF48053 		movge	r3, #4096
 1062 002a B4F5805F 		cmp	r4, #4096
 1063 002e A8BF     		it	ge
 1064 0030 4FF48054 		movge	r4, #4096
 1065 0034 9342     		cmp	r3, r2
 1066 0036 B8BF     		it	lt
 1067 0038 1346     		movlt	r3, r2
 1068 003a 9442     		cmp	r4, r2
 1069 003c B8BF     		it	lt
 1070 003e 1446     		movlt	r4, r2
 1071 0040 C7E90034 		strd	r3, r4, [r7]
 1072 0044 B6F81431 		ldrh	r3, [r6, #276]
 1073 0048 2C6B     		ldr	r4, [r5, #48]
 1074 004a 9B07     		lsls	r3, r3, #30
 1075 004c 36D5     		bpl	.L72
 1076 004e D6F82431 		ldr	r3, [r6, #292]
 1077 0052 294F     		ldr	r7, .L73+12
 1078 0054 E31A     		subs	r3, r4, r3
 1079 0056 6C6B     		ldr	r4, [r5, #52]
ARM GAS  /tmp/ccfbQ3JY.s 			page 20


 1080              	.L68:
 1081 0058 D6F82821 		ldr	r2, [r6, #296]
 1082 005c 0090     		str	r0, [sp]
 1083 005e A41A     		subs	r4, r4, r2
 1084 0060 B3F5000F 		cmp	r3, #8388608
 1085 0064 2A46     		mov	r2, r5
 1086 0066 254D     		ldr	r5, .L73+16
 1087 0068 A8BF     		it	ge
 1088 006a 4FF40003 		movge	r3, #8388608
 1089 006e B4F5000F 		cmp	r4, #8388608
 1090 0072 A8BF     		it	ge
 1091 0074 4FF40004 		movge	r4, #8388608
 1092 0078 AB42     		cmp	r3, r5
 1093 007a B8BF     		it	lt
 1094 007c 2B46     		movlt	r3, r5
 1095 007e AC42     		cmp	r4, r5
 1096 0080 B8BF     		it	lt
 1097 0082 2C46     		movlt	r4, r5
 1098 0084 C7E90034 		strd	r3, r4, [r7]
 1099 0088 FFF7FEFF 		bl	guidance_pid_h_run
 1100 008c 0098     		ldr	r0, [sp]
 1101 008e 03B0     		add	sp, sp, #12
 1102              		@ sp needed
 1103 0090 F0BD     		pop	{r4, r5, r6, r7, pc}
 1104              	.L71:
 1105 0092 CDE90001 		strd	r0, r1, [sp]
 1106 0096 FFF7FEFF 		bl	stateCalcPositionNed_i
 1107 009a 336E     		ldr	r3, [r6, #96]
 1108 009c 3288     		ldrh	r2, [r6]
 1109 009e 144F     		ldr	r7, .L73+4
 1110 00a0 E31A     		subs	r3, r4, r3
 1111 00a2 12F0020F 		tst	r2, #2
 1112 00a6 DDE90001 		ldrd	r0, r1, [sp]
 1113 00aa EC6A     		ldr	r4, [r5, #44]
 1114 00ac 3B60     		str	r3, [r7]
 1115 00ae B3D1     		bne	.L66
 1116 00b0 FFF7FEFF 		bl	stateCalcPositionNed_i
 1117 00b4 DDE90001 		ldrd	r0, r1, [sp]
 1118 00b8 3B68     		ldr	r3, [r7]
 1119 00ba ADE7     		b	.L66
 1120              	.L72:
 1121 00bc CDE90001 		strd	r0, r1, [sp]
 1122 00c0 FFF7FEFF 		bl	stateCalcSpeedNed_i
 1123 00c4 D6F82431 		ldr	r3, [r6, #292]
 1124 00c8 B6F81421 		ldrh	r2, [r6, #276]
 1125 00cc 0A4F     		ldr	r7, .L73+12
 1126 00ce E31A     		subs	r3, r4, r3
 1127 00d0 12F0020F 		tst	r2, #2
 1128 00d4 DDE90001 		ldrd	r0, r1, [sp]
 1129 00d8 6C6B     		ldr	r4, [r5, #52]
 1130 00da 3B60     		str	r3, [r7]
 1131 00dc BCD1     		bne	.L68
 1132 00de FFF7FEFF 		bl	stateCalcSpeedNed_i
 1133 00e2 DDE90001 		ldrd	r0, r1, [sp]
 1134 00e6 3B68     		ldr	r3, [r7]
 1135 00e8 B6E7     		b	.L68
 1136              	.L74:
ARM GAS  /tmp/ccfbQ3JY.s 			page 21


 1137 00ea 00BF     		.align	2
 1138              	.L73:
 1139 00ec 00000000 		.word	state
 1140 00f0 00000000 		.word	.LANCHOR5
 1141 00f4 00F0FFFF 		.word	-4096
 1142 00f8 00000000 		.word	.LANCHOR4
 1143 00fc 000080FF 		.word	-8388608
 1144              		.size	guidance_pid_h_run_pos, .-guidance_pid_h_run_pos
 1145              		.section	.text.guidance_pid_h_run_speed,"ax",%progbits
 1146              		.align	1
 1147              		.p2align 4,,15
 1148              		.global	guidance_pid_h_run_speed
 1149              		.syntax unified
 1150              		.thumb
 1151              		.thumb_func
 1152              		.fpu fpv4-sp-d16
 1153              		.type	guidance_pid_h_run_speed, %function
 1154              	guidance_pid_h_run_speed:
 1155              		@ args = 0, pretend = 0, frame = 8
 1156              		@ frame_needed = 0, uses_anonymous_args = 0
 1157 0000 F0B5     		push	{r4, r5, r6, r7, lr}
 1158 0002 224B     		ldr	r3, .L81
 1159 0004 224F     		ldr	r7, .L81+4
 1160 0006 1546     		mov	r5, r2
 1161 0008 0022     		movs	r2, #0
 1162 000a C3E90022 		strd	r2, r2, [r3]
 1163 000e B7F81431 		ldrh	r3, [r7, #276]
 1164 0012 2C6B     		ldr	r4, [r5, #48]
 1165 0014 9B07     		lsls	r3, r3, #30
 1166 0016 83B0     		sub	sp, sp, #12
 1167 0018 21D5     		bpl	.L80
 1168 001a D7F82431 		ldr	r3, [r7, #292]
 1169 001e 1D4E     		ldr	r6, .L81+8
 1170 0020 E31A     		subs	r3, r4, r3
 1171 0022 6C6B     		ldr	r4, [r5, #52]
 1172              	.L77:
 1173 0024 D7F82821 		ldr	r2, [r7, #296]
 1174 0028 0090     		str	r0, [sp]
 1175 002a A41A     		subs	r4, r4, r2
 1176 002c B3F5000F 		cmp	r3, #8388608
 1177 0030 2A46     		mov	r2, r5
 1178 0032 194D     		ldr	r5, .L81+12
 1179 0034 A8BF     		it	ge
 1180 0036 4FF40003 		movge	r3, #8388608
 1181 003a B4F5000F 		cmp	r4, #8388608
 1182 003e A8BF     		it	ge
 1183 0040 4FF40004 		movge	r4, #8388608
 1184 0044 AB42     		cmp	r3, r5
 1185 0046 B8BF     		it	lt
 1186 0048 2B46     		movlt	r3, r5
 1187 004a AC42     		cmp	r4, r5
 1188 004c B8BF     		it	lt
 1189 004e 2C46     		movlt	r4, r5
 1190 0050 C6E90034 		strd	r3, r4, [r6]
 1191 0054 FFF7FEFF 		bl	guidance_pid_h_run
 1192 0058 0098     		ldr	r0, [sp]
 1193 005a 03B0     		add	sp, sp, #12
ARM GAS  /tmp/ccfbQ3JY.s 			page 22


 1194              		@ sp needed
 1195 005c F0BD     		pop	{r4, r5, r6, r7, pc}
 1196              	.L80:
 1197 005e CDE90001 		strd	r0, r1, [sp]
 1198 0062 FFF7FEFF 		bl	stateCalcSpeedNed_i
 1199 0066 D7F82431 		ldr	r3, [r7, #292]
 1200 006a B7F81421 		ldrh	r2, [r7, #276]
 1201 006e 094E     		ldr	r6, .L81+8
 1202 0070 E31A     		subs	r3, r4, r3
 1203 0072 12F0020F 		tst	r2, #2
 1204 0076 DDE90001 		ldrd	r0, r1, [sp]
 1205 007a 6C6B     		ldr	r4, [r5, #52]
 1206 007c 3360     		str	r3, [r6]
 1207 007e D1D1     		bne	.L77
 1208 0080 FFF7FEFF 		bl	stateCalcSpeedNed_i
 1209 0084 DDE90001 		ldrd	r0, r1, [sp]
 1210 0088 3368     		ldr	r3, [r6]
 1211 008a CBE7     		b	.L77
 1212              	.L82:
 1213              		.align	2
 1214              	.L81:
 1215 008c 00000000 		.word	.LANCHOR5
 1216 0090 00000000 		.word	state
 1217 0094 00000000 		.word	.LANCHOR4
 1218 0098 000080FF 		.word	-8388608
 1219              		.size	guidance_pid_h_run_speed, .-guidance_pid_h_run_speed
 1220              		.section	.text.guidance_pid_h_run_accel,"ax",%progbits
 1221              		.align	1
 1222              		.p2align 4,,15
 1223              		.global	guidance_pid_h_run_accel
 1224              		.syntax unified
 1225              		.thumb
 1226              		.thumb_func
 1227              		.fpu fpv4-sp-d16
 1228              		.type	guidance_pid_h_run_accel, %function
 1229              	guidance_pid_h_run_accel:
 1230              		@ args = 0, pretend = 0, frame = 0
 1231              		@ frame_needed = 0, uses_anonymous_args = 0
 1232 0000 10B5     		push	{r4, lr}
 1233 0002 2022     		movs	r2, #32
 1234 0004 0446     		mov	r4, r0
 1235 0006 0021     		movs	r1, #0
 1236 0008 FFF7FEFF 		bl	memset
 1237 000c 2046     		mov	r0, r4
 1238 000e 10BD     		pop	{r4, pc}
 1239              		.size	guidance_pid_h_run_accel, .-guidance_pid_h_run_accel
 1240              		.section	.text.guidance_pid_v_run_pos,"ax",%progbits
 1241              		.align	1
 1242              		.p2align 4,,15
 1243              		.global	guidance_pid_v_run_pos
 1244              		.syntax unified
 1245              		.thumb
 1246              		.thumb_func
 1247              		.fpu fpv4-sp-d16
 1248              		.type	guidance_pid_v_run_pos, %function
 1249              	guidance_pid_v_run_pos:
 1250              		@ args = 0, pretend = 0, frame = 0
ARM GAS  /tmp/ccfbQ3JY.s 			page 23


 1251              		@ frame_needed = 0, uses_anonymous_args = 0
 1252              		@ link register save eliminated.
 1253 0000 FFF7FEBF 		b	guidance_pid_v_run
 1254              		.size	guidance_pid_v_run_pos, .-guidance_pid_v_run_pos
 1255              		.section	.text.guidance_pid_v_run_speed,"ax",%progbits
 1256              		.align	1
 1257              		.p2align 4,,15
 1258              		.global	guidance_pid_v_run_speed
 1259              		.syntax unified
 1260              		.thumb
 1261              		.thumb_func
 1262              		.fpu fpv4-sp-d16
 1263              		.type	guidance_pid_v_run_speed, %function
 1264              	guidance_pid_v_run_speed:
 1265              		@ args = 0, pretend = 0, frame = 0
 1266              		@ frame_needed = 0, uses_anonymous_args = 0
 1267              		@ link register save eliminated.
 1268 0000 FFF7FEBF 		b	guidance_pid_v_run
 1269              		.size	guidance_pid_v_run_speed, .-guidance_pid_v_run_speed
 1270              		.section	.text.guidance_pid_v_run_accel,"ax",%progbits
 1271              		.align	1
 1272              		.p2align 4,,15
 1273              		.global	guidance_pid_v_run_accel
 1274              		.syntax unified
 1275              		.thumb
 1276              		.thumb_func
 1277              		.fpu fpv4-sp-d16
 1278              		.type	guidance_pid_v_run_accel, %function
 1279              	guidance_pid_v_run_accel:
 1280              		@ args = 0, pretend = 0, frame = 0
 1281              		@ frame_needed = 0, uses_anonymous_args = 0
 1282              		@ link register save eliminated.
 1283 0000 0020     		movs	r0, #0
 1284 0002 7047     		bx	lr
 1285              		.size	guidance_pid_v_run_accel, .-guidance_pid_v_run_accel
 1286              		.section	.text.guidance_pid_h_enter,"ax",%progbits
 1287              		.align	1
 1288              		.p2align 4,,15
 1289              		.global	guidance_pid_h_enter
 1290              		.syntax unified
 1291              		.thumb
 1292              		.thumb_func
 1293              		.fpu fpv4-sp-d16
 1294              		.type	guidance_pid_h_enter, %function
 1295              	guidance_pid_h_enter:
 1296              		@ args = 0, pretend = 0, frame = 0
 1297              		@ frame_needed = 0, uses_anonymous_args = 0
 1298 0000 10B5     		push	{r4, lr}
 1299 0002 094C     		ldr	r4, .L92
 1300 0004 94F8B031 		ldrb	r3, [r4, #432]	@ zero_extendqisi2
 1301 0008 DB06     		lsls	r3, r3, #27
 1302 000a 04D5     		bpl	.L91
 1303 000c 074B     		ldr	r3, .L92+4
 1304 000e D4F80C22 		ldr	r2, [r4, #524]	@ float
 1305 0012 1A64     		str	r2, [r3, #64]	@ float
 1306 0014 10BD     		pop	{r4, pc}
 1307              	.L91:
ARM GAS  /tmp/ccfbQ3JY.s 			page 24


 1308 0016 04F5D870 		add	r0, r4, #432
 1309 001a FFF7FEFF 		bl	orientationCalcEulers_f
 1310 001e 034B     		ldr	r3, .L92+4
 1311 0020 D4F80C22 		ldr	r2, [r4, #524]	@ float
 1312 0024 1A64     		str	r2, [r3, #64]	@ float
 1313 0026 10BD     		pop	{r4, pc}
 1314              	.L93:
 1315              		.align	2
 1316              	.L92:
 1317 0028 00000000 		.word	state
 1318 002c 00000000 		.word	nav
 1319              		.size	guidance_pid_h_enter, .-guidance_pid_h_enter
 1320              		.section	.text.guidance_pid_v_enter,"ax",%progbits
 1321              		.align	1
 1322              		.p2align 4,,15
 1323              		.global	guidance_pid_v_enter
 1324              		.syntax unified
 1325              		.thumb
 1326              		.thumb_func
 1327              		.fpu fpv4-sp-d16
 1328              		.type	guidance_pid_v_enter, %function
 1329              	guidance_pid_v_enter:
 1330              		@ args = 0, pretend = 0, frame = 0
 1331              		@ frame_needed = 0, uses_anonymous_args = 0
 1332              		@ link register save eliminated.
 1333 0000 014B     		ldr	r3, .L95
 1334 0002 0022     		movs	r2, #0
 1335 0004 1A60     		str	r2, [r3]
 1336 0006 7047     		bx	lr
 1337              	.L96:
 1338              		.align	2
 1339              	.L95:
 1340 0008 00000000 		.word	.LANCHOR0
 1341              		.size	guidance_pid_v_enter, .-guidance_pid_v_enter
 1342              		.section	.text.guidance_pid_set_h_igain,"ax",%progbits
 1343              		.align	1
 1344              		.p2align 4,,15
 1345              		.global	guidance_pid_set_h_igain
 1346              		.syntax unified
 1347              		.thumb
 1348              		.thumb_func
 1349              		.fpu fpv4-sp-d16
 1350              		.type	guidance_pid_set_h_igain, %function
 1351              	guidance_pid_set_h_igain:
 1352              		@ args = 0, pretend = 0, frame = 0
 1353              		@ frame_needed = 0, uses_anonymous_args = 0
 1354              		@ link register save eliminated.
 1355 0000 034B     		ldr	r3, .L98
 1356 0002 0449     		ldr	r1, .L98+4
 1357 0004 0022     		movs	r2, #0
 1358 0006 C3E90022 		strd	r2, r2, [r3]
 1359 000a 8860     		str	r0, [r1, #8]
 1360 000c 7047     		bx	lr
 1361              	.L99:
 1362 000e 00BF     		.align	2
 1363              	.L98:
 1364 0010 00000000 		.word	.LANCHOR6
ARM GAS  /tmp/ccfbQ3JY.s 			page 25


 1365 0014 00000000 		.word	.LANCHOR1
 1366              		.size	guidance_pid_set_h_igain, .-guidance_pid_set_h_igain
 1367              		.section	.text.guidance_pid_set_v_igain,"ax",%progbits
 1368              		.align	1
 1369              		.p2align 4,,15
 1370              		.global	guidance_pid_set_v_igain
 1371              		.syntax unified
 1372              		.thumb
 1373              		.thumb_func
 1374              		.fpu fpv4-sp-d16
 1375              		.type	guidance_pid_set_v_igain, %function
 1376              	guidance_pid_set_v_igain:
 1377              		@ args = 0, pretend = 0, frame = 0
 1378              		@ frame_needed = 0, uses_anonymous_args = 0
 1379              		@ link register save eliminated.
 1380 0000 0249     		ldr	r1, .L101
 1381 0002 034B     		ldr	r3, .L101+4
 1382 0004 C861     		str	r0, [r1, #28]
 1383 0006 0022     		movs	r2, #0
 1384 0008 1A60     		str	r2, [r3]
 1385 000a 7047     		bx	lr
 1386              	.L102:
 1387              		.align	2
 1388              	.L101:
 1389 000c 00000000 		.word	.LANCHOR1
 1390 0010 00000000 		.word	.LANCHOR0
 1391              		.size	guidance_pid_set_v_igain, .-guidance_pid_set_v_igain
 1392              		.section	.text.guidance_pid_get_h_pos_err,"ax",%progbits
 1393              		.align	1
 1394              		.p2align 4,,15
 1395              		.global	guidance_pid_get_h_pos_err
 1396              		.syntax unified
 1397              		.thumb
 1398              		.thumb_func
 1399              		.fpu fpv4-sp-d16
 1400              		.type	guidance_pid_get_h_pos_err, %function
 1401              	guidance_pid_get_h_pos_err:
 1402              		@ args = 0, pretend = 0, frame = 0
 1403              		@ frame_needed = 0, uses_anonymous_args = 0
 1404              		@ link register save eliminated.
 1405 0000 0048     		ldr	r0, .L104
 1406 0002 7047     		bx	lr
 1407              	.L105:
 1408              		.align	2
 1409              	.L104:
 1410 0004 00000000 		.word	.LANCHOR5
 1411              		.size	guidance_pid_get_h_pos_err, .-guidance_pid_get_h_pos_err
 1412              		.section	.text.guidance_h_run_enter,"ax",%progbits
 1413              		.align	1
 1414              		.p2align 4,,15
 1415              		.global	guidance_h_run_enter
 1416              		.syntax unified
 1417              		.thumb
 1418              		.thumb_func
 1419              		.fpu fpv4-sp-d16
 1420              		.type	guidance_h_run_enter, %function
 1421              	guidance_h_run_enter:
ARM GAS  /tmp/ccfbQ3JY.s 			page 26


 1422              		@ args = 0, pretend = 0, frame = 0
 1423              		@ frame_needed = 0, uses_anonymous_args = 0
 1424 0000 10B5     		push	{r4, lr}
 1425 0002 094C     		ldr	r4, .L110
 1426 0004 94F8B031 		ldrb	r3, [r4, #432]	@ zero_extendqisi2
 1427 0008 DB06     		lsls	r3, r3, #27
 1428 000a 04D5     		bpl	.L109
 1429 000c 074B     		ldr	r3, .L110+4
 1430 000e D4F80C22 		ldr	r2, [r4, #524]	@ float
 1431 0012 1A64     		str	r2, [r3, #64]	@ float
 1432 0014 10BD     		pop	{r4, pc}
 1433              	.L109:
 1434 0016 04F5D870 		add	r0, r4, #432
 1435 001a FFF7FEFF 		bl	orientationCalcEulers_f
 1436 001e 034B     		ldr	r3, .L110+4
 1437 0020 D4F80C22 		ldr	r2, [r4, #524]	@ float
 1438 0024 1A64     		str	r2, [r3, #64]	@ float
 1439 0026 10BD     		pop	{r4, pc}
 1440              	.L111:
 1441              		.align	2
 1442              	.L110:
 1443 0028 00000000 		.word	state
 1444 002c 00000000 		.word	nav
 1445              		.size	guidance_h_run_enter, .-guidance_h_run_enter
 1446              		.section	.text.guidance_v_run_enter,"ax",%progbits
 1447              		.align	1
 1448              		.p2align 4,,15
 1449              		.global	guidance_v_run_enter
 1450              		.syntax unified
 1451              		.thumb
 1452              		.thumb_func
 1453              		.fpu fpv4-sp-d16
 1454              		.type	guidance_v_run_enter, %function
 1455              	guidance_v_run_enter:
 1456              		@ args = 0, pretend = 0, frame = 0
 1457              		@ frame_needed = 0, uses_anonymous_args = 0
 1458              		@ link register save eliminated.
 1459 0000 014B     		ldr	r3, .L113
 1460 0002 0022     		movs	r2, #0
 1461 0004 1A60     		str	r2, [r3]
 1462 0006 7047     		bx	lr
 1463              	.L114:
 1464              		.align	2
 1465              	.L113:
 1466 0008 00000000 		.word	.LANCHOR0
 1467              		.size	guidance_v_run_enter, .-guidance_v_run_enter
 1468              		.section	.text.guidance_h_run_pos,"ax",%progbits
 1469              		.align	1
 1470              		.p2align 4,,15
 1471              		.global	guidance_h_run_pos
 1472              		.syntax unified
 1473              		.thumb
 1474              		.thumb_func
 1475              		.fpu fpv4-sp-d16
 1476              		.type	guidance_h_run_pos, %function
 1477              	guidance_h_run_pos:
 1478              		@ args = 0, pretend = 0, frame = 0
ARM GAS  /tmp/ccfbQ3JY.s 			page 27


 1479              		@ frame_needed = 0, uses_anonymous_args = 0
 1480 0000 10B5     		push	{r4, lr}
 1481 0002 0446     		mov	r4, r0
 1482 0004 FFF7FEFF 		bl	guidance_pid_h_run_pos
 1483 0008 2046     		mov	r0, r4
 1484 000a 10BD     		pop	{r4, pc}
 1485              		.size	guidance_h_run_pos, .-guidance_h_run_pos
 1486              		.section	.text.guidance_h_run_speed,"ax",%progbits
 1487              		.align	1
 1488              		.p2align 4,,15
 1489              		.global	guidance_h_run_speed
 1490              		.syntax unified
 1491              		.thumb
 1492              		.thumb_func
 1493              		.fpu fpv4-sp-d16
 1494              		.type	guidance_h_run_speed, %function
 1495              	guidance_h_run_speed:
 1496              		@ args = 0, pretend = 0, frame = 0
 1497              		@ frame_needed = 0, uses_anonymous_args = 0
 1498 0000 10B5     		push	{r4, lr}
 1499 0002 0446     		mov	r4, r0
 1500 0004 FFF7FEFF 		bl	guidance_pid_h_run_speed
 1501 0008 2046     		mov	r0, r4
 1502 000a 10BD     		pop	{r4, pc}
 1503              		.size	guidance_h_run_speed, .-guidance_h_run_speed
 1504              		.section	.text.guidance_h_run_accel,"ax",%progbits
 1505              		.align	1
 1506              		.p2align 4,,15
 1507              		.global	guidance_h_run_accel
 1508              		.syntax unified
 1509              		.thumb
 1510              		.thumb_func
 1511              		.fpu fpv4-sp-d16
 1512              		.type	guidance_h_run_accel, %function
 1513              	guidance_h_run_accel:
 1514              		@ args = 0, pretend = 0, frame = 0
 1515              		@ frame_needed = 0, uses_anonymous_args = 0
 1516 0000 10B5     		push	{r4, lr}
 1517 0002 2022     		movs	r2, #32
 1518 0004 0446     		mov	r4, r0
 1519 0006 0021     		movs	r1, #0
 1520 0008 FFF7FEFF 		bl	memset
 1521 000c 2046     		mov	r0, r4
 1522 000e 10BD     		pop	{r4, pc}
 1523              		.size	guidance_h_run_accel, .-guidance_h_run_accel
 1524              		.section	.text.guidance_v_run_pos,"ax",%progbits
 1525              		.align	1
 1526              		.p2align 4,,15
 1527              		.global	guidance_v_run_pos
 1528              		.syntax unified
 1529              		.thumb
 1530              		.thumb_func
 1531              		.fpu fpv4-sp-d16
 1532              		.type	guidance_v_run_pos, %function
 1533              	guidance_v_run_pos:
 1534              		@ args = 0, pretend = 0, frame = 0
 1535              		@ frame_needed = 0, uses_anonymous_args = 0
ARM GAS  /tmp/ccfbQ3JY.s 			page 28


 1536              		@ link register save eliminated.
 1537 0000 FFF7FEBF 		b	guidance_pid_v_run
 1538              		.size	guidance_v_run_pos, .-guidance_v_run_pos
 1539              		.section	.text.guidance_v_run_speed,"ax",%progbits
 1540              		.align	1
 1541              		.p2align 4,,15
 1542              		.global	guidance_v_run_speed
 1543              		.syntax unified
 1544              		.thumb
 1545              		.thumb_func
 1546              		.fpu fpv4-sp-d16
 1547              		.type	guidance_v_run_speed, %function
 1548              	guidance_v_run_speed:
 1549              		@ args = 0, pretend = 0, frame = 0
 1550              		@ frame_needed = 0, uses_anonymous_args = 0
 1551              		@ link register save eliminated.
 1552 0000 FFF7FEBF 		b	guidance_pid_v_run
 1553              		.size	guidance_v_run_speed, .-guidance_v_run_speed
 1554              		.section	.text.guidance_v_run_accel,"ax",%progbits
 1555              		.align	1
 1556              		.p2align 4,,15
 1557              		.global	guidance_v_run_accel
 1558              		.syntax unified
 1559              		.thumb
 1560              		.thumb_func
 1561              		.fpu fpv4-sp-d16
 1562              		.type	guidance_v_run_accel, %function
 1563              	guidance_v_run_accel:
 1564              		@ args = 0, pretend = 0, frame = 0
 1565              		@ frame_needed = 0, uses_anonymous_args = 0
 1566              		@ link register save eliminated.
 1567 0000 0020     		movs	r0, #0
 1568 0002 7047     		bx	lr
 1569              		.size	guidance_v_run_accel, .-guidance_v_run_accel
 1570              		.global	guidance_pid_v_fb_cmd
 1571              		.global	guidance_pid_v_ff_cmd
 1572              		.global	guidance_pid_z_sum_err
 1573              		.global	guidance_pid_trim_att_integrator
 1574              		.global	guidance_pid_speed_err
 1575              		.global	guidance_pid_pos_err
 1576              		.global	guidance_pid
 1577              		.section	.bss.guidance_pid,"aw",%nobits
 1578              		.align	2
 1579              		.set	.LANCHOR1,. + 0
 1580              		.type	guidance_pid, %object
 1581              		.size	guidance_pid, 48
 1582              	guidance_pid:
 1583 0000 00000000 		.space	48
 1583      00000000 
 1583      00000000 
 1583      00000000 
 1583      00000000 
 1584              		.section	.bss.guidance_pid_pos_err,"aw",%nobits
 1585              		.align	2
 1586              		.set	.LANCHOR5,. + 0
 1587              		.type	guidance_pid_pos_err, %object
 1588              		.size	guidance_pid_pos_err, 8
ARM GAS  /tmp/ccfbQ3JY.s 			page 29


 1589              	guidance_pid_pos_err:
 1590 0000 00000000 		.space	8
 1590      00000000 
 1591              		.section	.bss.guidance_pid_speed_err,"aw",%nobits
 1592              		.align	2
 1593              		.set	.LANCHOR4,. + 0
 1594              		.type	guidance_pid_speed_err, %object
 1595              		.size	guidance_pid_speed_err, 8
 1596              	guidance_pid_speed_err:
 1597 0000 00000000 		.space	8
 1597      00000000 
 1598              		.section	.bss.guidance_pid_trim_att_integrator,"aw",%nobits
 1599              		.align	2
 1600              		.set	.LANCHOR6,. + 0
 1601              		.type	guidance_pid_trim_att_integrator, %object
 1602              		.size	guidance_pid_trim_att_integrator, 8
 1603              	guidance_pid_trim_att_integrator:
 1604 0000 00000000 		.space	8
 1604      00000000 
 1605              		.section	.bss.guidance_pid_v_fb_cmd,"aw",%nobits
 1606              		.align	2
 1607              		.set	.LANCHOR3,. + 0
 1608              		.type	guidance_pid_v_fb_cmd, %object
 1609              		.size	guidance_pid_v_fb_cmd, 4
 1610              	guidance_pid_v_fb_cmd:
 1611 0000 00000000 		.space	4
 1612              		.section	.bss.guidance_pid_v_ff_cmd,"aw",%nobits
 1613              		.align	2
 1614              		.set	.LANCHOR2,. + 0
 1615              		.type	guidance_pid_v_ff_cmd, %object
 1616              		.size	guidance_pid_v_ff_cmd, 4
 1617              	guidance_pid_v_ff_cmd:
 1618 0000 00000000 		.space	4
 1619              		.section	.bss.guidance_pid_z_sum_err,"aw",%nobits
 1620              		.align	2
 1621              		.set	.LANCHOR0,. + 0
 1622              		.type	guidance_pid_z_sum_err, %object
 1623              		.size	guidance_pid_z_sum_err, 4
 1624              	guidance_pid_z_sum_err:
 1625 0000 00000000 		.space	4
 1626              		.section	.bss.thrust_cmd_filt.0,"aw",%nobits
 1627              		.align	2
 1628              		.set	.LANCHOR7,. + 0
 1629              		.type	thrust_cmd_filt.0, %object
 1630              		.size	thrust_cmd_filt.0, 4
 1631              	thrust_cmd_filt.0:
 1632 0000 00000000 		.space	4
 1633              		.ident	"GCC: (15:10.3-2021.07-4) 10.3.1 20210621 (release)"
ARM GAS  /tmp/ccfbQ3JY.s 			page 30


DEFINED SYMBOLS
                            *ABS*:0000000000000000 guidance_pid.c
     /tmp/ccfbQ3JY.s:19     .text.guidance_pid_v_run:0000000000000000 $t
     /tmp/ccfbQ3JY.s:27     .text.guidance_pid_v_run:0000000000000000 guidance_pid_v_run
     /tmp/ccfbQ3JY.s:164    .text.guidance_pid_v_run:0000000000000138 $d
     /tmp/ccfbQ3JY.s:183    .text.guidance_pid_h_run:0000000000000000 $t
     /tmp/ccfbQ3JY.s:190    .text.guidance_pid_h_run:0000000000000000 guidance_pid_h_run
     /tmp/ccfbQ3JY.s:352    .text.guidance_pid_h_run:00000000000001b8 $d
     /tmp/ccfbQ3JY.s:369    .rodata.send_vert_loop.str1.4:0000000000000000 $d
     /tmp/ccfbQ3JY.s:373    .text.send_vert_loop:0000000000000000 $t
     /tmp/ccfbQ3JY.s:380    .text.send_vert_loop:0000000000000000 send_vert_loop
     /tmp/ccfbQ3JY.s:644    .text.send_vert_loop:0000000000000244 $d
     /tmp/ccfbQ3JY.s:657    .rodata.send_hover_loop.str1.4:0000000000000000 $d
     /tmp/ccfbQ3JY.s:661    .text.send_hover_loop:0000000000000000 $t
     /tmp/ccfbQ3JY.s:668    .text.send_hover_loop:0000000000000000 send_hover_loop
     /tmp/ccfbQ3JY.s:955    .text.send_hover_loop:000000000000027c $d
     /tmp/ccfbQ3JY.s:965    .text.guidance_pid_init:0000000000000000 $t
     /tmp/ccfbQ3JY.s:973    .text.guidance_pid_init:0000000000000000 guidance_pid_init
     /tmp/ccfbQ3JY.s:1020   .text.guidance_pid_init:0000000000000064 $d
     /tmp/ccfbQ3JY.s:1032   .text.guidance_pid_h_run_pos:0000000000000000 $t
     /tmp/ccfbQ3JY.s:1040   .text.guidance_pid_h_run_pos:0000000000000000 guidance_pid_h_run_pos
     /tmp/ccfbQ3JY.s:1139   .text.guidance_pid_h_run_pos:00000000000000ec $d
     /tmp/ccfbQ3JY.s:1146   .text.guidance_pid_h_run_speed:0000000000000000 $t
     /tmp/ccfbQ3JY.s:1154   .text.guidance_pid_h_run_speed:0000000000000000 guidance_pid_h_run_speed
     /tmp/ccfbQ3JY.s:1215   .text.guidance_pid_h_run_speed:000000000000008c $d
     /tmp/ccfbQ3JY.s:1221   .text.guidance_pid_h_run_accel:0000000000000000 $t
     /tmp/ccfbQ3JY.s:1229   .text.guidance_pid_h_run_accel:0000000000000000 guidance_pid_h_run_accel
     /tmp/ccfbQ3JY.s:1241   .text.guidance_pid_v_run_pos:0000000000000000 $t
     /tmp/ccfbQ3JY.s:1249   .text.guidance_pid_v_run_pos:0000000000000000 guidance_pid_v_run_pos
     /tmp/ccfbQ3JY.s:1256   .text.guidance_pid_v_run_speed:0000000000000000 $t
     /tmp/ccfbQ3JY.s:1264   .text.guidance_pid_v_run_speed:0000000000000000 guidance_pid_v_run_speed
     /tmp/ccfbQ3JY.s:1271   .text.guidance_pid_v_run_accel:0000000000000000 $t
     /tmp/ccfbQ3JY.s:1279   .text.guidance_pid_v_run_accel:0000000000000000 guidance_pid_v_run_accel
     /tmp/ccfbQ3JY.s:1287   .text.guidance_pid_h_enter:0000000000000000 $t
     /tmp/ccfbQ3JY.s:1295   .text.guidance_pid_h_enter:0000000000000000 guidance_pid_h_enter
     /tmp/ccfbQ3JY.s:1317   .text.guidance_pid_h_enter:0000000000000028 $d
     /tmp/ccfbQ3JY.s:1321   .text.guidance_pid_v_enter:0000000000000000 $t
     /tmp/ccfbQ3JY.s:1329   .text.guidance_pid_v_enter:0000000000000000 guidance_pid_v_enter
     /tmp/ccfbQ3JY.s:1340   .text.guidance_pid_v_enter:0000000000000008 $d
     /tmp/ccfbQ3JY.s:1343   .text.guidance_pid_set_h_igain:0000000000000000 $t
     /tmp/ccfbQ3JY.s:1351   .text.guidance_pid_set_h_igain:0000000000000000 guidance_pid_set_h_igain
     /tmp/ccfbQ3JY.s:1364   .text.guidance_pid_set_h_igain:0000000000000010 $d
     /tmp/ccfbQ3JY.s:1368   .text.guidance_pid_set_v_igain:0000000000000000 $t
     /tmp/ccfbQ3JY.s:1376   .text.guidance_pid_set_v_igain:0000000000000000 guidance_pid_set_v_igain
     /tmp/ccfbQ3JY.s:1389   .text.guidance_pid_set_v_igain:000000000000000c $d
     /tmp/ccfbQ3JY.s:1393   .text.guidance_pid_get_h_pos_err:0000000000000000 $t
     /tmp/ccfbQ3JY.s:1401   .text.guidance_pid_get_h_pos_err:0000000000000000 guidance_pid_get_h_pos_err
     /tmp/ccfbQ3JY.s:1410   .text.guidance_pid_get_h_pos_err:0000000000000004 $d
     /tmp/ccfbQ3JY.s:1413   .text.guidance_h_run_enter:0000000000000000 $t
     /tmp/ccfbQ3JY.s:1421   .text.guidance_h_run_enter:0000000000000000 guidance_h_run_enter
     /tmp/ccfbQ3JY.s:1443   .text.guidance_h_run_enter:0000000000000028 $d
     /tmp/ccfbQ3JY.s:1447   .text.guidance_v_run_enter:0000000000000000 $t
     /tmp/ccfbQ3JY.s:1455   .text.guidance_v_run_enter:0000000000000000 guidance_v_run_enter
     /tmp/ccfbQ3JY.s:1466   .text.guidance_v_run_enter:0000000000000008 $d
     /tmp/ccfbQ3JY.s:1469   .text.guidance_h_run_pos:0000000000000000 $t
     /tmp/ccfbQ3JY.s:1477   .text.guidance_h_run_pos:0000000000000000 guidance_h_run_pos
     /tmp/ccfbQ3JY.s:1487   .text.guidance_h_run_speed:0000000000000000 $t
ARM GAS  /tmp/ccfbQ3JY.s 			page 31


     /tmp/ccfbQ3JY.s:1495   .text.guidance_h_run_speed:0000000000000000 guidance_h_run_speed
     /tmp/ccfbQ3JY.s:1505   .text.guidance_h_run_accel:0000000000000000 $t
     /tmp/ccfbQ3JY.s:1513   .text.guidance_h_run_accel:0000000000000000 guidance_h_run_accel
     /tmp/ccfbQ3JY.s:1525   .text.guidance_v_run_pos:0000000000000000 $t
     /tmp/ccfbQ3JY.s:1533   .text.guidance_v_run_pos:0000000000000000 guidance_v_run_pos
     /tmp/ccfbQ3JY.s:1540   .text.guidance_v_run_speed:0000000000000000 $t
     /tmp/ccfbQ3JY.s:1548   .text.guidance_v_run_speed:0000000000000000 guidance_v_run_speed
     /tmp/ccfbQ3JY.s:1555   .text.guidance_v_run_accel:0000000000000000 $t
     /tmp/ccfbQ3JY.s:1563   .text.guidance_v_run_accel:0000000000000000 guidance_v_run_accel
     /tmp/ccfbQ3JY.s:1610   .bss.guidance_pid_v_fb_cmd:0000000000000000 guidance_pid_v_fb_cmd
     /tmp/ccfbQ3JY.s:1617   .bss.guidance_pid_v_ff_cmd:0000000000000000 guidance_pid_v_ff_cmd
     /tmp/ccfbQ3JY.s:1624   .bss.guidance_pid_z_sum_err:0000000000000000 guidance_pid_z_sum_err
     /tmp/ccfbQ3JY.s:1603   .bss.guidance_pid_trim_att_integrator:0000000000000000 guidance_pid_trim_att_integrator
     /tmp/ccfbQ3JY.s:1596   .bss.guidance_pid_speed_err:0000000000000000 guidance_pid_speed_err
     /tmp/ccfbQ3JY.s:1589   .bss.guidance_pid_pos_err:0000000000000000 guidance_pid_pos_err
     /tmp/ccfbQ3JY.s:1582   .bss.guidance_pid:0000000000000000 guidance_pid
     /tmp/ccfbQ3JY.s:1578   .bss.guidance_pid:0000000000000000 $d
     /tmp/ccfbQ3JY.s:1585   .bss.guidance_pid_pos_err:0000000000000000 $d
     /tmp/ccfbQ3JY.s:1592   .bss.guidance_pid_speed_err:0000000000000000 $d
     /tmp/ccfbQ3JY.s:1599   .bss.guidance_pid_trim_att_integrator:0000000000000000 $d
     /tmp/ccfbQ3JY.s:1606   .bss.guidance_pid_v_fb_cmd:0000000000000000 $d
     /tmp/ccfbQ3JY.s:1613   .bss.guidance_pid_v_ff_cmd:0000000000000000 $d
     /tmp/ccfbQ3JY.s:1620   .bss.guidance_pid_z_sum_err:0000000000000000 $d
     /tmp/ccfbQ3JY.s:1627   .bss.thrust_cmd_filt.0:0000000000000000 $d
     /tmp/ccfbQ3JY.s:1631   .bss.thrust_cmd_filt.0:0000000000000000 thrust_cmd_filt.0

UNDEFINED SYMBOLS
__aeabi_f2d
__aeabi_ddiv
__aeabi_dmul
__aeabi_d2iz
stateCalcSpeedNed_i
stateCalcPositionNed_i
state
gv_adapt_X
stab_sp_from_ltp_i
atan2f
guidance_h
guidance_v
stabilization_cmd
stateCalcAccelNed_i
gv_adapt_P
gv_adapt_Xmeas
register_periodic_telemetry
pprz_telemetry
memset
orientationCalcEulers_f
nav
