ARM GAS  /tmp/cckMyyZU.s 			page 1


   1              		.cpu cortex-m4
   2              		.eabi_attribute 27, 1
   3              		.eabi_attribute 20, 1
   4              		.eabi_attribute 21, 1
   5              		.eabi_attribute 23, 3
   6              		.eabi_attribute 24, 1
   7              		.eabi_attribute 25, 1
   8              		.eabi_attribute 26, 1
   9              		.eabi_attribute 30, 2
  10              		.eabi_attribute 34, 1
  11              		.eabi_attribute 18, 4
  12              		.file	"hal_lld.c"
  13              		.text
  14              		.section	.text.hal_lld_init,"ax",%progbits
  15              		.align	1
  16              		.p2align 4,,15
  17              		.global	hal_lld_init
  18              		.arch armv7e-m
  19              		.syntax unified
  20              		.thumb
  21              		.thumb_func
  22              		.fpu fpv4-sp-d16
  23              		.type	hal_lld_init, %function
  24              	hal_lld_init:
  25              		@ args = 0, pretend = 0, frame = 0
  26              		@ frame_needed = 0, uses_anonymous_args = 0
  27 0000 224B     		ldr	r3, .L8
  28 0002 2348     		ldr	r0, .L8+4
  29 0004 1A69     		ldr	r2, [r3, #16]
  30 0006 6FEAC252 		mvn	r2, r2, lsl #23
  31 000a 6FEAD252 		mvn	r2, r2, lsr #23
  32 000e 10B5     		push	{r4, lr}
  33 0010 1A61     		str	r2, [r3, #16]
  34 0012 1A69     		ldr	r2, [r3, #16]
  35 0014 C2F30802 		ubfx	r2, r2, #0, #9
  36 0018 1A61     		str	r2, [r3, #16]
  37 001a 4FF0FF34 		mov	r4, #-1
  38 001e 1A69     		ldr	r2, [r3, #16]
  39 0020 5A69     		ldr	r2, [r3, #20]
  40 0022 5C61     		str	r4, [r3, #20]
  41 0024 0021     		movs	r1, #0
  42 0026 5A69     		ldr	r2, [r3, #20]
  43 0028 5961     		str	r1, [r3, #20]
  44 002a 5A69     		ldr	r2, [r3, #20]
  45 002c 1A6A     		ldr	r2, [r3, #32]
  46 002e 62F08052 		orn	r2, r2, #268435456
  47 0032 1A62     		str	r2, [r3, #32]
  48 0034 1A6A     		ldr	r2, [r3, #32]
  49 0036 02F08052 		and	r2, r2, #268435456
  50 003a 1A62     		str	r2, [r3, #32]
  51 003c 1A6A     		ldr	r2, [r3, #32]
  52 003e 5A6A     		ldr	r2, [r3, #36]
  53 0040 5C62     		str	r4, [r3, #36]
  54 0042 5A6A     		ldr	r2, [r3, #36]
  55 0044 5962     		str	r1, [r3, #36]
  56 0046 5A6A     		ldr	r2, [r3, #36]
  57 0048 1A6C     		ldr	r2, [r3, #64]
ARM GAS  /tmp/cckMyyZU.s 			page 2


  58 004a 42F08052 		orr	r2, r2, #268435456
  59 004e 1A64     		str	r2, [r3, #64]
  60 0050 1A6E     		ldr	r2, [r3, #96]
  61 0052 42F08052 		orr	r2, r2, #268435456
  62 0056 1A66     		str	r2, [r3, #96]
  63 0058 1A6E     		ldr	r2, [r3, #96]
  64 005a 0268     		ldr	r2, [r0]
  65 005c 42F48072 		orr	r2, r2, #256
  66 0060 0260     		str	r2, [r0]
  67 0062 1A6F     		ldr	r2, [r3, #112]
  68 0064 02F44072 		and	r2, r2, #768
  69 0068 B2F5407F 		cmp	r2, #768
  70 006c 03D0     		beq	.L2
  71 006e 4FF48032 		mov	r2, #65536
  72 0072 1A67     		str	r2, [r3, #112]
  73 0074 1967     		str	r1, [r3, #112]
  74              	.L2:
  75 0076 064A     		ldr	r2, .L8+4
  76 0078 5368     		ldr	r3, [r2, #4]
  77 007a 23F40073 		bic	r3, r3, #512
  78 007e 5360     		str	r3, [r2, #4]
  79 0080 FFF7FEFF 		bl	dmaInit
  80 0084 BDE81040 		pop	{r4, lr}
  81 0088 FFF7FEBF 		b	irqInit
  82              	.L9:
  83              		.align	2
  84              	.L8:
  85 008c 00380240 		.word	1073887232
  86 0090 00700040 		.word	1073770496
  87              		.size	hal_lld_init, .-hal_lld_init
  88              		.section	.text.stm32_clock_init,"ax",%progbits
  89              		.align	1
  90              		.p2align 4,,15
  91              		.global	stm32_clock_init
  92              		.syntax unified
  93              		.thumb
  94              		.thumb_func
  95              		.fpu fpv4-sp-d16
  96              		.type	stm32_clock_init, %function
  97              	stm32_clock_init:
  98              		@ args = 0, pretend = 0, frame = 0
  99              		@ frame_needed = 0, uses_anonymous_args = 0
 100              		@ link register save eliminated.
 101 0000 3049     		ldr	r1, .L32
 102 0002 314B     		ldr	r3, .L32+4
 103 0004 4FF08050 		mov	r0, #268435456
 104 0008 4FF44042 		mov	r2, #49152
 105 000c 0864     		str	r0, [r1, #64]
 106 000e 1A60     		str	r2, [r3]
 107 0010 0B68     		ldr	r3, [r1]
 108 0012 43F00103 		orr	r3, r3, #1
 109 0016 0B60     		str	r3, [r1]
 110              	.L11:
 111 0018 0B68     		ldr	r3, [r1]
 112 001a 9B07     		lsls	r3, r3, #30
 113 001c FCD5     		bpl	.L11
 114 001e 8B68     		ldr	r3, [r1, #8]
ARM GAS  /tmp/cckMyyZU.s 			page 3


 115 0020 284A     		ldr	r2, .L32
 116 0022 23F00303 		bic	r3, r3, #3
 117 0026 8B60     		str	r3, [r1, #8]
 118              	.L12:
 119 0028 9368     		ldr	r3, [r2, #8]
 120 002a 13F00C03 		ands	r3, r3, #12
 121 002e FBD1     		bne	.L12
 122 0030 1068     		ldr	r0, [r2]
 123 0032 2449     		ldr	r1, .L32
 124 0034 00F0F900 		and	r0, r0, #249
 125 0038 1060     		str	r0, [r2]
 126 003a 9360     		str	r3, [r2, #8]
 127 003c 1368     		ldr	r3, [r2]
 128 003e 43F48033 		orr	r3, r3, #65536
 129 0042 1360     		str	r3, [r2]
 130              	.L13:
 131 0044 0B68     		ldr	r3, [r1]
 132 0046 9803     		lsls	r0, r3, #14
 133 0048 FCD5     		bpl	.L13
 134 004a 204B     		ldr	r3, .L32+8
 135 004c 4B60     		str	r3, [r1, #4]
 136 004e 0B68     		ldr	r3, [r1]
 137 0050 1D4A     		ldr	r2, .L32+4
 138 0052 43F08073 		orr	r3, r3, #16777216
 139 0056 0B60     		str	r3, [r1]
 140              	.L14:
 141 0058 5368     		ldr	r3, [r2, #4]
 142 005a 5904     		lsls	r1, r3, #17
 143 005c FCD5     		bpl	.L14
 144 005e 194A     		ldr	r2, .L32
 145              	.L15:
 146 0060 1368     		ldr	r3, [r2]
 147 0062 9B01     		lsls	r3, r3, #6
 148 0064 FCD5     		bpl	.L15
 149 0066 1A4B     		ldr	r3, .L32+12
 150 0068 1A49     		ldr	r1, .L32+16
 151 006a 9160     		str	r1, [r2, #8]
 152 006c 1A68     		ldr	r2, [r3]
 153 006e 1A4B     		ldr	r3, .L32+20
 154 0070 9A42     		cmp	r2, r3
 155 0072 1DD0     		beq	.L31
 156              	.L16:
 157 0074 194B     		ldr	r3, .L32+24
 158 0076 40F20572 		movw	r2, #1797
 159 007a 1A60     		str	r2, [r3]
 160              	.L17:
 161 007c 174A     		ldr	r2, .L32+24
 162              	.L18:
 163 007e 1368     		ldr	r3, [r2]
 164 0080 03F00F03 		and	r3, r3, #15
 165 0084 052B     		cmp	r3, #5
 166 0086 FAD1     		bne	.L18
 167 0088 0E4A     		ldr	r2, .L32
 168 008a 9368     		ldr	r3, [r2, #8]
 169 008c 43F00203 		orr	r3, r3, #2
 170 0090 9360     		str	r3, [r2, #8]
 171              	.L19:
ARM GAS  /tmp/cckMyyZU.s 			page 4


 172 0092 9368     		ldr	r3, [r2, #8]
 173 0094 03F00C03 		and	r3, r3, #12
 174 0098 082B     		cmp	r3, #8
 175 009a FAD1     		bne	.L19
 176 009c 536C     		ldr	r3, [r2, #68]
 177 009e 43F48043 		orr	r3, r3, #16384
 178 00a2 5364     		str	r3, [r2, #68]
 179 00a4 536E     		ldr	r3, [r2, #100]
 180 00a6 43F48043 		orr	r3, r3, #16384
 181 00aa 5366     		str	r3, [r2, #100]
 182 00ac 536E     		ldr	r3, [r2, #100]
 183 00ae 7047     		bx	lr
 184              	.L31:
 185 00b0 0B4A     		ldr	r2, .L32+28
 186 00b2 0C4B     		ldr	r3, .L32+32
 187 00b4 1268     		ldr	r2, [r2]
 188 00b6 9A42     		cmp	r2, r3
 189 00b8 DCD1     		bne	.L16
 190 00ba 084B     		ldr	r3, .L32+24
 191 00bc 40F20512 		movw	r2, #261
 192 00c0 1A60     		str	r2, [r3]
 193 00c2 DBE7     		b	.L17
 194              	.L33:
 195              		.align	2
 196              	.L32:
 197 00c4 00380240 		.word	1073887232
 198 00c8 00700040 		.word	1073770496
 199 00cc 08544007 		.word	121656328
 200 00d0 002004E0 		.word	-536600576
 201 00d4 00948838 		.word	948474880
 202 00d8 11640020 		.word	536896529
 203 00dc 003C0240 		.word	1073888256
 204 00e0 00ED00E0 		.word	-536810240
 205 00e4 41C20F41 		.word	1091551809
 206              		.size	stm32_clock_init, .-stm32_clock_init
 207              		.global	SystemCoreClock
 208              		.section	.data.SystemCoreClock,"aw"
 209              		.align	2
 210              		.type	SystemCoreClock, %object
 211              		.size	SystemCoreClock, 4
 212              	SystemCoreClock:
 213 0000 007A030A 		.word	168000000
 214              		.ident	"GCC: (15:10.3-2021.07-4) 10.3.1 20210621 (release)"
ARM GAS  /tmp/cckMyyZU.s 			page 5


DEFINED SYMBOLS
                            *ABS*:0000000000000000 hal_lld.c
     /tmp/cckMyyZU.s:15     .text.hal_lld_init:0000000000000000 $t
     /tmp/cckMyyZU.s:24     .text.hal_lld_init:0000000000000000 hal_lld_init
     /tmp/cckMyyZU.s:85     .text.hal_lld_init:000000000000008c $d
     /tmp/cckMyyZU.s:89     .text.stm32_clock_init:0000000000000000 $t
     /tmp/cckMyyZU.s:97     .text.stm32_clock_init:0000000000000000 stm32_clock_init
     /tmp/cckMyyZU.s:197    .text.stm32_clock_init:00000000000000c4 $d
     /tmp/cckMyyZU.s:212    .data.SystemCoreClock:0000000000000000 SystemCoreClock
     /tmp/cckMyyZU.s:209    .data.SystemCoreClock:0000000000000000 $d

UNDEFINED SYMBOLS
dmaInit
irqInit
