ARM GAS  /tmp/ccYLJeDc.s 			page 1


   1              		.cpu cortex-m4
   2              		.eabi_attribute 27, 1
   3              		.eabi_attribute 20, 1
   4              		.eabi_attribute 21, 1
   5              		.eabi_attribute 23, 3
   6              		.eabi_attribute 24, 1
   7              		.eabi_attribute 25, 1
   8              		.eabi_attribute 26, 1
   9              		.eabi_attribute 30, 2
  10              		.eabi_attribute 34, 1
  11              		.eabi_attribute 18, 4
  12              		.file	"ins_int.c"
  13              		.text
  14              		.section	.text.ins_ned_to_state,"ax",%progbits
  15              		.align	1
  16              		.p2align 4,,15
  17              		.arch armv7e-m
  18              		.syntax unified
  19              		.thumb
  20              		.thumb_func
  21              		.fpu fpv4-sp-d16
  22              		.type	ins_ned_to_state, %function
  23              	ins_ned_to_state:
  24              		@ args = 0, pretend = 0, frame = 0
  25              		@ frame_needed = 0, uses_anonymous_args = 0
  26              		@ link register save eliminated.
  27 0000 0F4A     		ldr	r2, .L4
  28 0002 104B     		ldr	r3, .L4+4
  29 0004 10B4     		push	{r4}
  30 0006 D2E91340 		ldrd	r4, r0, [r2, #76]
  31 000a C3E91840 		strd	r4, r0, [r3, #96]
  32 000e D2E91540 		ldrd	r4, r0, [r2, #84]
  33 0012 9C66     		str	r4, [r3, #104]
  34 0014 C3F82401 		str	r0, [r3, #292]
  35 0018 D2E91740 		ldrd	r4, r0, [r2, #92]
  36 001c C3E94A40 		strd	r4, r0, [r3, #296]
  37 0020 D2E91940 		ldrd	r4, r0, [r2, #100]
  38 0024 0221     		movs	r1, #2
  39 0026 D26E     		ldr	r2, [r2, #108]
  40 0028 83F87011 		strb	r1, [r3, #368]
  41 002c C3E96040 		strd	r4, r0, [r3, #384]
  42 0030 1980     		strh	r1, [r3]	@ movhi
  43 0032 5DF8044B 		ldr	r4, [sp], #4
  44 0036 A3F81411 		strh	r1, [r3, #276]	@ movhi
  45 003a C3F88821 		str	r2, [r3, #392]
  46 003e 7047     		bx	lr
  47              	.L5:
  48              		.align	2
  49              	.L4:
  50 0040 00000000 		.word	.LANCHOR0
  51 0044 00000000 		.word	state
  52              		.size	ins_ned_to_state, .-ins_ned_to_state
  53              		.section	.text.pos_est_cb,"ax",%progbits
  54              		.align	1
  55              		.p2align 4,,15
  56              		.syntax unified
  57              		.thumb
ARM GAS  /tmp/ccYLJeDc.s 			page 2


  58              		.thumb_func
  59              		.fpu fpv4-sp-d16
  60              		.type	pos_est_cb, %function
  61              	pos_est_cb:
  62              		@ args = 16, pretend = 0, frame = 0
  63              		@ frame_needed = 0, uses_anonymous_args = 0
  64 0000 10B5     		push	{r4, lr}
  65 0002 9DED036A 		vldr.32	s12, [sp, #12]
  66 0006 DDED046A 		vldr.32	s13, [sp, #16]
  67 000a B5EEC06A 		vcmpe.f32	s12, #0
  68 000e F1EE10FA 		vmrs	APSR_nzcv, FPSCR
  69 0012 07EE903A 		vmov	s15, r3
  70 0016 19DB     		blt	.L14
  71 0018 07EE102A 		vmov	s14, r2
  72 001c 0C4C     		ldr	r4, .L15
  73 001e BEEECC7A 		vcvt.s32.f32	s14, s14, #8
  74 0022 84ED137A 		vstr.32	s14, [r4, #76]	@ int
  75              	.L7:
  76 0026 F5EEC06A 		vcmpe.f32	s13, #0
  77 002a F1EE10FA 		vmrs	APSR_nzcv, FPSCR
  78 002e A8BF     		it	ge
  79 0030 FEEECC7A 		vcvtge.s32.f32	s15, s15, #8
  80 0034 0599     		ldr	r1, [sp, #20]	@ float
  81 0036 0298     		ldr	r0, [sp, #8]	@ float
  82 0038 A8BF     		it	ge
  83 003a C4ED147A 		vstrge.32	s15, [r4, #80]	@ int
  84 003e FFF7FEFF 		bl	vff_update_z_conf
  85 0042 FFF7FEFF 		bl	ins_ned_to_state
  86 0046 0023     		movs	r3, #0
  87 0048 6364     		str	r3, [r4, #68]
  88 004a 10BD     		pop	{r4, pc}
  89              	.L14:
  90 004c 004C     		ldr	r4, .L15
  91 004e EAE7     		b	.L7
  92              	.L16:
  93              		.align	2
  94              	.L15:
  95 0050 00000000 		.word	.LANCHOR0
  96              		.size	pos_est_cb, .-pos_est_cb
  97              		.global	__aeabi_f2d
  98              		.global	__aeabi_dadd
  99              		.global	__aeabi_dsub
 100              		.global	__aeabi_d2f
 101              		.section	.text.baro_cb,"ax",%progbits
 102              		.align	1
 103              		.p2align 4,,15
 104              		.syntax unified
 105              		.thumb
 106              		.thumb_func
 107              		.fpu fpv4-sp-d16
 108              		.type	baro_cb, %function
 109              	baro_cb:
 110              		@ args = 0, pretend = 0, frame = 0
 111              		@ frame_needed = 0, uses_anonymous_args = 0
 112 0000 38B5     		push	{r3, r4, r5, lr}
 113 0002 2DED028B 		vpush.64	{d8}
 114 0006 08EE102A 		vmov	s16, r2
ARM GAS  /tmp/ccYLJeDc.s 			page 3


 115 000a F7EE008A 		vmov.f32	s17, #1.0e+0
 116 000e B4EEE88A 		vcmpe.f32	s16, s17
 117 0012 F1EE10FA 		vmrs	APSR_nzcv, FPSCR
 118 0016 27D4     		bmi	.L17
 119 0018 574C     		ldr	r4, .L50+16
 120 001a 94F87830 		ldrb	r3, [r4, #120]	@ zero_extendqisi2
 121 001e 33B3     		cbz	r3, .L46
 122              	.L21:
 123 0020 94F84030 		ldrb	r3, [r4, #64]	@ zero_extendqisi2
 124 0024 002B     		cmp	r3, #0
 125 0026 6BD1     		bne	.L24
 126 0028 DFED548A 		vldr.32	s17, .L50+20
 127              	.L32:
 128 002c 94F84930 		ldrb	r3, [r4, #73]	@ zero_extendqisi2
 129 0030 002B     		cmp	r3, #0
 130 0032 48D1     		bne	.L25
 131              	.L28:
 132 0034 B5EEC08A 		vcmpe.f32	s16, #0
 133 0038 F1EE10FA 		vmrs	APSR_nzcv, FPSCR
 134 003c 06DD     		ble	.L43
 135 003e D4ED1D7A 		vldr.32	s15, [r4, #116]
 136 0042 F5EEC07A 		vcmpe.f32	s15, #0
 137 0046 F1EE10FA 		vmrs	APSR_nzcv, FPSCR
 138 004a 7ADC     		bgt	.L47
 139              	.L43:
 140 004c DFED4B7A 		vldr.32	s15, .L50+20
 141              	.L29:
 142 0050 77EEE87A 		vsub.f32	s15, s15, s17
 143 0054 F1EE677A 		vneg.f32	s15, s15
 144 0058 17EE900A 		vmov	r0, s15
 145 005c C4ED1C7A 		vstr.32	s15, [r4, #112]
 146 0060 FFF7FEFF 		bl	vff_update_baro
 147 0064 0023     		movs	r3, #0
 148 0066 6364     		str	r3, [r4, #68]
 149              	.L17:
 150 0068 BDEC028B 		vldm	sp!, {d8}
 151 006c 38BD     		pop	{r3, r4, r5, pc}
 152              	.L46:
 153 006e 444D     		ldr	r5, .L50+24
 154 0070 4448     		ldr	r0, .L50+28
 155 0072 2A78     		ldrb	r2, [r5]	@ zero_extendqisi2
 156 0074 00EB8203 		add	r3, r0, r2, lsl #2
 157 0078 83ED008A 		vstr.32	s16, [r3]
 158 007c 424B     		ldr	r3, .L50+32
 159 007e 0132     		adds	r2, r2, #1
 160 0080 A3FB0213 		umull	r1, r3, r3, r2
 161 0084 DB08     		lsrs	r3, r3, #3
 162 0086 03EB8303 		add	r3, r3, r3, lsl #2
 163 008a A2EB4303 		sub	r3, r2, r3, lsl #1
 164 008e 0A21     		movs	r1, #10
 165 0090 2B70     		strb	r3, [r5]
 166 0092 FFF7FEFF 		bl	variance_f
 167 0096 07EE900A 		vmov	s15, r0
 168 009a F4EEE87A 		vcmpe.f32	s15, s17
 169 009e F1EE10FA 		vmrs	APSR_nzcv, FPSCR
 170 00a2 06D4     		bmi	.L48
 171 00a4 94F87830 		ldrb	r3, [r4, #120]	@ zero_extendqisi2
ARM GAS  /tmp/ccYLJeDc.s 			page 4


 172 00a8 002B     		cmp	r3, #0
 173 00aa B9D1     		bne	.L21
 174 00ac BDEC028B 		vldm	sp!, {d8}
 175 00b0 38BD     		pop	{r3, r4, r5, pc}
 176              	.L48:
 177 00b2 94F84020 		ldrb	r2, [r4, #64]	@ zero_extendqisi2
 178 00b6 0123     		movs	r3, #1
 179 00b8 84F84930 		strb	r3, [r4, #73]
 180 00bc 84F87830 		strb	r3, [r4, #120]
 181 00c0 F2B9     		cbnz	r2, .L24
 182 00c2 DFED2E8A 		vldr.32	s17, .L50+20
 183              	.L25:
 184 00c6 84ED1D8A 		vstr.32	s16, [r4, #116]
 185 00ca 0023     		movs	r3, #0
 186 00cc 18EE900A 		vmov	r0, s17
 187 00d0 84F84930 		strb	r3, [r4, #73]
 188 00d4 FFF7FEFF 		bl	vff_realign
 189 00d8 2C4B     		ldr	r3, .L50+36
 190 00da D3ED056A 		vldr.32	s13, [r3, #20]
 191 00de 93ED017A 		vldr.32	s14, [r3, #4]
 192 00e2 D3ED007A 		vldr.32	s15, [r3]
 193 00e6 FEEECB6A 		vcvt.s32.f32	s13, s13, #10
 194 00ea BEEEE67A 		vcvt.s32.f32	s14, s14, #19
 195 00ee FEEECC7A 		vcvt.s32.f32	s15, s15, #8
 196 00f2 C4ED1B6A 		vstr.32	s13, [r4, #108]	@ int
 197 00f6 84ED187A 		vstr.32	s14, [r4, #96]	@ int
 198 00fa C4ED157A 		vstr.32	s15, [r4, #84]	@ int
 199 00fe 99E7     		b	.L28
 200              	.L24:
 201 0100 234D     		ldr	r5, .L50+40
 202 0102 2B88     		ldrh	r3, [r5]
 203 0104 1B06     		lsls	r3, r3, #24
 204 0106 29D5     		bpl	.L49
 205              	.L27:
 206 0108 D5ED437A 		vldr.32	s15, [r5, #268]
 207 010c 95ED427A 		vldr.32	s14, [r5, #264]
 208 0110 67EEA77A 		vmul.f32	s15, s15, s15
 209 0114 E7EE077A 		vfma.f32	s15, s14, s14
 210 0118 17EE900A 		vmov	r0, s15
 211 011c FFF7FEFF 		bl	__aeabi_f2d
 212 0120 11A3     		adr	r3, .L50
 213 0122 D3E90023 		ldrd	r2, [r3]
 214 0126 FFF7FEFF 		bl	__aeabi_dadd
 215 012a FFF7FEFF 		bl	sqrt
 216 012e 10A3     		adr	r3, .L50+8
 217 0130 D3E90023 		ldrd	r2, [r3]
 218 0134 FFF7FEFF 		bl	__aeabi_dsub
 219 0138 FFF7FEFF 		bl	__aeabi_d2f
 220 013c 08EE900A 		vmov	s17, r0
 221 0140 74E7     		b	.L32
 222              	.L47:
 223 0142 C7EE887A 		vdiv.f32	s15, s15, s16
 224 0146 17EE900A 		vmov	r0, s15
 225 014a FFF7FEFF 		bl	logf
 226 014e DFED117A 		vldr.32	s15, .L50+44
 227 0152 07EE100A 		vmov	s14, r0
 228 0156 67EE277A 		vmul.f32	s15, s14, s15
ARM GAS  /tmp/ccYLJeDc.s 			page 5


 229 015a 79E7     		b	.L29
 230              	.L49:
 231 015c FFF7FEFF 		bl	stateCalcPositionEnu_f
 232 0160 D2E7     		b	.L27
 233              	.L51:
 234 0162 00BFAFF3 		.align	3
 234      0080
 235              	.L50:
 236 0168 80B82F4C 		.word	1278195840
 237 016c D97FC242 		.word	1120042969
 238 0170 00000040 		.word	1073741824
 239 0174 A6545841 		.word	1096307878
 240 0178 00000000 		.word	.LANCHOR0
 241 017c 00000000 		.word	0
 242 0180 00000000 		.word	.LANCHOR1
 243 0184 00000000 		.word	.LANCHOR2
 244 0188 CDCCCCCC 		.word	-858993459
 245 018c 00000000 		.word	vff
 246 0190 00000000 		.word	state
 247 0194 ACCA0346 		.word	1174653612
 248              		.size	baro_cb, .-baro_cb
 249              		.section	.text.agl_cb,"ax",%progbits
 250              		.align	1
 251              		.p2align 4,,15
 252              		.syntax unified
 253              		.thumb
 254              		.thumb_func
 255              		.fpu fpv4-sp-d16
 256              		.type	agl_cb, %function
 257              	agl_cb:
 258              		@ args = 0, pretend = 0, frame = 0
 259              		@ frame_needed = 0, uses_anonymous_args = 0
 260 0000 07EE902A 		vmov	s15, r2
 261 0004 F5EEC07A 		vcmpe.f32	s15, #0
 262 0008 F1EE10FA 		vmrs	APSR_nzcv, FPSCR
 263 000c 0FD9     		bls	.L58
 264 000e 10B5     		push	{r4, lr}
 265 0010 074C     		ldr	r4, .L62
 266 0012 94F87830 		ldrb	r3, [r4, #120]	@ zero_extendqisi2
 267 0016 03B9     		cbnz	r3, .L61
 268 0018 10BD     		pop	{r4, pc}
 269              	.L61:
 270 001a F1EE677A 		vneg.f32	s15, s15
 271 001e 0549     		ldr	r1, .L62+4
 272 0020 17EE900A 		vmov	r0, s15
 273 0024 FFF7FEFF 		bl	vff_update_agl
 274 0028 0023     		movs	r3, #0
 275 002a 6364     		str	r3, [r4, #68]
 276 002c 10BD     		pop	{r4, pc}
 277              	.L58:
 278 002e 7047     		bx	lr
 279              	.L63:
 280              		.align	2
 281              	.L62:
 282 0030 00000000 		.word	.LANCHOR0
 283 0034 CDCC4C3E 		.word	1045220557
 284              		.size	agl_cb, .-agl_cb
ARM GAS  /tmp/ccYLJeDc.s 			page 6


 285              		.section	.rodata.send_ins.str1.4,"aMS",%progbits,1
 286              		.align	2
 287              	.LC0:
 288 0000 494E5300 		.ascii	"INS\000"
 289              		.section	.text.send_ins,"ax",%progbits
 290              		.align	1
 291              		.p2align 4,,15
 292              		.syntax unified
 293              		.thumb
 294              		.thumb_func
 295              		.fpu fpv4-sp-d16
 296              		.type	send_ins, %function
 297              	send_ins:
 298              		@ args = 0, pretend = 0, frame = 16
 299              		@ frame_needed = 0, uses_anonymous_args = 0
 300 0000 F0B5     		push	{r4, r5, r6, r7, lr}
 301 0002 87B0     		sub	sp, sp, #28
 302 0004 1F22     		movs	r2, #31
 303 0006 0024     		movs	r4, #0
 304 0008 0368     		ldr	r3, [r0]
 305 000a 0490     		str	r0, [sp, #16]
 306 000c 0591     		str	r1, [sp, #20]
 307 000e ADF80C20 		strh	r2, [sp, #12]	@ movhi
 308 0012 2821     		movs	r1, #40
 309 0014 8DF80E40 		strb	r4, [sp, #14]
 310 0018 0294     		str	r4, [sp, #8]
 311 001a 03A8     		add	r0, sp, #12
 312 001c 9847     		blx	r3
 313 001e 049B     		ldr	r3, [sp, #16]
 314 0020 82B2     		uxth	r2, r0
 315 0022 5B68     		ldr	r3, [r3, #4]
 316 0024 0546     		mov	r5, r0
 317 0026 02A9     		add	r1, sp, #8
 318 0028 03A8     		add	r0, sp, #12
 319 002a 9847     		blx	r3
 320 002c 049B     		ldr	r3, [sp, #16]
 321 002e 0028     		cmp	r0, #0
 322 0030 00F0A280 		beq	.L65
 323 0034 2946     		mov	r1, r5
 324 0036 03A8     		add	r0, sp, #12
 325 0038 DB69     		ldr	r3, [r3, #28]
 326 003a 9847     		blx	r3
 327 003c 049B     		ldr	r3, [sp, #16]
 328 003e 0299     		ldr	r1, [sp, #8]
 329 0040 1B69     		ldr	r3, [r3, #16]
 330 0042 03A8     		add	r0, sp, #12
 331 0044 2822     		movs	r2, #40
 332 0046 9847     		blx	r3
 333 0048 0123     		movs	r3, #1
 334 004a 049A     		ldr	r2, [sp, #16]
 335 004c 0193     		str	r3, [sp, #4]
 336 004e 03AB     		add	r3, sp, #12
 337 0050 0093     		str	r3, [sp]
 338 0052 9568     		ldr	r5, [r2, #8]
 339 0054 0299     		ldr	r1, [sp, #8]
 340 0056 2346     		mov	r3, r4
 341 0058 03A8     		add	r0, sp, #12
ARM GAS  /tmp/ccYLJeDc.s 			page 7


 342 005a 0222     		movs	r2, #2
 343 005c A847     		blx	r5
 344 005e 9DF80D30 		ldrb	r3, [sp, #13]	@ zero_extendqisi2
 345 0062 049A     		ldr	r2, [sp, #16]
 346 0064 0299     		ldr	r1, [sp, #8]
 347 0066 CDE90034 		strd	r3, r4, [sp]
 348 006a 03A8     		add	r0, sp, #12
 349 006c D568     		ldr	r5, [r2, #12]
 350 006e 2346     		mov	r3, r4
 351 0070 0222     		movs	r2, #2
 352 0072 A847     		blx	r5
 353 0074 9DF80E30 		ldrb	r3, [sp, #14]	@ zero_extendqisi2
 354 0078 049A     		ldr	r2, [sp, #16]
 355 007a 0299     		ldr	r1, [sp, #8]
 356 007c 1B01     		lsls	r3, r3, #4
 357 007e 43F00103 		orr	r3, r3, #1
 358 0082 DBB2     		uxtb	r3, r3
 359 0084 CDE90034 		strd	r3, r4, [sp]
 360 0088 03A8     		add	r0, sp, #12
 361 008a D568     		ldr	r5, [r2, #12]
 362 008c 2346     		mov	r3, r4
 363 008e 0222     		movs	r2, #2
 364 0090 A847     		blx	r5
 365 0092 3C49     		ldr	r1, .L68
 366 0094 049A     		ldr	r2, [sp, #16]
 367 0096 C623     		movs	r3, #198
 368 0098 CDE90031 		strd	r3, r1, [sp]
 369 009c 03A8     		add	r0, sp, #12
 370 009e D568     		ldr	r5, [r2, #12]
 371 00a0 0299     		ldr	r1, [sp, #8]
 372 00a2 2346     		mov	r3, r4
 373 00a4 0222     		movs	r2, #2
 374 00a6 A847     		blx	r5
 375 00a8 374D     		ldr	r5, .L68+4
 376 00aa 049B     		ldr	r3, [sp, #16]
 377 00ac 0299     		ldr	r1, [sp, #8]
 378 00ae 0426     		movs	r6, #4
 379 00b0 CDE90056 		strd	r5, r6, [sp]
 380 00b4 03A8     		add	r0, sp, #12
 381 00b6 9F68     		ldr	r7, [r3, #8]
 382 00b8 0722     		movs	r2, #7
 383 00ba 2346     		mov	r3, r4
 384 00bc B847     		blx	r7
 385 00be 049B     		ldr	r3, [sp, #16]
 386 00c0 0196     		str	r6, [sp, #4]
 387 00c2 AA19     		adds	r2, r5, r6
 388 00c4 0092     		str	r2, [sp]
 389 00c6 9F68     		ldr	r7, [r3, #8]
 390 00c8 0299     		ldr	r1, [sp, #8]
 391 00ca 2346     		mov	r3, r4
 392 00cc 03A8     		add	r0, sp, #12
 393 00ce 0722     		movs	r2, #7
 394 00d0 B847     		blx	r7
 395 00d2 049B     		ldr	r3, [sp, #16]
 396 00d4 0196     		str	r6, [sp, #4]
 397 00d6 05F10802 		add	r2, r5, #8
 398 00da 0092     		str	r2, [sp]
ARM GAS  /tmp/ccYLJeDc.s 			page 8


 399 00dc 9F68     		ldr	r7, [r3, #8]
 400 00de 0299     		ldr	r1, [sp, #8]
 401 00e0 2346     		mov	r3, r4
 402 00e2 03A8     		add	r0, sp, #12
 403 00e4 0722     		movs	r2, #7
 404 00e6 B847     		blx	r7
 405 00e8 049B     		ldr	r3, [sp, #16]
 406 00ea 0196     		str	r6, [sp, #4]
 407 00ec 05F10C02 		add	r2, r5, #12
 408 00f0 0092     		str	r2, [sp]
 409 00f2 9F68     		ldr	r7, [r3, #8]
 410 00f4 0299     		ldr	r1, [sp, #8]
 411 00f6 2346     		mov	r3, r4
 412 00f8 03A8     		add	r0, sp, #12
 413 00fa 0722     		movs	r2, #7
 414 00fc B847     		blx	r7
 415 00fe 049B     		ldr	r3, [sp, #16]
 416 0100 0196     		str	r6, [sp, #4]
 417 0102 05F11002 		add	r2, r5, #16
 418 0106 0092     		str	r2, [sp]
 419 0108 9F68     		ldr	r7, [r3, #8]
 420 010a 0299     		ldr	r1, [sp, #8]
 421 010c 2346     		mov	r3, r4
 422 010e 03A8     		add	r0, sp, #12
 423 0110 0722     		movs	r2, #7
 424 0112 B847     		blx	r7
 425 0114 049B     		ldr	r3, [sp, #16]
 426 0116 0196     		str	r6, [sp, #4]
 427 0118 05F11402 		add	r2, r5, #20
 428 011c 0092     		str	r2, [sp]
 429 011e 9F68     		ldr	r7, [r3, #8]
 430 0120 0299     		ldr	r1, [sp, #8]
 431 0122 2346     		mov	r3, r4
 432 0124 03A8     		add	r0, sp, #12
 433 0126 0722     		movs	r2, #7
 434 0128 B847     		blx	r7
 435 012a 049B     		ldr	r3, [sp, #16]
 436 012c 0196     		str	r6, [sp, #4]
 437 012e 05F11802 		add	r2, r5, #24
 438 0132 0092     		str	r2, [sp]
 439 0134 9F68     		ldr	r7, [r3, #8]
 440 0136 0299     		ldr	r1, [sp, #8]
 441 0138 2346     		mov	r3, r4
 442 013a 03A8     		add	r0, sp, #12
 443 013c 0722     		movs	r2, #7
 444 013e B847     		blx	r7
 445 0140 049B     		ldr	r3, [sp, #16]
 446 0142 0196     		str	r6, [sp, #4]
 447 0144 05F11C02 		add	r2, r5, #28
 448 0148 0092     		str	r2, [sp]
 449 014a 9F68     		ldr	r7, [r3, #8]
 450 014c 0299     		ldr	r1, [sp, #8]
 451 014e 2346     		mov	r3, r4
 452 0150 03A8     		add	r0, sp, #12
 453 0152 0722     		movs	r2, #7
 454 0154 2035     		adds	r5, r5, #32
 455 0156 B847     		blx	r7
ARM GAS  /tmp/ccYLJeDc.s 			page 9


 456 0158 CDE90056 		strd	r5, r6, [sp]
 457 015c 049B     		ldr	r3, [sp, #16]
 458 015e 0299     		ldr	r1, [sp, #8]
 459 0160 9D68     		ldr	r5, [r3, #8]
 460 0162 03A8     		add	r0, sp, #12
 461 0164 2346     		mov	r3, r4
 462 0166 0722     		movs	r2, #7
 463 0168 A847     		blx	r5
 464 016a 049B     		ldr	r3, [sp, #16]
 465 016c 0299     		ldr	r1, [sp, #8]
 466 016e 5B69     		ldr	r3, [r3, #20]
 467 0170 03A8     		add	r0, sp, #12
 468 0172 9847     		blx	r3
 469 0174 07B0     		add	sp, sp, #28
 470              		@ sp needed
 471 0176 F0BD     		pop	{r4, r5, r6, r7, pc}
 472              	.L65:
 473 0178 9B69     		ldr	r3, [r3, #24]
 474 017a 03A8     		add	r0, sp, #12
 475 017c 9847     		blx	r3
 476 017e 07B0     		add	sp, sp, #28
 477              		@ sp needed
 478 0180 F0BD     		pop	{r4, r5, r6, r7, pc}
 479              	.L69:
 480 0182 00BF     		.align	2
 481              	.L68:
 482 0184 00000000 		.word	.LC0
 483 0188 4C000000 		.word	.LANCHOR0+76
 484              		.size	send_ins, .-send_ins
 485              		.section	.rodata.send_ins_ref.str1.4,"aMS",%progbits,1
 486              		.align	2
 487              	.LC1:
 488 0000 494E535F 		.ascii	"INS_REF\000"
 488      52454600 
 489              		.section	.text.send_ins_ref,"ax",%progbits
 490              		.align	1
 491              		.p2align 4,,15
 492              		.syntax unified
 493              		.thumb
 494              		.thumb_func
 495              		.fpu fpv4-sp-d16
 496              		.type	send_ins_ref, %function
 497              	send_ins_ref:
 498              		@ args = 0, pretend = 0, frame = 16
 499              		@ frame_needed = 0, uses_anonymous_args = 0
 500 0000 F0B5     		push	{r4, r5, r6, r7, lr}
 501 0002 5D4C     		ldr	r4, .L79
 502 0004 94F84030 		ldrb	r3, [r4, #64]	@ zero_extendqisi2
 503 0008 87B0     		sub	sp, sp, #28
 504 000a 0BB9     		cbnz	r3, .L78
 505 000c 07B0     		add	sp, sp, #28
 506              		@ sp needed
 507 000e F0BD     		pop	{r4, r5, r6, r7, pc}
 508              	.L78:
 509 0010 0025     		movs	r5, #0
 510 0012 1F23     		movs	r3, #31
 511 0014 ADF80C30 		strh	r3, [sp, #12]	@ movhi
ARM GAS  /tmp/ccYLJeDc.s 			page 10


 512 0018 0490     		str	r0, [sp, #16]
 513 001a 0368     		ldr	r3, [r0]
 514 001c 0591     		str	r1, [sp, #20]
 515 001e 8DF80E50 		strb	r5, [sp, #14]
 516 0022 2421     		movs	r1, #36
 517 0024 0295     		str	r5, [sp, #8]
 518 0026 03A8     		add	r0, sp, #12
 519 0028 9847     		blx	r3
 520 002a 049B     		ldr	r3, [sp, #16]
 521 002c 82B2     		uxth	r2, r0
 522 002e 5B68     		ldr	r3, [r3, #4]
 523 0030 0646     		mov	r6, r0
 524 0032 02A9     		add	r1, sp, #8
 525 0034 03A8     		add	r0, sp, #12
 526 0036 9847     		blx	r3
 527 0038 049B     		ldr	r3, [sp, #16]
 528 003a 0028     		cmp	r0, #0
 529 003c 00F09680 		beq	.L72
 530 0040 3146     		mov	r1, r6
 531 0042 03A8     		add	r0, sp, #12
 532 0044 DB69     		ldr	r3, [r3, #28]
 533 0046 9847     		blx	r3
 534 0048 049B     		ldr	r3, [sp, #16]
 535 004a 0299     		ldr	r1, [sp, #8]
 536 004c 1B69     		ldr	r3, [r3, #16]
 537 004e 03A8     		add	r0, sp, #12
 538 0050 2422     		movs	r2, #36
 539 0052 9847     		blx	r3
 540 0054 0123     		movs	r3, #1
 541 0056 049A     		ldr	r2, [sp, #16]
 542 0058 0193     		str	r3, [sp, #4]
 543 005a 03AB     		add	r3, sp, #12
 544 005c 0093     		str	r3, [sp]
 545 005e 9668     		ldr	r6, [r2, #8]
 546 0060 0299     		ldr	r1, [sp, #8]
 547 0062 2B46     		mov	r3, r5
 548 0064 03A8     		add	r0, sp, #12
 549 0066 0222     		movs	r2, #2
 550 0068 B047     		blx	r6
 551 006a 9DF80D30 		ldrb	r3, [sp, #13]	@ zero_extendqisi2
 552 006e 049A     		ldr	r2, [sp, #16]
 553 0070 0299     		ldr	r1, [sp, #8]
 554 0072 CDE90035 		strd	r3, r5, [sp]
 555 0076 03A8     		add	r0, sp, #12
 556 0078 D668     		ldr	r6, [r2, #12]
 557 007a 2B46     		mov	r3, r5
 558 007c 0222     		movs	r2, #2
 559 007e B047     		blx	r6
 560 0080 9DF80E30 		ldrb	r3, [sp, #14]	@ zero_extendqisi2
 561 0084 049A     		ldr	r2, [sp, #16]
 562 0086 0299     		ldr	r1, [sp, #8]
 563 0088 1B01     		lsls	r3, r3, #4
 564 008a 43F00103 		orr	r3, r3, #1
 565 008e DBB2     		uxtb	r3, r3
 566 0090 CDE90035 		strd	r3, r5, [sp]
 567 0094 03A8     		add	r0, sp, #12
 568 0096 D668     		ldr	r6, [r2, #12]
ARM GAS  /tmp/ccYLJeDc.s 			page 11


 569 0098 2B46     		mov	r3, r5
 570 009a 0222     		movs	r2, #2
 571 009c B047     		blx	r6
 572 009e 374B     		ldr	r3, .L79+4
 573 00a0 049A     		ldr	r2, [sp, #16]
 574 00a2 0193     		str	r3, [sp, #4]
 575 00a4 9A23     		movs	r3, #154
 576 00a6 0093     		str	r3, [sp]
 577 00a8 D668     		ldr	r6, [r2, #12]
 578 00aa 0299     		ldr	r1, [sp, #8]
 579 00ac 2B46     		mov	r3, r5
 580 00ae 03A8     		add	r0, sp, #12
 581 00b0 0222     		movs	r2, #2
 582 00b2 B047     		blx	r6
 583 00b4 0426     		movs	r6, #4
 584 00b6 CDE90046 		strd	r4, r6, [sp]
 585 00ba 049B     		ldr	r3, [sp, #16]
 586 00bc 0299     		ldr	r1, [sp, #8]
 587 00be 9F68     		ldr	r7, [r3, #8]
 588 00c0 03A8     		add	r0, sp, #12
 589 00c2 2B46     		mov	r3, r5
 590 00c4 0722     		movs	r2, #7
 591 00c6 B847     		blx	r7
 592 00c8 049B     		ldr	r3, [sp, #16]
 593 00ca 0196     		str	r6, [sp, #4]
 594 00cc A219     		adds	r2, r4, r6
 595 00ce 0092     		str	r2, [sp]
 596 00d0 9F68     		ldr	r7, [r3, #8]
 597 00d2 0299     		ldr	r1, [sp, #8]
 598 00d4 2B46     		mov	r3, r5
 599 00d6 03A8     		add	r0, sp, #12
 600 00d8 0722     		movs	r2, #7
 601 00da B847     		blx	r7
 602 00dc 049B     		ldr	r3, [sp, #16]
 603 00de 0196     		str	r6, [sp, #4]
 604 00e0 04F10802 		add	r2, r4, #8
 605 00e4 0092     		str	r2, [sp]
 606 00e6 9F68     		ldr	r7, [r3, #8]
 607 00e8 0299     		ldr	r1, [sp, #8]
 608 00ea 2B46     		mov	r3, r5
 609 00ec 03A8     		add	r0, sp, #12
 610 00ee 0722     		movs	r2, #7
 611 00f0 B847     		blx	r7
 612 00f2 049B     		ldr	r3, [sp, #16]
 613 00f4 0196     		str	r6, [sp, #4]
 614 00f6 04F10C02 		add	r2, r4, #12
 615 00fa 0092     		str	r2, [sp]
 616 00fc 9F68     		ldr	r7, [r3, #8]
 617 00fe 0299     		ldr	r1, [sp, #8]
 618 0100 2B46     		mov	r3, r5
 619 0102 03A8     		add	r0, sp, #12
 620 0104 0722     		movs	r2, #7
 621 0106 B847     		blx	r7
 622 0108 049B     		ldr	r3, [sp, #16]
 623 010a 0196     		str	r6, [sp, #4]
 624 010c 04F11002 		add	r2, r4, #16
 625 0110 0092     		str	r2, [sp]
ARM GAS  /tmp/ccYLJeDc.s 			page 12


 626 0112 9F68     		ldr	r7, [r3, #8]
 627 0114 0299     		ldr	r1, [sp, #8]
 628 0116 2B46     		mov	r3, r5
 629 0118 03A8     		add	r0, sp, #12
 630 011a 0722     		movs	r2, #7
 631 011c B847     		blx	r7
 632 011e 049B     		ldr	r3, [sp, #16]
 633 0120 0196     		str	r6, [sp, #4]
 634 0122 04F11402 		add	r2, r4, #20
 635 0126 0092     		str	r2, [sp]
 636 0128 9F68     		ldr	r7, [r3, #8]
 637 012a 0299     		ldr	r1, [sp, #8]
 638 012c 2B46     		mov	r3, r5
 639 012e 03A8     		add	r0, sp, #12
 640 0130 0722     		movs	r2, #7
 641 0132 B847     		blx	r7
 642 0134 049B     		ldr	r3, [sp, #16]
 643 0136 0196     		str	r6, [sp, #4]
 644 0138 04F13C02 		add	r2, r4, #60
 645 013c 0092     		str	r2, [sp]
 646 013e 9F68     		ldr	r7, [r3, #8]
 647 0140 0299     		ldr	r1, [sp, #8]
 648 0142 2B46     		mov	r3, r5
 649 0144 03A8     		add	r0, sp, #12
 650 0146 0722     		movs	r2, #7
 651 0148 7434     		adds	r4, r4, #116
 652 014a B847     		blx	r7
 653 014c CDE90046 		strd	r4, r6, [sp]
 654 0150 049B     		ldr	r3, [sp, #16]
 655 0152 0299     		ldr	r1, [sp, #8]
 656 0154 9C68     		ldr	r4, [r3, #8]
 657 0156 03A8     		add	r0, sp, #12
 658 0158 2B46     		mov	r3, r5
 659 015a 0A22     		movs	r2, #10
 660 015c A047     		blx	r4
 661 015e 049B     		ldr	r3, [sp, #16]
 662 0160 0299     		ldr	r1, [sp, #8]
 663 0162 5B69     		ldr	r3, [r3, #20]
 664 0164 03A8     		add	r0, sp, #12
 665 0166 9847     		blx	r3
 666 0168 07B0     		add	sp, sp, #28
 667              		@ sp needed
 668 016a F0BD     		pop	{r4, r5, r6, r7, pc}
 669              	.L72:
 670 016c 9B69     		ldr	r3, [r3, #24]
 671 016e 03A8     		add	r0, sp, #12
 672 0170 9847     		blx	r3
 673 0172 07B0     		add	sp, sp, #28
 674              		@ sp needed
 675 0174 F0BD     		pop	{r4, r5, r6, r7, pc}
 676              	.L80:
 677 0176 00BF     		.align	2
 678              	.L79:
 679 0178 00000000 		.word	.LANCHOR0
 680 017c 00000000 		.word	.LC1
 681              		.size	send_ins_ref, .-send_ins_ref
 682              		.section	.rodata.send_ins_z.str1.4,"aMS",%progbits,1
ARM GAS  /tmp/ccYLJeDc.s 			page 13


 683              		.align	2
 684              	.LC2:
 685 0000 494E535F 		.ascii	"INS_Z\000"
 685      5A00
 686              		.section	.text.send_ins_z,"ax",%progbits
 687              		.align	1
 688              		.p2align 4,,15
 689              		.syntax unified
 690              		.thumb
 691              		.thumb_func
 692              		.fpu fpv4-sp-d16
 693              		.type	send_ins_z, %function
 694              	send_ins_z:
 695              		@ args = 0, pretend = 0, frame = 16
 696              		@ frame_needed = 0, uses_anonymous_args = 0
 697 0000 F0B5     		push	{r4, r5, r6, r7, lr}
 698 0002 87B0     		sub	sp, sp, #28
 699 0004 1F22     		movs	r2, #31
 700 0006 0024     		movs	r4, #0
 701 0008 0368     		ldr	r3, [r0]
 702 000a 0490     		str	r0, [sp, #16]
 703 000c 0591     		str	r1, [sp, #20]
 704 000e ADF80C20 		strh	r2, [sp, #12]	@ movhi
 705 0012 1421     		movs	r1, #20
 706 0014 8DF80E40 		strb	r4, [sp, #14]
 707 0018 0294     		str	r4, [sp, #8]
 708 001a 03A8     		add	r0, sp, #12
 709 001c 9847     		blx	r3
 710 001e 049B     		ldr	r3, [sp, #16]
 711 0020 82B2     		uxth	r2, r0
 712 0022 5B68     		ldr	r3, [r3, #4]
 713 0024 0546     		mov	r5, r0
 714 0026 02A9     		add	r1, sp, #8
 715 0028 03A8     		add	r0, sp, #12
 716 002a 9847     		blx	r3
 717 002c 049B     		ldr	r3, [sp, #16]
 718 002e 0028     		cmp	r0, #0
 719 0030 6BD0     		beq	.L82
 720 0032 2946     		mov	r1, r5
 721 0034 03A8     		add	r0, sp, #12
 722 0036 DB69     		ldr	r3, [r3, #28]
 723 0038 9847     		blx	r3
 724 003a 049B     		ldr	r3, [sp, #16]
 725 003c 0299     		ldr	r1, [sp, #8]
 726 003e 1B69     		ldr	r3, [r3, #16]
 727 0040 03A8     		add	r0, sp, #12
 728 0042 1422     		movs	r2, #20
 729 0044 9847     		blx	r3
 730 0046 0123     		movs	r3, #1
 731 0048 049A     		ldr	r2, [sp, #16]
 732 004a 0193     		str	r3, [sp, #4]
 733 004c 03AB     		add	r3, sp, #12
 734 004e 0093     		str	r3, [sp]
 735 0050 9568     		ldr	r5, [r2, #8]
 736 0052 0299     		ldr	r1, [sp, #8]
 737 0054 2346     		mov	r3, r4
 738 0056 03A8     		add	r0, sp, #12
ARM GAS  /tmp/ccYLJeDc.s 			page 14


 739 0058 0222     		movs	r2, #2
 740 005a A847     		blx	r5
 741 005c 9DF80D30 		ldrb	r3, [sp, #13]	@ zero_extendqisi2
 742 0060 049A     		ldr	r2, [sp, #16]
 743 0062 0299     		ldr	r1, [sp, #8]
 744 0064 CDE90034 		strd	r3, r4, [sp]
 745 0068 03A8     		add	r0, sp, #12
 746 006a D568     		ldr	r5, [r2, #12]
 747 006c 2346     		mov	r3, r4
 748 006e 0222     		movs	r2, #2
 749 0070 A847     		blx	r5
 750 0072 9DF80E30 		ldrb	r3, [sp, #14]	@ zero_extendqisi2
 751 0076 049A     		ldr	r2, [sp, #16]
 752 0078 0299     		ldr	r1, [sp, #8]
 753 007a 1B01     		lsls	r3, r3, #4
 754 007c 43F00103 		orr	r3, r3, #1
 755 0080 DBB2     		uxtb	r3, r3
 756 0082 CDE90034 		strd	r3, r4, [sp]
 757 0086 03A8     		add	r0, sp, #12
 758 0088 D568     		ldr	r5, [r2, #12]
 759 008a 2346     		mov	r3, r4
 760 008c 0222     		movs	r2, #2
 761 008e A847     		blx	r5
 762 0090 2049     		ldr	r1, .L85
 763 0092 049A     		ldr	r2, [sp, #16]
 764 0094 9723     		movs	r3, #151
 765 0096 CDE90031 		strd	r3, r1, [sp]
 766 009a 03A8     		add	r0, sp, #12
 767 009c D568     		ldr	r5, [r2, #12]
 768 009e 0299     		ldr	r1, [sp, #8]
 769 00a0 2346     		mov	r3, r4
 770 00a2 0222     		movs	r2, #2
 771 00a4 A847     		blx	r5
 772 00a6 1C4D     		ldr	r5, .L85+4
 773 00a8 049B     		ldr	r3, [sp, #16]
 774 00aa 0299     		ldr	r1, [sp, #8]
 775 00ac 0426     		movs	r6, #4
 776 00ae CDE90056 		strd	r5, r6, [sp]
 777 00b2 03A8     		add	r0, sp, #12
 778 00b4 9F68     		ldr	r7, [r3, #8]
 779 00b6 0A22     		movs	r2, #10
 780 00b8 2346     		mov	r3, r4
 781 00ba B847     		blx	r7
 782 00bc 049B     		ldr	r3, [sp, #16]
 783 00be 0196     		str	r6, [sp, #4]
 784 00c0 A5F11C02 		sub	r2, r5, #28
 785 00c4 0092     		str	r2, [sp]
 786 00c6 9F68     		ldr	r7, [r3, #8]
 787 00c8 0299     		ldr	r1, [sp, #8]
 788 00ca 2346     		mov	r3, r4
 789 00cc 03A8     		add	r0, sp, #12
 790 00ce 0722     		movs	r2, #7
 791 00d0 B847     		blx	r7
 792 00d2 049B     		ldr	r3, [sp, #16]
 793 00d4 0196     		str	r6, [sp, #4]
 794 00d6 A5F11002 		sub	r2, r5, #16
 795 00da 0092     		str	r2, [sp]
ARM GAS  /tmp/ccYLJeDc.s 			page 15


 796 00dc 9F68     		ldr	r7, [r3, #8]
 797 00de 0299     		ldr	r1, [sp, #8]
 798 00e0 2346     		mov	r3, r4
 799 00e2 03A8     		add	r0, sp, #12
 800 00e4 0722     		movs	r2, #7
 801 00e6 043D     		subs	r5, r5, #4
 802 00e8 B847     		blx	r7
 803 00ea CDE90056 		strd	r5, r6, [sp]
 804 00ee 049B     		ldr	r3, [sp, #16]
 805 00f0 0299     		ldr	r1, [sp, #8]
 806 00f2 9D68     		ldr	r5, [r3, #8]
 807 00f4 03A8     		add	r0, sp, #12
 808 00f6 2346     		mov	r3, r4
 809 00f8 0722     		movs	r2, #7
 810 00fa A847     		blx	r5
 811 00fc 049B     		ldr	r3, [sp, #16]
 812 00fe 0299     		ldr	r1, [sp, #8]
 813 0100 5B69     		ldr	r3, [r3, #20]
 814 0102 03A8     		add	r0, sp, #12
 815 0104 9847     		blx	r3
 816 0106 07B0     		add	sp, sp, #28
 817              		@ sp needed
 818 0108 F0BD     		pop	{r4, r5, r6, r7, pc}
 819              	.L82:
 820 010a 9B69     		ldr	r3, [r3, #24]
 821 010c 03A8     		add	r0, sp, #12
 822 010e 9847     		blx	r3
 823 0110 07B0     		add	sp, sp, #28
 824              		@ sp needed
 825 0112 F0BD     		pop	{r4, r5, r6, r7, pc}
 826              	.L86:
 827              		.align	2
 828              	.L85:
 829 0114 00000000 		.word	.LC2
 830 0118 70000000 		.word	.LANCHOR0+112
 831              		.size	send_ins_z, .-send_ins_z
 832              		.global	__aeabi_dmul
 833              		.global	__aeabi_ddiv
 834              		.global	__aeabi_i2d
 835              		.section	.text.stateSetLocalOrigin_i.constprop.0,"ax",%progbits
 836              		.align	1
 837              		.p2align 4,,15
 838              		.syntax unified
 839              		.thumb
 840              		.thumb_func
 841              		.fpu fpv4-sp-d16
 842              		.type	stateSetLocalOrigin_i.constprop.0, %function
 843              	stateSetLocalOrigin_i.constprop.0:
 844              		@ args = 0, pretend = 0, frame = 0
 845              		@ frame_needed = 0, uses_anonymous_args = 0
 846 0000 38B5     		push	{r3, r4, r5, lr}
 847 0002 6B4D     		ldr	r5, .L89+16
 848 0004 6B4C     		ldr	r4, .L89+20
 849 0006 DFED6C7A 		vldr.32	s15, .L89+24
 850 000a 0FCD     		ldmia	r5!, {r0, r1, r2, r3}
 851 000c 04F11C0C 		add	ip, r4, #28
 852 0010 ACE80F00 		stmia	ip!, {r0, r1, r2, r3}
ARM GAS  /tmp/ccYLJeDc.s 			page 16


 853 0014 0FCD     		ldmia	r5!, {r0, r1, r2, r3}
 854 0016 ACE80F00 		stmia	ip!, {r0, r1, r2, r3}
 855 001a 0FCD     		ldmia	r5!, {r0, r1, r2, r3}
 856 001c ACE80F00 		stmia	ip!, {r0, r1, r2, r3}
 857 0020 95E80F00 		ldm	r5, {r0, r1, r2, r3}
 858 0024 8CE80F00 		stm	ip, {r0, r1, r2, r3}
 859 0028 94ED077A 		vldr.32	s14, [r4, #28]	@ int
 860 002c B8EEC76A 		vcvt.f32.s32	s12, s14
 861 0030 94ED087A 		vldr.32	s14, [r4, #32]	@ int
 862 0034 F8EEC76A 		vcvt.f32.s32	s13, s14
 863 0038 94ED097A 		vldr.32	s14, [r4, #36]	@ int
 864 003c B8EEC77A 		vcvt.f32.s32	s14, s14
 865 0040 C6EE275A 		vdiv.f32	s11, s12, s15
 866 0044 86EEA76A 		vdiv.f32	s12, s13, s15
 867 0048 C7EE276A 		vdiv.f32	s13, s14, s15
 868 004c D4ED0A7A 		vldr.32	s15, [r4, #40]	@ int
 869 0050 C4ED295A 		vstr.32	s11, [r4, #164]
 870 0054 F8EEE77A 		vcvt.f32.s32	s15, s15
 871 0058 84ED2A6A 		vstr.32	s12, [r4, #168]
 872 005c 17EE900A 		vmov	r0, s15
 873 0060 C4ED2B6A 		vstr.32	s13, [r4, #172]
 874 0064 FFF7FEFF 		bl	__aeabi_f2d
 875 0068 4DA3     		adr	r3, .L89
 876 006a D3E90023 		ldrd	r2, [r3]
 877 006e FFF7FEFF 		bl	__aeabi_dmul
 878 0072 4DA3     		adr	r3, .L89+8
 879 0074 D3E90023 		ldrd	r2, [r3]
 880 0078 FFF7FEFF 		bl	__aeabi_ddiv
 881 007c FFF7FEFF 		bl	__aeabi_d2f
 882 0080 D4ED0B7A 		vldr.32	s15, [r4, #44]	@ int
 883 0084 C4F8B000 		str	r0, [r4, #176]	@ float
 884 0088 F8EEE77A 		vcvt.f32.s32	s15, s15
 885 008c 17EE900A 		vmov	r0, s15
 886 0090 FFF7FEFF 		bl	__aeabi_f2d
 887 0094 42A3     		adr	r3, .L89
 888 0096 D3E90023 		ldrd	r2, [r3]
 889 009a FFF7FEFF 		bl	__aeabi_dmul
 890 009e 42A3     		adr	r3, .L89+8
 891 00a0 D3E90023 		ldrd	r2, [r3]
 892 00a4 FFF7FEFF 		bl	__aeabi_ddiv
 893 00a8 FFF7FEFF 		bl	__aeabi_d2f
 894 00ac D4ED0C7A 		vldr.32	s15, [r4, #48]	@ int
 895 00b0 9FED427A 		vldr.32	s14, .L89+28
 896 00b4 C4F8B400 		str	r0, [r4, #180]	@ float
 897 00b8 F8EEE77A 		vcvt.f32.s32	s15, s15
 898 00bc 87EE873A 		vdiv.f32	s6, s15, s14
 899 00c0 94ED0D7A 		vldr.32	s14, [r4, #52]	@ int
 900 00c4 DFED3E7A 		vldr.32	s15, .L89+32
 901 00c8 84ED2E3A 		vstr.32	s6, [r4, #184]
 902 00cc F8EEC73A 		vcvt.f32.s32	s7, s14
 903 00d0 94ED0E7A 		vldr.32	s14, [r4, #56]	@ int
 904 00d4 B8EEC74A 		vcvt.f32.s32	s8, s14
 905 00d8 94ED0F7A 		vldr.32	s14, [r4, #60]	@ int
 906 00dc F8EEC74A 		vcvt.f32.s32	s9, s14
 907 00e0 94ED107A 		vldr.32	s14, [r4, #64]	@ int
 908 00e4 B8EEC75A 		vcvt.f32.s32	s10, s14
 909 00e8 94ED117A 		vldr.32	s14, [r4, #68]	@ int
ARM GAS  /tmp/ccYLJeDc.s 			page 17


 910 00ec F8EEC75A 		vcvt.f32.s32	s11, s14
 911 00f0 94ED127A 		vldr.32	s14, [r4, #72]	@ int
 912 00f4 B8EEC76A 		vcvt.f32.s32	s12, s14
 913 00f8 94ED137A 		vldr.32	s14, [r4, #76]	@ int
 914 00fc F8EEC76A 		vcvt.f32.s32	s13, s14
 915 0100 94ED147A 		vldr.32	s14, [r4, #80]	@ int
 916 0104 B8EEC77A 		vcvt.f32.s32	s14, s14
 917 0108 63EEA73A 		vmul.f32	s7, s7, s15
 918 010c 24EE274A 		vmul.f32	s8, s8, s15
 919 0110 64EEA74A 		vmul.f32	s9, s9, s15
 920 0114 25EE275A 		vmul.f32	s10, s10, s15
 921 0118 65EEA75A 		vmul.f32	s11, s11, s15
 922 011c 26EE276A 		vmul.f32	s12, s12, s15
 923 0120 66EEA76A 		vmul.f32	s13, s13, s15
 924 0124 27EE277A 		vmul.f32	s14, s14, s15
 925 0128 C4ED2F3A 		vstr.32	s7, [r4, #188]
 926 012c 84ED304A 		vstr.32	s8, [r4, #192]
 927 0130 C4ED314A 		vstr.32	s9, [r4, #196]
 928 0134 84ED325A 		vstr.32	s10, [r4, #200]
 929 0138 C4ED335A 		vstr.32	s11, [r4, #204]
 930 013c 84ED346A 		vstr.32	s12, [r4, #208]
 931 0140 C4ED356A 		vstr.32	s13, [r4, #212]
 932 0144 84ED367A 		vstr.32	s14, [r4, #216]
 933 0148 A06D     		ldr	r0, [r4, #88]
 934 014a 94ED157A 		vldr.32	s14, [r4, #84]	@ int
 935 014e B8EEC77A 		vcvt.f32.s32	s14, s14
 936 0152 67EE277A 		vmul.f32	s15, s14, s15
 937 0156 C4ED377A 		vstr.32	s15, [r4, #220]
 938 015a FFF7FEFF 		bl	__aeabi_i2d
 939 015e 194B     		ldr	r3, .L89+36
 940 0160 0022     		movs	r2, #0
 941 0162 FFF7FEFF 		bl	__aeabi_ddiv
 942 0166 FFF7FEFF 		bl	__aeabi_d2f
 943 016a 2188     		ldrh	r1, [r4]
 944 016c B4F81421 		ldrh	r2, [r4, #276]
 945 0170 94F87031 		ldrb	r3, [r4, #368]	@ zero_extendqisi2
 946 0174 C4F8E000 		str	r0, [r4, #224]	@ float
 947 0178 21F0C601 		bic	r1, r1, #198
 948 017c 22F0C602 		bic	r2, r2, #198
 949 0180 23F00A03 		bic	r3, r3, #10
 950 0184 2180     		strh	r1, [r4]	@ movhi
 951 0186 0121     		movs	r1, #1
 952 0188 A4F81421 		strh	r2, [r4, #276]	@ movhi
 953 018c 84F87031 		strb	r3, [r4, #368]
 954 0190 84F85C10 		strb	r1, [r4, #92]
 955 0194 84F8E410 		strb	r1, [r4, #228]
 956 0198 38BD     		pop	{r3, r4, r5, pc}
 957              	.L90:
 958 019a 00BFAFF3 		.align	3
 958      0080
 959              	.L89:
 960 01a0 399D52A2 		.word	-1571644103
 961 01a4 46DF913F 		.word	1066524486
 962 01a8 00000000 		.word	0
 963 01ac D0126341 		.word	1097011920
 964 01b0 00000000 		.word	.LANCHOR0
 965 01b4 00000000 		.word	state
ARM GAS  /tmp/ccYLJeDc.s 			page 18


 966 01b8 0000C842 		.word	1120403456
 967 01bc 00007A44 		.word	1148846080
 968 01c0 00008035 		.word	897581056
 969 01c4 00408F40 		.word	1083129856
 970              		.size	stateSetLocalOrigin_i.constprop.0, .-stateSetLocalOrigin_i.constprop.0
 971              		.section	.text.vel_est_cb,"ax",%progbits
 972              		.align	1
 973              		.p2align 4,,15
 974              		.syntax unified
 975              		.thumb
 976              		.thumb_func
 977              		.fpu fpv4-sp-d16
 978              		.type	vel_est_cb, %function
 979              	vel_est_cb:
 980              		@ args = 16, pretend = 0, frame = 40
 981              		@ frame_needed = 0, uses_anonymous_args = 0
 982 0000 70B5     		push	{r4, r5, r6, lr}
 983 0002 2DED028B 		vpush.64	{d8}
 984 0006 6248     		ldr	r0, .L113+8
 985 0008 8AB0     		sub	sp, sp, #40
 986 000a 90F8B051 		ldrb	r5, [r0, #432]	@ zero_extendqisi2
 987 000e 109C     		ldr	r4, [sp, #64]	@ float
 988 0010 0193     		str	r3, [sp, #4]	@ float
 989 0012 2B07     		lsls	r3, r5, #28
 990 0014 0294     		str	r4, [sp, #8]	@ float
 991 0016 DDED118A 		vldr.32	s17, [sp, #68]
 992 001a 9DED128A 		vldr.32	s16, [sp, #72]
 993 001e 0092     		str	r2, [sp]	@ float
 994 0020 0C46     		mov	r4, r1
 995 0022 5FD5     		bpl	.L109
 996              	.L92:
 997 0024 5B4B     		ldr	r3, .L113+12
 998 0026 0FCB     		ldm	r3, {r0, r1, r2, r3}
 999 0028 0DF1180C 		add	ip, sp, #24
 1000 002c 8CE80F00 		stm	ip, {r0, r1, r2, r3}
 1001 0030 DDED076A 		vldr.32	s13, [sp, #28]
 1002 0034 9DED087A 		vldr.32	s14, [sp, #32]
 1003 0038 DDED097A 		vldr.32	s15, [sp, #36]
 1004 003c F1EE666A 		vneg.f32	s13, s13
 1005 0040 B1EE477A 		vneg.f32	s14, s14
 1006 0044 F1EE677A 		vneg.f32	s15, s15
 1007 0048 6A46     		mov	r2, sp
 1008 004a 6146     		mov	r1, ip
 1009 004c 03A8     		add	r0, sp, #12
 1010 004e CDED076A 		vstr.32	s13, [sp, #28]
 1011 0052 8DED087A 		vstr.32	s14, [sp, #32]
 1012 0056 CDED097A 		vstr.32	s15, [sp, #36]
 1013 005a FFF7FEFF 		bl	float_quat_vmult
 1014 005e F5EEC08A 		vcmpe.f32	s17, #0
 1015 0062 F1EE10FA 		vmrs	APSR_nzcv, FPSCR
 1016 0066 27DB     		blt	.L106
 1017 0068 DDED037A 		vldr.32	s15, [sp, #12]
 1018 006c 4A4D     		ldr	r5, .L113+16
 1019 006e FEEEE67A 		vcvt.s32.f32	s15, s15, #19
 1020 0072 B5EEC08A 		vcmpe.f32	s16, #0
 1021 0076 F1EE10FA 		vmrs	APSR_nzcv, FPSCR
 1022 007a C5ED167A 		vstr.32	s15, [r5, #88]	@ int
ARM GAS  /tmp/ccYLJeDc.s 			page 19


 1023 007e 05DB     		blt	.L98
 1024 0080 DDED047A 		vldr.32	s15, [sp, #16]
 1025 0084 FEEEE67A 		vcvt.s32.f32	s15, s15, #19
 1026 0088 C5ED177A 		vstr.32	s15, [r5, #92]	@ int
 1027              	.L98:
 1028 008c 434E     		ldr	r6, .L113+20
 1029 008e 3068     		ldr	r0, [r6]
 1030 0090 0028     		cmp	r0, #0
 1031 0092 51D1     		bne	.L110
 1032              	.L97:
 1033 0094 3460     		str	r4, [r6]
 1034              	.L101:
 1035 0096 B5EEC08A 		vcmpe.f32	s16, #0
 1036 009a F1EE10FA 		vmrs	APSR_nzcv, FPSCR
 1037 009e 1CDA     		bge	.L99
 1038              	.L104:
 1039 00a0 1399     		ldr	r1, [sp, #76]	@ float
 1040 00a2 0598     		ldr	r0, [sp, #20]	@ float
 1041 00a4 FFF7FEFF 		bl	vff_update_vz_conf
 1042 00a8 FFF7FEFF 		bl	ins_ned_to_state
 1043 00ac 0023     		movs	r3, #0
 1044 00ae 6B64     		str	r3, [r5, #68]
 1045 00b0 0AB0     		add	sp, sp, #40
 1046              		@ sp needed
 1047 00b2 BDEC028B 		vldm	sp!, {d8}
 1048 00b6 70BD     		pop	{r4, r5, r6, pc}
 1049              	.L106:
 1050 00b8 B5EEC08A 		vcmpe.f32	s16, #0
 1051 00bc F1EE10FA 		vmrs	APSR_nzcv, FPSCR
 1052 00c0 5EDB     		blt	.L111
 1053 00c2 DDED047A 		vldr.32	s15, [sp, #16]
 1054 00c6 344D     		ldr	r5, .L113+16
 1055 00c8 FEEEE67A 		vcvt.s32.f32	s15, s15, #19
 1056 00cc F5EEC08A 		vcmpe.f32	s17, #0
 1057 00d0 F1EE10FA 		vmrs	APSR_nzcv, FPSCR
 1058 00d4 C5ED177A 		vstr.32	s15, [r5, #92]	@ int
 1059 00d8 D8DA     		bge	.L98
 1060              	.L99:
 1061 00da 314E     		ldr	r6, .L113+24
 1062 00dc 3068     		ldr	r0, [r6]
 1063 00de 30B9     		cbnz	r0, .L112
 1064 00e0 3460     		str	r4, [r6]
 1065 00e2 DDE7     		b	.L104
 1066              	.L109:
 1067 00e4 00F5D870 		add	r0, r0, #432
 1068 00e8 FFF7FEFF 		bl	orientationCalcQuat_f
 1069 00ec 9AE7     		b	.L92
 1070              	.L112:
 1071 00ee 201A     		subs	r0, r4, r0
 1072 00f0 07EE900A 		vmov	s15, r0	@ int
 1073 00f4 F8EE677A 		vcvt.f32.u32	s15, s15
 1074 00f8 17EE900A 		vmov	r0, s15
 1075 00fc FFF7FEFF 		bl	__aeabi_f2d
 1076 0100 21A3     		adr	r3, .L113
 1077 0102 D3E90023 		ldrd	r2, [r3]
 1078 0106 FFF7FEFF 		bl	__aeabi_dmul
 1079 010a FFF7FEFF 		bl	__aeabi_d2f
ARM GAS  /tmp/ccYLJeDc.s 			page 20


 1080 010e DDED047A 		vldr.32	s15, [sp, #16]
 1081 0112 9FED247A 		vldr.32	s14, .L113+28
 1082 0116 06EE900A 		vmov	s13, r0
 1083 011a 66EEA77A 		vmul.f32	s15, s13, s15
 1084 011e 67EE877A 		vmul.f32	s15, s15, s14
 1085 0122 17EE900A 		vmov	r0, s15
 1086 0126 FFF7FEFF 		bl	__aeabi_f2d
 1087 012a FFF7FEFF 		bl	lround
 1088 012e 2B6D     		ldr	r3, [r5, #80]
 1089 0130 3460     		str	r4, [r6]
 1090 0132 1844     		add	r0, r0, r3
 1091 0134 2865     		str	r0, [r5, #80]
 1092 0136 B3E7     		b	.L104
 1093              	.L110:
 1094 0138 201A     		subs	r0, r4, r0
 1095 013a 07EE900A 		vmov	s15, r0	@ int
 1096 013e F8EE677A 		vcvt.f32.u32	s15, s15
 1097 0142 17EE900A 		vmov	r0, s15
 1098 0146 FFF7FEFF 		bl	__aeabi_f2d
 1099 014a 0FA3     		adr	r3, .L113
 1100 014c D3E90023 		ldrd	r2, [r3]
 1101 0150 FFF7FEFF 		bl	__aeabi_dmul
 1102 0154 FFF7FEFF 		bl	__aeabi_d2f
 1103 0158 DDED037A 		vldr.32	s15, [sp, #12]
 1104 015c 9FED117A 		vldr.32	s14, .L113+28
 1105 0160 06EE900A 		vmov	s13, r0
 1106 0164 66EEA77A 		vmul.f32	s15, s13, s15
 1107 0168 67EE877A 		vmul.f32	s15, s15, s14
 1108 016c 17EE900A 		vmov	r0, s15
 1109 0170 FFF7FEFF 		bl	__aeabi_f2d
 1110 0174 FFF7FEFF 		bl	lround
 1111 0178 EB6C     		ldr	r3, [r5, #76]
 1112 017a 1844     		add	r0, r0, r3
 1113 017c E864     		str	r0, [r5, #76]
 1114 017e 89E7     		b	.L97
 1115              	.L111:
 1116 0180 054D     		ldr	r5, .L113+16
 1117 0182 88E7     		b	.L101
 1118              	.L114:
 1119 0184 AFF30080 		.align	3
 1120              	.L113:
 1121 0188 8DEDB5A0 		.word	-1598689907
 1122 018c F7C6B03E 		.word	1051772663
 1123 0190 00000000 		.word	state
 1124 0194 F4010000 		.word	state+500
 1125 0198 00000000 		.word	.LANCHOR0
 1126 019c 00000000 		.word	.LANCHOR3
 1127 01a0 00000000 		.word	.LANCHOR4
 1128 01a4 00008043 		.word	1132462080
 1129              		.size	vel_est_cb, .-vel_est_cb
 1130              		.section	.text.ins_int_init,"ax",%progbits
 1131              		.align	1
 1132              		.p2align 4,,15
 1133              		.global	ins_int_init
 1134              		.syntax unified
 1135              		.thumb
 1136              		.thumb_func
ARM GAS  /tmp/ccYLJeDc.s 			page 21


 1137              		.fpu fpv4-sp-d16
 1138              		.type	ins_int_init, %function
 1139              	ins_int_init:
 1140              		@ args = 0, pretend = 0, frame = 0
 1141              		@ frame_needed = 0, uses_anonymous_args = 0
 1142 0000 70B5     		push	{r4, r5, r6, lr}
 1143 0002 334C     		ldr	r4, .L123
 1144 0004 334E     		ldr	r6, .L123+4
 1145 0006 2046     		mov	r0, r4
 1146 0008 FFF7FEFF 		bl	ins_init_origin_i_from_flightplan
 1147 000c 3268     		ldr	r2, [r6]
 1148 000e 324B     		ldr	r3, .L123+8
 1149 0010 0121     		movs	r1, #1
 1150 0012 84F84010 		strb	r1, [r4, #64]
 1151 0016 9A42     		cmp	r2, r3
 1152 0018 4FF0C801 		mov	r1, #200
 1153 001c 6164     		str	r1, [r4, #68]
 1154 001e 05D0     		beq	.L116
 1155 0020 FF21     		movs	r1, #255
 1156 0022 1970     		strb	r1, [r3]
 1157 0024 2D49     		ldr	r1, .L123+12
 1158 0026 3360     		str	r3, [r6]
 1159 0028 C3E90112 		strd	r1, r2, [r3, #4]
 1160              	.L116:
 1161 002c 0025     		movs	r5, #0
 1162 002e 84F87850 		strb	r5, [r4, #120]
 1163 0032 A4F84850 		strh	r5, [r4, #72]	@ movhi
 1164 0036 FFF7FEFF 		bl	vff_init_zero
 1165 003a 294A     		ldr	r2, .L123+16
 1166 003c 2948     		ldr	r0, .L123+20
 1167 003e E566     		str	r5, [r4, #108]
 1168 0040 C621     		movs	r1, #198
 1169 0042 C4E91355 		strd	r5, r5, [r4, #76]
 1170 0046 C4E91555 		strd	r5, r5, [r4, #84]
 1171 004a C4E91755 		strd	r5, r5, [r4, #92]
 1172 004e C4E91955 		strd	r5, r5, [r4, #100]
 1173 0052 FFF7FEFF 		bl	register_periodic_telemetry
 1174 0056 244A     		ldr	r2, .L123+24
 1175 0058 2248     		ldr	r0, .L123+20
 1176 005a 9721     		movs	r1, #151
 1177 005c FFF7FEFF 		bl	register_periodic_telemetry
 1178 0060 224A     		ldr	r2, .L123+28
 1179 0062 2048     		ldr	r0, .L123+20
 1180 0064 9A21     		movs	r1, #154
 1181 0066 FFF7FEFF 		bl	register_periodic_telemetry
 1182 006a 7269     		ldr	r2, [r6, #20]
 1183 006c 204B     		ldr	r3, .L123+32
 1184 006e 9A42     		cmp	r2, r3
 1185 0070 05D0     		beq	.L117
 1186 0072 2049     		ldr	r1, .L123+36
 1187 0074 7361     		str	r3, [r6, #20]
 1188 0076 C3E90112 		strd	r1, r2, [r3, #4]
 1189 007a FF20     		movs	r0, #255
 1190 007c 1870     		strb	r0, [r3]
 1191              	.L117:
 1192 007e B26A     		ldr	r2, [r6, #40]
 1193 0080 1D4B     		ldr	r3, .L123+40
ARM GAS  /tmp/ccYLJeDc.s 			page 22


 1194 0082 9A42     		cmp	r2, r3
 1195 0084 05D0     		beq	.L118
 1196 0086 1D49     		ldr	r1, .L123+44
 1197 0088 B362     		str	r3, [r6, #40]
 1198 008a C3E90112 		strd	r1, r2, [r3, #4]
 1199 008e 0C20     		movs	r0, #12
 1200 0090 1870     		strb	r0, [r3]
 1201              	.L118:
 1202 0092 326B     		ldr	r2, [r6, #48]
 1203 0094 1A4B     		ldr	r3, .L123+48
 1204 0096 9A42     		cmp	r2, r3
 1205 0098 05D0     		beq	.L119
 1206 009a 1A49     		ldr	r1, .L123+52
 1207 009c 3363     		str	r3, [r6, #48]
 1208 009e C3E90112 		strd	r1, r2, [r3, #4]
 1209 00a2 FF20     		movs	r0, #255
 1210 00a4 1870     		strb	r0, [r3]
 1211              	.L119:
 1212 00a6 B26C     		ldr	r2, [r6, #72]
 1213 00a8 174B     		ldr	r3, .L123+56
 1214 00aa 9A42     		cmp	r2, r3
 1215 00ac 05D0     		beq	.L120
 1216 00ae 1749     		ldr	r1, .L123+60
 1217 00b0 B364     		str	r3, [r6, #72]
 1218 00b2 C3E90112 		strd	r1, r2, [r3, #4]
 1219 00b6 FF20     		movs	r0, #255
 1220 00b8 1870     		strb	r0, [r3]
 1221              	.L120:
 1222 00ba B268     		ldr	r2, [r6, #8]
 1223 00bc 144B     		ldr	r3, .L123+64
 1224 00be 9A42     		cmp	r2, r3
 1225 00c0 05D0     		beq	.L115
 1226 00c2 1449     		ldr	r1, .L123+68
 1227 00c4 B360     		str	r3, [r6, #8]
 1228 00c6 C3E90112 		strd	r1, r2, [r3, #4]
 1229 00ca FF20     		movs	r0, #255
 1230 00cc 1870     		strb	r0, [r3]
 1231              	.L115:
 1232 00ce 70BD     		pop	{r4, r5, r6, pc}
 1233              	.L124:
 1234              		.align	2
 1235              	.L123:
 1236 00d0 00000000 		.word	.LANCHOR0
 1237 00d4 00000000 		.word	abi_queues
 1238 00d8 00000000 		.word	.LANCHOR5
 1239 00dc 00000000 		.word	baro_cb
 1240 00e0 00000000 		.word	send_ins
 1241 00e4 00000000 		.word	pprz_telemetry
 1242 00e8 00000000 		.word	send_ins_z
 1243 00ec 00000000 		.word	send_ins_ref
 1244 00f0 00000000 		.word	.LANCHOR6
 1245 00f4 00000000 		.word	accel_cb
 1246 00f8 00000000 		.word	.LANCHOR7
 1247 00fc 00000000 		.word	gps_cb
 1248 0100 00000000 		.word	.LANCHOR8
 1249 0104 00000000 		.word	vel_est_cb
 1250 0108 00000000 		.word	.LANCHOR9
ARM GAS  /tmp/ccYLJeDc.s 			page 23


 1251 010c 00000000 		.word	pos_est_cb
 1252 0110 00000000 		.word	.LANCHOR10
 1253 0114 00000000 		.word	agl_cb
 1254              		.size	ins_int_init, .-ins_int_init
 1255              		.section	.text.ins_reset_local_origin,"ax",%progbits
 1256              		.align	1
 1257              		.p2align 4,,15
 1258              		.global	ins_reset_local_origin
 1259              		.syntax unified
 1260              		.thumb
 1261              		.thumb_func
 1262              		.fpu fpv4-sp-d16
 1263              		.type	ins_reset_local_origin, %function
 1264              	ins_reset_local_origin:
 1265              		@ args = 0, pretend = 0, frame = 24
 1266              		@ frame_needed = 0, uses_anonymous_args = 0
 1267 0000 30B5     		push	{r4, r5, lr}
 1268 0002 87B0     		sub	sp, sp, #28
 1269 0004 FFF7FEFF 		bl	gps_fix_valid
 1270 0008 38B9     		cbnz	r0, .L129
 1271 000a 124C     		ldr	r4, .L130
 1272 000c 0123     		movs	r3, #1
 1273 000e 84F84000 		strb	r0, [r4, #64]
 1274 0012 84F84930 		strb	r3, [r4, #73]
 1275 0016 07B0     		add	sp, sp, #28
 1276              		@ sp needed
 1277 0018 30BD     		pop	{r4, r5, pc}
 1278              	.L129:
 1279 001a 0F4D     		ldr	r5, .L130+4
 1280 001c 0D4C     		ldr	r4, .L130
 1281 001e 6846     		mov	r0, sp
 1282 0020 2946     		mov	r1, r5
 1283 0022 FFF7FEFF 		bl	ecef_int_from_gps
 1284 0026 2946     		mov	r1, r5
 1285 0028 03A8     		add	r0, sp, #12
 1286 002a FFF7FEFF 		bl	lla_int_from_gps
 1287 002e 6946     		mov	r1, sp
 1288 0030 2046     		mov	r0, r4
 1289 0032 FFF7FEFF 		bl	ltp_def_from_ecef_i
 1290 0036 0599     		ldr	r1, [sp, #20]
 1291 0038 EA6A     		ldr	r2, [r5, #44]
 1292 003a 6161     		str	r1, [r4, #20]
 1293 003c 0123     		movs	r3, #1
 1294 003e 84F84030 		strb	r3, [r4, #64]
 1295 0042 E263     		str	r2, [r4, #60]
 1296 0044 FFF7FEFF 		bl	stateSetLocalOrigin_i.constprop.0
 1297 0048 0123     		movs	r3, #1
 1298 004a 84F84930 		strb	r3, [r4, #73]
 1299 004e 07B0     		add	sp, sp, #28
 1300              		@ sp needed
 1301 0050 30BD     		pop	{r4, r5, pc}
 1302              	.L131:
 1303 0052 00BF     		.align	2
 1304              	.L130:
 1305 0054 00000000 		.word	.LANCHOR0
 1306 0058 00000000 		.word	gps
 1307              		.size	ins_reset_local_origin, .-ins_reset_local_origin
ARM GAS  /tmp/ccYLJeDc.s 			page 24


 1308              		.section	.text.ins_int_update_gps.part.0,"ax",%progbits
 1309              		.align	1
 1310              		.p2align 4,,15
 1311              		.syntax unified
 1312              		.thumb
 1313              		.thumb_func
 1314              		.fpu fpv4-sp-d16
 1315              		.type	ins_int_update_gps.part.0, %function
 1316              	ins_int_update_gps.part.0:
 1317              		@ args = 0, pretend = 0, frame = 48
 1318              		@ frame_needed = 0, uses_anonymous_args = 0
 1319 0000 30B5     		push	{r4, r5, lr}
 1320 0002 234C     		ldr	r4, .L138
 1321 0004 94F84030 		ldrb	r3, [r4, #64]	@ zero_extendqisi2
 1322 0008 8DB0     		sub	sp, sp, #52
 1323 000a 0546     		mov	r5, r0
 1324 000c 002B     		cmp	r3, #0
 1325 000e 3CD0     		beq	.L137
 1326              	.L133:
 1327 0010 2946     		mov	r1, r5
 1328 0012 03A8     		add	r0, sp, #12
 1329 0014 FFF7FEFF 		bl	ecef_int_from_gps
 1330 0018 03AA     		add	r2, sp, #12
 1331 001a 6846     		mov	r0, sp
 1332 001c 1C49     		ldr	r1, .L138
 1333 001e FFF7FEFF 		bl	ned_of_ecef_point_i
 1334 0022 2946     		mov	r1, r5
 1335 0024 09A8     		add	r0, sp, #36
 1336 0026 FFF7FEFF 		bl	ecef_vel_int_from_gps
 1337 002a 06A8     		add	r0, sp, #24
 1338 002c 09AA     		add	r2, sp, #36
 1339 002e 1849     		ldr	r1, .L138
 1340 0030 FFF7FEFF 		bl	ned_of_ecef_vect_i
 1341 0034 009A     		ldr	r2, [sp]
 1342 0036 1749     		ldr	r1, .L138+4
 1343 0038 9201     		lsls	r2, r2, #6
 1344 003a 81FB0203 		smull	r0, r3, r1, r2
 1345 003e D217     		asrs	r2, r2, #31
 1346 0040 C2EBE302 		rsb	r2, r2, r3, asr #3
 1347 0044 019B     		ldr	r3, [sp, #4]
 1348 0046 E264     		str	r2, [r4, #76]
 1349 0048 9B01     		lsls	r3, r3, #6
 1350 004a 81FB0321 		smull	r2, r1, r1, r3
 1351 004e DB17     		asrs	r3, r3, #31
 1352 0050 069A     		ldr	r2, [sp, #24]
 1353 0052 C3EBE103 		rsb	r3, r3, r1, asr #3
 1354 0056 2365     		str	r3, [r4, #80]
 1355 0058 4AF2D731 		movw	r1, #41943
 1356 005c 079B     		ldr	r3, [sp, #28]
 1357 005e 01FB02F2 		mul	r2, r1, r2
 1358 0062 4AF2D731 		movw	r1, #41943
 1359 0066 01FB03F3 		mul	r3, r1, r3
 1360 006a 002A     		cmp	r2, #0
 1361 006c B8BF     		it	lt
 1362 006e 0732     		addlt	r2, r2, #7
 1363 0070 002B     		cmp	r3, #0
 1364 0072 B8BF     		it	lt
ARM GAS  /tmp/ccYLJeDc.s 			page 25


 1365 0074 0733     		addlt	r3, r3, #7
 1366 0076 D210     		asrs	r2, r2, #3
 1367 0078 DB10     		asrs	r3, r3, #3
 1368 007a E365     		str	r3, [r4, #92]
 1369 007c A265     		str	r2, [r4, #88]
 1370 007e FFF7FEFF 		bl	ins_ned_to_state
 1371 0082 0023     		movs	r3, #0
 1372 0084 6364     		str	r3, [r4, #68]
 1373 0086 0DB0     		add	sp, sp, #52
 1374              		@ sp needed
 1375 0088 30BD     		pop	{r4, r5, pc}
 1376              	.L137:
 1377 008a FFF7FEFF 		bl	ins_reset_local_origin
 1378 008e BFE7     		b	.L133
 1379              	.L139:
 1380              		.align	2
 1381              	.L138:
 1382 0090 00000000 		.word	.LANCHOR0
 1383 0094 1F85EB51 		.word	1374389535
 1384              		.size	ins_int_update_gps.part.0, .-ins_int_update_gps.part.0
 1385              		.section	.text.gps_cb,"ax",%progbits
 1386              		.align	1
 1387              		.p2align 4,,15
 1388              		.syntax unified
 1389              		.thumb
 1390              		.thumb_func
 1391              		.fpu fpv4-sp-d16
 1392              		.type	gps_cb, %function
 1393              	gps_cb:
 1394              		@ args = 0, pretend = 0, frame = 0
 1395              		@ frame_needed = 0, uses_anonymous_args = 0
 1396              		@ link register save eliminated.
 1397 0000 92F86730 		ldrb	r3, [r2, #103]	@ zero_extendqisi2
 1398 0004 022B     		cmp	r3, #2
 1399 0006 1046     		mov	r0, r2
 1400 0008 01D9     		bls	.L140
 1401 000a FFF7FEBF 		b	ins_int_update_gps.part.0
 1402              	.L140:
 1403 000e 7047     		bx	lr
 1404              		.size	gps_cb, .-gps_cb
 1405              		.section	.text.ins_reset_altitude_ref,"ax",%progbits
 1406              		.align	1
 1407              		.p2align 4,,15
 1408              		.global	ins_reset_altitude_ref
 1409              		.syntax unified
 1410              		.thumb
 1411              		.thumb_func
 1412              		.fpu fpv4-sp-d16
 1413              		.type	ins_reset_altitude_ref, %function
 1414              	ins_reset_altitude_ref:
 1415              		@ args = 0, pretend = 0, frame = 24
 1416              		@ frame_needed = 0, uses_anonymous_args = 0
 1417 0000 30B5     		push	{r4, r5, lr}
 1418 0002 87B0     		sub	sp, sp, #28
 1419 0004 FFF7FEFF 		bl	gps_fix_valid
 1420 0008 28B9     		cbnz	r0, .L146
 1421 000a 104C     		ldr	r4, .L148
ARM GAS  /tmp/ccYLJeDc.s 			page 26


 1422 000c 0123     		movs	r3, #1
 1423 000e 84F84930 		strb	r3, [r4, #73]
 1424 0012 07B0     		add	sp, sp, #28
 1425              		@ sp needed
 1426 0014 30BD     		pop	{r4, r5, pc}
 1427              	.L146:
 1428 0016 0E4D     		ldr	r5, .L148+4
 1429 0018 0C4C     		ldr	r4, .L148
 1430 001a 6846     		mov	r0, sp
 1431 001c 2946     		mov	r1, r5
 1432 001e FFF7FEFF 		bl	lla_int_from_gps
 1433 0022 0C4B     		ldr	r3, .L148+8
 1434 0024 029A     		ldr	r2, [sp, #8]
 1435 0026 D3E90A13 		ldrd	r1, r3, [r3, #40]
 1436 002a 2046     		mov	r0, r4
 1437 002c 0391     		str	r1, [sp, #12]
 1438 002e 03A9     		add	r1, sp, #12
 1439 0030 CDE90432 		strd	r3, r2, [sp, #16]
 1440 0034 FFF7FEFF 		bl	ltp_def_from_lla_i
 1441 0038 EB6A     		ldr	r3, [r5, #44]
 1442 003a E363     		str	r3, [r4, #60]
 1443 003c FFF7FEFF 		bl	stateSetLocalOrigin_i.constprop.0
 1444 0040 0123     		movs	r3, #1
 1445 0042 84F84930 		strb	r3, [r4, #73]
 1446 0046 07B0     		add	sp, sp, #28
 1447              		@ sp needed
 1448 0048 30BD     		pop	{r4, r5, pc}
 1449              	.L149:
 1450 004a 00BF     		.align	2
 1451              	.L148:
 1452 004c 00000000 		.word	.LANCHOR0
 1453 0050 00000000 		.word	gps
 1454 0054 00000000 		.word	state
 1455              		.size	ins_reset_altitude_ref, .-ins_reset_altitude_ref
 1456              		.section	.text.ins_reset_vertical_pos,"ax",%progbits
 1457              		.align	1
 1458              		.p2align 4,,15
 1459              		.global	ins_reset_vertical_pos
 1460              		.syntax unified
 1461              		.thumb
 1462              		.thumb_func
 1463              		.fpu fpv4-sp-d16
 1464              		.type	ins_reset_vertical_pos, %function
 1465              	ins_reset_vertical_pos:
 1466              		@ args = 0, pretend = 0, frame = 0
 1467              		@ frame_needed = 0, uses_anonymous_args = 0
 1468              		@ link register save eliminated.
 1469 0000 024B     		ldr	r3, .L151
 1470 0002 0122     		movs	r2, #1
 1471 0004 83F84920 		strb	r2, [r3, #73]
 1472 0008 7047     		bx	lr
 1473              	.L152:
 1474 000a 00BF     		.align	2
 1475              	.L151:
 1476 000c 00000000 		.word	.LANCHOR0
 1477              		.size	ins_reset_vertical_pos, .-ins_reset_vertical_pos
 1478              		.global	__aeabi_d2iz
ARM GAS  /tmp/ccYLJeDc.s 			page 27


 1479              		.section	.text.ins_int_propagate,"ax",%progbits
 1480              		.align	1
 1481              		.p2align 4,,15
 1482              		.global	ins_int_propagate
 1483              		.syntax unified
 1484              		.thumb
 1485              		.thumb_func
 1486              		.fpu fpv4-sp-d16
 1487              		.type	ins_int_propagate, %function
 1488              	ins_int_propagate:
 1489              		@ args = 0, pretend = 0, frame = 16
 1490              		@ frame_needed = 0, uses_anonymous_args = 0
 1491 0000 70B5     		push	{r4, r5, r6, lr}
 1492 0002 2D4B     		ldr	r3, .L161+8
 1493 0004 0546     		mov	r5, r0
 1494 0006 93F8B021 		ldrb	r2, [r3, #432]	@ zero_extendqisi2
 1495 000a 0068     		ldr	r0, [r0]
 1496 000c C3F87401 		str	r0, [r3, #372]
 1497 0010 6868     		ldr	r0, [r5, #4]
 1498 0012 C3F87801 		str	r0, [r3, #376]
 1499 0016 5207     		lsls	r2, r2, #29
 1500 0018 A868     		ldr	r0, [r5, #8]
 1501 001a C3F87C01 		str	r0, [r3, #380]
 1502 001e 84B0     		sub	sp, sp, #16
 1503 0020 0E46     		mov	r6, r1	@ float
 1504 0022 22D5     		bpl	.L159
 1505              	.L154:
 1506 0024 254C     		ldr	r4, .L161+12
 1507 0026 2649     		ldr	r1, .L161+16
 1508 0028 01A8     		add	r0, sp, #4
 1509 002a 2A46     		mov	r2, r5
 1510 002c FFF7FEFF 		bl	int32_rmat_transp_vmult
 1511 0030 636C     		ldr	r3, [r4, #68]
 1512 0032 0398     		ldr	r0, [sp, #12]
 1513 0034 C72B     		cmp	r3, #199
 1514 0036 1DD9     		bls	.L160
 1515 0038 FFF7FEFF 		bl	__aeabi_i2d
 1516 003c 1CA3     		adr	r3, .L161
 1517 003e D3E90023 		ldrd	r2, [r3]
 1518 0042 FFF7FEFF 		bl	__aeabi_dadd
 1519 0046 FFF7FEFF 		bl	__aeabi_d2iz
 1520 004a E066     		str	r0, [r4, #108]
 1521              	.L156:
 1522 004c DDE90123 		ldrd	r2, r3, [sp, #4]
 1523 0050 C4E91923 		strd	r2, r3, [r4, #100]
 1524 0054 FFF7FEFF 		bl	ins_ned_to_state
 1525 0058 636C     		ldr	r3, [r4, #68]
 1526 005a 44F61F62 		movw	r2, #19999
 1527 005e 9342     		cmp	r3, r2
 1528 0060 9CBF     		itt	ls
 1529 0062 0133     		addls	r3, r3, #1
 1530 0064 6364     		strls	r3, [r4, #68]
 1531 0066 04B0     		add	sp, sp, #16
 1532              		@ sp needed
 1533 0068 70BD     		pop	{r4, r5, r6, pc}
 1534              	.L159:
 1535 006a 03F5D870 		add	r0, r3, #432
ARM GAS  /tmp/ccYLJeDc.s 			page 28


 1536 006e FFF7FEFF 		bl	orientationCalcRMat_i
 1537 0072 D7E7     		b	.L154
 1538              	.L160:
 1539 0074 07EE900A 		vmov	s15, r0	@ int
 1540 0078 FAEECB7A 		vcvt.f32.s32	s15, s15, #10
 1541 007c 3146     		mov	r1, r6	@ float
 1542 007e 17EE900A 		vmov	r0, s15
 1543 0082 FFF7FEFF 		bl	vff_propagate
 1544 0086 0F4B     		ldr	r3, .L161+20
 1545 0088 D3ED056A 		vldr.32	s13, [r3, #20]
 1546 008c 93ED017A 		vldr.32	s14, [r3, #4]
 1547 0090 D3ED007A 		vldr.32	s15, [r3]
 1548 0094 FEEECB6A 		vcvt.s32.f32	s13, s13, #10
 1549 0098 BEEEE67A 		vcvt.s32.f32	s14, s14, #19
 1550 009c FEEECC7A 		vcvt.s32.f32	s15, s15, #8
 1551 00a0 C4ED1B6A 		vstr.32	s13, [r4, #108]	@ int
 1552 00a4 84ED187A 		vstr.32	s14, [r4, #96]	@ int
 1553 00a8 C4ED157A 		vstr.32	s15, [r4, #84]	@ int
 1554 00ac CEE7     		b	.L156
 1555              	.L162:
 1556 00ae 00BF     		.align	3
 1557              	.L161:
 1558 00b0 1F85EB51 		.word	1374389535
 1559 00b4 B89EC340 		.word	1086561976
 1560 00b8 00000000 		.word	state
 1561 00bc 00000000 		.word	.LANCHOR0
 1562 00c0 D0010000 		.word	state+464
 1563 00c4 00000000 		.word	vff
 1564              		.size	ins_int_propagate, .-ins_int_propagate
 1565              		.section	.text.accel_cb,"ax",%progbits
 1566              		.align	1
 1567              		.p2align 4,,15
 1568              		.syntax unified
 1569              		.thumb
 1570              		.thumb_func
 1571              		.fpu fpv4-sp-d16
 1572              		.type	accel_cb, %function
 1573              	accel_cb:
 1574              		@ args = 0, pretend = 0, frame = 0
 1575              		@ frame_needed = 0, uses_anonymous_args = 0
 1576 0000 70B5     		push	{r4, r5, r6, lr}
 1577 0002 114E     		ldr	r6, .L170+8
 1578 0004 3068     		ldr	r0, [r6]
 1579 0006 0C46     		mov	r4, r1
 1580 0008 08B9     		cbnz	r0, .L169
 1581 000a 3460     		str	r4, [r6]
 1582 000c 70BD     		pop	{r4, r5, r6, pc}
 1583              	.L169:
 1584 000e 081A     		subs	r0, r1, r0
 1585 0010 07EE900A 		vmov	s15, r0	@ int
 1586 0014 F8EE677A 		vcvt.f32.u32	s15, s15
 1587 0018 1546     		mov	r5, r2
 1588 001a 17EE900A 		vmov	r0, s15
 1589 001e FFF7FEFF 		bl	__aeabi_f2d
 1590 0022 07A3     		adr	r3, .L170
 1591 0024 D3E90023 		ldrd	r2, [r3]
 1592 0028 FFF7FEFF 		bl	__aeabi_dmul
ARM GAS  /tmp/ccYLJeDc.s 			page 29


 1593 002c FFF7FEFF 		bl	__aeabi_d2f
 1594 0030 0146     		mov	r1, r0	@ float
 1595 0032 2846     		mov	r0, r5
 1596 0034 FFF7FEFF 		bl	ins_int_propagate
 1597 0038 3460     		str	r4, [r6]
 1598 003a 70BD     		pop	{r4, r5, r6, pc}
 1599              	.L171:
 1600 003c AFF30080 		.align	3
 1601              	.L170:
 1602 0040 8DEDB5A0 		.word	-1598689907
 1603 0044 F7C6B03E 		.word	1051772663
 1604 0048 00000000 		.word	.LANCHOR11
 1605              		.size	accel_cb, .-accel_cb
 1606              		.section	.text.ins_int_update_gps,"ax",%progbits
 1607              		.align	1
 1608              		.p2align 4,,15
 1609              		.global	ins_int_update_gps
 1610              		.syntax unified
 1611              		.thumb
 1612              		.thumb_func
 1613              		.fpu fpv4-sp-d16
 1614              		.type	ins_int_update_gps, %function
 1615              	ins_int_update_gps:
 1616              		@ args = 0, pretend = 0, frame = 0
 1617              		@ frame_needed = 0, uses_anonymous_args = 0
 1618              		@ link register save eliminated.
 1619 0000 90F86730 		ldrb	r3, [r0, #103]	@ zero_extendqisi2
 1620 0004 022B     		cmp	r3, #2
 1621 0006 01D9     		bls	.L172
 1622 0008 FFF7FEBF 		b	ins_int_update_gps.part.0
 1623              	.L172:
 1624 000c 7047     		bx	lr
 1625              		.size	ins_int_update_gps, .-ins_int_update_gps
 1626              		.global	ins_int
 1627              		.global	baro_ev
 1628 000e 00BF     		.section	.bss.accel_ev,"aw",%nobits
 1629              		.align	2
 1630              		.set	.LANCHOR6,. + 0
 1631              		.type	accel_ev, %object
 1632              		.size	accel_ev, 12
 1633              	accel_ev:
 1634 0000 00000000 		.space	12
 1634      00000000 
 1634      00000000 
 1635              		.section	.bss.agl_ev,"aw",%nobits
 1636              		.align	2
 1637              		.set	.LANCHOR10,. + 0
 1638              		.type	agl_ev, %object
 1639              		.size	agl_ev, 12
 1640              	agl_ev:
 1641 0000 00000000 		.space	12
 1641      00000000 
 1641      00000000 
 1642              		.section	.bss.baro_ev,"aw",%nobits
 1643              		.align	2
 1644              		.set	.LANCHOR5,. + 0
 1645              		.type	baro_ev, %object
ARM GAS  /tmp/ccYLJeDc.s 			page 30


 1646              		.size	baro_ev, 12
 1647              	baro_ev:
 1648 0000 00000000 		.space	12
 1648      00000000 
 1648      00000000 
 1649              		.section	.bss.gps_ev,"aw",%nobits
 1650              		.align	2
 1651              		.set	.LANCHOR7,. + 0
 1652              		.type	gps_ev, %object
 1653              		.size	gps_ev, 12
 1654              	gps_ev:
 1655 0000 00000000 		.space	12
 1655      00000000 
 1655      00000000 
 1656              		.section	.bss.idx.1,"aw",%nobits
 1657              		.set	.LANCHOR1,. + 0
 1658              		.type	idx.1, %object
 1659              		.size	idx.1, 1
 1660              	idx.1:
 1661 0000 00       		.space	1
 1662              		.section	.bss.ins_int,"aw",%nobits
 1663              		.align	2
 1664              		.set	.LANCHOR0,. + 0
 1665              		.type	ins_int, %object
 1666              		.size	ins_int, 124
 1667              	ins_int:
 1668 0000 00000000 		.space	124
 1668      00000000 
 1668      00000000 
 1668      00000000 
 1668      00000000 
 1669              		.section	.bss.last_stamp.2,"aw",%nobits
 1670              		.align	2
 1671              		.set	.LANCHOR11,. + 0
 1672              		.type	last_stamp.2, %object
 1673              		.size	last_stamp.2, 4
 1674              	last_stamp.2:
 1675 0000 00000000 		.space	4
 1676              		.section	.bss.last_stamp_x.4,"aw",%nobits
 1677              		.align	2
 1678              		.set	.LANCHOR3,. + 0
 1679              		.type	last_stamp_x.4, %object
 1680              		.size	last_stamp_x.4, 4
 1681              	last_stamp_x.4:
 1682 0000 00000000 		.space	4
 1683              		.section	.bss.last_stamp_y.3,"aw",%nobits
 1684              		.align	2
 1685              		.set	.LANCHOR4,. + 0
 1686              		.type	last_stamp_y.3, %object
 1687              		.size	last_stamp_y.3, 4
 1688              	last_stamp_y.3:
 1689 0000 00000000 		.space	4
 1690              		.section	.bss.pos_est_ev,"aw",%nobits
 1691              		.align	2
 1692              		.set	.LANCHOR9,. + 0
 1693              		.type	pos_est_ev, %object
 1694              		.size	pos_est_ev, 12
ARM GAS  /tmp/ccYLJeDc.s 			page 31


 1695              	pos_est_ev:
 1696 0000 00000000 		.space	12
 1696      00000000 
 1696      00000000 
 1697              		.section	.bss.press_hist.0,"aw",%nobits
 1698              		.align	2
 1699              		.set	.LANCHOR2,. + 0
 1700              		.type	press_hist.0, %object
 1701              		.size	press_hist.0, 40
 1702              	press_hist.0:
 1703 0000 00000000 		.space	40
 1703      00000000 
 1703      00000000 
 1703      00000000 
 1703      00000000 
 1704              		.section	.bss.vel_est_ev,"aw",%nobits
 1705              		.align	2
 1706              		.set	.LANCHOR8,. + 0
 1707              		.type	vel_est_ev, %object
 1708              		.size	vel_est_ev, 12
 1709              	vel_est_ev:
 1710 0000 00000000 		.space	12
 1710      00000000 
 1710      00000000 
 1711              		.ident	"GCC: (15:10.3-2021.07-4) 10.3.1 20210621 (release)"
ARM GAS  /tmp/ccYLJeDc.s 			page 32


DEFINED SYMBOLS
                            *ABS*:0000000000000000 ins_int.c
     /tmp/ccYLJeDc.s:15     .text.ins_ned_to_state:0000000000000000 $t
     /tmp/ccYLJeDc.s:23     .text.ins_ned_to_state:0000000000000000 ins_ned_to_state
     /tmp/ccYLJeDc.s:50     .text.ins_ned_to_state:0000000000000040 $d
     /tmp/ccYLJeDc.s:54     .text.pos_est_cb:0000000000000000 $t
     /tmp/ccYLJeDc.s:61     .text.pos_est_cb:0000000000000000 pos_est_cb
     /tmp/ccYLJeDc.s:95     .text.pos_est_cb:0000000000000050 $d
     /tmp/ccYLJeDc.s:102    .text.baro_cb:0000000000000000 $t
     /tmp/ccYLJeDc.s:109    .text.baro_cb:0000000000000000 baro_cb
     /tmp/ccYLJeDc.s:236    .text.baro_cb:0000000000000168 $d
     /tmp/ccYLJeDc.s:250    .text.agl_cb:0000000000000000 $t
     /tmp/ccYLJeDc.s:257    .text.agl_cb:0000000000000000 agl_cb
     /tmp/ccYLJeDc.s:282    .text.agl_cb:0000000000000030 $d
     /tmp/ccYLJeDc.s:286    .rodata.send_ins.str1.4:0000000000000000 $d
     /tmp/ccYLJeDc.s:290    .text.send_ins:0000000000000000 $t
     /tmp/ccYLJeDc.s:297    .text.send_ins:0000000000000000 send_ins
     /tmp/ccYLJeDc.s:482    .text.send_ins:0000000000000184 $d
     /tmp/ccYLJeDc.s:486    .rodata.send_ins_ref.str1.4:0000000000000000 $d
     /tmp/ccYLJeDc.s:490    .text.send_ins_ref:0000000000000000 $t
     /tmp/ccYLJeDc.s:497    .text.send_ins_ref:0000000000000000 send_ins_ref
     /tmp/ccYLJeDc.s:679    .text.send_ins_ref:0000000000000178 $d
     /tmp/ccYLJeDc.s:683    .rodata.send_ins_z.str1.4:0000000000000000 $d
     /tmp/ccYLJeDc.s:687    .text.send_ins_z:0000000000000000 $t
     /tmp/ccYLJeDc.s:694    .text.send_ins_z:0000000000000000 send_ins_z
     /tmp/ccYLJeDc.s:829    .text.send_ins_z:0000000000000114 $d
     /tmp/ccYLJeDc.s:836    .text.stateSetLocalOrigin_i.constprop.0:0000000000000000 $t
     /tmp/ccYLJeDc.s:843    .text.stateSetLocalOrigin_i.constprop.0:0000000000000000 stateSetLocalOrigin_i.constprop.0
     /tmp/ccYLJeDc.s:960    .text.stateSetLocalOrigin_i.constprop.0:00000000000001a0 $d
     /tmp/ccYLJeDc.s:972    .text.vel_est_cb:0000000000000000 $t
     /tmp/ccYLJeDc.s:979    .text.vel_est_cb:0000000000000000 vel_est_cb
     /tmp/ccYLJeDc.s:1121   .text.vel_est_cb:0000000000000188 $d
     /tmp/ccYLJeDc.s:1131   .text.ins_int_init:0000000000000000 $t
     /tmp/ccYLJeDc.s:1139   .text.ins_int_init:0000000000000000 ins_int_init
     /tmp/ccYLJeDc.s:1236   .text.ins_int_init:00000000000000d0 $d
     /tmp/ccYLJeDc.s:1573   .text.accel_cb:0000000000000000 accel_cb
     /tmp/ccYLJeDc.s:1393   .text.gps_cb:0000000000000000 gps_cb
     /tmp/ccYLJeDc.s:1256   .text.ins_reset_local_origin:0000000000000000 $t
     /tmp/ccYLJeDc.s:1264   .text.ins_reset_local_origin:0000000000000000 ins_reset_local_origin
     /tmp/ccYLJeDc.s:1305   .text.ins_reset_local_origin:0000000000000054 $d
     /tmp/ccYLJeDc.s:1309   .text.ins_int_update_gps.part.0:0000000000000000 $t
     /tmp/ccYLJeDc.s:1316   .text.ins_int_update_gps.part.0:0000000000000000 ins_int_update_gps.part.0
     /tmp/ccYLJeDc.s:1382   .text.ins_int_update_gps.part.0:0000000000000090 $d
     /tmp/ccYLJeDc.s:1386   .text.gps_cb:0000000000000000 $t
     /tmp/ccYLJeDc.s:1406   .text.ins_reset_altitude_ref:0000000000000000 $t
     /tmp/ccYLJeDc.s:1414   .text.ins_reset_altitude_ref:0000000000000000 ins_reset_altitude_ref
     /tmp/ccYLJeDc.s:1452   .text.ins_reset_altitude_ref:000000000000004c $d
     /tmp/ccYLJeDc.s:1457   .text.ins_reset_vertical_pos:0000000000000000 $t
     /tmp/ccYLJeDc.s:1465   .text.ins_reset_vertical_pos:0000000000000000 ins_reset_vertical_pos
     /tmp/ccYLJeDc.s:1476   .text.ins_reset_vertical_pos:000000000000000c $d
     /tmp/ccYLJeDc.s:1480   .text.ins_int_propagate:0000000000000000 $t
     /tmp/ccYLJeDc.s:1488   .text.ins_int_propagate:0000000000000000 ins_int_propagate
     /tmp/ccYLJeDc.s:1558   .text.ins_int_propagate:00000000000000b0 $d
     /tmp/ccYLJeDc.s:1566   .text.accel_cb:0000000000000000 $t
     /tmp/ccYLJeDc.s:1602   .text.accel_cb:0000000000000040 $d
     /tmp/ccYLJeDc.s:1607   .text.ins_int_update_gps:0000000000000000 $t
     /tmp/ccYLJeDc.s:1615   .text.ins_int_update_gps:0000000000000000 ins_int_update_gps
ARM GAS  /tmp/ccYLJeDc.s 			page 33


     /tmp/ccYLJeDc.s:1667   .bss.ins_int:0000000000000000 ins_int
     /tmp/ccYLJeDc.s:1647   .bss.baro_ev:0000000000000000 baro_ev
     /tmp/ccYLJeDc.s:1629   .bss.accel_ev:0000000000000000 $d
     /tmp/ccYLJeDc.s:1633   .bss.accel_ev:0000000000000000 accel_ev
     /tmp/ccYLJeDc.s:1636   .bss.agl_ev:0000000000000000 $d
     /tmp/ccYLJeDc.s:1640   .bss.agl_ev:0000000000000000 agl_ev
     /tmp/ccYLJeDc.s:1643   .bss.baro_ev:0000000000000000 $d
     /tmp/ccYLJeDc.s:1650   .bss.gps_ev:0000000000000000 $d
     /tmp/ccYLJeDc.s:1654   .bss.gps_ev:0000000000000000 gps_ev
     /tmp/ccYLJeDc.s:1660   .bss.idx.1:0000000000000000 idx.1
     /tmp/ccYLJeDc.s:1661   .bss.idx.1:0000000000000000 $d
     /tmp/ccYLJeDc.s:1663   .bss.ins_int:0000000000000000 $d
     /tmp/ccYLJeDc.s:1670   .bss.last_stamp.2:0000000000000000 $d
     /tmp/ccYLJeDc.s:1674   .bss.last_stamp.2:0000000000000000 last_stamp.2
     /tmp/ccYLJeDc.s:1677   .bss.last_stamp_x.4:0000000000000000 $d
     /tmp/ccYLJeDc.s:1681   .bss.last_stamp_x.4:0000000000000000 last_stamp_x.4
     /tmp/ccYLJeDc.s:1684   .bss.last_stamp_y.3:0000000000000000 $d
     /tmp/ccYLJeDc.s:1688   .bss.last_stamp_y.3:0000000000000000 last_stamp_y.3
     /tmp/ccYLJeDc.s:1691   .bss.pos_est_ev:0000000000000000 $d
     /tmp/ccYLJeDc.s:1695   .bss.pos_est_ev:0000000000000000 pos_est_ev
     /tmp/ccYLJeDc.s:1698   .bss.press_hist.0:0000000000000000 $d
     /tmp/ccYLJeDc.s:1702   .bss.press_hist.0:0000000000000000 press_hist.0
     /tmp/ccYLJeDc.s:1705   .bss.vel_est_ev:0000000000000000 $d
     /tmp/ccYLJeDc.s:1709   .bss.vel_est_ev:0000000000000000 vel_est_ev

UNDEFINED SYMBOLS
state
vff_update_z_conf
__aeabi_f2d
__aeabi_dadd
__aeabi_dsub
__aeabi_d2f
vff_update_baro
variance_f
vff_realign
sqrt
logf
stateCalcPositionEnu_f
vff
vff_update_agl
__aeabi_dmul
__aeabi_ddiv
__aeabi_i2d
float_quat_vmult
vff_update_vz_conf
orientationCalcQuat_f
lround
ins_init_origin_i_from_flightplan
vff_init_zero
register_periodic_telemetry
abi_queues
pprz_telemetry
gps_fix_valid
ecef_int_from_gps
lla_int_from_gps
ltp_def_from_ecef_i
gps
ARM GAS  /tmp/ccYLJeDc.s 			page 34


ned_of_ecef_point_i
ecef_vel_int_from_gps
ned_of_ecef_vect_i
ltp_def_from_lla_i
__aeabi_d2iz
int32_rmat_transp_vmult
orientationCalcRMat_i
vff_propagate
