ARM GAS  /tmp/ccgpe3V1.s 			page 1


   1              		.cpu cortex-m4
   2              		.eabi_attribute 27, 1
   3              		.eabi_attribute 20, 1
   4              		.eabi_attribute 21, 1
   5              		.eabi_attribute 23, 3
   6              		.eabi_attribute 24, 1
   7              		.eabi_attribute 25, 1
   8              		.eabi_attribute 26, 1
   9              		.eabi_attribute 30, 2
  10              		.eabi_attribute 34, 1
  11              		.eabi_attribute 18, 4
  12              		.file	"main_ap.c"
  13              		.text
  14              		.section	.text.main_ap_init,"ax",%progbits
  15              		.align	1
  16              		.p2align 4,,15
  17              		.global	main_ap_init
  18              		.arch armv7e-m
  19              		.syntax unified
  20              		.thumb
  21              		.thumb_func
  22              		.fpu fpv4-sp-d16
  23              		.type	main_ap_init, %function
  24              	main_ap_init:
  25              		@ args = 0, pretend = 0, frame = 0
  26              		@ frame_needed = 0, uses_anonymous_args = 0
  27 0000 10B5     		push	{r4, lr}
  28 0002 FFF7FEFF 		bl	settings_init
  29 0006 334C     		ldr	r4, .L4
  30 0008 FFF7FEFF 		bl	pprz_trig_int_init
  31 000c FFF7FEFF 		bl	air_data_init
  32 0010 FFF7FEFF 		bl	electrical_init
  33 0014 FFF7FEFF 		bl	stateInit
  34 0018 FFF7FEFF 		bl	init_sysmon
  35 001c FFF7FEFF 		bl	commands_init
  36 0020 FFF7FEFF 		bl	gps_init
  37 0024 FFF7FEFF 		bl	baro_board_init
  38 0028 FFF7FEFF 		bl	baro_bmp3_init
  39 002c FFF7FEFF 		bl	imu_init
  40 0030 FFF7FEFF 		bl	imu_bmi088_init
  41 0034 FFF7FEFF 		bl	gps_datalink_init
  42 0038 274B     		ldr	r3, .L4+4
  43 003a 0222     		movs	r2, #2
  44 003c 1A70     		strb	r2, [r3]
  45 003e FFF7FEFF 		bl	ahrs_init
  46 0042 FFF7FEFF 		bl	ins_int_init
  47 0046 FFF7FEFF 		bl	radio_control_init
  48 004a FFF7FEFF 		bl	rc_datalink_init
  49 004e FFF7FEFF 		bl	stabilization_init
  50 0052 FFF7FEFF 		bl	stabilization_none_init
  51 0056 FFF7FEFF 		bl	nav_init
  52 005a FFF7FEFF 		bl	nav_rotorcraft_init
  53 005e FFF7FEFF 		bl	guidance_h_init
  54 0062 FFF7FEFF 		bl	guidance_v_init
  55 0066 FFF7FEFF 		bl	guidance_pid_init
  56 006a FFF7FEFF 		bl	stabilization_attitude_init
  57 006e FFF7FEFF 		bl	autopilot_init
ARM GAS  /tmp/ccgpe3V1.s 			page 2


  58 0072 FFF7FEFF 		bl	actuators_init
  59 0076 FFF7FEFF 		bl	motor_mixing_init
  60 007a FFF7FEFF 		bl	syslink_dl_init
  61 007e FFF7FEFF 		bl	datalink_init
  62 0082 FFF7FEFF 		bl	downlink_init
  63 0086 FFF7FEFF 		bl	pprz_dl_init
  64 008a 0021     		movs	r1, #0
  65 008c 2046     		mov	r0, r4	@ float
  66 008e FFF7FEFF 		bl	sys_time_register_timer
  67 0092 124B     		ldr	r3, .L4+8
  68 0094 1249     		ldr	r1, .L4+12
  69 0096 1870     		strb	r0, [r3]
  70 0098 0022     		movs	r2, #0
  71 009a FFF7FEFF 		bl	sys_time_register_timer_offset
  72 009e 114B     		ldr	r3, .L4+16
  73 00a0 0246     		mov	r2, r0
  74 00a2 0021     		movs	r1, #0
  75 00a4 2046     		mov	r0, r4	@ float
  76 00a6 1A70     		strb	r2, [r3]
  77 00a8 FFF7FEFF 		bl	sys_time_register_timer
  78 00ac 0E4B     		ldr	r3, .L4+20
  79 00ae 0246     		mov	r2, r0
  80 00b0 0021     		movs	r1, #0
  81 00b2 0E48     		ldr	r0, .L4+24
  82 00b4 1A70     		strb	r2, [r3]
  83 00b6 FFF7FEFF 		bl	sys_time_register_timer
  84 00ba 0D4B     		ldr	r3, .L4+28
  85 00bc 0246     		mov	r2, r0
  86 00be 0021     		movs	r1, #0
  87 00c0 2046     		mov	r0, r4	@ float
  88 00c2 1A70     		strb	r2, [r3]
  89 00c4 FFF7FEFF 		bl	sys_time_register_timer
  90 00c8 0A4B     		ldr	r3, .L4+32
  91 00ca 1870     		strb	r0, [r3]
  92 00cc BDE81040 		pop	{r4, lr}
  93 00d0 FFF7FEBF 		b	autopilot_failsafe_checks
  94              	.L5:
  95              		.align	2
  96              	.L4:
  97 00d4 6F12833A 		.word	981668463
  98 00d8 00000000 		.word	.LANCHOR0
  99 00dc 00000000 		.word	.LANCHOR1
 100 00e0 6F12033A 		.word	973279855
 101 00e4 00000000 		.word	.LANCHOR2
 102 00e8 00000000 		.word	.LANCHOR3
 103 00ec 8988883C 		.word	1015580809
 104 00f0 00000000 		.word	.LANCHOR4
 105 00f4 00000000 		.word	.LANCHOR5
 106              		.size	main_ap_init, .-main_ap_init
 107              		.section	.text.main_ap_periodic,"ax",%progbits
 108              		.align	1
 109              		.p2align 4,,15
 110              		.global	main_ap_periodic
 111              		.syntax unified
 112              		.thumb
 113              		.thumb_func
 114              		.fpu fpv4-sp-d16
ARM GAS  /tmp/ccgpe3V1.s 			page 3


 115              		.type	main_ap_periodic, %function
 116              	main_ap_periodic:
 117              		@ args = 0, pretend = 0, frame = 0
 118              		@ frame_needed = 0, uses_anonymous_args = 0
 119 0000 70B5     		push	{r4, r5, r6, lr}
 120 0002 794B     		ldr	r3, .L89
 121 0004 93F90030 		ldrsb	r3, [r3]
 122 0008 DAB2     		uxtb	r2, r3
 123 000a 0F2A     		cmp	r2, #15
 124 000c 07D8     		bhi	.L7
 125 000e 774A     		ldr	r2, .L89+4
 126 0010 03EB8303 		add	r3, r3, r3, lsl #2
 127 0014 02EB8303 		add	r3, r2, r3, lsl #2
 128 0018 1A7D     		ldrb	r2, [r3, #20]	@ zero_extendqisi2
 129 001a 002A     		cmp	r2, #0
 130 001c 59D1     		bne	.L77
 131              	.L7:
 132 001e 744B     		ldr	r3, .L89+8
 133 0020 93F90030 		ldrsb	r3, [r3]
 134 0024 DAB2     		uxtb	r2, r3
 135 0026 0F2A     		cmp	r2, #15
 136 0028 08D8     		bhi	.L21
 137 002a 704A     		ldr	r2, .L89+4
 138 002c 03EB8303 		add	r3, r3, r3, lsl #2
 139 0030 02EB8303 		add	r3, r2, r3, lsl #2
 140 0034 1A7D     		ldrb	r2, [r3, #20]	@ zero_extendqisi2
 141 0036 002A     		cmp	r2, #0
 142 0038 40F0A980 		bne	.L78
 143              	.L21:
 144 003c 6D4B     		ldr	r3, .L89+12
 145 003e 93F90030 		ldrsb	r3, [r3]
 146 0042 DAB2     		uxtb	r2, r3
 147 0044 0F2A     		cmp	r2, #15
 148 0046 07D8     		bhi	.L24
 149 0048 684A     		ldr	r2, .L89+4
 150 004a 03EB8303 		add	r3, r3, r3, lsl #2
 151 004e 02EB8303 		add	r3, r2, r3, lsl #2
 152 0052 1A7D     		ldrb	r2, [r3, #20]	@ zero_extendqisi2
 153 0054 002A     		cmp	r2, #0
 154 0056 6BD1     		bne	.L79
 155              	.L24:
 156 0058 674B     		ldr	r3, .L89+16
 157 005a 93F90030 		ldrsb	r3, [r3]
 158 005e DAB2     		uxtb	r2, r3
 159 0060 0F2A     		cmp	r2, #15
 160 0062 07D8     		bhi	.L29
 161 0064 614A     		ldr	r2, .L89+4
 162 0066 03EB8303 		add	r3, r3, r3, lsl #2
 163 006a 02EB8303 		add	r3, r2, r3, lsl #2
 164 006e 1A7D     		ldrb	r2, [r3, #20]	@ zero_extendqisi2
 165 0070 002A     		cmp	r2, #0
 166 0072 68D1     		bne	.L80
 167              	.L29:
 168 0074 614B     		ldr	r3, .L89+20
 169 0076 93F90030 		ldrsb	r3, [r3]
 170 007a DAB2     		uxtb	r2, r3
 171 007c 0F2A     		cmp	r2, #15
ARM GAS  /tmp/ccgpe3V1.s 			page 4


 172 007e 06D8     		bhi	.L6
 173 0080 5A4A     		ldr	r2, .L89+4
 174 0082 03EB8303 		add	r3, r3, r3, lsl #2
 175 0086 02EB8303 		add	r3, r2, r3, lsl #2
 176 008a 1A7D     		ldrb	r2, [r3, #20]	@ zero_extendqisi2
 177 008c 02B9     		cbnz	r2, .L81
 178              	.L6:
 179 008e 70BD     		pop	{r4, r5, r6, pc}
 180              	.L81:
 181 0090 5B49     		ldr	r1, .L89+24
 182 0092 5C4C     		ldr	r4, .L89+28
 183 0094 0A68     		ldr	r2, [r1]
 184 0096 0020     		movs	r0, #0
 185 0098 1875     		strb	r0, [r3, #20]
 186 009a 531C     		adds	r3, r2, #1
 187 009c B3F5FA7F 		cmp	r3, #500
 188 00a0 594A     		ldr	r2, .L89+32
 189 00a2 34BF     		ite	cc
 190 00a4 0B60     		strcc	r3, [r1]
 191 00a6 0860     		strcs	r0, [r1]
 192 00a8 4FF00001 		mov	r1, #0
 193 00ac 1160     		str	r1, [r2]
 194 00ae 2268     		ldr	r2, [r4]
 195 00b0 02F10102 		add	r2, r2, #1
 196 00b4 28BF     		it	cs
 197 00b6 0346     		movcs	r3, r0
 198 00b8 B2F57A7F 		cmp	r2, #1000
 199 00bc 2260     		str	r2, [r4]
 200 00be 6DD3     		bcc	.L46
 201 00c0 0022     		movs	r2, #0
 202 00c2 322B     		cmp	r3, #50
 203 00c4 2260     		str	r2, [r4]
 204 00c6 00F08580 		beq	.L47
 205              	.L48:
 206 00ca BDE87040 		pop	{r4, r5, r6, lr}
 207 00ce FFF7FEBF 		b	telemetry_reporting_task
 208              	.L77:
 209 00d2 4E4D     		ldr	r5, .L89+36
 210 00d4 4E4C     		ldr	r4, .L89+40
 211 00d6 2A68     		ldr	r2, [r5]
 212 00d8 4E4E     		ldr	r6, .L89+44
 213 00da 4F48     		ldr	r0, .L89+48
 214 00dc 0021     		movs	r1, #0
 215 00de 0132     		adds	r2, r2, #1
 216 00e0 1975     		strb	r1, [r3, #20]
 217 00e2 2368     		ldr	r3, [r4]
 218 00e4 0160     		str	r1, [r0]
 219 00e6 B2F57A7F 		cmp	r2, #1000
 220 00ea 03F10103 		add	r3, r3, #1
 221 00ee 28BF     		it	cs
 222 00f0 0A46     		movcs	r2, r1
 223 00f2 2A60     		str	r2, [r5]
 224 00f4 132B     		cmp	r3, #19
 225 00f6 494A     		ldr	r2, .L89+52
 226 00f8 88BF     		it	hi
 227 00fa 0023     		movhi	r3, #0
 228 00fc 2360     		str	r3, [r4]
ARM GAS  /tmp/ccgpe3V1.s 			page 5


 229 00fe 1368     		ldr	r3, [r2]
 230 0100 0133     		adds	r3, r3, #1
 231 0102 132B     		cmp	r3, #19
 232 0104 88BF     		it	hi
 233 0106 0023     		movhi	r3, #0
 234 0108 1360     		str	r3, [r2]
 235 010a 3278     		ldrb	r2, [r6]	@ zero_extendqisi2
 236 010c 022A     		cmp	r2, #2
 237 010e 54D0     		beq	.L82
 238 0110 032A     		cmp	r2, #3
 239 0112 04BF     		itt	eq
 240 0114 0022     		moveq	r2, #0
 241 0116 3270     		strbeq	r2, [r6]
 242              	.L17:
 243 0118 102B     		cmp	r3, #16
 244 011a 62D0     		beq	.L83
 245              	.L18:
 246 011c 2B68     		ldr	r3, [r5]
 247 011e B3F5C87F 		cmp	r3, #400
 248 0122 43D0     		beq	.L84
 249              	.L19:
 250 0124 2368     		ldr	r3, [r4]
 251 0126 0A2B     		cmp	r3, #10
 252 0128 58D0     		beq	.L85
 253              	.L20:
 254 012a FFF7FEFF 		bl	imu_bmi088_periodic
 255 012e 76E7     		b	.L7
 256              	.L79:
 257 0130 0024     		movs	r4, #0
 258 0132 3B4A     		ldr	r2, .L89+56
 259 0134 1C75     		strb	r4, [r3, #20]
 260 0136 1460     		str	r4, [r2]
 261 0138 FFF7FEFF 		bl	autopilot_periodic
 262 013c 394B     		ldr	r3, .L89+60
 263 013e 1C60     		str	r4, [r3]
 264 0140 FFF7FEFF 		bl	actuators_periodic
 265 0144 88E7     		b	.L24
 266              	.L80:
 267 0146 384C     		ldr	r4, .L89+64
 268 0148 3848     		ldr	r0, .L89+68
 269 014a 2268     		ldr	r2, [r4]
 270 014c 384D     		ldr	r5, .L89+72
 271 014e 0132     		adds	r2, r2, #1
 272 0150 0021     		movs	r1, #0
 273 0152 B2F57A7F 		cmp	r2, #1000
 274 0156 28BF     		it	cs
 275 0158 0A46     		movcs	r2, r1
 276 015a 1975     		strb	r1, [r3, #20]
 277 015c 0160     		str	r1, [r0]
 278 015e 3549     		ldr	r1, .L89+76
 279 0160 2B68     		ldr	r3, [r5]
 280 0162 2260     		str	r2, [r4]
 281 0164 0A68     		ldr	r2, [r1]
 282 0166 0133     		adds	r3, r3, #1
 283 0168 0132     		adds	r2, r2, #1
 284 016a 632B     		cmp	r3, #99
 285 016c 88BF     		it	hi
ARM GAS  /tmp/ccgpe3V1.s 			page 6


 286 016e 0023     		movhi	r3, #0
 287 0170 132A     		cmp	r2, #19
 288 0172 88BF     		it	hi
 289 0174 0022     		movhi	r2, #0
 290 0176 3C2B     		cmp	r3, #60
 291 0178 2B60     		str	r3, [r5]
 292 017a 0A60     		str	r2, [r1]
 293 017c 23D0     		beq	.L86
 294              	.L38:
 295 017e 5A2B     		cmp	r3, #90
 296 0180 1ED0     		beq	.L87
 297              	.L39:
 298 0182 2368     		ldr	r3, [r4]
 299 0184 642B     		cmp	r3, #100
 300 0186 22D0     		beq	.L88
 301              	.L40:
 302 0188 FFF7FEFF 		bl	periodic_sysmon
 303 018c 72E7     		b	.L29
 304              	.L78:
 305 018e 0022     		movs	r2, #0
 306 0190 2949     		ldr	r1, .L89+80
 307 0192 1A75     		strb	r2, [r3, #20]
 308 0194 0A60     		str	r2, [r1]
 309 0196 FFF7FEFF 		bl	radio_control_periodic_task
 310 019a 4FE7     		b	.L21
 311              	.L46:
 312 019c 322B     		cmp	r3, #50
 313 019e 19D0     		beq	.L47
 314              	.L49:
 315 01a0 B2F5967F 		cmp	r2, #300
 316 01a4 91D1     		bne	.L48
 317 01a6 FFF7FEFF 		bl	datalink_periodic
 318 01aa 8EE7     		b	.L48
 319              	.L84:
 320 01ac 3378     		ldrb	r3, [r6]	@ zero_extendqisi2
 321 01ae 012B     		cmp	r3, #1
 322 01b0 B8D1     		bne	.L19
 323 01b2 2248     		ldr	r0, .L89+84
 324 01b4 FFF7FEFF 		bl	gps_periodic_check
 325 01b8 B4E7     		b	.L19
 326              	.L82:
 327 01ba 0122     		movs	r2, #1
 328 01bc 3270     		strb	r2, [r6]
 329 01be ABE7     		b	.L17
 330              	.L87:
 331 01c0 FFF7FEFF 		bl	electrical_periodic
 332 01c4 DDE7     		b	.L39
 333              	.L86:
 334 01c6 FFF7FEFF 		bl	air_data_periodic
 335 01ca 2B68     		ldr	r3, [r5]
 336 01cc D7E7     		b	.L38
 337              	.L88:
 338 01ce FFF7FEFF 		bl	periodic_report_sysmon
 339 01d2 D9E7     		b	.L40
 340              	.L47:
 341 01d4 FFF7FEFF 		bl	syslink_dl_periodic
 342 01d8 2268     		ldr	r2, [r4]
ARM GAS  /tmp/ccgpe3V1.s 			page 7


 343 01da E1E7     		b	.L49
 344              	.L85:
 345 01dc FFF7FEFF 		bl	baro_board_periodic
 346 01e0 A3E7     		b	.L20
 347              	.L83:
 348 01e2 FFF7FEFF 		bl	baro_bmp3_periodic
 349 01e6 99E7     		b	.L18
 350              	.L90:
 351              		.align	2
 352              	.L89:
 353 01e8 00000000 		.word	.LANCHOR1
 354 01ec 00000000 		.word	sys_time
 355 01f0 00000000 		.word	.LANCHOR4
 356 01f4 00000000 		.word	.LANCHOR2
 357 01f8 00000000 		.word	.LANCHOR3
 358 01fc 00000000 		.word	.LANCHOR5
 359 0200 00000000 		.word	.LANCHOR17
 360 0204 00000000 		.word	.LANCHOR19
 361 0208 00000000 		.word	.LANCHOR18
 362 020c 00000000 		.word	.LANCHOR7
 363 0210 00000000 		.word	.LANCHOR8
 364 0214 00000000 		.word	.LANCHOR0
 365 0218 00000000 		.word	.LANCHOR6
 366 021c 00000000 		.word	.LANCHOR9
 367 0220 00000000 		.word	.LANCHOR11
 368 0224 00000000 		.word	.LANCHOR12
 369 0228 00000000 		.word	.LANCHOR14
 370 022c 00000000 		.word	.LANCHOR13
 371 0230 00000000 		.word	.LANCHOR15
 372 0234 00000000 		.word	.LANCHOR16
 373 0238 00000000 		.word	.LANCHOR10
 374 023c 00000000 		.word	gps_datalink
 375              		.size	main_ap_periodic, .-main_ap_periodic
 376              		.section	.text.main_ap_event,"ax",%progbits
 377              		.align	1
 378              		.p2align 4,,15
 379              		.global	main_ap_event
 380              		.syntax unified
 381              		.thumb
 382              		.thumb_func
 383              		.fpu fpv4-sp-d16
 384              		.type	main_ap_event, %function
 385              	main_ap_event:
 386              		@ args = 0, pretend = 0, frame = 0
 387              		@ frame_needed = 0, uses_anonymous_args = 0
 388 0000 08B5     		push	{r3, lr}
 389 0002 FFF7FEFF 		bl	mcu_event
 390 0006 FFF7FEFF 		bl	event_sysmon
 391 000a FFF7FEFF 		bl	baro_board_event
 392 000e FFF7FEFF 		bl	baro_bmp3_event
 393 0012 FFF7FEFF 		bl	imu_bmi088_event
 394 0016 FFF7FEFF 		bl	rc_datalink_event
 395 001a FFF7FEFF 		bl	autopilot_event
 396 001e FFF7FEFF 		bl	syslink_dl_event
 397 0022 BDE80840 		pop	{r3, lr}
 398 0026 FFF7FEBF 		b	pprz_dl_event
 399              		.size	main_ap_event, .-main_ap_event
ARM GAS  /tmp/ccgpe3V1.s 			page 8


 400              		.global	modules_datalink_tid
 401              		.global	modules_gnc_tid
 402              		.global	modules_radio_control_tid
 403              		.global	modules_sensors_tid
 404              		.global	modules_mcu_core_tid
 405              		.global	abi_queues
 406              		.global	gps_datalink_gps_datalink_periodic_check_status
 407 002a 00BF     		.section	.bss.abi_queues,"aw",%nobits
 408              		.align	2
 409              		.type	abi_queues, %object
 410              		.size	abi_queues, 152
 411              	abi_queues:
 412 0000 00000000 		.space	152
 412      00000000 
 412      00000000 
 412      00000000 
 412      00000000 
 413              		.section	.bss.gps_datalink_gps_datalink_periodic_check_status,"aw",%nobits
 414              		.set	.LANCHOR0,. + 0
 415              		.type	gps_datalink_gps_datalink_periodic_check_status, %object
 416              		.size	gps_datalink_gps_datalink_periodic_check_status, 1
 417              	gps_datalink_gps_datalink_periodic_check_status:
 418 0000 00       		.space	1
 419              		.section	.bss.i1.2,"aw",%nobits
 420              		.align	2
 421              		.set	.LANCHOR17,. + 0
 422              		.type	i1.2, %object
 423              		.size	i1.2, 4
 424              	i1.2:
 425 0000 00000000 		.space	4
 426              		.section	.bss.i2.1,"aw",%nobits
 427              		.align	2
 428              		.set	.LANCHOR18,. + 0
 429              		.type	i2.1, %object
 430              		.size	i2.1, 4
 431              	i2.1:
 432 0000 00000000 		.space	4
 433              		.section	.bss.i2.13,"aw",%nobits
 434              		.align	2
 435              		.set	.LANCHOR6,. + 0
 436              		.type	i2.13, %object
 437              		.size	i2.13, 4
 438              	i2.13:
 439 0000 00000000 		.space	4
 440              		.section	.bss.i2.6,"aw",%nobits
 441              		.align	2
 442              		.set	.LANCHOR13,. + 0
 443              		.type	i2.6, %object
 444              		.size	i2.6, 4
 445              	i2.6:
 446 0000 00000000 		.space	4
 447              		.section	.bss.i2.7,"aw",%nobits
 448              		.align	2
 449              		.set	.LANCHOR12,. + 0
 450              		.type	i2.7, %object
 451              		.size	i2.7, 4
 452              	i2.7:
ARM GAS  /tmp/ccgpe3V1.s 			page 9


 453 0000 00000000 		.space	4
 454              		.section	.bss.i2.8,"aw",%nobits
 455              		.align	2
 456              		.set	.LANCHOR11,. + 0
 457              		.type	i2.8, %object
 458              		.size	i2.8, 4
 459              	i2.8:
 460 0000 00000000 		.space	4
 461              		.section	.bss.i2.9,"aw",%nobits
 462              		.align	2
 463              		.set	.LANCHOR10,. + 0
 464              		.type	i2.9, %object
 465              		.size	i2.9, 4
 466              	i2.9:
 467 0000 00000000 		.space	4
 468              		.section	.bss.i3.0,"aw",%nobits
 469              		.align	2
 470              		.set	.LANCHOR19,. + 0
 471              		.type	i3.0, %object
 472              		.size	i3.0, 4
 473              	i3.0:
 474 0000 00000000 		.space	4
 475              		.section	.bss.i3.12,"aw",%nobits
 476              		.align	2
 477              		.set	.LANCHOR7,. + 0
 478              		.type	i3.12, %object
 479              		.size	i3.12, 4
 480              	i3.12:
 481 0000 00000000 		.space	4
 482              		.section	.bss.i3.5,"aw",%nobits
 483              		.align	2
 484              		.set	.LANCHOR14,. + 0
 485              		.type	i3.5, %object
 486              		.size	i3.5, 4
 487              	i3.5:
 488 0000 00000000 		.space	4
 489              		.section	.bss.i4.11,"aw",%nobits
 490              		.align	2
 491              		.set	.LANCHOR8,. + 0
 492              		.type	i4.11, %object
 493              		.size	i4.11, 4
 494              	i4.11:
 495 0000 00000000 		.space	4
 496              		.section	.bss.i5.4,"aw",%nobits
 497              		.align	2
 498              		.set	.LANCHOR15,. + 0
 499              		.type	i5.4, %object
 500              		.size	i5.4, 4
 501              	i5.4:
 502 0000 00000000 		.space	4
 503              		.section	.bss.i6.10,"aw",%nobits
 504              		.align	2
 505              		.set	.LANCHOR9,. + 0
 506              		.type	i6.10, %object
 507              		.size	i6.10, 4
 508              	i6.10:
 509 0000 00000000 		.space	4
ARM GAS  /tmp/ccgpe3V1.s 			page 10


 510              		.section	.bss.i6.3,"aw",%nobits
 511              		.align	2
 512              		.set	.LANCHOR16,. + 0
 513              		.type	i6.3, %object
 514              		.size	i6.3, 4
 515              	i6.3:
 516 0000 00000000 		.space	4
 517              		.section	.bss.modules_datalink_tid,"aw",%nobits
 518              		.set	.LANCHOR5,. + 0
 519              		.type	modules_datalink_tid, %object
 520              		.size	modules_datalink_tid, 1
 521              	modules_datalink_tid:
 522 0000 00       		.space	1
 523              		.section	.bss.modules_gnc_tid,"aw",%nobits
 524              		.set	.LANCHOR2,. + 0
 525              		.type	modules_gnc_tid, %object
 526              		.size	modules_gnc_tid, 1
 527              	modules_gnc_tid:
 528 0000 00       		.space	1
 529              		.section	.bss.modules_mcu_core_tid,"aw",%nobits
 530              		.set	.LANCHOR3,. + 0
 531              		.type	modules_mcu_core_tid, %object
 532              		.size	modules_mcu_core_tid, 1
 533              	modules_mcu_core_tid:
 534 0000 00       		.space	1
 535              		.section	.bss.modules_radio_control_tid,"aw",%nobits
 536              		.set	.LANCHOR4,. + 0
 537              		.type	modules_radio_control_tid, %object
 538              		.size	modules_radio_control_tid, 1
 539              	modules_radio_control_tid:
 540 0000 00       		.space	1
 541              		.section	.bss.modules_sensors_tid,"aw",%nobits
 542              		.set	.LANCHOR1,. + 0
 543              		.type	modules_sensors_tid, %object
 544              		.size	modules_sensors_tid, 1
 545              	modules_sensors_tid:
 546 0000 00       		.space	1
 547              		.ident	"GCC: (15:10.3-2021.07-4) 10.3.1 20210621 (release)"
ARM GAS  /tmp/ccgpe3V1.s 			page 11


DEFINED SYMBOLS
                            *ABS*:0000000000000000 main_ap.c
     /tmp/ccgpe3V1.s:15     .text.main_ap_init:0000000000000000 $t
     /tmp/ccgpe3V1.s:24     .text.main_ap_init:0000000000000000 main_ap_init
     /tmp/ccgpe3V1.s:97     .text.main_ap_init:00000000000000d4 $d
     /tmp/ccgpe3V1.s:108    .text.main_ap_periodic:0000000000000000 $t
     /tmp/ccgpe3V1.s:116    .text.main_ap_periodic:0000000000000000 main_ap_periodic
     /tmp/ccgpe3V1.s:353    .text.main_ap_periodic:00000000000001e8 $d
     /tmp/ccgpe3V1.s:377    .text.main_ap_event:0000000000000000 $t
     /tmp/ccgpe3V1.s:385    .text.main_ap_event:0000000000000000 main_ap_event
     /tmp/ccgpe3V1.s:521    .bss.modules_datalink_tid:0000000000000000 modules_datalink_tid
     /tmp/ccgpe3V1.s:527    .bss.modules_gnc_tid:0000000000000000 modules_gnc_tid
     /tmp/ccgpe3V1.s:539    .bss.modules_radio_control_tid:0000000000000000 modules_radio_control_tid
     /tmp/ccgpe3V1.s:545    .bss.modules_sensors_tid:0000000000000000 modules_sensors_tid
     /tmp/ccgpe3V1.s:533    .bss.modules_mcu_core_tid:0000000000000000 modules_mcu_core_tid
     /tmp/ccgpe3V1.s:411    .bss.abi_queues:0000000000000000 abi_queues
     /tmp/ccgpe3V1.s:417    .bss.gps_datalink_gps_datalink_periodic_check_status:0000000000000000 gps_datalink_gps_datalink_periodic_check_status
     /tmp/ccgpe3V1.s:408    .bss.abi_queues:0000000000000000 $d
     /tmp/ccgpe3V1.s:418    .bss.gps_datalink_gps_datalink_periodic_check_status:0000000000000000 $d
     /tmp/ccgpe3V1.s:420    .bss.i1.2:0000000000000000 $d
     /tmp/ccgpe3V1.s:424    .bss.i1.2:0000000000000000 i1.2
     /tmp/ccgpe3V1.s:427    .bss.i2.1:0000000000000000 $d
     /tmp/ccgpe3V1.s:431    .bss.i2.1:0000000000000000 i2.1
     /tmp/ccgpe3V1.s:434    .bss.i2.13:0000000000000000 $d
     /tmp/ccgpe3V1.s:438    .bss.i2.13:0000000000000000 i2.13
     /tmp/ccgpe3V1.s:441    .bss.i2.6:0000000000000000 $d
     /tmp/ccgpe3V1.s:445    .bss.i2.6:0000000000000000 i2.6
     /tmp/ccgpe3V1.s:448    .bss.i2.7:0000000000000000 $d
     /tmp/ccgpe3V1.s:452    .bss.i2.7:0000000000000000 i2.7
     /tmp/ccgpe3V1.s:455    .bss.i2.8:0000000000000000 $d
     /tmp/ccgpe3V1.s:459    .bss.i2.8:0000000000000000 i2.8
     /tmp/ccgpe3V1.s:462    .bss.i2.9:0000000000000000 $d
     /tmp/ccgpe3V1.s:466    .bss.i2.9:0000000000000000 i2.9
     /tmp/ccgpe3V1.s:469    .bss.i3.0:0000000000000000 $d
     /tmp/ccgpe3V1.s:473    .bss.i3.0:0000000000000000 i3.0
     /tmp/ccgpe3V1.s:476    .bss.i3.12:0000000000000000 $d
     /tmp/ccgpe3V1.s:480    .bss.i3.12:0000000000000000 i3.12
     /tmp/ccgpe3V1.s:483    .bss.i3.5:0000000000000000 $d
     /tmp/ccgpe3V1.s:487    .bss.i3.5:0000000000000000 i3.5
     /tmp/ccgpe3V1.s:490    .bss.i4.11:0000000000000000 $d
     /tmp/ccgpe3V1.s:494    .bss.i4.11:0000000000000000 i4.11
     /tmp/ccgpe3V1.s:497    .bss.i5.4:0000000000000000 $d
     /tmp/ccgpe3V1.s:501    .bss.i5.4:0000000000000000 i5.4
     /tmp/ccgpe3V1.s:504    .bss.i6.10:0000000000000000 $d
     /tmp/ccgpe3V1.s:508    .bss.i6.10:0000000000000000 i6.10
     /tmp/ccgpe3V1.s:511    .bss.i6.3:0000000000000000 $d
     /tmp/ccgpe3V1.s:515    .bss.i6.3:0000000000000000 i6.3
     /tmp/ccgpe3V1.s:522    .bss.modules_datalink_tid:0000000000000000 $d
     /tmp/ccgpe3V1.s:528    .bss.modules_gnc_tid:0000000000000000 $d
     /tmp/ccgpe3V1.s:534    .bss.modules_mcu_core_tid:0000000000000000 $d
     /tmp/ccgpe3V1.s:540    .bss.modules_radio_control_tid:0000000000000000 $d
     /tmp/ccgpe3V1.s:546    .bss.modules_sensors_tid:0000000000000000 $d

UNDEFINED SYMBOLS
settings_init
pprz_trig_int_init
air_data_init
ARM GAS  /tmp/ccgpe3V1.s 			page 12


electrical_init
stateInit
init_sysmon
commands_init
gps_init
baro_board_init
baro_bmp3_init
imu_init
imu_bmi088_init
gps_datalink_init
ahrs_init
ins_int_init
radio_control_init
rc_datalink_init
stabilization_init
stabilization_none_init
nav_init
nav_rotorcraft_init
guidance_h_init
guidance_v_init
guidance_pid_init
stabilization_attitude_init
autopilot_init
actuators_init
motor_mixing_init
syslink_dl_init
datalink_init
downlink_init
pprz_dl_init
sys_time_register_timer
sys_time_register_timer_offset
autopilot_failsafe_checks
telemetry_reporting_task
imu_bmi088_periodic
autopilot_periodic
actuators_periodic
periodic_sysmon
radio_control_periodic_task
datalink_periodic
gps_periodic_check
electrical_periodic
air_data_periodic
periodic_report_sysmon
syslink_dl_periodic
baro_board_periodic
baro_bmp3_periodic
sys_time
gps_datalink
mcu_event
event_sysmon
baro_board_event
baro_bmp3_event
imu_bmi088_event
rc_datalink_event
autopilot_event
syslink_dl_event
pprz_dl_event
ARM GAS  /tmp/ccgpe3V1.s 			page 13


