ARM GAS  /tmp/ccrLao6A.s 			page 1


   1              		.cpu cortex-m4
   2              		.eabi_attribute 27, 1
   3              		.eabi_attribute 20, 1
   4              		.eabi_attribute 21, 1
   5              		.eabi_attribute 23, 3
   6              		.eabi_attribute 24, 1
   7              		.eabi_attribute 25, 1
   8              		.eabi_attribute 26, 1
   9              		.eabi_attribute 30, 2
  10              		.eabi_attribute 34, 1
  11              		.eabi_attribute 18, 4
  12              		.file	"mcu_arch.c"
  13              		.text
  14              		.section	.text.mcu_arch_init,"ax",%progbits
  15              		.align	1
  16              		.p2align 4,,15
  17              		.global	mcu_arch_init
  18              		.arch armv7e-m
  19              		.syntax unified
  20              		.thumb
  21              		.thumb_func
  22              		.fpu fpv4-sp-d16
  23              		.type	mcu_arch_init, %function
  24              	mcu_arch_init:
  25              		@ args = 0, pretend = 0, frame = 0
  26              		@ frame_needed = 0, uses_anonymous_args = 0
  27 0000 08B5     		push	{r3, lr}
  28 0002 FFF7FEFF 		bl	halInit
  29 0006 BDE80840 		pop	{r3, lr}
  30 000a FFF7FEBF 		b	chSysInit
  31              		.size	mcu_arch_init, .-mcu_arch_init
  32 000e 00BF     		.section	.text.mcu_reboot,"ax",%progbits
  33              		.align	1
  34              		.p2align 4,,15
  35              		.global	mcu_reboot
  36              		.syntax unified
  37              		.thumb
  38              		.thumb_func
  39              		.fpu fpv4-sp-d16
  40              		.type	mcu_reboot, %function
  41              	mcu_reboot:
  42              		@ args = 0, pretend = 0, frame = 0
  43              		@ frame_needed = 0, uses_anonymous_args = 0
  44              		@ link register save eliminated.
  45 0000 0128     		cmp	r0, #1
  46 0002 17D1     		bne	.L5
  47 0004 124A     		ldr	r2, .L8
  48 0006 134B     		ldr	r3, .L8+4
  49 0008 1168     		ldr	r1, [r2]
  50 000a 21F00301 		bic	r1, r1, #3
  51 000e 1160     		str	r1, [r2]
  52 0010 1168     		ldr	r1, [r2]
  53 0012 41F00D01 		orr	r1, r1, #13
  54 0016 1160     		str	r1, [r2]
  55 0018 1A69     		ldr	r2, [r3, #16]
  56 001a 42F00402 		orr	r2, r2, #4
  57 001e 1A61     		str	r2, [r3, #16]
ARM GAS  /tmp/ccrLao6A.s 			page 2


  58              		.syntax unified
  59              	@ 142 "/home/gautier/dev/paparazzi/sw/ext/chibios/os/common/ext/ARM/CMSIS/Core/Include/cmsis_gcc.h"
  60 0020 72B6     		cpsid i
  61              	@ 0 "" 2
  62              	@ 276 "arch/chibios/mcu_arch.c" 1
  63 0022 40BF     		sev
  64              	@ 0 "" 2
  65              	@ 277 "arch/chibios/mcu_arch.c" 1
  66 0024 20BF     		wfe
  67              	@ 0 "" 2
  68              	@ 278 "arch/chibios/mcu_arch.c" 1
  69 0026 20BF     		wfe
  70              	@ 0 "" 2
  71              	@ 131 "/home/gautier/dev/paparazzi/sw/ext/chibios/os/common/ext/ARM/CMSIS/Core/Include/cmsis_gcc.h"
  72 0028 62B6     		cpsie i
  73              	@ 0 "" 2
  74              		.thumb
  75              		.syntax unified
  76 002a 1A69     		ldr	r2, [r3, #16]
  77 002c 22F00402 		bic	r2, r2, #4
  78 0030 1A61     		str	r2, [r3, #16]
  79 0032 7047     		bx	lr
  80              	.L5:
  81              		.syntax unified
  82              	@ 879 "/home/gautier/dev/paparazzi/sw/ext/chibios/os/common/ext/ARM/CMSIS/Core/Include/cmsis_gcc.h"
  83 0034 BFF34F8F 		dsb 0xF
  84              	@ 0 "" 2
  85              		.thumb
  86              		.syntax unified
  87 0038 0649     		ldr	r1, .L8+4
  88 003a 074B     		ldr	r3, .L8+8
  89 003c CA68     		ldr	r2, [r1, #12]
  90 003e 02F4E062 		and	r2, r2, #1792
  91 0042 1343     		orrs	r3, r3, r2
  92 0044 CB60     		str	r3, [r1, #12]
  93              		.syntax unified
  94              	@ 879 "/home/gautier/dev/paparazzi/sw/ext/chibios/os/common/ext/ARM/CMSIS/Core/Include/cmsis_gcc.h"
  95 0046 BFF34F8F 		dsb 0xF
  96              	@ 0 "" 2
  97              		.thumb
  98              		.syntax unified
  99              	.L6:
 100              		.syntax unified
 101              	@ 1950 "/home/gautier/dev/paparazzi/sw/ext/chibios/os/common/ext/ARM/CMSIS/Core/Include/core_cm4.h"
 102 004a 00BF     		nop
 103              	@ 0 "" 2
 104              		.thumb
 105              		.syntax unified
 106 004c FDE7     		b	.L6
 107              	.L9:
 108 004e 00BF     		.align	2
 109              	.L8:
 110 0050 00700040 		.word	1073770496
 111 0054 00ED00E0 		.word	-536810240
 112 0058 0400FA05 		.word	100270084
 113              		.size	mcu_reboot, .-mcu_reboot
 114              		.section	.text.mcu_energy_save,"ax",%progbits
ARM GAS  /tmp/ccrLao6A.s 			page 3


 115              		.align	1
 116              		.p2align 4,,15
 117              		.global	mcu_energy_save
 118              		.syntax unified
 119              		.thumb
 120              		.thumb_func
 121              		.fpu fpv4-sp-d16
 122              		.type	mcu_energy_save, %function
 123              	mcu_energy_save:
 124              		@ args = 0, pretend = 0, frame = 0
 125              		@ frame_needed = 0, uses_anonymous_args = 0
 126              		@ link register save eliminated.
 127 0000 7047     		bx	lr
 128              		.size	mcu_energy_save, .-mcu_energy_save
 129 0002 00BF     		.ident	"GCC: (15:10.3-2021.07-4) 10.3.1 20210621 (release)"
ARM GAS  /tmp/ccrLao6A.s 			page 4


DEFINED SYMBOLS
                            *ABS*:0000000000000000 mcu_arch.c
     /tmp/ccrLao6A.s:15     .text.mcu_arch_init:0000000000000000 $t
     /tmp/ccrLao6A.s:24     .text.mcu_arch_init:0000000000000000 mcu_arch_init
     /tmp/ccrLao6A.s:33     .text.mcu_reboot:0000000000000000 $t
     /tmp/ccrLao6A.s:41     .text.mcu_reboot:0000000000000000 mcu_reboot
     /tmp/ccrLao6A.s:110    .text.mcu_reboot:0000000000000050 $d
     /tmp/ccrLao6A.s:115    .text.mcu_energy_save:0000000000000000 $t
     /tmp/ccrLao6A.s:123    .text.mcu_energy_save:0000000000000000 mcu_energy_save

UNDEFINED SYMBOLS
halInit
chSysInit
