ARM GAS  /tmp/ccGgJrMs.s 			page 1


   1              		.cpu cortex-m4
   2              		.eabi_attribute 27, 1
   3              		.eabi_attribute 20, 1
   4              		.eabi_attribute 21, 1
   5              		.eabi_attribute 23, 3
   6              		.eabi_attribute 24, 1
   7              		.eabi_attribute 25, 1
   8              		.eabi_attribute 26, 1
   9              		.eabi_attribute 30, 2
  10              		.eabi_attribute 34, 1
  11              		.eabi_attribute 18, 4
  12              		.file	"motor_mixing.c"
  13              		.text
  14              		.section	.rodata.send_motor_mixing.str1.4,"aMS",%progbits,1
  15              		.align	2
  16              	.LC0:
  17 0000 4D4F544F 		.ascii	"MOTOR_MIXING\000"
  17      525F4D49 
  17      58494E47 
  17      00
  18              		.section	.text.send_motor_mixing,"ax",%progbits
  19              		.align	1
  20              		.p2align 4,,15
  21              		.arch armv7e-m
  22              		.syntax unified
  23              		.thumb
  24              		.thumb_func
  25              		.fpu fpv4-sp-d16
  26              		.type	send_motor_mixing, %function
  27              	send_motor_mixing:
  28              		@ args = 0, pretend = 0, frame = 32
  29              		@ frame_needed = 0, uses_anonymous_args = 0
  30 0000 70B5     		push	{r4, r5, r6, lr}
  31 0002 444B     		ldr	r3, .L6
  32 0004 D3E90042 		ldrd	r4, r2, [r3]
  33 0008 8AB0     		sub	sp, sp, #40
  34 000a 1F25     		movs	r5, #31
  35 000c ADF81620 		strh	r2, [sp, #22]	@ movhi
  36 0010 D3E90223 		ldrd	r2, r3, [r3, #8]
  37 0014 ADF81440 		strh	r4, [sp, #20]	@ movhi
  38 0018 ADF81820 		strh	r2, [sp, #24]	@ movhi
  39 001c 0024     		movs	r4, #0
  40 001e 0422     		movs	r2, #4
  41 0020 ADF81C50 		strh	r5, [sp, #28]	@ movhi
  42 0024 ADF81A30 		strh	r3, [sp, #26]	@ movhi
  43 0028 0890     		str	r0, [sp, #32]
  44 002a 0368     		ldr	r3, [r0]
  45 002c 0991     		str	r1, [sp, #36]
  46 002e 8DF80F20 		strb	r2, [sp, #15]
  47 0032 0D21     		movs	r1, #13
  48 0034 8DF81E40 		strb	r4, [sp, #30]
  49 0038 0494     		str	r4, [sp, #16]
  50 003a 07A8     		add	r0, sp, #28
  51 003c 9847     		blx	r3
  52 003e 089B     		ldr	r3, [sp, #32]
  53 0040 82B2     		uxth	r2, r0
  54 0042 5B68     		ldr	r3, [r3, #4]
ARM GAS  /tmp/ccGgJrMs.s 			page 2


  55 0044 0546     		mov	r5, r0
  56 0046 04A9     		add	r1, sp, #16
  57 0048 07A8     		add	r0, sp, #28
  58 004a 9847     		blx	r3
  59 004c 089B     		ldr	r3, [sp, #32]
  60 004e 0028     		cmp	r0, #0
  61 0050 5BD0     		beq	.L2
  62 0052 2946     		mov	r1, r5
  63 0054 07A8     		add	r0, sp, #28
  64 0056 DB69     		ldr	r3, [r3, #28]
  65 0058 9847     		blx	r3
  66 005a 9DF80F20 		ldrb	r2, [sp, #15]	@ zero_extendqisi2
  67 005e 089B     		ldr	r3, [sp, #32]
  68 0060 0499     		ldr	r1, [sp, #16]
  69 0062 1B69     		ldr	r3, [r3, #16]
  70 0064 5200     		lsls	r2, r2, #1
  71 0066 0532     		adds	r2, r2, #5
  72 0068 07A8     		add	r0, sp, #28
  73 006a D2B2     		uxtb	r2, r2
  74 006c 9847     		blx	r3
  75 006e 0125     		movs	r5, #1
  76 0070 089A     		ldr	r2, [sp, #32]
  77 0072 0195     		str	r5, [sp, #4]
  78 0074 07AB     		add	r3, sp, #28
  79 0076 0093     		str	r3, [sp]
  80 0078 9668     		ldr	r6, [r2, #8]
  81 007a 0499     		ldr	r1, [sp, #16]
  82 007c 2346     		mov	r3, r4
  83 007e 07A8     		add	r0, sp, #28
  84 0080 0222     		movs	r2, #2
  85 0082 B047     		blx	r6
  86 0084 9DF81D30 		ldrb	r3, [sp, #29]	@ zero_extendqisi2
  87 0088 089A     		ldr	r2, [sp, #32]
  88 008a 0499     		ldr	r1, [sp, #16]
  89 008c CDE90034 		strd	r3, r4, [sp]
  90 0090 07A8     		add	r0, sp, #28
  91 0092 D668     		ldr	r6, [r2, #12]
  92 0094 2346     		mov	r3, r4
  93 0096 0222     		movs	r2, #2
  94 0098 B047     		blx	r6
  95 009a 9DF81E30 		ldrb	r3, [sp, #30]	@ zero_extendqisi2
  96 009e 089A     		ldr	r2, [sp, #32]
  97 00a0 0499     		ldr	r1, [sp, #16]
  98 00a2 1B01     		lsls	r3, r3, #4
  99 00a4 2B43     		orrs	r3, r3, r5
 100 00a6 DBB2     		uxtb	r3, r3
 101 00a8 CDE90034 		strd	r3, r4, [sp]
 102 00ac 07A8     		add	r0, sp, #28
 103 00ae D668     		ldr	r6, [r2, #12]
 104 00b0 2346     		mov	r3, r4
 105 00b2 0222     		movs	r2, #2
 106 00b4 B047     		blx	r6
 107 00b6 184B     		ldr	r3, .L6+4
 108 00b8 089A     		ldr	r2, [sp, #32]
 109 00ba 0193     		str	r3, [sp, #4]
 110 00bc 7023     		movs	r3, #112
 111 00be 0093     		str	r3, [sp]
ARM GAS  /tmp/ccGgJrMs.s 			page 3


 112 00c0 D668     		ldr	r6, [r2, #12]
 113 00c2 0499     		ldr	r1, [sp, #16]
 114 00c4 2346     		mov	r3, r4
 115 00c6 07A8     		add	r0, sp, #28
 116 00c8 0222     		movs	r2, #2
 117 00ca B047     		blx	r6
 118 00cc 0DF10F03 		add	r3, sp, #15
 119 00d0 CDE90035 		strd	r3, r5, [sp]
 120 00d4 0899     		ldr	r1, [sp, #32]
 121 00d6 2346     		mov	r3, r4
 122 00d8 2246     		mov	r2, r4
 123 00da 07A8     		add	r0, sp, #28
 124 00dc 8C68     		ldr	r4, [r1, #8]
 125 00de 0499     		ldr	r1, [sp, #16]
 126 00e0 A047     		blx	r4
 127 00e2 9DF80F30 		ldrb	r3, [sp, #15]	@ zero_extendqisi2
 128 00e6 089A     		ldr	r2, [sp, #32]
 129 00e8 AB40     		lsls	r3, r3, r5
 130 00ea 05A9     		add	r1, sp, #20
 131 00ec CDE90013 		strd	r1, r3, [sp]
 132 00f0 07A8     		add	r0, sp, #28
 133 00f2 0499     		ldr	r1, [sp, #16]
 134 00f4 9468     		ldr	r4, [r2, #8]
 135 00f6 2B46     		mov	r3, r5
 136 00f8 0522     		movs	r2, #5
 137 00fa A047     		blx	r4
 138 00fc 089B     		ldr	r3, [sp, #32]
 139 00fe 0499     		ldr	r1, [sp, #16]
 140 0100 5B69     		ldr	r3, [r3, #20]
 141 0102 07A8     		add	r0, sp, #28
 142 0104 9847     		blx	r3
 143 0106 0AB0     		add	sp, sp, #40
 144              		@ sp needed
 145 0108 70BD     		pop	{r4, r5, r6, pc}
 146              	.L2:
 147 010a 9B69     		ldr	r3, [r3, #24]
 148 010c 07A8     		add	r0, sp, #28
 149 010e 9847     		blx	r3
 150 0110 0AB0     		add	sp, sp, #40
 151              		@ sp needed
 152 0112 70BD     		pop	{r4, r5, r6, pc}
 153              	.L7:
 154              		.align	2
 155              	.L6:
 156 0114 00000000 		.word	.LANCHOR0
 157 0118 00000000 		.word	.LC0
 158              		.size	send_motor_mixing, .-send_motor_mixing
 159              		.section	.text.motor_mixing_init,"ax",%progbits
 160              		.align	1
 161              		.p2align 4,,15
 162              		.global	motor_mixing_init
 163              		.syntax unified
 164              		.thumb
 165              		.thumb_func
 166              		.fpu fpv4-sp-d16
 167              		.type	motor_mixing_init, %function
 168              	motor_mixing_init:
ARM GAS  /tmp/ccGgJrMs.s 			page 4


 169              		@ args = 0, pretend = 0, frame = 0
 170              		@ frame_needed = 0, uses_anonymous_args = 0
 171 0000 0B4B     		ldr	r3, .L10
 172 0002 10B5     		push	{r4, lr}
 173 0004 2422     		movs	r2, #36
 174 0006 0021     		movs	r1, #0
 175 0008 1846     		mov	r0, r3
 176 000a FFF7FEFF 		bl	memset
 177 000e 0346     		mov	r3, r0
 178 0010 0848     		ldr	r0, .L10+4
 179 0012 094A     		ldr	r2, .L10+8
 180 0014 0024     		movs	r4, #0
 181 0016 C3E90900 		strd	r0, r0, [r3, #36]
 182 001a C3E90B00 		strd	r0, r0, [r3, #44]
 183 001e C3E90D44 		strd	r4, r4, [r3, #52]
 184 0022 0648     		ldr	r0, .L10+12
 185 0024 BDE81040 		pop	{r4, lr}
 186 0028 7021     		movs	r1, #112
 187 002a FFF7FEBF 		b	register_periodic_telemetry
 188              	.L11:
 189 002e 00BF     		.align	2
 190              	.L10:
 191 0030 00000000 		.word	.LANCHOR0
 192 0034 80DAFFFF 		.word	-9600
 193 0038 00000000 		.word	send_motor_mixing
 194 003c 00000000 		.word	pprz_telemetry
 195              		.size	motor_mixing_init, .-motor_mixing_init
 196              		.section	.text.motor_mixing_run_spinup,"ax",%progbits
 197              		.align	1
 198              		.p2align 4,,15
 199              		.global	motor_mixing_run_spinup
 200              		.syntax unified
 201              		.thumb
 202              		.thumb_func
 203              		.fpu fpv4-sp-d16
 204              		.type	motor_mixing_run_spinup, %function
 205              	motor_mixing_run_spinup:
 206              		@ args = 0, pretend = 0, frame = 0
 207              		@ frame_needed = 0, uses_anonymous_args = 0
 208              		@ link register save eliminated.
 209 0000 094B     		ldr	r3, .L18
 210 0002 03F10C0C 		add	ip, r3, #12
 211 0006 6345     		cmp	r3, ip
 212 0008 10B4     		push	{r4}
 213 000a 0A46     		mov	r2, r1
 214 000c 4FF00004 		mov	r4, #0
 215 0010 07D0     		beq	.L17
 216              	.L15:
 217 0012 B0EB920F 		cmp	r0, r2, lsr #2
 218 0016 38BF     		it	cc
 219 0018 5C60     		strcc	r4, [r3, #4]
 220 001a 0433     		adds	r3, r3, #4
 221 001c 6345     		cmp	r3, ip
 222 001e 0A44     		add	r2, r2, r1
 223 0020 F7D1     		bne	.L15
 224              	.L17:
 225 0022 5DF8044B 		ldr	r4, [sp], #4
ARM GAS  /tmp/ccGgJrMs.s 			page 5


 226 0026 7047     		bx	lr
 227              	.L19:
 228              		.align	2
 229              	.L18:
 230 0028 00000000 		.word	.LANCHOR0
 231              		.size	motor_mixing_run_spinup, .-motor_mixing_run_spinup
 232              		.section	.text.motor_mixing_run,"ax",%progbits
 233              		.align	1
 234              		.p2align 4,,15
 235              		.global	motor_mixing_run
 236              		.syntax unified
 237              		.thumb
 238              		.thumb_func
 239              		.fpu fpv4-sp-d16
 240              		.type	motor_mixing_run, %function
 241              	motor_mixing_run:
 242              		@ args = 0, pretend = 0, frame = 24
 243              		@ frame_needed = 0, uses_anonymous_args = 0
 244 0000 2DE9F04F 		push	{r4, r5, r6, r7, r8, r9, r10, fp, lr}
 245 0004 87B0     		sub	sp, sp, #28
 246 0006 0391     		str	r1, [sp, #12]
 247 0008 40B9     		cbnz	r0, .L21
 248 000a 6C4B     		ldr	r3, .L62
 249 000c 6C4A     		ldr	r2, .L62+4
 250 000e C3E90022 		strd	r2, r2, [r3]
 251 0012 C3E90222 		strd	r2, r2, [r3, #8]
 252              	.L20:
 253 0016 07B0     		add	sp, sp, #28
 254              		@ sp needed
 255 0018 BDE8F08F 		pop	{r4, r5, r6, r7, r8, r9, r10, fp, pc}
 256              	.L21:
 257 001c B2F90030 		ldrsh	r3, [r2]
 258 0020 6648     		ldr	r0, .L62
 259 0022 684E     		ldr	r6, .L62+8
 260 0024 0193     		str	r3, [sp, #4]
 261 0026 B2F90230 		ldrsh	r3, [r2, #2]
 262 002a B2F90610 		ldrsh	r1, [r2, #6]
 263 002e 0093     		str	r3, [sp]
 264 0030 B2F90480 		ldrsh	r8, [r2, #4]
 265 0034 DFF89CB1 		ldr	fp, .L62+24
 266 0038 634A     		ldr	r2, .L62+12
 267 003a DFF89CA1 		ldr	r10, .L62+28
 268 003e 0291     		str	r1, [sp, #8]
 269 0040 B525     		movs	r5, #181
 270 0042 B146     		mov	r9, r6
 271 0044 0496     		str	r6, [sp, #16]
 272 0046 00F1100C 		add	ip, r0, #16
 273 004a 009E     		ldr	r6, [sp]
 274 004c 0590     		str	r0, [sp, #20]
 275 004e 8646     		mov	lr, r0
 276 0050 6FF07F03 		mvn	r3, #127
 277 0054 4FF48077 		mov	r7, #256
 278 0058 2946     		mov	r1, r5
 279 005a 0024     		movs	r4, #0
 280 005c 0092     		str	r2, [sp]
 281              	.L26:
 282 005e DEF81020 		ldr	r2, [lr, #16]
ARM GAS  /tmp/ccGgJrMs.s 			page 6


 283 0062 0198     		ldr	r0, [sp, #4]
 284 0064 01FB0022 		mla	r2, r1, r0, r2
 285 0068 0299     		ldr	r1, [sp, #8]
 286 006a 05FB0622 		mla	r2, r5, r6, r2
 287 006e 07FB0122 		mla	r2, r7, r1, r2
 288 0072 03FB0823 		mla	r3, r3, r8, r2
 289 0076 002B     		cmp	r3, #0
 290 0078 B8BF     		it	lt
 291 007a FF33     		addlt	r3, r3, #255
 292 007c 1B12     		asrs	r3, r3, #8
 293 007e 4EF8042B 		str	r2, [lr], #4
 294 0082 5A42     		rsbs	r2, r3, #0
 295 0084 A242     		cmp	r2, r4
 296 0086 04DC     		bgt	.L24
 297 0088 A3F51652 		sub	r2, r3, #9600
 298 008c A242     		cmp	r2, r4
 299 008e B8BF     		it	lt
 300 0090 2246     		movlt	r2, r4
 301              	.L24:
 302 0092 E645     		cmp	lr, ip
 303 0094 0BD0     		beq	.L25
 304 0096 009B     		ldr	r3, [sp]
 305 0098 5BF8041B 		ldr	r1, [fp], #4
 306 009c 53F8045B 		ldr	r5, [r3], #4
 307 00a0 0093     		str	r3, [sp]
 308 00a2 5AF8047B 		ldr	r7, [r10], #4
 309 00a6 59F8043B 		ldr	r3, [r9], #4
 310 00aa 1446     		mov	r4, r2
 311 00ac D7E7     		b	.L26
 312              	.L25:
 313 00ae 88EAE873 		eor	r3, r8, r8, asr #31
 314 00b2 A3EBE873 		sub	r3, r3, r8, asr #31
 315 00b6 9BB2     		uxth	r3, r3
 316 00b8 9A1A     		subs	r2, r3, r2
 317 00ba B2F5165F 		cmp	r2, #9600
 318 00be A8BF     		it	ge
 319 00c0 4FF41652 		movge	r2, #9600
 320 00c4 22EAE272 		bic	r2, r2, r2, asr #31
 321 00c8 5742     		rsbs	r7, r2, #0
 322 00ca B845     		cmp	r8, r7
 323 00cc DDE90460 		ldrd	r6, r0, [sp, #16]
 324 00d0 44DC     		bgt	.L58
 325              	.L27:
 326 00d2 3A49     		ldr	r1, .L62
 327 00d4 6FF07F03 		mvn	r3, #127
 328 00d8 4FF00044 		mov	r4, #-2147483648
 329 00dc 6FF00045 		mvn	r5, #-2147483648
 330              	.L30:
 331 00e0 51F8042B 		ldr	r2, [r1], #4
 332 00e4 03FB0723 		mla	r3, r3, r7, r2
 333 00e8 002B     		cmp	r3, #0
 334 00ea B8BF     		it	lt
 335 00ec FF33     		addlt	r3, r3, #255
 336 00ee 1B12     		asrs	r3, r3, #8
 337 00f0 9D42     		cmp	r5, r3
 338 00f2 A8BF     		it	ge
 339 00f4 1D46     		movge	r5, r3
ARM GAS  /tmp/ccGgJrMs.s 			page 7


 340 00f6 9C42     		cmp	r4, r3
 341 00f8 B8BF     		it	lt
 342 00fa 1C46     		movlt	r4, r3
 343 00fc 6145     		cmp	r1, ip
 344 00fe 41F8043C 		str	r3, [r1, #-4]
 345 0102 02D0     		beq	.L29
 346 0104 56F8043B 		ldr	r3, [r6], #4
 347 0108 EAE7     		b	.L30
 348              	.L29:
 349 010a 002D     		cmp	r5, #0
 350 010c 2BDB     		blt	.L59
 351 010e B4F5165F 		cmp	r4, #9600
 352 0112 41DC     		bgt	.L33
 353              	.L34:
 354 0114 039B     		ldr	r3, [sp, #12]
 355 0116 53B1     		cbz	r3, .L42
 356 0118 2C4A     		ldr	r2, .L62+16
 357 011a A2F12003 		sub	r3, r2, #32
 358              	.L41:
 359 011e 12F8011B 		ldrb	r1, [r2], #1	@ zero_extendqisi2
 360 0122 09B1     		cbz	r1, .L40
 361 0124 596A     		ldr	r1, [r3, #36]
 362 0126 1960     		str	r1, [r3]
 363              	.L40:
 364 0128 0433     		adds	r3, r3, #4
 365 012a 6345     		cmp	r3, ip
 366 012c F7D1     		bne	.L41
 367              	.L42:
 368 012e 50F8043B 		ldr	r3, [r0], #4
 369 0132 002B     		cmp	r3, #0
 370 0134 4FF41651 		mov	r1, #9600
 371 0138 4FF00002 		mov	r2, #0
 372 013c 0BDD     		ble	.L60
 373              	.L43:
 374 013e B3F5165F 		cmp	r3, #9600
 375 0142 A8BF     		it	ge
 376 0144 40F8041C 		strge	r1, [r0, #-4]
 377              	.L44:
 378 0148 6045     		cmp	r0, ip
 379 014a 3FF464AF 		beq	.L20
 380 014e 50F8043B 		ldr	r3, [r0], #4
 381 0152 002B     		cmp	r3, #0
 382 0154 F3DC     		bgt	.L43
 383              	.L60:
 384 0156 40F8042C 		str	r2, [r0, #-4]
 385 015a F5E7     		b	.L44
 386              	.L58:
 387 015c 9045     		cmp	r8, r2
 388 015e 4746     		mov	r7, r8
 389 0160 A8BF     		it	ge
 390 0162 1746     		movge	r7, r2
 391 0164 B5E7     		b	.L27
 392              	.L59:
 393 0166 B4F5165F 		cmp	r4, #9600
 394 016a 11DC     		bgt	.L61
 395 016c 15F5707F 		cmn	r5, #960
 396 0170 124B     		ldr	r3, .L62
ARM GAS  /tmp/ccGgJrMs.s 			page 8


 397 0172 CCBF     		ite	gt
 398 0174 6D42     		rsbgt	r5, r5, #0
 399 0176 4FF47075 		movle	r5, #960
 400              	.L37:
 401 017a 1A68     		ldr	r2, [r3]
 402 017c 2A44     		add	r2, r2, r5
 403 017e 43F8042B 		str	r2, [r3], #4
 404 0182 6345     		cmp	r3, ip
 405 0184 F9D1     		bne	.L37
 406 0186 0D4A     		ldr	r2, .L62
 407 0188 536B     		ldr	r3, [r2, #52]
 408 018a 0133     		adds	r3, r3, #1
 409 018c 5363     		str	r3, [r2, #52]
 410 018e C1E7     		b	.L34
 411              	.L61:
 412 0190 0A4A     		ldr	r2, .L62
 413 0192 936B     		ldr	r3, [r2, #56]
 414 0194 0133     		adds	r3, r3, #1
 415 0196 9363     		str	r3, [r2, #56]
 416              	.L33:
 417 0198 0D4B     		ldr	r3, .L62+20
 418 019a C4F51654 		rsb	r4, r4, #9600
 419 019e 9C42     		cmp	r4, r3
 420 01a0 B8BF     		it	lt
 421 01a2 1C46     		movlt	r4, r3
 422 01a4 054B     		ldr	r3, .L62
 423              	.L35:
 424 01a6 1A68     		ldr	r2, [r3]
 425 01a8 2244     		add	r2, r2, r4
 426 01aa 43F8042B 		str	r2, [r3], #4
 427 01ae 6345     		cmp	r3, ip
 428 01b0 F9D1     		bne	.L35
 429 01b2 024A     		ldr	r2, .L62
 430 01b4 536B     		ldr	r3, [r2, #52]
 431 01b6 0133     		adds	r3, r3, #1
 432 01b8 5363     		str	r3, [r2, #52]
 433 01ba ABE7     		b	.L34
 434              	.L63:
 435              		.align	2
 436              	.L62:
 437 01bc 00000000 		.word	.LANCHOR0
 438 01c0 80DAFFFF 		.word	-9600
 439 01c4 04000000 		.word	.LANCHOR4+4
 440 01c8 04000000 		.word	.LANCHOR2+4
 441 01cc 20000000 		.word	.LANCHOR0+32
 442 01d0 40FCFFFF 		.word	-960
 443 01d4 04000000 		.word	.LANCHOR1+4
 444 01d8 04000000 		.word	.LANCHOR3+4
 445              		.size	motor_mixing_run, .-motor_mixing_run
 446              		.global	motor_mixing
 447              		.section	.bss.motor_mixing,"aw",%nobits
 448              		.align	2
 449              		.set	.LANCHOR0,. + 0
 450              		.type	motor_mixing, %object
 451              		.size	motor_mixing, 60
 452              	motor_mixing:
 453 0000 00000000 		.space	60
ARM GAS  /tmp/ccGgJrMs.s 			page 9


 453      00000000 
 453      00000000 
 453      00000000 
 453      00000000 
 454              		.section	.rodata.pitch_coef,"a"
 455              		.align	2
 456              		.set	.LANCHOR2,. + 0
 457              		.type	pitch_coef, %object
 458              		.size	pitch_coef, 16
 459              	pitch_coef:
 460 0000 B5000000 		.word	181
 461 0004 B5000000 		.word	181
 462 0008 4BFFFFFF 		.word	-181
 463 000c 4BFFFFFF 		.word	-181
 464              		.section	.rodata.roll_coef,"a"
 465              		.align	2
 466              		.set	.LANCHOR1,. + 0
 467              		.type	roll_coef, %object
 468              		.size	roll_coef, 16
 469              	roll_coef:
 470 0000 B5000000 		.word	181
 471 0004 4BFFFFFF 		.word	-181
 472 0008 4BFFFFFF 		.word	-181
 473 000c B5000000 		.word	181
 474              		.section	.rodata.thrust_coef,"a"
 475              		.align	2
 476              		.set	.LANCHOR3,. + 0
 477              		.type	thrust_coef, %object
 478              		.size	thrust_coef, 16
 479              	thrust_coef:
 480 0000 00010000 		.word	256
 481 0004 00010000 		.word	256
 482 0008 00010000 		.word	256
 483 000c 00010000 		.word	256
 484              		.section	.rodata.yaw_coef,"a"
 485              		.align	2
 486              		.set	.LANCHOR4,. + 0
 487              		.type	yaw_coef, %object
 488              		.size	yaw_coef, 16
 489              	yaw_coef:
 490 0000 80FFFFFF 		.word	-128
 491 0004 80000000 		.word	128
 492 0008 80FFFFFF 		.word	-128
 493 000c 80000000 		.word	128
 494              		.ident	"GCC: (15:10.3-2021.07-4) 10.3.1 20210621 (release)"
ARM GAS  /tmp/ccGgJrMs.s 			page 10


DEFINED SYMBOLS
                            *ABS*:0000000000000000 motor_mixing.c
     /tmp/ccGgJrMs.s:15     .rodata.send_motor_mixing.str1.4:0000000000000000 $d
     /tmp/ccGgJrMs.s:19     .text.send_motor_mixing:0000000000000000 $t
     /tmp/ccGgJrMs.s:27     .text.send_motor_mixing:0000000000000000 send_motor_mixing
     /tmp/ccGgJrMs.s:156    .text.send_motor_mixing:0000000000000114 $d
     /tmp/ccGgJrMs.s:160    .text.motor_mixing_init:0000000000000000 $t
     /tmp/ccGgJrMs.s:168    .text.motor_mixing_init:0000000000000000 motor_mixing_init
     /tmp/ccGgJrMs.s:191    .text.motor_mixing_init:0000000000000030 $d
     /tmp/ccGgJrMs.s:197    .text.motor_mixing_run_spinup:0000000000000000 $t
     /tmp/ccGgJrMs.s:205    .text.motor_mixing_run_spinup:0000000000000000 motor_mixing_run_spinup
     /tmp/ccGgJrMs.s:230    .text.motor_mixing_run_spinup:0000000000000028 $d
     /tmp/ccGgJrMs.s:233    .text.motor_mixing_run:0000000000000000 $t
     /tmp/ccGgJrMs.s:241    .text.motor_mixing_run:0000000000000000 motor_mixing_run
     /tmp/ccGgJrMs.s:437    .text.motor_mixing_run:00000000000001bc $d
     /tmp/ccGgJrMs.s:452    .bss.motor_mixing:0000000000000000 motor_mixing
     /tmp/ccGgJrMs.s:448    .bss.motor_mixing:0000000000000000 $d
     /tmp/ccGgJrMs.s:455    .rodata.pitch_coef:0000000000000000 $d
     /tmp/ccGgJrMs.s:459    .rodata.pitch_coef:0000000000000000 pitch_coef
     /tmp/ccGgJrMs.s:465    .rodata.roll_coef:0000000000000000 $d
     /tmp/ccGgJrMs.s:469    .rodata.roll_coef:0000000000000000 roll_coef
     /tmp/ccGgJrMs.s:475    .rodata.thrust_coef:0000000000000000 $d
     /tmp/ccGgJrMs.s:479    .rodata.thrust_coef:0000000000000000 thrust_coef
     /tmp/ccGgJrMs.s:485    .rodata.yaw_coef:0000000000000000 $d
     /tmp/ccGgJrMs.s:489    .rodata.yaw_coef:0000000000000000 yaw_coef

UNDEFINED SYMBOLS
memset
register_periodic_telemetry
pprz_telemetry
