ARM GAS  /tmp/ccLYoGnF.s 			page 1


   1              		.cpu cortex-m4
   2              		.eabi_attribute 27, 1
   3              		.eabi_attribute 20, 1
   4              		.eabi_attribute 21, 1
   5              		.eabi_attribute 23, 3
   6              		.eabi_attribute 24, 1
   7              		.eabi_attribute 25, 1
   8              		.eabi_attribute 26, 1
   9              		.eabi_attribute 30, 2
  10              		.eabi_attribute 34, 1
  11              		.eabi_attribute 18, 4
  12              		.file	"rotorcraft_telemetry.c"
  13              		.text
  14              		.global	telemetry_mode_Main
  15              		.section	.bss.telemetry_mode_Main,"aw",%nobits
  16              		.type	telemetry_mode_Main, %object
  17              		.size	telemetry_mode_Main, 1
  18              	telemetry_mode_Main:
  19 0000 00       		.space	1
  20              		.ident	"GCC: (15:10.3-2021.07-4) 10.3.1 20210621 (release)"
ARM GAS  /tmp/ccLYoGnF.s 			page 2


DEFINED SYMBOLS
                            *ABS*:0000000000000000 rotorcraft_telemetry.c
     /tmp/ccLYoGnF.s:18     .bss.telemetry_mode_Main:0000000000000000 telemetry_mode_Main
     /tmp/ccLYoGnF.s:19     .bss.telemetry_mode_Main:0000000000000000 $d

NO UNDEFINED SYMBOLS
