ARM GAS  /tmp/ccFHthIi.s 			page 1


   1              		.cpu cortex-m4
   2              		.eabi_attribute 27, 1
   3              		.eabi_attribute 20, 1
   4              		.eabi_attribute 21, 1
   5              		.eabi_attribute 23, 3
   6              		.eabi_attribute 24, 1
   7              		.eabi_attribute 25, 1
   8              		.eabi_attribute 26, 1
   9              		.eabi_attribute 30, 2
  10              		.eabi_attribute 34, 1
  11              		.eabi_attribute 18, 4
  12              		.file	"stabilization_attitude_rc_setpoint.c"
  13              		.text
  14              		.section	.text.stabilization_attitude_reset_care_free_heading,"ax",%progbits
  15              		.align	1
  16              		.p2align 4,,15
  17              		.global	stabilization_attitude_reset_care_free_heading
  18              		.arch armv7e-m
  19              		.syntax unified
  20              		.thumb
  21              		.thumb_func
  22              		.fpu fpv4-sp-d16
  23              		.type	stabilization_attitude_reset_care_free_heading, %function
  24              	stabilization_attitude_reset_care_free_heading:
  25              		@ args = 0, pretend = 0, frame = 0
  26              		@ frame_needed = 0, uses_anonymous_args = 0
  27 0000 10B5     		push	{r4, lr}
  28 0002 094C     		ldr	r4, .L6
  29 0004 94F8B031 		ldrb	r3, [r4, #432]	@ zero_extendqisi2
  30 0008 DB06     		lsls	r3, r3, #27
  31 000a 04D5     		bpl	.L5
  32 000c 074B     		ldr	r3, .L6+4
  33 000e D4F80C22 		ldr	r2, [r4, #524]	@ float
  34 0012 1A60     		str	r2, [r3]	@ float
  35 0014 10BD     		pop	{r4, pc}
  36              	.L5:
  37 0016 04F5D870 		add	r0, r4, #432
  38 001a FFF7FEFF 		bl	orientationCalcEulers_f
  39 001e 034B     		ldr	r3, .L6+4
  40 0020 D4F80C22 		ldr	r2, [r4, #524]	@ float
  41 0024 1A60     		str	r2, [r3]	@ float
  42 0026 10BD     		pop	{r4, pc}
  43              	.L7:
  44              		.align	2
  45              	.L6:
  46 0028 00000000 		.word	state
  47 002c 00000000 		.word	.LANCHOR0
  48              		.size	stabilization_attitude_reset_care_free_heading, .-stabilization_attitude_reset_care_free_hea
  49              		.section	.text.stabilization_attitude_get_heading_i,"ax",%progbits
  50              		.align	1
  51              		.p2align 4,,15
  52              		.global	stabilization_attitude_get_heading_i
  53              		.syntax unified
  54              		.thumb
  55              		.thumb_func
  56              		.fpu fpv4-sp-d16
  57              		.type	stabilization_attitude_get_heading_i, %function
ARM GAS  /tmp/ccFHthIi.s 			page 2


  58              	stabilization_attitude_get_heading_i:
  59              		@ args = 0, pretend = 0, frame = 0
  60              		@ frame_needed = 0, uses_anonymous_args = 0
  61 0000 10B5     		push	{r4, lr}
  62 0002 194C     		ldr	r4, .L19
  63 0004 94F8B031 		ldrb	r3, [r4, #432]	@ zero_extendqisi2
  64 0008 9B07     		lsls	r3, r3, #30
  65 000a 14D5     		bpl	.L17
  66 000c D4F8C401 		ldr	r0, [r4, #452]
  67 0010 00F5C953 		add	r3, r0, #6432
  68 0014 B3F5495F 		cmp	r3, #12864
  69 0018 18D9     		bls	.L18
  70              	.L10:
  71 001a D4ED727A 		vldr.32	s15, [r4, #456]	@ int
  72 001e D4F8CC31 		ldr	r3, [r4, #460]
  73 0022 FAEECA7A 		vcvt.f32.s32	s15, s15, #12
  74 0026 F5EEC07A 		vcmpe.f32	s15, #0
  75 002a F1EE10FA 		vmrs	APSR_nzcv, FPSCR
  76 002e CCBF     		ite	gt
  77 0030 181A     		subgt	r0, r3, r0
  78 0032 C018     		addle	r0, r0, r3
  79 0034 10BD     		pop	{r4, pc}
  80              	.L17:
  81 0036 04F5D870 		add	r0, r4, #432
  82 003a FFF7FEFF 		bl	orientationCalcEulers_i
  83 003e D4F8C401 		ldr	r0, [r4, #452]
  84 0042 00F5C953 		add	r3, r0, #6432
  85 0046 B3F5495F 		cmp	r3, #12864
  86 004a E6D8     		bhi	.L10
  87              	.L18:
  88 004c D4F8C801 		ldr	r0, [r4, #456]
  89 0050 FFF7FEFF 		bl	pprz_itrig_sin
  90 0054 D4F8C421 		ldr	r2, [r4, #452]
  91 0058 D4F8CC31 		ldr	r3, [r4, #460]
  92 005c 02FB00F0 		mul	r0, r2, r0
  93 0060 A3EBA030 		sub	r0, r3, r0, asr #14
  94 0064 10BD     		pop	{r4, pc}
  95              	.L20:
  96 0066 00BF     		.align	2
  97              	.L19:
  98 0068 00000000 		.word	state
  99              		.size	stabilization_attitude_get_heading_i, .-stabilization_attitude_get_heading_i
 100              		.global	__aeabi_f2d
 101              		.global	__aeabi_dcmplt
 102              		.section	.text.stabilization_attitude_get_heading_f,"ax",%progbits
 103              		.align	1
 104              		.p2align 4,,15
 105              		.global	stabilization_attitude_get_heading_f
 106              		.syntax unified
 107              		.thumb
 108              		.thumb_func
 109              		.fpu fpv4-sp-d16
 110              		.type	stabilization_attitude_get_heading_f, %function
 111              	stabilization_attitude_get_heading_f:
 112              		@ args = 0, pretend = 0, frame = 0
 113              		@ frame_needed = 0, uses_anonymous_args = 0
 114 0000 10B5     		push	{r4, lr}
ARM GAS  /tmp/ccFHthIi.s 			page 3


 115 0002 1F4C     		ldr	r4, .L34+8
 116 0004 94F8B031 		ldrb	r3, [r4, #432]	@ zero_extendqisi2
 117 0008 DB06     		lsls	r3, r3, #27
 118 000a 2DED028B 		vpush.64	{d8}
 119 000e 2ED5     		bpl	.L33
 120              	.L22:
 121 0010 94ED818A 		vldr.32	s16, [r4, #516]
 122 0014 F0EEC87A 		vabs.f32	s15, s16
 123 0018 17EE900A 		vmov	r0, s15
 124 001c FFF7FEFF 		bl	__aeabi_f2d
 125 0020 15A3     		adr	r3, .L34
 126 0022 D3E90023 		ldrd	r2, [r3]
 127 0026 FFF7FEFF 		bl	__aeabi_dcmplt
 128 002a 70B1     		cbz	r0, .L30
 129 002c D4F80802 		ldr	r0, [r4, #520]	@ float
 130 0030 FFF7FEFF 		bl	sinf
 131 0034 D4ED837A 		vldr.32	s15, [r4, #524]
 132 0038 07EE100A 		vmov	s14, r0
 133 003c E8EE477A 		vfms.f32	s15, s16, s14
 134 0040 BDEC028B 		vldm	sp!, {d8}
 135 0044 17EE900A 		vmov	r0, s15
 136 0048 10BD     		pop	{r4, pc}
 137              	.L30:
 138 004a D4ED827A 		vldr.32	s15, [r4, #520]
 139 004e F5EEC07A 		vcmpe.f32	s15, #0
 140 0052 D4ED837A 		vldr.32	s15, [r4, #524]
 141 0056 F1EE10FA 		vmrs	APSR_nzcv, FPSCR
 142 005a CCBF     		ite	gt
 143 005c 77EEC87A 		vsubgt.f32	s15, s15, s16
 144 0060 78EE277A 		vaddle.f32	s15, s16, s15
 145 0064 BDEC028B 		vldm	sp!, {d8}
 146 0068 17EE900A 		vmov	r0, s15
 147 006c 10BD     		pop	{r4, pc}
 148              	.L33:
 149 006e 04F5D870 		add	r0, r4, #432
 150 0072 FFF7FEFF 		bl	orientationCalcEulers_f
 151 0076 CBE7     		b	.L22
 152              	.L35:
 153              		.align	3
 154              	.L34:
 155 0078 182D4454 		.word	1413754136
 156 007c FB21F93F 		.word	1073291771
 157 0080 00000000 		.word	state
 158              		.size	stabilization_attitude_get_heading_f, .-stabilization_attitude_get_heading_f
 159              		.global	__aeabi_dmul
 160              		.global	__aeabi_d2iz
 161              		.global	__aeabi_i2d
 162              		.section	.text.stabilization_attitude_read_rc_setpoint_eulers,"ax",%progbits
 163              		.align	1
 164              		.p2align 4,,15
 165              		.global	stabilization_attitude_read_rc_setpoint_eulers
 166              		.syntax unified
 167              		.thumb
 168              		.thumb_func
 169              		.fpu fpv4-sp-d16
 170              		.type	stabilization_attitude_read_rc_setpoint_eulers, %function
 171              	stabilization_attitude_read_rc_setpoint_eulers:
ARM GAS  /tmp/ccFHthIi.s 			page 4


 172              		@ args = 0, pretend = 0, frame = 0
 173              		@ frame_needed = 0, uses_anonymous_args = 0
 174 0000 DFF8B8C2 		ldr	ip, .L77+52
 175 0004 2DE9F041 		push	{r4, r5, r6, r7, r8, lr}
 176 0008 BCF80840 		ldrh	r4, [ip, #8]
 177 000c A24E     		ldr	r6, .L77+16
 178 000e 1746     		mov	r7, r2
 179 0010 BCF80620 		ldrh	r2, [ip, #6]
 180 0014 0546     		mov	r5, r0
 181 0016 4FF44960 		mov	r0, #3216
 182 001a 14FB00F4 		smulbb	r4, r4, r0
 183 001e 12FB00F2 		smulbb	r2, r2, r0
 184 0022 86FB020E 		smull	r0, lr, r6, r2
 185 0026 86FB0406 		smull	r0, r6, r6, r4
 186 002a E417     		asrs	r4, r4, #31
 187 002c D017     		asrs	r0, r2, #31
 188 002e C4EBA624 		rsb	r4, r4, r6, asr #10
 189 0032 C0EBAE20 		rsb	r0, r0, lr, asr #10
 190 0036 2DED028B 		vpush.64	{d8}
 191 003a 6C60     		str	r4, [r5, #4]
 192 003c 2860     		str	r0, [r5]
 193 003e 0029     		cmp	r1, #0
 194 0040 00F0D580 		beq	.L37
 195 0044 954E     		ldr	r6, .L77+20
 196 0046 DFF87882 		ldr	r8, .L77+56
 197 004a D6ED007A 		vldr.32	s15, [r6]	@ int
 198 004e 96ED566A 		vldr.32	s12, [r6, #344]	@ int
 199 0052 96ED017A 		vldr.32	s14, [r6, #4]	@ int
 200 0056 D8ED006A 		vldr.32	s13, [r8]
 201 005a B8EE477A 		vcvt.f32.u32	s14, s14
 202 005e F8EE468A 		vcvt.f32.u32	s17, s12
 203 0062 F8EE677A 		vcvt.f32.u32	s15, s15
 204 0066 87EE288A 		vdiv.f32	s16, s14, s17
 205 006a 38EE278A 		vadd.f32	s16, s16, s15
 206 006e 38EE668A 		vsub.f32	s16, s16, s13
 207 0072 B5EEC08A 		vcmpe.f32	s16, #0
 208 0076 F1EE10FA 		vmrs	APSR_nzcv, FPSCR
 209 007a 40F3B580 		ble	.L71
 210 007e F6EE007A 		vmov.f32	s15, #5.0e-1
 211 0082 B4EEE78A 		vcmpe.f32	s16, s15
 212 0086 F1EE10FA 		vmrs	APSR_nzcv, FPSCR
 213 008a 58BF     		it	pl
 214 008c B0EE678A 		vmovpl.f32	s16, s15
 215              	.L38:
 216 0090 BCF90A10 		ldrsh	r1, [ip, #10]
 217 0094 01F1FA04 		add	r4, r1, #250
 218 0098 1FFA84FE 		uxth	lr, r4
 219 009c BEF5FA7F 		cmp	lr, #500
 220 00a0 2CD9     		bls	.L41
 221 00a2 BCF90CC0 		ldrsh	ip, [ip, #12]
 222 00a6 BCF5F07F 		cmp	ip, #480
 223 00aa 27DB     		blt	.L41
 224 00ac FA29     		cmp	r1, #250
 225 00ae 40F3D580 		ble	.L43
 226 00b2 41F62114 		movw	r4, #6433
 227 00b6 FA39     		subs	r1, r1, #250
 228 00b8 04FB01F1 		mul	r1, r4, r1
ARM GAS  /tmp/ccFHthIi.s 			page 5


 229 00bc 784C     		ldr	r4, .L77+24
 230 00be 4908     		lsrs	r1, r1, #1
 231 00c0 A4FB0141 		umull	r4, r1, r4, r1
 232 00c4 090B     		lsrs	r1, r1, #12
 233 00c6 07EE901A 		vmov	s15, r1	@ int
 234 00ca B8EEE77A 		vcvt.f32.s32	s14, s15
 235              	.L44:
 236 00ce D5ED027A 		vldr.32	s15, [r5, #8]	@ int
 237 00d2 F8EEE77A 		vcvt.f32.s32	s15, s15
 238 00d6 43F24324 		movw	r4, #12867
 239 00da E8EE077A 		vfma.f32	s15, s16, s14
 240 00de FDEEE77A 		vcvt.s32.f32	s15, s15
 241 00e2 17EE901A 		vmov	r1, s15	@ int
 242 00e6 A142     		cmp	r1, r4
 243 00e8 C5ED027A 		vstr.32	s15, [r5, #8]	@ int
 244 00ec 40F3A680 		ble	.L45
 245              	.L46:
 246 00f0 A1F5C941 		sub	r1, r1, #25728
 247 00f4 0739     		subs	r1, r1, #7
 248 00f6 A142     		cmp	r1, r4
 249 00f8 FADC     		bgt	.L46
 250 00fa A960     		str	r1, [r5, #8]
 251              	.L41:
 252 00fc 5BB3     		cbz	r3, .L49
 253 00fe 00F58653 		add	r3, r0, #4288
 254 0102 B3F5065F 		cmp	r3, #8576
 255 0106 40F28B80 		bls	.L75
 256 010a 12F5165F 		cmn	r2, #9600
 257 010e CCBF     		ite	gt
 258 0110 0020     		movgt	r0, #0
 259 0112 0120     		movle	r0, #1
 260 0114 B2F5165F 		cmp	r2, #9600
 261 0118 B4BF     		ite	lt
 262 011a 4042     		rsblt	r0, r0, #0
 263 011c C0F10100 		rsbge	r0, r0, #1
 264 0120 FFF7FEFF 		bl	__aeabi_i2d
 265 0124 58A3     		adr	r3, .L77
 266 0126 D3E90023 		ldrd	r2, [r3]
 267              	.L74:
 268 012a FFF7FEFF 		bl	__aeabi_dmul
 269 012e 5D4B     		ldr	r3, .L77+28
 270 0130 0022     		movs	r2, #0
 271 0132 FFF7FEFF 		bl	__aeabi_dmul
 272 0136 FFF7FEFF 		bl	__aeabi_d2iz
 273 013a D5ED027A 		vldr.32	s15, [r5, #8]	@ int
 274 013e 07EE100A 		vmov	s14, r0	@ int
 275 0142 F8EEE77A 		vcvt.f32.s32	s15, s15
 276 0146 B8EEC77A 		vcvt.f32.s32	s14, s14
 277 014a E7EE087A 		vfma.f32	s15, s14, s16
 278 014e FDEEE77A 		vcvt.s32.f32	s15, s15
 279 0152 C5ED027A 		vstr.32	s15, [r5, #8]	@ int
 280              	.L49:
 281 0156 AFB3     		cbz	r7, .L52
 282 0158 534B     		ldr	r3, .L77+32
 283 015a D5ED027A 		vldr.32	s15, [r5, #8]	@ int
 284 015e D3ED006A 		vldr.32	s13, [r3]
 285 0162 9FED527A 		vldr.32	s14, .L77+36
ARM GAS  /tmp/ccFHthIi.s 			page 6


 286 0166 F8EEE77A 		vcvt.f32.s32	s15, s15
 287 016a 43F24323 		movw	r3, #12867
 288 016e E6EEC77A 		vfms.f32	s15, s13, s14
 289 0172 FDEEE77A 		vcvt.s32.f32	s15, s15
 290 0176 17EE904A 		vmov	r4, s15	@ int
 291 017a 9C42     		cmp	r4, r3
 292 017c 47DD     		ble	.L53
 293              	.L54:
 294 017e A4F5C944 		sub	r4, r4, #25728
 295 0182 073C     		subs	r4, r4, #7
 296 0184 9C42     		cmp	r4, r3
 297 0186 FADC     		bgt	.L54
 298              	.L55:
 299 0188 2046     		mov	r0, r4
 300 018a FFF7FEFF 		bl	pprz_itrig_sin
 301 018e 0346     		mov	r3, r0
 302 0190 2046     		mov	r0, r4
 303 0192 1C46     		mov	r4, r3
 304 0194 FFF7FEFF 		bl	pprz_itrig_cos
 305 0198 D5E90012 		ldrd	r1, r2, [r5]
 306 019c D6ED568A 		vldr.32	s17, [r6, #344]	@ int
 307 01a0 04FB02F3 		mul	r3, r4, r2
 308 01a4 01FB04F4 		mul	r4, r1, r4
 309 01a8 00FB02F2 		mul	r2, r0, r2
 310 01ac 00FB01F1 		mul	r1, r0, r1
 311 01b0 1B13     		asrs	r3, r3, #12
 312 01b2 2413     		asrs	r4, r4, #12
 313 01b4 C3EB2133 		rsb	r3, r3, r1, asr #12
 314 01b8 C4EB2234 		rsb	r4, r4, r2, asr #12
 315 01bc F8EE688A 		vcvt.f32.u32	s17, s17
 316 01c0 2B60     		str	r3, [r5]
 317 01c2 6C60     		str	r4, [r5, #4]
 318              	.L52:
 319 01c4 96ED007A 		vldr.32	s14, [r6]	@ int
 320 01c8 D6ED016A 		vldr.32	s13, [r6, #4]	@ int
 321 01cc F8EE666A 		vcvt.f32.u32	s13, s13
 322 01d0 B8EE477A 		vcvt.f32.u32	s14, s14
 323 01d4 C6EEA87A 		vdiv.f32	s15, s13, s17
 324 01d8 BDEC028B 		vldm	sp!, {d8}
 325 01dc 77EE877A 		vadd.f32	s15, s15, s14
 326 01e0 C8ED007A 		vstr.32	s15, [r8]
 327 01e4 BDE8F081 		pop	{r4, r5, r6, r7, r8, pc}
 328              	.L71:
 329 01e8 9FED318A 		vldr.32	s16, .L77+40
 330 01ec 50E7     		b	.L38
 331              	.L37:
 332 01ee 314C     		ldr	r4, .L77+44
 333 01f0 94F8B031 		ldrb	r3, [r4, #432]	@ zero_extendqisi2
 334 01f4 9B07     		lsls	r3, r3, #30
 335 01f6 2CD5     		bpl	.L76
 336              	.L57:
 337 01f8 284E     		ldr	r6, .L77+20
 338 01fa D4F8CC31 		ldr	r3, [r4, #460]
 339 01fe D6ED567A 		vldr.32	s15, [r6, #344]	@ int
 340 0202 DFF8BC80 		ldr	r8, .L77+56
 341 0206 AB60     		str	r3, [r5, #8]
 342 0208 F8EE678A 		vcvt.f32.u32	s17, s15
ARM GAS  /tmp/ccFHthIi.s 			page 7


 343 020c DAE7     		b	.L52
 344              	.L53:
 345 020e 2A4B     		ldr	r3, .L77+48
 346 0210 9C42     		cmp	r4, r3
 347 0212 B9DA     		bge	.L55
 348 0214 46F28742 		movw	r2, #25735
 349              	.L56:
 350 0218 1444     		add	r4, r4, r2
 351 021a 9C42     		cmp	r4, r3
 352 021c FCDB     		blt	.L56
 353 021e B3E7     		b	.L55
 354              	.L75:
 355 0220 07EE900A 		vmov	s15, r0	@ int
 356 0224 FAEECA7A 		vcvt.f32.s32	s15, s15, #12
 357 0228 17EE900A 		vmov	r0, s15
 358 022c FFF7FEFF 		bl	tanf
 359 0230 FFF7FEFF 		bl	__aeabi_f2d
 360 0234 16A3     		adr	r3, .L77+8
 361 0236 D3E90023 		ldrd	r2, [r3]
 362 023a 76E7     		b	.L74
 363              	.L45:
 364 023c 1E4C     		ldr	r4, .L77+48
 365 023e A142     		cmp	r1, r4
 366 0240 BFF65CAF 		bge	.L41
 367 0244 46F2874C 		movw	ip, #25735
 368              	.L48:
 369 0248 6144     		add	r1, r1, ip
 370 024a A142     		cmp	r1, r4
 371 024c FCDB     		blt	.L48
 372 024e A960     		str	r1, [r5, #8]
 373 0250 54E7     		b	.L41
 374              	.L76:
 375 0252 04F5D870 		add	r0, r4, #432
 376 0256 FFF7FEFF 		bl	orientationCalcEulers_i
 377 025a CDE7     		b	.L57
 378              	.L43:
 379 025c FA31     		adds	r1, r1, #250
 380 025e 0FDA     		bge	.L59
 381 0260 41F6211C 		movw	ip, #6433
 382 0264 0E49     		ldr	r1, .L77+24
 383 0266 0CFB04F4 		mul	r4, ip, r4
 384 026a 81FB04C1 		smull	ip, r1, r1, r4
 385 026e 2144     		add	r1, r1, r4
 386 0270 E417     		asrs	r4, r4, #31
 387 0272 C4EB6134 		rsb	r4, r4, r1, asr #13
 388 0276 07EE904A 		vmov	s15, r4	@ int
 389 027a B8EEE77A 		vcvt.f32.s32	s14, s15
 390 027e 26E7     		b	.L44
 391              	.L59:
 392 0280 9FED0B7A 		vldr.32	s14, .L77+40
 393 0284 23E7     		b	.L44
 394              	.L78:
 395 0286 00BF     		.align	3
 396              	.L77:
 397 0288 D5CBEF34 		.word	888130517
 398 028c 9989F63F 		.word	1073121689
 399 0290 295C8FC2 		.word	-1030792151
ARM GAS  /tmp/ccFHthIi.s 			page 8


 400 0294 F528EA3F 		.word	1072310517
 401 0298 B5814E1B 		.word	458129845
 402 029c 00000000 		.word	sys_time
 403 02a0 51594BE0 		.word	-531932847
 404 02a4 0000B040 		.word	1085276160
 405 02a8 00000000 		.word	.LANCHOR0
 406 02ac 00008045 		.word	1166016512
 407 02b0 00000000 		.word	0
 408 02b4 00000000 		.word	state
 409 02b8 BDCDFFFF 		.word	-12867
 410 02bc 00000000 		.word	radio_control
 411 02c0 00000000 		.word	.LANCHOR1
 412              		.size	stabilization_attitude_read_rc_setpoint_eulers, .-stabilization_attitude_read_rc_setpoint_eu
 413              		.global	__aeabi_ddiv
 414              		.global	__aeabi_d2f
 415              		.global	__aeabi_dcmpgt
 416              		.global	__aeabi_dsub
 417              		.global	__aeabi_dadd
 418              		.section	.text.stabilization_attitude_read_rc_setpoint_eulers_f,"ax",%progbits
 419              		.align	1
 420              		.p2align 4,,15
 421              		.global	stabilization_attitude_read_rc_setpoint_eulers_f
 422              		.syntax unified
 423              		.thumb
 424              		.thumb_func
 425              		.fpu fpv4-sp-d16
 426              		.type	stabilization_attitude_read_rc_setpoint_eulers_f, %function
 427              	stabilization_attitude_read_rc_setpoint_eulers_f:
 428              		@ args = 0, pretend = 0, frame = 16
 429              		@ frame_needed = 0, uses_anonymous_args = 0
 430 0000 2DE9F04F 		push	{r4, r5, r6, r7, r8, r9, r10, fp, lr}
 431 0004 2DED048B 		vpush.64	{d8, d9}
 432 0008 D14C     		ldr	r4, .L125+56
 433 000a 85B0     		sub	sp, sp, #20
 434 000c 8346     		mov	fp, r0
 435 000e B4F90600 		ldrsh	r0, [r4, #6]
 436 0012 1746     		mov	r7, r2
 437 0014 9846     		mov	r8, r3
 438 0016 0D46     		mov	r5, r1
 439 0018 FFF7FEFF 		bl	__aeabi_i2d
 440 001c BEA3     		adr	r3, .L125
 441 001e D3E90023 		ldrd	r2, [r3]
 442 0022 FFF7FEFF 		bl	__aeabi_dmul
 443 0026 CB4B     		ldr	r3, .L125+60
 444 0028 0022     		movs	r2, #0
 445 002a FFF7FEFF 		bl	__aeabi_ddiv
 446 002e FFF7FEFF 		bl	__aeabi_d2f
 447 0032 CBF80000 		str	r0, [fp]	@ float
 448 0036 08EE900A 		vmov	s17, r0
 449 003a B4F90800 		ldrsh	r0, [r4, #8]
 450 003e FFF7FEFF 		bl	__aeabi_i2d
 451 0042 B5A3     		adr	r3, .L125
 452 0044 D3E90023 		ldrd	r2, [r3]
 453 0048 FFF7FEFF 		bl	__aeabi_dmul
 454 004c C14B     		ldr	r3, .L125+60
 455 004e 0022     		movs	r2, #0
 456 0050 FFF7FEFF 		bl	__aeabi_ddiv
ARM GAS  /tmp/ccFHthIi.s 			page 9


 457 0054 FFF7FEFF 		bl	__aeabi_d2f
 458 0058 CBF80400 		str	r0, [fp, #4]	@ float
 459 005c 002D     		cmp	r5, #0
 460 005e 00F04581 		beq	.L80
 461 0062 BD4B     		ldr	r3, .L125+64
 462 0064 0293     		str	r3, [sp, #8]
 463 0066 D3ED007A 		vldr.32	s15, [r3]	@ int
 464 006a 93ED017A 		vldr.32	s14, [r3, #4]	@ int
 465 006e D3F85831 		ldr	r3, [r3, #344]
 466 0072 BA4A     		ldr	r2, .L125+68
 467 0074 0192     		str	r2, [sp, #4]
 468 0076 06EE103A 		vmov	s12, r3	@ int
 469 007a B8EE477A 		vcvt.f32.u32	s14, s14
 470 007e F8EE469A 		vcvt.f32.u32	s19, s12
 471 0082 F8EE677A 		vcvt.f32.u32	s15, s15
 472 0086 87EE298A 		vdiv.f32	s16, s14, s19
 473 008a 0393     		str	r3, [sp, #12]
 474 008c D2ED006A 		vldr.32	s13, [r2]
 475 0090 38EE278A 		vadd.f32	s16, s16, s15
 476 0094 09EE100A 		vmov	s18, r0
 477 0098 38EE668A 		vsub.f32	s16, s16, s13
 478 009c B5EEC08A 		vcmpe.f32	s16, #0
 479 00a0 F1EE10FA 		vmrs	APSR_nzcv, FPSCR
 480 00a4 40F31F81 		ble	.L119
 481 00a8 F6EE007A 		vmov.f32	s15, #5.0e-1
 482 00ac B4EEE78A 		vcmpe.f32	s16, s15
 483 00b0 F1EE10FA 		vmrs	APSR_nzcv, FPSCR
 484 00b4 58BF     		it	pl
 485 00b6 B0EE678A 		vmovpl.f32	s16, s15
 486              	.L81:
 487 00ba B4F90A30 		ldrsh	r3, [r4, #10]
 488 00be 03F1FA00 		add	r0, r3, #250
 489 00c2 82B2     		uxth	r2, r0
 490 00c4 B2F5FA7F 		cmp	r2, #500
 491 00c8 67D9     		bls	.L84
 492 00ca B4F90C20 		ldrsh	r2, [r4, #12]
 493 00ce B2F5F07F 		cmp	r2, #480
 494 00d2 62DB     		blt	.L84
 495 00d4 FA2B     		cmp	r3, #250
 496 00d6 40F36081 		ble	.L86
 497 00da A3F1FA00 		sub	r0, r3, #250
 498              	.L122:
 499 00de FFF7FEFF 		bl	__aeabi_i2d
 500 00e2 8FA3     		adr	r3, .L125+8
 501 00e4 D3E90023 		ldrd	r2, [r3]
 502 00e8 FFF7FEFF 		bl	__aeabi_dmul
 503 00ec 8EA3     		adr	r3, .L125+16
 504 00ee D3E90023 		ldrd	r2, [r3]
 505 00f2 FFF7FEFF 		bl	__aeabi_ddiv
 506 00f6 FFF7FEFF 		bl	__aeabi_d2f
 507 00fa 07EE100A 		vmov	s14, r0
 508              	.L87:
 509 00fe DBED027A 		vldr.32	s15, [fp, #8]
 510 0102 E8EE077A 		vfma.f32	s15, s16, s14
 511 0106 17EE900A 		vmov	r0, s15
 512 010a CBED027A 		vstr.32	s15, [fp, #8]
 513 010e FFF7FEFF 		bl	__aeabi_f2d
ARM GAS  /tmp/ccFHthIi.s 			page 10


 514 0112 87A3     		adr	r3, .L125+24
 515 0114 D3E90023 		ldrd	r2, [r3]
 516 0118 0446     		mov	r4, r0
 517 011a 0D46     		mov	r5, r1
 518 011c FFF7FEFF 		bl	__aeabi_dcmpgt
 519 0120 C8B1     		cbz	r0, .L88
 520 0122 0FF2142A 		adr	r10, .L125+32
 521 0126 DAE9009A 		ldrd	r9, [r10]
 522              	.L90:
 523 012a 4A46     		mov	r2, r9
 524 012c 5346     		mov	r3, r10
 525 012e 2046     		mov	r0, r4
 526 0130 2946     		mov	r1, r5
 527 0132 FFF7FEFF 		bl	__aeabi_dsub
 528 0136 FFF7FEFF 		bl	__aeabi_d2f
 529 013a 0646     		mov	r6, r0	@ float
 530 013c FFF7FEFF 		bl	__aeabi_f2d
 531 0140 7BA3     		adr	r3, .L125+24
 532 0142 D3E90023 		ldrd	r2, [r3]
 533 0146 0446     		mov	r4, r0
 534 0148 0D46     		mov	r5, r1
 535 014a FFF7FEFF 		bl	__aeabi_dcmpgt
 536 014e 0028     		cmp	r0, #0
 537 0150 EBD1     		bne	.L90
 538 0152 CBF80860 		str	r6, [fp, #8]	@ float
 539              	.L88:
 540 0156 7AA3     		adr	r3, .L125+40
 541 0158 D3E90023 		ldrd	r2, [r3]
 542 015c 2046     		mov	r0, r4
 543 015e 2946     		mov	r1, r5
 544 0160 FFF7FEFF 		bl	__aeabi_dcmplt
 545 0164 C8B1     		cbz	r0, .L84
 546 0166 0FF2D01A 		adr	r10, .L125+32
 547 016a DAE9009A 		ldrd	r9, [r10]
 548              	.L92:
 549 016e 4A46     		mov	r2, r9
 550 0170 5346     		mov	r3, r10
 551 0172 2046     		mov	r0, r4
 552 0174 2946     		mov	r1, r5
 553 0176 FFF7FEFF 		bl	__aeabi_dadd
 554 017a FFF7FEFF 		bl	__aeabi_d2f
 555 017e 0646     		mov	r6, r0	@ float
 556 0180 FFF7FEFF 		bl	__aeabi_f2d
 557 0184 6EA3     		adr	r3, .L125+40
 558 0186 D3E90023 		ldrd	r2, [r3]
 559 018a 0446     		mov	r4, r0
 560 018c 0D46     		mov	r5, r1
 561 018e FFF7FEFF 		bl	__aeabi_dcmplt
 562 0192 0028     		cmp	r0, #0
 563 0194 EBD1     		bne	.L92
 564 0196 CBF80860 		str	r6, [fp, #8]	@ float
 565              	.L84:
 566 019a B8F1000F 		cmp	r8, #0
 567 019e 25D0     		beq	.L93
 568 01a0 DFED6F7A 		vldr.32	s15, .L125+72
 569 01a4 B0EEE87A 		vabs.f32	s14, s17
 570 01a8 B4EEE77A 		vcmpe.f32	s14, s15
ARM GAS  /tmp/ccFHthIi.s 			page 11


 571 01ac F1EE10FA 		vmrs	APSR_nzcv, FPSCR
 572 01b0 00F1DE80 		bmi	.L123
 573 01b4 F5EEC08A 		vcmpe.f32	s17, #0
 574 01b8 F1EE10FA 		vmrs	APSR_nzcv, FPSCR
 575 01bc 4CBF     		ite	mi
 576 01be 0123     		movmi	r3, #1
 577 01c0 0023     		movpl	r3, #0
 578 01c2 CCBF     		ite	gt
 579 01c4 0120     		movgt	r0, #1
 580 01c6 0020     		movle	r0, #0
 581 01c8 C01A     		subs	r0, r0, r3
 582 01ca FFF7FEFF 		bl	__aeabi_i2d
 583 01ce 5EA3     		adr	r3, .L125+48
 584 01d0 D3E90023 		ldrd	r2, [r3]
 585 01d4 FFF7FEFF 		bl	__aeabi_dmul
 586 01d8 FFF7FEFF 		bl	__aeabi_d2f
 587 01dc 07EE100A 		vmov	s14, r0
 588              	.L96:
 589 01e0 DBED027A 		vldr.32	s15, [fp, #8]
 590 01e4 E8EE077A 		vfma.f32	s15, s16, s14
 591 01e8 CBED027A 		vstr.32	s15, [fp, #8]
 592              	.L93:
 593 01ec 002F     		cmp	r7, #0
 594 01ee 65D0     		beq	.L97
 595 01f0 5C4B     		ldr	r3, .L125+76
 596 01f2 9BED027A 		vldr.32	s14, [fp, #8]
 597 01f6 D3ED007A 		vldr.32	s15, [r3]
 598 01fa 77EE677A 		vsub.f32	s15, s14, s15
 599 01fe 17EE900A 		vmov	r0, s15
 600 0202 17EE90AA 		vmov	r10, s15
 601 0206 FFF7FEFF 		bl	__aeabi_f2d
 602 020a 49A3     		adr	r3, .L125+24
 603 020c D3E90023 		ldrd	r2, [r3]
 604 0210 8046     		mov	r8, r0
 605 0212 8946     		mov	r9, r1
 606 0214 FFF7FEFF 		bl	__aeabi_dcmpgt
 607 0218 C0B1     		cbz	r0, .L98
 608 021a 47A7     		adr	r7, .L125+32
 609 021c D7E90067 		ldrd	r6, [r7]
 610 0220 43A5     		adr	r5, .L125+24
 611 0222 D5E90045 		ldrd	r4, [r5]
 612              	.L100:
 613 0226 3246     		mov	r2, r6
 614 0228 3B46     		mov	r3, r7
 615 022a 4046     		mov	r0, r8
 616 022c 4946     		mov	r1, r9
 617 022e FFF7FEFF 		bl	__aeabi_dsub
 618 0232 FFF7FEFF 		bl	__aeabi_d2f
 619 0236 8246     		mov	r10, r0	@ float
 620 0238 FFF7FEFF 		bl	__aeabi_f2d
 621 023c 2246     		mov	r2, r4
 622 023e 2B46     		mov	r3, r5
 623 0240 8046     		mov	r8, r0
 624 0242 8946     		mov	r9, r1
 625 0244 FFF7FEFF 		bl	__aeabi_dcmpgt
 626 0248 0028     		cmp	r0, #0
 627 024a ECD1     		bne	.L100
ARM GAS  /tmp/ccFHthIi.s 			page 12


 628              	.L98:
 629 024c 3CA3     		adr	r3, .L125+40
 630 024e D3E90023 		ldrd	r2, [r3]
 631 0252 4046     		mov	r0, r8
 632 0254 4946     		mov	r1, r9
 633 0256 FFF7FEFF 		bl	__aeabi_dcmplt
 634 025a C0B1     		cbz	r0, .L101
 635 025c 36A5     		adr	r5, .L125+32
 636 025e D5E90045 		ldrd	r4, [r5]
 637 0262 37A7     		adr	r7, .L125+40
 638 0264 D7E90067 		ldrd	r6, [r7]
 639              	.L103:
 640 0268 2246     		mov	r2, r4
 641 026a 2B46     		mov	r3, r5
 642 026c 4046     		mov	r0, r8
 643 026e 4946     		mov	r1, r9
 644 0270 FFF7FEFF 		bl	__aeabi_dadd
 645 0274 FFF7FEFF 		bl	__aeabi_d2f
 646 0278 8246     		mov	r10, r0	@ float
 647 027a FFF7FEFF 		bl	__aeabi_f2d
 648 027e 3246     		mov	r2, r6
 649 0280 3B46     		mov	r3, r7
 650 0282 8046     		mov	r8, r0
 651 0284 8946     		mov	r9, r1
 652 0286 FFF7FEFF 		bl	__aeabi_dcmplt
 653 028a 0028     		cmp	r0, #0
 654 028c ECD1     		bne	.L103
 655              	.L101:
 656 028e 5046     		mov	r0, r10	@ float
 657 0290 FFF7FEFF 		bl	sinf
 658 0294 0346     		mov	r3, r0	@ float
 659 0296 5046     		mov	r0, r10	@ float
 660 0298 08EE103A 		vmov	s16, r3
 661 029c FFF7FEFF 		bl	cosf
 662 02a0 28EEC87A 		vnmul.f32	s14, s17, s16
 663 02a4 07EE900A 		vmov	s15, r0
 664 02a8 29EE488A 		vnmul.f32	s16, s18, s16
 665 02ac A7EE897A 		vfma.f32	s14, s15, s18
 666 02b0 A7EEA88A 		vfma.f32	s16, s15, s17
 667 02b4 8BED017A 		vstr.32	s14, [fp, #4]
 668 02b8 8BED008A 		vstr.32	s16, [fp]
 669              	.L97:
 670 02bc 029B     		ldr	r3, [sp, #8]
 671 02be 93ED007A 		vldr.32	s14, [r3]	@ int
 672 02c2 D3ED016A 		vldr.32	s13, [r3, #4]	@ int
 673 02c6 019B     		ldr	r3, [sp, #4]
 674 02c8 F8EE666A 		vcvt.f32.u32	s13, s13
 675 02cc B8EE477A 		vcvt.f32.u32	s14, s14
 676 02d0 C6EEA97A 		vdiv.f32	s15, s13, s19
 677 02d4 77EE877A 		vadd.f32	s15, s15, s14
 678 02d8 C3ED007A 		vstr.32	s15, [r3]
 679 02dc 05B0     		add	sp, sp, #20
 680              		@ sp needed
 681 02de BDEC048B 		vldm	sp!, {d8-d9}
 682 02e2 BDE8F08F 		pop	{r4, r5, r6, r7, r8, r9, r10, fp, pc}
 683              	.L119:
 684 02e6 9FED208A 		vldr.32	s16, .L125+80
ARM GAS  /tmp/ccFHthIi.s 			page 13


 685 02ea E6E6     		b	.L81
 686              	.L80:
 687 02ec 1F4C     		ldr	r4, .L125+84
 688 02ee 94F8B031 		ldrb	r3, [r4, #432]	@ zero_extendqisi2
 689 02f2 DB06     		lsls	r3, r3, #27
 690 02f4 4CD5     		bpl	.L124
 691              	.L104:
 692 02f6 184A     		ldr	r2, .L125+64
 693 02f8 0292     		str	r2, [sp, #8]
 694 02fa D2F85821 		ldr	r2, [r2, #344]
 695 02fe 0392     		str	r2, [sp, #12]
 696 0300 DDED037A 		vldr.32	s15, [sp, #12]	@ int
 697 0304 D4F80C32 		ldr	r3, [r4, #524]	@ float
 698 0308 144A     		ldr	r2, .L125+68
 699 030a 0192     		str	r2, [sp, #4]
 700 030c F8EE679A 		vcvt.f32.u32	s19, s15
 701 0310 CBF80830 		str	r3, [fp, #8]	@ float
 702 0314 D2E7     		b	.L97
 703              	.L126:
 704 0316 00BF     		.align	3
 705              	.L125:
 706 0318 F1D4C853 		.word	1405670641
 707 031c FB21E93F 		.word	1072243195
 708 0320 F1D4C853 		.word	1405670641
 709 0324 FB21F93F 		.word	1073291771
 710 0328 00000000 		.word	0
 711 032c 0043C240 		.word	1086472960
 712 0330 182D4454 		.word	1413754136
 713 0334 FB210940 		.word	1074340347
 714 0338 182D4454 		.word	1413754136
 715 033c FB211940 		.word	1075388923
 716 0340 182D4454 		.word	1413754136
 717 0344 FB2109C0 		.word	-1073143301
 718 0348 D5CBEF34 		.word	888130517
 719 034c 9989F63F 		.word	1073121689
 720 0350 00000000 		.word	radio_control
 721 0354 00C0C240 		.word	1086504960
 722 0358 00000000 		.word	sys_time
 723 035c 00000000 		.word	.LANCHOR2
 724 0360 920A863F 		.word	1065749138
 725 0364 00000000 		.word	.LANCHOR0
 726 0368 00000000 		.word	0
 727 036c 00000000 		.word	state
 728              	.L123:
 729 0370 18EE900A 		vmov	r0, s17
 730 0374 FFF7FEFF 		bl	tanf
 731 0378 FFF7FEFF 		bl	__aeabi_f2d
 732 037c 0BA3     		adr	r3, .L127+4
 733 037e D3E90023 		ldrd	r2, [r3]
 734 0382 FFF7FEFF 		bl	__aeabi_dmul
 735 0386 FFF7FEFF 		bl	__aeabi_d2f
 736 038a 07EE100A 		vmov	s14, r0
 737 038e 27E7     		b	.L96
 738              	.L124:
 739 0390 04F5D870 		add	r0, r4, #432
 740 0394 FFF7FEFF 		bl	orientationCalcEulers_f
 741 0398 ADE7     		b	.L104
ARM GAS  /tmp/ccFHthIi.s 			page 14


 742              	.L86:
 743 039a FA33     		adds	r3, r3, #250
 744 039c FFF69FAE 		blt	.L122
 745 03a0 9FED017A 		vldr.32	s14, .L127
 746 03a4 ABE6     		b	.L87
 747              	.L128:
 748 03a6 00BF     		.align	3
 749              	.L127:
 750 03a8 00000000 		.word	0
 751 03ac 295C8FC2 		.word	-1030792151
 752 03b0 F528EA3F 		.word	1072310517
 753              		.size	stabilization_attitude_read_rc_setpoint_eulers_f, .-stabilization_attitude_read_rc_setpoint_
 754              		.section	.text.stabilization_attitude_read_rc_roll_pitch_quat_f,"ax",%progbits
 755              		.align	1
 756              		.p2align 4,,15
 757              		.global	stabilization_attitude_read_rc_roll_pitch_quat_f
 758              		.syntax unified
 759              		.thumb
 760              		.thumb_func
 761              		.fpu fpv4-sp-d16
 762              		.type	stabilization_attitude_read_rc_roll_pitch_quat_f, %function
 763              	stabilization_attitude_read_rc_roll_pitch_quat_f:
 764              		@ args = 0, pretend = 0, frame = 16
 765              		@ frame_needed = 0, uses_anonymous_args = 0
 766 0000 30B5     		push	{r4, r5, lr}
 767 0002 194D     		ldr	r5, .L131+8
 768 0004 85B0     		sub	sp, sp, #20
 769 0006 0446     		mov	r4, r0
 770 0008 B5F90600 		ldrsh	r0, [r5, #6]
 771 000c FFF7FEFF 		bl	__aeabi_i2d
 772 0010 13A3     		adr	r3, .L131
 773 0012 D3E90023 		ldrd	r2, [r3]
 774 0016 FFF7FEFF 		bl	__aeabi_dmul
 775 001a 0022     		movs	r2, #0
 776 001c 134B     		ldr	r3, .L131+12
 777 001e FFF7FEFF 		bl	__aeabi_ddiv
 778 0022 FFF7FEFF 		bl	__aeabi_d2f
 779 0026 0346     		mov	r3, r0	@ float
 780 0028 B5F90800 		ldrsh	r0, [r5, #8]
 781 002c 0193     		str	r3, [sp, #4]	@ float
 782 002e FFF7FEFF 		bl	__aeabi_i2d
 783 0032 0BA3     		adr	r3, .L131
 784 0034 D3E90023 		ldrd	r2, [r3]
 785 0038 FFF7FEFF 		bl	__aeabi_dmul
 786 003c 0B4B     		ldr	r3, .L131+12
 787 003e 0022     		movs	r2, #0
 788 0040 FFF7FEFF 		bl	__aeabi_ddiv
 789 0044 FFF7FEFF 		bl	__aeabi_d2f
 790 0048 0023     		movs	r3, #0
 791 004a 0246     		mov	r2, r0	@ float
 792 004c 01A9     		add	r1, sp, #4
 793 004e 2046     		mov	r0, r4
 794 0050 0292     		str	r2, [sp, #8]	@ float
 795 0052 0393     		str	r3, [sp, #12]	@ float
 796 0054 FFF7FEFF 		bl	float_quat_of_orientation_vect
 797 0058 05B0     		add	sp, sp, #20
 798              		@ sp needed
ARM GAS  /tmp/ccFHthIi.s 			page 15


 799 005a 30BD     		pop	{r4, r5, pc}
 800              	.L132:
 801 005c AFF30080 		.align	3
 802              	.L131:
 803 0060 F1D4C853 		.word	1405670641
 804 0064 FB21E93F 		.word	1072243195
 805 0068 00000000 		.word	radio_control
 806 006c 00C0C240 		.word	1086504960
 807              		.size	stabilization_attitude_read_rc_roll_pitch_quat_f, .-stabilization_attitude_read_rc_roll_pitc
 808              		.section	.text.stabilization_attitude_read_rc_roll_pitch_earth_quat_f,"ax",%progbits
 809              		.align	1
 810              		.p2align 4,,15
 811              		.global	stabilization_attitude_read_rc_roll_pitch_earth_quat_f
 812              		.syntax unified
 813              		.thumb
 814              		.thumb_func
 815              		.fpu fpv4-sp-d16
 816              		.type	stabilization_attitude_read_rc_roll_pitch_earth_quat_f, %function
 817              	stabilization_attitude_read_rc_roll_pitch_earth_quat_f:
 818              		@ args = 0, pretend = 0, frame = 0
 819              		@ frame_needed = 0, uses_anonymous_args = 0
 820 0000 70B5     		push	{r4, r5, r6, lr}
 821 0002 354E     		ldr	r6, .L135+8
 822 0004 2DED048B 		vpush.64	{d8, d9}
 823 0008 0446     		mov	r4, r0
 824 000a B6F90600 		ldrsh	r0, [r6, #6]
 825 000e FFF7FEFF 		bl	__aeabi_i2d
 826 0012 2FA3     		adr	r3, .L135
 827 0014 D3E90023 		ldrd	r2, [r3]
 828 0018 FFF7FEFF 		bl	__aeabi_dmul
 829 001c 0022     		movs	r2, #0
 830 001e 2F4B     		ldr	r3, .L135+12
 831 0020 FFF7FEFF 		bl	__aeabi_ddiv
 832 0024 FFF7FEFF 		bl	__aeabi_d2f
 833 0028 07EE900A 		vmov	s15, r0
 834 002c F6EE009A 		vmov.f32	s19, #5.0e-1
 835 0030 67EEA97A 		vmul.f32	s15, s15, s19
 836 0034 17EE900A 		vmov	r0, s15
 837 0038 17EE905A 		vmov	r5, s15
 838 003c FFF7FEFF 		bl	sinf
 839 0040 0346     		mov	r3, r0	@ float
 840 0042 2846     		mov	r0, r5	@ float
 841 0044 08EE903A 		vmov	s17, r3
 842 0048 FFF7FEFF 		bl	cosf
 843 004c 244A     		ldr	r2, .L135+16
 844 004e 0346     		mov	r3, r0	@ float
 845 0050 B6F90800 		ldrsh	r0, [r6, #8]
 846 0054 92ED008A 		vldr.32	s16, [r2]	@ int
 847 0058 09EE103A 		vmov	s18, r3
 848 005c FFF7FEFF 		bl	__aeabi_i2d
 849 0060 1BA3     		adr	r3, .L135
 850 0062 D3E90023 		ldrd	r2, [r3]
 851 0066 FFF7FEFF 		bl	__aeabi_dmul
 852 006a 1C4B     		ldr	r3, .L135+12
 853 006c 0022     		movs	r2, #0
 854 006e FFF7FEFF 		bl	__aeabi_ddiv
 855 0072 FFF7FEFF 		bl	__aeabi_d2f
ARM GAS  /tmp/ccFHthIi.s 			page 16


 856 0076 B8EEC88A 		vcvt.f32.s32	s16, s16
 857 007a 9FED1A7A 		vldr.32	s14, .L135+20
 858 007e 07EE900A 		vmov	s15, r0
 859 0082 E8EE077A 		vfma.f32	s15, s16, s14
 860 0086 67EEA97A 		vmul.f32	s15, s15, s19
 861 008a 17EE900A 		vmov	r0, s15
 862 008e 17EE905A 		vmov	r5, s15
 863 0092 FFF7FEFF 		bl	sinf
 864 0096 0346     		mov	r3, r0	@ float
 865 0098 2846     		mov	r0, r5	@ float
 866 009a 08EE103A 		vmov	s16, r3
 867 009e FFF7FEFF 		bl	cosf
 868 00a2 07EE900A 		vmov	s15, r0
 869 00a6 29EE087A 		vmul.f32	s14, s18, s16
 870 00aa 28EE888A 		vmul.f32	s16, s17, s16
 871 00ae 29EE279A 		vmul.f32	s18, s18, s15
 872 00b2 68EEA78A 		vmul.f32	s17, s17, s15
 873 00b6 84ED009A 		vstr.32	s18, [r4]
 874 00ba C4ED018A 		vstr.32	s17, [r4, #4]
 875 00be 84ED038A 		vstr.32	s16, [r4, #12]
 876 00c2 BDEC048B 		vldm	sp!, {d8-d9}
 877 00c6 84ED027A 		vstr.32	s14, [r4, #8]
 878 00ca 70BD     		pop	{r4, r5, r6, pc}
 879              	.L136:
 880 00cc AFF30080 		.align	3
 881              	.L135:
 882 00d0 F1D4C853 		.word	1405670641
 883 00d4 FB21E93F 		.word	1072243195
 884 00d8 00000000 		.word	radio_control
 885 00dc 00C0C240 		.word	1086504960
 886 00e0 00000000 		.word	.LANCHOR3
 887 00e4 00008039 		.word	964689920
 888              		.size	stabilization_attitude_read_rc_roll_pitch_earth_quat_f, .-stabilization_attitude_read_rc_rol
 889              		.section	.text.stabilization_attitude_read_rc_setpoint_quat_f,"ax",%progbits
 890              		.align	1
 891              		.p2align 4,,15
 892              		.global	stabilization_attitude_read_rc_setpoint_quat_f
 893              		.syntax unified
 894              		.thumb
 895              		.thumb_func
 896              		.fpu fpv4-sp-d16
 897              		.type	stabilization_attitude_read_rc_setpoint_quat_f, %function
 898              	stabilization_attitude_read_rc_setpoint_quat_f:
 899              		@ args = 0, pretend = 0, frame = 96
 900              		@ frame_needed = 0, uses_anonymous_args = 0
 901 0000 2DE9F041 		push	{r4, r5, r6, r7, r8, lr}
 902 0004 DFF88481 		ldr	r8, .L155+28
 903 0008 98B0     		sub	sp, sp, #96
 904 000a 0446     		mov	r4, r0
 905 000c 5A48     		ldr	r0, .L155+8
 906 000e 1646     		mov	r6, r2
 907 0010 0D46     		mov	r5, r1
 908 0012 FFF7FEFF 		bl	stabilization_attitude_read_rc_setpoint_eulers
 909 0016 B8F90600 		ldrsh	r0, [r8, #6]
 910 001a FFF7FEFF 		bl	__aeabi_i2d
 911 001e 54A3     		adr	r3, .L155
 912 0020 D3E90023 		ldrd	r2, [r3]
ARM GAS  /tmp/ccFHthIi.s 			page 17


 913 0024 FFF7FEFF 		bl	__aeabi_dmul
 914 0028 544B     		ldr	r3, .L155+12
 915 002a 0022     		movs	r2, #0
 916 002c FFF7FEFF 		bl	__aeabi_ddiv
 917 0030 FFF7FEFF 		bl	__aeabi_d2f
 918 0034 1490     		str	r0, [sp, #80]	@ float
 919 0036 B8F90800 		ldrsh	r0, [r8, #8]
 920 003a FFF7FEFF 		bl	__aeabi_i2d
 921 003e 4CA3     		adr	r3, .L155
 922 0040 D3E90023 		ldrd	r2, [r3]
 923 0044 FFF7FEFF 		bl	__aeabi_dmul
 924 0048 4C4B     		ldr	r3, .L155+12
 925 004a 0022     		movs	r2, #0
 926 004c FFF7FEFF 		bl	__aeabi_ddiv
 927 0050 FFF7FEFF 		bl	__aeabi_d2f
 928 0054 0027     		movs	r7, #0
 929 0056 1590     		str	r0, [sp, #84]	@ float
 930 0058 14A9     		add	r1, sp, #80
 931 005a 04A8     		add	r0, sp, #16
 932 005c 1697     		str	r7, [sp, #88]	@ float
 933 005e FFF7FEFF 		bl	float_quat_of_orientation_vect
 934 0062 4FF07E53 		mov	r3, #1065353216
 935 0066 0197     		str	r7, [sp, #4]	@ float
 936 0068 0297     		str	r7, [sp, #8]	@ float
 937 006a 0393     		str	r3, [sp, #12]	@ float
 938 006c 002E     		cmp	r6, #0
 939 006e 4ED0     		beq	.L138
 940 0070 434B     		ldr	r3, .L155+16
 941 0072 1A68     		ldr	r2, [r3]	@ float
 942              	.L152:
 943 0074 08AE     		add	r6, sp, #32
 944 0076 01AF     		add	r7, sp, #4
 945 0078 3946     		mov	r1, r7
 946 007a 3046     		mov	r0, r6
 947 007c FFF7FEFF 		bl	float_quat_of_axis_angle
 948 0080 04AA     		add	r2, sp, #16
 949 0082 3146     		mov	r1, r6
 950 0084 0CA8     		add	r0, sp, #48
 951 0086 FFF7FEFF 		bl	float_quat_comp
 952 008a DDED0D7A 		vldr.32	s15, [sp, #52]
 953 008e 9DED0C7A 		vldr.32	s14, [sp, #48]
 954 0092 DDED0E6A 		vldr.32	s13, [sp, #56]
 955 0096 67EEA77A 		vmul.f32	s15, s15, s15
 956 009a E7EE077A 		vfma.f32	s15, s14, s14
 957 009e 9DED0F7A 		vldr.32	s14, [sp, #60]
 958 00a2 E6EEA67A 		vfma.f32	s15, s13, s13
 959 00a6 E7EE077A 		vfma.f32	s15, s14, s14
 960 00aa F5EE407A 		vcmp.f32	s15, #0
 961 00ae F1EE10FA 		vmrs	APSR_nzcv, FPSCR
 962 00b2 54D4     		bmi	.L150
 963 00b4 B1EEE77A 		vsqrt.f32	s14, s15
 964              	.L143:
 965 00b8 DFED327A 		vldr.32	s15, .L155+20
 966 00bc B4EEE77A 		vcmpe.f32	s14, s15
 967 00c0 F1EE10FA 		vmrs	APSR_nzcv, FPSCR
 968 00c4 17DD     		ble	.L144
 969 00c6 9DED0C6A 		vldr.32	s12, [sp, #48]
ARM GAS  /tmp/ccFHthIi.s 			page 18


 970 00ca DDED0D6A 		vldr.32	s13, [sp, #52]
 971 00ce DDED0E7A 		vldr.32	s15, [sp, #56]
 972 00d2 9DED0F5A 		vldr.32	s10, [sp, #60]
 973 00d6 C6EE075A 		vdiv.f32	s11, s12, s14
 974 00da 86EE876A 		vdiv.f32	s12, s13, s14
 975 00de C7EE876A 		vdiv.f32	s13, s15, s14
 976 00e2 C5EE077A 		vdiv.f32	s15, s10, s14
 977 00e6 CDED0C5A 		vstr.32	s11, [sp, #48]
 978 00ea 8DED0D6A 		vstr.32	s12, [sp, #52]
 979 00ee CDED0E6A 		vstr.32	s13, [sp, #56]
 980 00f2 CDED0F7A 		vstr.32	s15, [sp, #60]
 981              	.L144:
 982 00f6 95B9     		cbnz	r5, .L153
 983 00f8 0C98     		ldr	r0, [sp, #48]	@ float
 984 00fa 0D99     		ldr	r1, [sp, #52]	@ float
 985 00fc 0E9A     		ldr	r2, [sp, #56]	@ float
 986 00fe 0F9B     		ldr	r3, [sp, #60]	@ float
 987 0100 2060     		str	r0, [r4]	@ float
 988 0102 6160     		str	r1, [r4, #4]	@ float
 989 0104 A260     		str	r2, [r4, #8]	@ float
 990 0106 E360     		str	r3, [r4, #12]	@ float
 991 0108 18B0     		add	sp, sp, #96
 992              		@ sp needed
 993 010a BDE8F081 		pop	{r4, r5, r6, r7, r8, pc}
 994              	.L138:
 995 010e 1E4E     		ldr	r6, .L155+24
 996 0110 96F8B031 		ldrb	r3, [r6, #432]	@ zero_extendqisi2
 997 0114 DB06     		lsls	r3, r3, #27
 998 0116 1BD5     		bpl	.L154
 999 0118 D6F80C22 		ldr	r2, [r6, #524]	@ float
 1000 011c AAE7     		b	.L152
 1001              	.L153:
 1002 011e 164B     		ldr	r3, .L155+8
 1003 0120 9A68     		ldr	r2, [r3, #8]
 1004 0122 07EE902A 		vmov	s15, r2	@ int
 1005 0126 FAEECA7A 		vcvt.f32.s32	s15, s15, #12
 1006 012a 3946     		mov	r1, r7
 1007 012c 17EE902A 		vmov	r2, s15
 1008 0130 10A8     		add	r0, sp, #64
 1009 0132 FFF7FEFF 		bl	float_quat_of_axis_angle
 1010 0136 3246     		mov	r2, r6
 1011 0138 10A9     		add	r1, sp, #64
 1012 013a 14A8     		add	r0, sp, #80
 1013 013c FFF7FEFF 		bl	float_quat_comp_inv
 1014 0140 14AA     		add	r2, sp, #80
 1015 0142 0CA9     		add	r1, sp, #48
 1016 0144 2046     		mov	r0, r4
 1017 0146 FFF7FEFF 		bl	float_quat_comp_norm_shortest
 1018 014a 18B0     		add	sp, sp, #96
 1019              		@ sp needed
 1020 014c BDE8F081 		pop	{r4, r5, r6, r7, r8, pc}
 1021              	.L154:
 1022 0150 06F5D870 		add	r0, r6, #432
 1023 0154 FFF7FEFF 		bl	orientationCalcEulers_f
 1024 0158 D6F80C22 		ldr	r2, [r6, #524]	@ float
 1025 015c 8AE7     		b	.L152
 1026              	.L150:
ARM GAS  /tmp/ccFHthIi.s 			page 19


 1027 015e 17EE900A 		vmov	r0, s15
 1028 0162 FFF7FEFF 		bl	sqrtf
 1029 0166 07EE100A 		vmov	s14, r0
 1030 016a A5E7     		b	.L143
 1031              	.L156:
 1032 016c AFF30080 		.align	3
 1033              	.L155:
 1034 0170 F1D4C853 		.word	1405670641
 1035 0174 FB21E93F 		.word	1072243195
 1036 0178 00000000 		.word	stab_att_sp_euler
 1037 017c 00C0C240 		.word	1086504960
 1038 0180 00000000 		.word	.LANCHOR0
 1039 0184 00008000 		.word	8388608
 1040 0188 00000000 		.word	state
 1041 018c 00000000 		.word	radio_control
 1042              		.size	stabilization_attitude_read_rc_setpoint_quat_f, .-stabilization_attitude_read_rc_setpoint_qu
 1043              		.section	.text.stabilization_attitude_read_rc_setpoint_quat_earth_bound_f,"ax",%progbits
 1044              		.align	1
 1045              		.p2align 4,,15
 1046              		.global	stabilization_attitude_read_rc_setpoint_quat_earth_bound_f
 1047              		.syntax unified
 1048              		.thumb
 1049              		.thumb_func
 1050              		.fpu fpv4-sp-d16
 1051              		.type	stabilization_attitude_read_rc_setpoint_quat_earth_bound_f, %function
 1052              	stabilization_attitude_read_rc_setpoint_quat_earth_bound_f:
 1053              		@ args = 0, pretend = 0, frame = 64
 1054              		@ frame_needed = 0, uses_anonymous_args = 0
 1055 0000 70B5     		push	{r4, r5, r6, lr}
 1056 0002 3B4E     		ldr	r6, .L171
 1057 0004 90B0     		sub	sp, sp, #64
 1058 0006 0446     		mov	r4, r0
 1059 0008 3046     		mov	r0, r6
 1060 000a 0D46     		mov	r5, r1
 1061 000c FFF7FEFF 		bl	stabilization_attitude_read_rc_setpoint_eulers
 1062 0010 0023     		movs	r3, #0
 1063 0012 0193     		str	r3, [sp, #4]	@ float
 1064 0014 0293     		str	r3, [sp, #8]	@ float
 1065 0016 04A8     		add	r0, sp, #16
 1066 0018 4FF07E53 		mov	r3, #1065353216
 1067 001c 0393     		str	r3, [sp, #12]	@ float
 1068 001e FFF7FEFF 		bl	stabilization_attitude_read_rc_roll_pitch_earth_quat_f
 1069 0022 8DB1     		cbz	r5, .L158
 1070 0024 B268     		ldr	r2, [r6, #8]
 1071 0026 07EE902A 		vmov	s15, r2	@ int
 1072 002a FAEECA7A 		vcvt.f32.s32	s15, s15, #12
 1073 002e 01A9     		add	r1, sp, #4
 1074 0030 17EE902A 		vmov	r2, s15
 1075 0034 0CA8     		add	r0, sp, #48
 1076 0036 FFF7FEFF 		bl	float_quat_of_axis_angle
 1077 003a 04AA     		add	r2, sp, #16
 1078 003c 0CA9     		add	r1, sp, #48
 1079 003e 2046     		mov	r0, r4
 1080 0040 FFF7FEFF 		bl	float_quat_comp
 1081 0044 10B0     		add	sp, sp, #64
 1082              		@ sp needed
 1083 0046 70BD     		pop	{r4, r5, r6, pc}
ARM GAS  /tmp/ccFHthIi.s 			page 20


 1084              	.L158:
 1085 0048 2A4D     		ldr	r5, .L171+4
 1086 004a 95F8B031 		ldrb	r3, [r5, #432]	@ zero_extendqisi2
 1087 004e DB06     		lsls	r3, r3, #27
 1088 0050 3AD5     		bpl	.L170
 1089              	.L160:
 1090 0052 D5F80C22 		ldr	r2, [r5, #524]	@ float
 1091 0056 01A9     		add	r1, sp, #4
 1092 0058 08A8     		add	r0, sp, #32
 1093 005a FFF7FEFF 		bl	float_quat_of_axis_angle
 1094 005e 04AA     		add	r2, sp, #16
 1095 0060 08A9     		add	r1, sp, #32
 1096 0062 0CA8     		add	r0, sp, #48
 1097 0064 FFF7FEFF 		bl	float_quat_comp
 1098 0068 9DED0D6A 		vldr.32	s12, [sp, #52]
 1099 006c DDED0C5A 		vldr.32	s11, [sp, #48]
 1100 0070 DDED0E6A 		vldr.32	s13, [sp, #56]
 1101 0074 9DED0F7A 		vldr.32	s14, [sp, #60]
 1102 0078 66EE067A 		vmul.f32	s15, s12, s12
 1103 007c E5EEA57A 		vfma.f32	s15, s11, s11
 1104 0080 E6EEA67A 		vfma.f32	s15, s13, s13
 1105 0084 E7EE077A 		vfma.f32	s15, s14, s14
 1106 0088 F5EE407A 		vcmp.f32	s15, #0
 1107 008c F1EE10FA 		vmrs	APSR_nzcv, FPSCR
 1108 0090 1FD4     		bmi	.L168
 1109 0092 B1EEE75A 		vsqrt.f32	s10, s15
 1110              	.L163:
 1111 0096 DFED187A 		vldr.32	s15, .L171+8
 1112 009a B4EEE75A 		vcmpe.f32	s10, s15
 1113 009e F1EE10FA 		vmrs	APSR_nzcv, FPSCR
 1114 00a2 07DD     		ble	.L164
 1115 00a4 C5EE855A 		vdiv.f32	s11, s11, s10
 1116 00a8 86EE056A 		vdiv.f32	s12, s12, s10
 1117 00ac C6EE856A 		vdiv.f32	s13, s13, s10
 1118 00b0 87EE057A 		vdiv.f32	s14, s14, s10
 1119              	.L164:
 1120 00b4 C4ED005A 		vstr.32	s11, [r4]
 1121 00b8 84ED016A 		vstr.32	s12, [r4, #4]
 1122 00bc C4ED026A 		vstr.32	s13, [r4, #8]
 1123 00c0 84ED037A 		vstr.32	s14, [r4, #12]
 1124 00c4 10B0     		add	sp, sp, #64
 1125              		@ sp needed
 1126 00c6 70BD     		pop	{r4, r5, r6, pc}
 1127              	.L170:
 1128 00c8 05F5D870 		add	r0, r5, #432
 1129 00cc FFF7FEFF 		bl	orientationCalcEulers_f
 1130 00d0 BFE7     		b	.L160
 1131              	.L168:
 1132 00d2 17EE900A 		vmov	r0, s15
 1133 00d6 FFF7FEFF 		bl	sqrtf
 1134 00da DDED0C5A 		vldr.32	s11, [sp, #48]
 1135 00de 9DED0D6A 		vldr.32	s12, [sp, #52]
 1136 00e2 DDED0E6A 		vldr.32	s13, [sp, #56]
 1137 00e6 9DED0F7A 		vldr.32	s14, [sp, #60]
 1138 00ea 05EE100A 		vmov	s10, r0
 1139 00ee D2E7     		b	.L163
 1140              	.L172:
ARM GAS  /tmp/ccFHthIi.s 			page 21


 1141              		.align	2
 1142              	.L171:
 1143 00f0 00000000 		.word	stab_att_sp_euler
 1144 00f4 00000000 		.word	state
 1145 00f8 00008000 		.word	8388608
 1146              		.size	stabilization_attitude_read_rc_setpoint_quat_earth_bound_f, .-stabilization_attitude_read_rc
 1147              		.global	transition_theta_offset
 1148              		.global	care_free_heading
 1149              		.section	.bss.care_free_heading,"aw",%nobits
 1150              		.align	2
 1151              		.set	.LANCHOR0,. + 0
 1152              		.type	care_free_heading, %object
 1153              		.size	care_free_heading, 4
 1154              	care_free_heading:
 1155 0000 00000000 		.space	4
 1156              		.section	.bss.last_ts.0,"aw",%nobits
 1157              		.align	2
 1158              		.set	.LANCHOR2,. + 0
 1159              		.type	last_ts.0, %object
 1160              		.size	last_ts.0, 4
 1161              	last_ts.0:
 1162 0000 00000000 		.space	4
 1163              		.section	.bss.last_ts.1,"aw",%nobits
 1164              		.align	2
 1165              		.set	.LANCHOR1,. + 0
 1166              		.type	last_ts.1, %object
 1167              		.size	last_ts.1, 4
 1168              	last_ts.1:
 1169 0000 00000000 		.space	4
 1170              		.section	.bss.transition_theta_offset,"aw",%nobits
 1171              		.align	2
 1172              		.set	.LANCHOR3,. + 0
 1173              		.type	transition_theta_offset, %object
 1174              		.size	transition_theta_offset, 4
 1175              	transition_theta_offset:
 1176 0000 00000000 		.space	4
 1177              		.ident	"GCC: (15:10.3-2021.07-4) 10.3.1 20210621 (release)"
ARM GAS  /tmp/ccFHthIi.s 			page 22


DEFINED SYMBOLS
                            *ABS*:0000000000000000 stabilization_attitude_rc_setpoint.c
     /tmp/ccFHthIi.s:15     .text.stabilization_attitude_reset_care_free_heading:0000000000000000 $t
     /tmp/ccFHthIi.s:24     .text.stabilization_attitude_reset_care_free_heading:0000000000000000 stabilization_attitude_reset_care_free_heading
     /tmp/ccFHthIi.s:46     .text.stabilization_attitude_reset_care_free_heading:0000000000000028 $d
     /tmp/ccFHthIi.s:50     .text.stabilization_attitude_get_heading_i:0000000000000000 $t
     /tmp/ccFHthIi.s:58     .text.stabilization_attitude_get_heading_i:0000000000000000 stabilization_attitude_get_heading_i
     /tmp/ccFHthIi.s:98     .text.stabilization_attitude_get_heading_i:0000000000000068 $d
     /tmp/ccFHthIi.s:103    .text.stabilization_attitude_get_heading_f:0000000000000000 $t
     /tmp/ccFHthIi.s:111    .text.stabilization_attitude_get_heading_f:0000000000000000 stabilization_attitude_get_heading_f
     /tmp/ccFHthIi.s:155    .text.stabilization_attitude_get_heading_f:0000000000000078 $d
     /tmp/ccFHthIi.s:163    .text.stabilization_attitude_read_rc_setpoint_eulers:0000000000000000 $t
     /tmp/ccFHthIi.s:171    .text.stabilization_attitude_read_rc_setpoint_eulers:0000000000000000 stabilization_attitude_read_rc_setpoint_eulers
     /tmp/ccFHthIi.s:397    .text.stabilization_attitude_read_rc_setpoint_eulers:0000000000000288 $d
     /tmp/ccFHthIi.s:419    .text.stabilization_attitude_read_rc_setpoint_eulers_f:0000000000000000 $t
     /tmp/ccFHthIi.s:427    .text.stabilization_attitude_read_rc_setpoint_eulers_f:0000000000000000 stabilization_attitude_read_rc_setpoint_eulers_f
     /tmp/ccFHthIi.s:706    .text.stabilization_attitude_read_rc_setpoint_eulers_f:0000000000000318 $d
     /tmp/ccFHthIi.s:729    .text.stabilization_attitude_read_rc_setpoint_eulers_f:0000000000000370 $t
     /tmp/ccFHthIi.s:750    .text.stabilization_attitude_read_rc_setpoint_eulers_f:00000000000003a8 $d
     /tmp/ccFHthIi.s:755    .text.stabilization_attitude_read_rc_roll_pitch_quat_f:0000000000000000 $t
     /tmp/ccFHthIi.s:763    .text.stabilization_attitude_read_rc_roll_pitch_quat_f:0000000000000000 stabilization_attitude_read_rc_roll_pitch_quat_f
     /tmp/ccFHthIi.s:803    .text.stabilization_attitude_read_rc_roll_pitch_quat_f:0000000000000060 $d
     /tmp/ccFHthIi.s:809    .text.stabilization_attitude_read_rc_roll_pitch_earth_quat_f:0000000000000000 $t
     /tmp/ccFHthIi.s:817    .text.stabilization_attitude_read_rc_roll_pitch_earth_quat_f:0000000000000000 stabilization_attitude_read_rc_roll_pitch_earth_quat_f
     /tmp/ccFHthIi.s:882    .text.stabilization_attitude_read_rc_roll_pitch_earth_quat_f:00000000000000d0 $d
     /tmp/ccFHthIi.s:890    .text.stabilization_attitude_read_rc_setpoint_quat_f:0000000000000000 $t
     /tmp/ccFHthIi.s:898    .text.stabilization_attitude_read_rc_setpoint_quat_f:0000000000000000 stabilization_attitude_read_rc_setpoint_quat_f
     /tmp/ccFHthIi.s:1034   .text.stabilization_attitude_read_rc_setpoint_quat_f:0000000000000170 $d
     /tmp/ccFHthIi.s:1044   .text.stabilization_attitude_read_rc_setpoint_quat_earth_bound_f:0000000000000000 $t
     /tmp/ccFHthIi.s:1052   .text.stabilization_attitude_read_rc_setpoint_quat_earth_bound_f:0000000000000000 stabilization_attitude_read_rc_setpoint_quat_earth_bound_f
     /tmp/ccFHthIi.s:1143   .text.stabilization_attitude_read_rc_setpoint_quat_earth_bound_f:00000000000000f0 $d
     /tmp/ccFHthIi.s:1175   .bss.transition_theta_offset:0000000000000000 transition_theta_offset
     /tmp/ccFHthIi.s:1154   .bss.care_free_heading:0000000000000000 care_free_heading
     /tmp/ccFHthIi.s:1150   .bss.care_free_heading:0000000000000000 $d
     /tmp/ccFHthIi.s:1157   .bss.last_ts.0:0000000000000000 $d
     /tmp/ccFHthIi.s:1161   .bss.last_ts.0:0000000000000000 last_ts.0
     /tmp/ccFHthIi.s:1164   .bss.last_ts.1:0000000000000000 $d
     /tmp/ccFHthIi.s:1168   .bss.last_ts.1:0000000000000000 last_ts.1
     /tmp/ccFHthIi.s:1171   .bss.transition_theta_offset:0000000000000000 $d

UNDEFINED SYMBOLS
orientationCalcEulers_f
state
orientationCalcEulers_i
pprz_itrig_sin
__aeabi_f2d
__aeabi_dcmplt
sinf
__aeabi_dmul
__aeabi_d2iz
__aeabi_i2d
pprz_itrig_cos
tanf
sys_time
radio_control
__aeabi_ddiv
__aeabi_d2f
ARM GAS  /tmp/ccFHthIi.s 			page 23


__aeabi_dcmpgt
__aeabi_dsub
__aeabi_dadd
cosf
float_quat_of_orientation_vect
float_quat_of_axis_angle
float_quat_comp
float_quat_comp_inv
float_quat_comp_norm_shortest
sqrtf
stab_att_sp_euler
