ARM GAS  /tmp/cc7rP3ue.s 			page 1


   1              		.cpu cortex-m4
   2              		.eabi_attribute 27, 1
   3              		.eabi_attribute 20, 1
   4              		.eabi_attribute 21, 1
   5              		.eabi_attribute 23, 3
   6              		.eabi_attribute 24, 1
   7              		.eabi_attribute 25, 1
   8              		.eabi_attribute 26, 1
   9              		.eabi_attribute 30, 2
  10              		.eabi_attribute 34, 1
  11              		.eabi_attribute 18, 4
  12              		.file	"stabilization_none.c"
  13              		.text
  14              		.section	.text.stabilization_none_init,"ax",%progbits
  15              		.align	1
  16              		.p2align 4,,15
  17              		.global	stabilization_none_init
  18              		.arch armv7e-m
  19              		.syntax unified
  20              		.thumb
  21              		.thumb_func
  22              		.fpu fpv4-sp-d16
  23              		.type	stabilization_none_init, %function
  24              	stabilization_none_init:
  25              		@ args = 0, pretend = 0, frame = 0
  26              		@ frame_needed = 0, uses_anonymous_args = 0
  27              		@ link register save eliminated.
  28 0000 024B     		ldr	r3, .L3
  29 0002 0022     		movs	r2, #0
  30 0004 C3E90022 		strd	r2, r2, [r3]
  31 0008 9A60     		str	r2, [r3, #8]
  32 000a 7047     		bx	lr
  33              	.L4:
  34              		.align	2
  35              	.L3:
  36 000c 00000000 		.word	.LANCHOR0
  37              		.size	stabilization_none_init, .-stabilization_none_init
  38              		.section	.text.stabilization_none_read_rc,"ax",%progbits
  39              		.align	1
  40              		.p2align 4,,15
  41              		.global	stabilization_none_read_rc
  42              		.syntax unified
  43              		.thumb
  44              		.thumb_func
  45              		.fpu fpv4-sp-d16
  46              		.type	stabilization_none_read_rc, %function
  47              	stabilization_none_read_rc:
  48              		@ args = 0, pretend = 0, frame = 0
  49              		@ frame_needed = 0, uses_anonymous_args = 0
  50              		@ link register save eliminated.
  51 0000 054A     		ldr	r2, .L6
  52 0002 064B     		ldr	r3, .L6+4
  53 0004 B2F90600 		ldrsh	r0, [r2, #6]
  54 0008 B2F90810 		ldrsh	r1, [r2, #8]
  55 000c B2F90A20 		ldrsh	r2, [r2, #10]
  56 0010 9A60     		str	r2, [r3, #8]
  57 0012 C3E90001 		strd	r0, r1, [r3]
ARM GAS  /tmp/cc7rP3ue.s 			page 2


  58 0016 7047     		bx	lr
  59              	.L7:
  60              		.align	2
  61              	.L6:
  62 0018 00000000 		.word	radio_control
  63 001c 00000000 		.word	.LANCHOR0
  64              		.size	stabilization_none_read_rc, .-stabilization_none_read_rc
  65              		.section	.text.stabilization_none_enter,"ax",%progbits
  66              		.align	1
  67              		.p2align 4,,15
  68              		.global	stabilization_none_enter
  69              		.syntax unified
  70              		.thumb
  71              		.thumb_func
  72              		.fpu fpv4-sp-d16
  73              		.type	stabilization_none_enter, %function
  74              	stabilization_none_enter:
  75              		@ args = 0, pretend = 0, frame = 0
  76              		@ frame_needed = 0, uses_anonymous_args = 0
  77              		@ link register save eliminated.
  78 0000 024B     		ldr	r3, .L9
  79 0002 0022     		movs	r2, #0
  80 0004 C3E90022 		strd	r2, r2, [r3]
  81 0008 9A60     		str	r2, [r3, #8]
  82 000a 7047     		bx	lr
  83              	.L10:
  84              		.align	2
  85              	.L9:
  86 000c 00000000 		.word	.LANCHOR0
  87              		.size	stabilization_none_enter, .-stabilization_none_enter
  88              		.section	.text.stabilization_none_run,"ax",%progbits
  89              		.align	1
  90              		.p2align 4,,15
  91              		.global	stabilization_none_run
  92              		.syntax unified
  93              		.thumb
  94              		.thumb_func
  95              		.fpu fpv4-sp-d16
  96              		.type	stabilization_none_run, %function
  97              	stabilization_none_run:
  98              		@ args = 0, pretend = 0, frame = 0
  99              		@ frame_needed = 0, uses_anonymous_args = 0
 100              		@ link register save eliminated.
 101 0000 044A     		ldr	r2, .L12
 102 0002 054B     		ldr	r3, .L12+4
 103 0004 D2E90001 		ldrd	r0, r1, [r2]
 104 0008 9268     		ldr	r2, [r2, #8]
 105 000a 9A60     		str	r2, [r3, #8]
 106 000c C3E90001 		strd	r0, r1, [r3]
 107 0010 7047     		bx	lr
 108              	.L13:
 109 0012 00BF     		.align	2
 110              	.L12:
 111 0014 00000000 		.word	.LANCHOR0
 112 0018 00000000 		.word	stabilization_cmd
 113              		.size	stabilization_none_run, .-stabilization_none_run
 114              		.global	stabilization_none_rc_cmd
ARM GAS  /tmp/cc7rP3ue.s 			page 3


 115              		.section	.bss.stabilization_none_rc_cmd,"aw",%nobits
 116              		.align	2
 117              		.set	.LANCHOR0,. + 0
 118              		.type	stabilization_none_rc_cmd, %object
 119              		.size	stabilization_none_rc_cmd, 12
 120              	stabilization_none_rc_cmd:
 121 0000 00000000 		.space	12
 121      00000000 
 121      00000000 
 122              		.ident	"GCC: (15:10.3-2021.07-4) 10.3.1 20210621 (release)"
ARM GAS  /tmp/cc7rP3ue.s 			page 4


DEFINED SYMBOLS
                            *ABS*:0000000000000000 stabilization_none.c
     /tmp/cc7rP3ue.s:15     .text.stabilization_none_init:0000000000000000 $t
     /tmp/cc7rP3ue.s:24     .text.stabilization_none_init:0000000000000000 stabilization_none_init
     /tmp/cc7rP3ue.s:36     .text.stabilization_none_init:000000000000000c $d
     /tmp/cc7rP3ue.s:39     .text.stabilization_none_read_rc:0000000000000000 $t
     /tmp/cc7rP3ue.s:47     .text.stabilization_none_read_rc:0000000000000000 stabilization_none_read_rc
     /tmp/cc7rP3ue.s:62     .text.stabilization_none_read_rc:0000000000000018 $d
     /tmp/cc7rP3ue.s:66     .text.stabilization_none_enter:0000000000000000 $t
     /tmp/cc7rP3ue.s:74     .text.stabilization_none_enter:0000000000000000 stabilization_none_enter
     /tmp/cc7rP3ue.s:86     .text.stabilization_none_enter:000000000000000c $d
     /tmp/cc7rP3ue.s:89     .text.stabilization_none_run:0000000000000000 $t
     /tmp/cc7rP3ue.s:97     .text.stabilization_none_run:0000000000000000 stabilization_none_run
     /tmp/cc7rP3ue.s:111    .text.stabilization_none_run:0000000000000014 $d
     /tmp/cc7rP3ue.s:120    .bss.stabilization_none_rc_cmd:0000000000000000 stabilization_none_rc_cmd
     /tmp/cc7rP3ue.s:116    .bss.stabilization_none_rc_cmd:0000000000000000 $d

UNDEFINED SYMBOLS
radio_control
stabilization_cmd
