ARM GAS  /tmp/ccpc5Erx.s 			page 1


   1              		.cpu cortex-m4
   2              		.eabi_attribute 27, 1
   3              		.eabi_attribute 20, 1
   4              		.eabi_attribute 21, 1
   5              		.eabi_attribute 23, 3
   6              		.eabi_attribute 24, 1
   7              		.eabi_attribute 25, 1
   8              		.eabi_attribute 26, 1
   9              		.eabi_attribute 30, 2
  10              		.eabi_attribute 34, 1
  11              		.eabi_attribute 18, 4
  12              		.file	"syslink.c"
  13              		.text
  14              		.section	.text.syslink_parse_init,"ax",%progbits
  15              		.align	1
  16              		.p2align 4,,15
  17              		.global	syslink_parse_init
  18              		.arch armv7e-m
  19              		.syntax unified
  20              		.thumb
  21              		.thumb_func
  22              		.fpu fpv4-sp-d16
  23              		.type	syslink_parse_init, %function
  24              	syslink_parse_init:
  25              		@ args = 0, pretend = 0, frame = 0
  26              		@ frame_needed = 0, uses_anonymous_args = 0
  27              		@ link register save eliminated.
  28 0000 0023     		movs	r3, #0
  29 0002 0370     		strb	r3, [r0]
  30 0004 4360     		str	r3, [r0, #4]
  31 0006 7047     		bx	lr
  32              		.size	syslink_parse_init, .-syslink_parse_init
  33              		.section	.text.syslink_parse_char,"ax",%progbits
  34              		.align	1
  35              		.p2align 4,,15
  36              		.global	syslink_parse_char
  37              		.syntax unified
  38              		.thumb
  39              		.thumb_func
  40              		.fpu fpv4-sp-d16
  41              		.type	syslink_parse_char, %function
  42              	syslink_parse_char:
  43              		@ args = 0, pretend = 0, frame = 0
  44              		@ frame_needed = 0, uses_anonymous_args = 0
  45 0000 10B5     		push	{r4, lr}
  46 0002 0346     		mov	r3, r0
  47 0004 0078     		ldrb	r0, [r0]	@ zero_extendqisi2
  48 0006 0428     		cmp	r0, #4
  49 0008 08D8     		bhi	.L20
  50 000a DFE800F0 		tbb	[pc, r0]
  51              	.L6:
  52 000e 13       		.byte	(.L10-.L6)/2
  53 000f 4D       		.byte	(.L9-.L6)/2
  54 0010 23       		.byte	(.L8-.L6)/2
  55 0011 2B       		.byte	(.L7-.L6)/2
  56 0012 09       		.byte	(.L5-.L6)/2
  57 0013 00       		.p2align 1
ARM GAS  /tmp/ccpc5Erx.s 			page 2


  58              	.L19:
  59 0014 0130     		adds	r0, r0, #1
  60 0016 0128     		cmp	r0, #1
  61 0018 5860     		str	r0, [r3, #4]
  62 001a 50DC     		bgt	.L26
  63              	.L20:
  64 001c 0020     		movs	r0, #0
  65 001e 10BD     		pop	{r4, pc}
  66              	.L5:
  67 0020 5868     		ldr	r0, [r3, #4]
  68 0022 0244     		add	r2, r2, r0
  69 0024 92F82220 		ldrb	r2, [r2, #34]	@ zero_extendqisi2
  70 0028 8A42     		cmp	r2, r1
  71 002a F3D0     		beq	.L19
  72 002c 0020     		movs	r0, #0
  73 002e 1870     		strb	r0, [r3]
  74 0030 5860     		str	r0, [r3, #4]
  75 0032 10BD     		pop	{r4, pc}
  76              	.L10:
  77 0034 2548     		ldr	r0, .L27
  78 0036 5A68     		ldr	r2, [r3, #4]
  79 0038 0068     		ldr	r0, [r0]
  80 003a 845C     		ldrb	r4, [r0, r2]	@ zero_extendqisi2
  81 003c 8C42     		cmp	r4, r1
  82 003e 06BF     		itte	eq
  83 0040 0132     		addeq	r2, r2, #1
  84 0042 8018     		addeq	r0, r0, r2
  85 0044 0022     		movne	r2, #0
  86 0046 5A60     		str	r2, [r3, #4]
  87 0048 0078     		ldrb	r0, [r0]	@ zero_extendqisi2
  88 004a 0028     		cmp	r0, #0
  89 004c E6D1     		bne	.L20
  90 004e 0122     		movs	r2, #1
  91 0050 1A70     		strb	r2, [r3]
  92 0052 10BD     		pop	{r4, pc}
  93              	.L8:
  94 0054 2029     		cmp	r1, #32
  95 0056 5170     		strb	r1, [r2, #1]
  96 0058 2BD9     		bls	.L13
  97 005a 0022     		movs	r2, #0
  98 005c 1A70     		strb	r2, [r3]
  99              	.L14:
 100 005e 0020     		movs	r0, #0
 101 0060 5860     		str	r0, [r3, #4]
 102 0062 10BD     		pop	{r4, pc}
 103              	.L7:
 104 0064 5868     		ldr	r0, [r3, #4]
 105 0066 441C     		adds	r4, r0, #1
 106 0068 1044     		add	r0, r0, r2
 107 006a 5C60     		str	r4, [r3, #4]
 108 006c 8170     		strb	r1, [r0, #2]
 109 006e 92F801C0 		ldrb	ip, [r2, #1]	@ zero_extendqisi2
 110 0072 6445     		cmp	r4, ip
 111 0074 D2DB     		blt	.L20
 112 0076 0CF1020C 		add	ip, ip, #2
 113 007a 9444     		add	ip, ip, r2
 114 007c 0420     		movs	r0, #4
ARM GAS  /tmp/ccpc5Erx.s 			page 3


 115 007e 0021     		movs	r1, #0
 116 0080 6245     		cmp	r2, ip
 117 0082 1870     		strb	r0, [r3]
 118 0084 5960     		str	r1, [r3, #4]
 119 0086 1FD2     		bcs	.L23
 120 0088 1046     		mov	r0, r2
 121 008a 0B46     		mov	r3, r1
 122              	.L18:
 123 008c 10F801EB 		ldrb	lr, [r0], #1	@ zero_extendqisi2
 124 0090 7344     		add	r3, r3, lr
 125 0092 DBB2     		uxtb	r3, r3
 126 0094 1944     		add	r1, r1, r3
 127 0096 8445     		cmp	ip, r0
 128 0098 C9B2     		uxtb	r1, r1
 129 009a F7D1     		bne	.L18
 130              	.L17:
 131 009c 82F82230 		strb	r3, [r2, #34]
 132 00a0 82F82310 		strb	r1, [r2, #35]
 133 00a4 0020     		movs	r0, #0
 134 00a6 10BD     		pop	{r4, pc}
 135              	.L9:
 136 00a8 0224     		movs	r4, #2
 137 00aa 1170     		strb	r1, [r2]
 138 00ac 1C70     		strb	r4, [r3]
 139 00ae 0020     		movs	r0, #0
 140 00b0 10BD     		pop	{r4, pc}
 141              	.L13:
 142 00b2 0029     		cmp	r1, #0
 143 00b4 14BF     		ite	ne
 144 00b6 0322     		movne	r2, #3
 145 00b8 0422     		moveq	r2, #4
 146 00ba 1A70     		strb	r2, [r3]
 147 00bc CFE7     		b	.L14
 148              	.L26:
 149 00be 0022     		movs	r2, #0
 150 00c0 1A70     		strb	r2, [r3]
 151 00c2 5A60     		str	r2, [r3, #4]
 152 00c4 0120     		movs	r0, #1
 153 00c6 10BD     		pop	{r4, pc}
 154              	.L23:
 155 00c8 0B46     		mov	r3, r1
 156 00ca E7E7     		b	.L17
 157              	.L28:
 158              		.align	2
 159              	.L27:
 160 00cc 00000000 		.word	.LANCHOR0
 161              		.size	syslink_parse_char, .-syslink_parse_char
 162              		.section	.text.syslink_compute_cksum,"ax",%progbits
 163              		.align	1
 164              		.p2align 4,,15
 165              		.global	syslink_compute_cksum
 166              		.syntax unified
 167              		.thumb
 168              		.thumb_func
 169              		.fpu fpv4-sp-d16
 170              		.type	syslink_compute_cksum, %function
 171              	syslink_compute_cksum:
ARM GAS  /tmp/ccpc5Erx.s 			page 4


 172              		@ args = 0, pretend = 0, frame = 0
 173              		@ frame_needed = 0, uses_anonymous_args = 0
 174 0000 00B5     		push	{lr}
 175 0002 90F801E0 		ldrb	lr, [r0, #1]	@ zero_extendqisi2
 176 0006 0EF1020E 		add	lr, lr, #2
 177 000a 8644     		add	lr, lr, r0
 178 000c 7045     		cmp	r0, lr
 179 000e 4FF00002 		mov	r2, #0
 180 0012 0FD2     		bcs	.L32
 181 0014 0146     		mov	r1, r0
 182 0016 1346     		mov	r3, r2
 183              	.L31:
 184 0018 11F801CB 		ldrb	ip, [r1], #1	@ zero_extendqisi2
 185 001c 6344     		add	r3, r3, ip
 186 001e DBB2     		uxtb	r3, r3
 187 0020 1A44     		add	r2, r2, r3
 188 0022 8E45     		cmp	lr, r1
 189 0024 D2B2     		uxtb	r2, r2
 190 0026 F7D1     		bne	.L31
 191 0028 80F82230 		strb	r3, [r0, #34]
 192 002c 80F82320 		strb	r2, [r0, #35]
 193 0030 5DF804FB 		ldr	pc, [sp], #4
 194              	.L32:
 195 0034 1346     		mov	r3, r2
 196 0036 80F82230 		strb	r3, [r0, #34]
 197 003a 80F82320 		strb	r2, [r0, #35]
 198 003e 5DF804FB 		ldr	pc, [sp], #4
 199              		.size	syslink_compute_cksum, .-syslink_compute_cksum
 200              		.global	syslink_stx
 201 0042 00BF     		.section	.rodata.str1.4,"aMS",%progbits,1
 202              		.align	2
 203              	.LC0:
 204 0000 BCCF00   		.ascii	"\274\317\000"
 205              		.section	.data.syslink_stx,"aw"
 206              		.align	2
 207              		.set	.LANCHOR0,. + 0
 208              		.type	syslink_stx, %object
 209              		.size	syslink_stx, 4
 210              	syslink_stx:
 211 0000 00000000 		.word	.LC0
 212              		.ident	"GCC: (15:10.3-2021.07-4) 10.3.1 20210621 (release)"
ARM GAS  /tmp/ccpc5Erx.s 			page 5


DEFINED SYMBOLS
                            *ABS*:0000000000000000 syslink.c
     /tmp/ccpc5Erx.s:15     .text.syslink_parse_init:0000000000000000 $t
     /tmp/ccpc5Erx.s:24     .text.syslink_parse_init:0000000000000000 syslink_parse_init
     /tmp/ccpc5Erx.s:34     .text.syslink_parse_char:0000000000000000 $t
     /tmp/ccpc5Erx.s:42     .text.syslink_parse_char:0000000000000000 syslink_parse_char
     /tmp/ccpc5Erx.s:52     .text.syslink_parse_char:000000000000000e $d
     /tmp/ccpc5Erx.s:160    .text.syslink_parse_char:00000000000000cc $d
     /tmp/ccpc5Erx.s:163    .text.syslink_compute_cksum:0000000000000000 $t
     /tmp/ccpc5Erx.s:171    .text.syslink_compute_cksum:0000000000000000 syslink_compute_cksum
     /tmp/ccpc5Erx.s:210    .data.syslink_stx:0000000000000000 syslink_stx
     /tmp/ccpc5Erx.s:202    .rodata.str1.4:0000000000000000 $d
     /tmp/ccpc5Erx.s:206    .data.syslink_stx:0000000000000000 $d
     /tmp/ccpc5Erx.s:57     .text.syslink_parse_char:0000000000000013 $d
     /tmp/ccpc5Erx.s:57     .text.syslink_parse_char:0000000000000014 $t

NO UNDEFINED SYMBOLS
